SF:/Users/danielstevens/Desktop/Quantum-workspace/Projects/PlannerApp/PlannerAppTests/AITests.swift
FN:17,$s15PlannerAppTests7AITestsC14setUpWithErroryyKF
FN:21,$s15PlannerAppTests7AITestsC17tearDownWithErroryyKF
FN:28,$s15PlannerAppTests7AITestsC28testParseNaturalLanguageTaskyyYaKF
FN:36,$s15PlannerAppTests7AITestsC28testParseNaturalLanguageTaskyyYaKFypSgyKXEfu_
FN:37,$s15PlannerAppTests7AITestsC28testParseNaturalLanguageTaskyyYaKFSSSgyKXEfu0_
FN:37,$s15PlannerAppTests7AITestsC28testParseNaturalLanguageTaskyyYaKFSSSgyKXEfu1_
FN:38,$s15PlannerAppTests7AITestsC28testParseNaturalLanguageTaskyyYaKF0aB00I8PriorityOSgyKXEfu2_
FN:38,$s15PlannerAppTests7AITestsC28testParseNaturalLanguageTaskyyYaKF0aB00I8PriorityOSgyKXEfu3_
FN:45,$s15PlannerAppTests7AITestsC40testParseNaturalLanguageTaskWithPriorityyyYaKF
FN:53,$s15PlannerAppTests7AITestsC40testParseNaturalLanguageTaskWithPriorityyyYaKFypSgyKXEfu_
FN:54,$s15PlannerAppTests7AITestsC40testParseNaturalLanguageTaskWithPriorityyyYaKF0aB00iK0OSgyKXEfu0_
FN:54,$s15PlannerAppTests7AITestsC40testParseNaturalLanguageTaskWithPriorityyyYaKF0aB00iK0OSgyKXEfu1_
FN:59,$s15PlannerAppTests7AITestsC40testParseNaturalLanguageTaskWithPriorityyyYaKFypSgyKXEfu2_
FN:60,$s15PlannerAppTests7AITestsC40testParseNaturalLanguageTaskWithPriorityyyYaKF0aB00iK0OSgyKXEfu3_
FN:60,$s15PlannerAppTests7AITestsC40testParseNaturalLanguageTaskWithPriorityyyYaKF0aB00iK0OSgyKXEfu4_
FN:67,$s15PlannerAppTests7AITestsC36testParseNaturalLanguageTaskWithDateyyYaKF
FN:75,$s15PlannerAppTests7AITestsC36testParseNaturalLanguageTaskWithDateyyYaKFypSgyKXEfu_
FN:76,$s15PlannerAppTests7AITestsC36testParseNaturalLanguageTaskWithDateyyYaKFypSgyKXEfu0_
FN:81,$s15PlannerAppTests7AITestsC36testParseNaturalLanguageTaskWithDateyyYaKFypSgyKXEfu1_
FN:82,$s15PlannerAppTests7AITestsC36testParseNaturalLanguageTaskWithDateyyYaKFypSgyKXEfu2_
FN:89,$s15PlannerAppTests7AITestsC27testGenerateTaskSuggestionsyyF
FN:116,$s15PlannerAppTests7AITestsC27testGenerateTaskSuggestionsyyFSbyKXEfu_
FN:118,$s15PlannerAppTests7AITestsC27testGenerateTaskSuggestionsyyFSbyKXEfu0_
FN:118,$s15PlannerAppTests7AITestsC27testGenerateTaskSuggestionsyyFSbyKXEfu0_Sb0aB00G10SuggestionVXEfU_
FN:125,$s15PlannerAppTests7AITestsC43testGenerateTaskSuggestionsWithOverdueTasksyyF
FN:142,$s15PlannerAppTests7AITestsC43testGenerateTaskSuggestionsWithOverdueTasksyyFSbyKXEfu_
FN:144,$s15PlannerAppTests7AITestsC43testGenerateTaskSuggestionsWithOverdueTasksyyFSbyKXEfu0_
FN:144,$s15PlannerAppTests7AITestsC43testGenerateTaskSuggestionsWithOverdueTasksyyFSbyKXEfu0_Sb0aB00G10SuggestionVXEfU_
FN:151,$s15PlannerAppTests7AITestsC32testGenerateProductivityInsightsyyF
FN:175,$s15PlannerAppTests7AITestsC32testGenerateProductivityInsightsyyFSbyKXEfu_
FN:177,$s15PlannerAppTests7AITestsC32testGenerateProductivityInsightsyyFSbyKXEfu0_
FN:177,$s15PlannerAppTests7AITestsC32testGenerateProductivityInsightsyyFSbyKXEfu0_Sb0aB00G7InsightVXEfU_
FN:184,$s15PlannerAppTests7AITestsC48testGenerateProductivityInsightsWithOverdueTasksyyF
FN:200,$s15PlannerAppTests7AITestsC48testGenerateProductivityInsightsWithOverdueTasksyyFSbyKXEfu_
FN:202,$s15PlannerAppTests7AITestsC48testGenerateProductivityInsightsWithOverdueTasksyyFSbyKXEfu0_
FN:202,$s15PlannerAppTests7AITestsC48testGenerateProductivityInsightsWithOverdueTasksyyFSbyKXEfu0_Sb0aB00G7InsightVXEfU_
FN:209,$s15PlannerAppTests7AITestsC28testAIServiceProcessingStateyyF
FN:216,$s15PlannerAppTests7AITestsC28testAIServiceProcessingStateyyFSbyKXEfu_
FN:226,$s15PlannerAppTests7AITestsC28testAIServiceProcessingStateyyFSbyKXEfu0_
FN:227,$s15PlannerAppTests7AITestsC28testAIServiceProcessingStateyyFypSgyKXEfu1_
FN:239,$s15PlannerAppTests7AITestsC30testGenerateAISuggestionsAsyncyyYaF
FN:276,$s15PlannerAppTests7AITestsC30testGenerateAISuggestionsAsyncyyYaFypSgyKXEfu_
FN:276,$s15PlannerAppTests7AITestsC30testGenerateAISuggestionsAsyncyyYaFSSyXEfu0_
FN:278,$s15PlannerAppTests7AITestsC30testGenerateAISuggestionsAsyncyyYaFSiyKXEfu1_
FN:278,$s15PlannerAppTests7AITestsC30testGenerateAISuggestionsAsyncyyYaFSiyKXEfu2_
FN:278,$s15PlannerAppTests7AITestsC30testGenerateAISuggestionsAsyncyyYaFSSyXEfu3_
FN:284,$s15PlannerAppTests7AITestsC30testGenerateAISuggestionsAsyncyyYaFSbyKXEfu4_
FN:284,$s15PlannerAppTests7AITestsC30testGenerateAISuggestionsAsyncyyYaFSSyXEfu5_
FN:288,$s15PlannerAppTests7AITestsC37testGenerateProductivityInsightsAsyncyyYaF
FN:303,$s15PlannerAppTests7AITestsC37testGenerateProductivityInsightsAsyncyyYaFSbyKXEfu_
FN:311,$s15PlannerAppTests7AITestsC20testRefreshDataAsyncyyYaF
FN:321,$s15PlannerAppTests7AITestsC20testRefreshDataAsyncyyYaFy0aB00A4TaskVXEfU_
FN:333,$s15PlannerAppTests7AITestsC20testRefreshDataAsyncyyYaFSiyKXEfu_
FN:333,$s15PlannerAppTests7AITestsC20testRefreshDataAsyncyyYaFSiyKXEfu0_
FN:334,$s15PlannerAppTests7AITestsC20testRefreshDataAsyncyyYaFSiyKXEfu1_
FN:334,$s15PlannerAppTests7AITestsC20testRefreshDataAsyncyyYaFSiyKXEfu2_
FN:335,$s15PlannerAppTests7AITestsC20testRefreshDataAsyncyyYaFSiyKXEfu3_
FN:335,$s15PlannerAppTests7AITestsC20testRefreshDataAsyncyyYaFSiyKXEfu4_
FN:336,$s15PlannerAppTests7AITestsC20testRefreshDataAsyncyyYaFSbyKXEfu5_
FN:337,$s15PlannerAppTests7AITestsC20testRefreshDataAsyncyyYaFSbyKXEfu6_
FN:347,$s15PlannerAppTests7AITestsC13testAICachingyyYaF
FN:357,$s15PlannerAppTests7AITestsC13testAICachingyyYaFy0aB00A4TaskVXEfU_
FN:368,$s15PlannerAppTests7AITestsC13testAICachingyyYaFSiyKXEfu_
FN:368,$s15PlannerAppTests7AITestsC13testAICachingyyYaFSiyKXEfu0_
FN:378,$s15PlannerAppTests7AITestsC26testAIDashboardIntegrationyyYaF
FN:400,$s15PlannerAppTests7AITestsC26testAIDashboardIntegrationyyYaFy0aB00A4TaskVXEfU_
FN:401,$s15PlannerAppTests7AITestsC26testAIDashboardIntegrationyyYaFy0aB04GoalVXEfU0_
FN:402,$s15PlannerAppTests7AITestsC26testAIDashboardIntegrationyyYaFy0aB013CalendarEventVXEfU1_
FN:408,$s15PlannerAppTests7AITestsC26testAIDashboardIntegrationyyYaFSiyKXEfu_
FN:408,$s15PlannerAppTests7AITestsC26testAIDashboardIntegrationyyYaFSiyKXEfu0_
FN:409,$s15PlannerAppTests7AITestsC26testAIDashboardIntegrationyyYaFSiyKXEfu1_
FN:409,$s15PlannerAppTests7AITestsC26testAIDashboardIntegrationyyYaFSiyKXEfu2_
FN:410,$s15PlannerAppTests7AITestsC26testAIDashboardIntegrationyyYaFSiyKXEfu3_
FN:410,$s15PlannerAppTests7AITestsC26testAIDashboardIntegrationyyYaFSiyKXEfu4_
FN:411,$s15PlannerAppTests7AITestsC26testAIDashboardIntegrationyyYaFSbyKXEfu5_
FN:412,$s15PlannerAppTests7AITestsC26testAIDashboardIntegrationyyYaFSbyKXEfu6_
FN:413,$s15PlannerAppTests7AITestsC26testAIDashboardIntegrationyyYaFSbyKXEfu7_
FN:414,$s15PlannerAppTests7AITestsC26testAIDashboardIntegrationyyYaFSbyKXEfu8_
FN:426,$s15PlannerAppTests7AITestsC17testAIPerformanceyyF
FN:430,$s15PlannerAppTests7AITestsC17testAIPerformanceyyF0aB00A4TaskVSiXEfU_
FN:431,$s15PlannerAppTests7AITestsC17testAIPerformanceyyF0aB014ActivityRecordVSiXEfU0_
FN:432,$s15PlannerAppTests7AITestsC17testAIPerformanceyyF0aB04GoalVSiXEfU1_
FN:434,$s15PlannerAppTests7AITestsC17testAIPerformanceyyFyyXEfU2_
FN:447,$s15PlannerAppTests7AITestsC22testAsyncAIPerformanceyyYaF
FN:451,$s15PlannerAppTests7AITestsC22testAsyncAIPerformanceyyYaF0aB00A4TaskVSiXEfU_
FN:452,$s15PlannerAppTests7AITestsC22testAsyncAIPerformanceyyYaFy0aB00A4TaskVXEfU0_
FN:454,$s15PlannerAppTests7AITestsC22testAsyncAIPerformanceyyYaF0aB04GoalVSiXEfU1_
FN:455,$s15PlannerAppTests7AITestsC22testAsyncAIPerformanceyyYaFy0aB04GoalVXEfU2_
FN:463,$s15PlannerAppTests7AITestsC22testAsyncAIPerformanceyyYaFSdyKXEfu_
FN:463,$s15PlannerAppTests7AITestsC22testAsyncAIPerformanceyyYaFSdyKXEfu0_
FN:463,$s15PlannerAppTests7AITestsC22testAsyncAIPerformanceyyYaFSSyXEfu1_
FN:474,$s15PlannerAppTests7AITestsC15testEmptyDataAIyyF
FN:491,$s15PlannerAppTests7AITestsC15testEmptyDataAIyyFSbyKXEfu_
FN:491,$s15PlannerAppTests7AITestsC15testEmptyDataAIyyFSbyKXEfu_SbyKXEfu0_
FN:492,$s15PlannerAppTests7AITestsC15testEmptyDataAIyyFSbyKXEfu1_
FN:492,$s15PlannerAppTests7AITestsC15testEmptyDataAIyyFSbyKXEfu1_SbyKXEfu2_
FN:499,$s15PlannerAppTests7AITestsC19testMalformedDataAIyyYaKF
FN:505,$s15PlannerAppTests7AITestsC19testMalformedDataAIyyYaKFypSgyKXEfu_
FN:508,$s15PlannerAppTests7AITestsC19testMalformedDataAIyyYaKFypSgyKXEfu0_
FNDA:17,$s15PlannerAppTests7AITestsC14setUpWithErroryyKF
FNDA:12,$s15PlannerAppTests7AITestsC17tearDownWithErroryyKF
FNDA:1,$s15PlannerAppTests7AITestsC28testParseNaturalLanguageTaskyyYaKF
FNDA:1,$s15PlannerAppTests7AITestsC28testParseNaturalLanguageTaskyyYaKFypSgyKXEfu_
FNDA:1,$s15PlannerAppTests7AITestsC28testParseNaturalLanguageTaskyyYaKFSSSgyKXEfu0_
FNDA:1,$s15PlannerAppTests7AITestsC28testParseNaturalLanguageTaskyyYaKFSSSgyKXEfu1_
FNDA:1,$s15PlannerAppTests7AITestsC28testParseNaturalLanguageTaskyyYaKF0aB00I8PriorityOSgyKXEfu2_
FNDA:1,$s15PlannerAppTests7AITestsC28testParseNaturalLanguageTaskyyYaKF0aB00I8PriorityOSgyKXEfu3_
FNDA:1,$s15PlannerAppTests7AITestsC40testParseNaturalLanguageTaskWithPriorityyyYaKF
FNDA:1,$s15PlannerAppTests7AITestsC40testParseNaturalLanguageTaskWithPriorityyyYaKFypSgyKXEfu_
FNDA:1,$s15PlannerAppTests7AITestsC40testParseNaturalLanguageTaskWithPriorityyyYaKF0aB00iK0OSgyKXEfu0_
FNDA:1,$s15PlannerAppTests7AITestsC40testParseNaturalLanguageTaskWithPriorityyyYaKF0aB00iK0OSgyKXEfu1_
FNDA:1,$s15PlannerAppTests7AITestsC40testParseNaturalLanguageTaskWithPriorityyyYaKFypSgyKXEfu2_
FNDA:1,$s15PlannerAppTests7AITestsC40testParseNaturalLanguageTaskWithPriorityyyYaKF0aB00iK0OSgyKXEfu3_
FNDA:1,$s15PlannerAppTests7AITestsC40testParseNaturalLanguageTaskWithPriorityyyYaKF0aB00iK0OSgyKXEfu4_
FNDA:1,$s15PlannerAppTests7AITestsC36testParseNaturalLanguageTaskWithDateyyYaKF
FNDA:1,$s15PlannerAppTests7AITestsC36testParseNaturalLanguageTaskWithDateyyYaKFypSgyKXEfu_
FNDA:1,$s15PlannerAppTests7AITestsC36testParseNaturalLanguageTaskWithDateyyYaKFypSgyKXEfu0_
FNDA:1,$s15PlannerAppTests7AITestsC36testParseNaturalLanguageTaskWithDateyyYaKFypSgyKXEfu1_
FNDA:1,$s15PlannerAppTests7AITestsC36testParseNaturalLanguageTaskWithDateyyYaKFypSgyKXEfu2_
FNDA:1,$s15PlannerAppTests7AITestsC27testGenerateTaskSuggestionsyyF
FNDA:1,$s15PlannerAppTests7AITestsC27testGenerateTaskSuggestionsyyFSbyKXEfu_
FNDA:1,$s15PlannerAppTests7AITestsC27testGenerateTaskSuggestionsyyFSbyKXEfu0_
FNDA:2,$s15PlannerAppTests7AITestsC27testGenerateTaskSuggestionsyyFSbyKXEfu0_Sb0aB00G10SuggestionVXEfU_
FNDA:1,$s15PlannerAppTests7AITestsC43testGenerateTaskSuggestionsWithOverdueTasksyyF
FNDA:1,$s15PlannerAppTests7AITestsC43testGenerateTaskSuggestionsWithOverdueTasksyyFSbyKXEfu_
FNDA:1,$s15PlannerAppTests7AITestsC43testGenerateTaskSuggestionsWithOverdueTasksyyFSbyKXEfu0_
FNDA:1,$s15PlannerAppTests7AITestsC43testGenerateTaskSuggestionsWithOverdueTasksyyFSbyKXEfu0_Sb0aB00G10SuggestionVXEfU_
FNDA:1,$s15PlannerAppTests7AITestsC32testGenerateProductivityInsightsyyF
FNDA:1,$s15PlannerAppTests7AITestsC32testGenerateProductivityInsightsyyFSbyKXEfu_
FNDA:1,$s15PlannerAppTests7AITestsC32testGenerateProductivityInsightsyyFSbyKXEfu0_
FNDA:4,$s15PlannerAppTests7AITestsC32testGenerateProductivityInsightsyyFSbyKXEfu0_Sb0aB00G7InsightVXEfU_
FNDA:1,$s15PlannerAppTests7AITestsC48testGenerateProductivityInsightsWithOverdueTasksyyF
FNDA:1,$s15PlannerAppTests7AITestsC48testGenerateProductivityInsightsWithOverdueTasksyyFSbyKXEfu_
FNDA:1,$s15PlannerAppTests7AITestsC48testGenerateProductivityInsightsWithOverdueTasksyyFSbyKXEfu0_
FNDA:3,$s15PlannerAppTests7AITestsC48testGenerateProductivityInsightsWithOverdueTasksyyFSbyKXEfu0_Sb0aB00G7InsightVXEfU_
FNDA:1,$s15PlannerAppTests7AITestsC28testAIServiceProcessingStateyyF
FNDA:1,$s15PlannerAppTests7AITestsC28testAIServiceProcessingStateyyFSbyKXEfu_
FNDA:1,$s15PlannerAppTests7AITestsC28testAIServiceProcessingStateyyFSbyKXEfu0_
FNDA:1,$s15PlannerAppTests7AITestsC28testAIServiceProcessingStateyyFypSgyKXEfu1_
FNDA:1,$s15PlannerAppTests7AITestsC30testGenerateAISuggestionsAsyncyyYaF
FNDA:1,$s15PlannerAppTests7AITestsC30testGenerateAISuggestionsAsyncyyYaFypSgyKXEfu_
FNDA:0,$s15PlannerAppTests7AITestsC30testGenerateAISuggestionsAsyncyyYaFSSyXEfu0_
FNDA:1,$s15PlannerAppTests7AITestsC30testGenerateAISuggestionsAsyncyyYaFSiyKXEfu1_
FNDA:1,$s15PlannerAppTests7AITestsC30testGenerateAISuggestionsAsyncyyYaFSiyKXEfu2_
FNDA:0,$s15PlannerAppTests7AITestsC30testGenerateAISuggestionsAsyncyyYaFSSyXEfu3_
FNDA:1,$s15PlannerAppTests7AITestsC30testGenerateAISuggestionsAsyncyyYaFSbyKXEfu4_
FNDA:0,$s15PlannerAppTests7AITestsC30testGenerateAISuggestionsAsyncyyYaFSSyXEfu5_
FNDA:1,$s15PlannerAppTests7AITestsC37testGenerateProductivityInsightsAsyncyyYaF
FNDA:0,$s15PlannerAppTests7AITestsC37testGenerateProductivityInsightsAsyncyyYaFSbyKXEfu_
FNDA:1,$s15PlannerAppTests7AITestsC20testRefreshDataAsyncyyYaF
FNDA:1,$s15PlannerAppTests7AITestsC20testRefreshDataAsyncyyYaFy0aB00A4TaskVXEfU_
FNDA:0,$s15PlannerAppTests7AITestsC20testRefreshDataAsyncyyYaFSiyKXEfu_
FNDA:0,$s15PlannerAppTests7AITestsC20testRefreshDataAsyncyyYaFSiyKXEfu0_
FNDA:0,$s15PlannerAppTests7AITestsC20testRefreshDataAsyncyyYaFSiyKXEfu1_
FNDA:0,$s15PlannerAppTests7AITestsC20testRefreshDataAsyncyyYaFSiyKXEfu2_
FNDA:0,$s15PlannerAppTests7AITestsC20testRefreshDataAsyncyyYaFSiyKXEfu3_
FNDA:0,$s15PlannerAppTests7AITestsC20testRefreshDataAsyncyyYaFSiyKXEfu4_
FNDA:0,$s15PlannerAppTests7AITestsC20testRefreshDataAsyncyyYaFSbyKXEfu5_
FNDA:0,$s15PlannerAppTests7AITestsC20testRefreshDataAsyncyyYaFSbyKXEfu6_
FNDA:1,$s15PlannerAppTests7AITestsC13testAICachingyyYaF
FNDA:1,$s15PlannerAppTests7AITestsC13testAICachingyyYaFy0aB00A4TaskVXEfU_
FNDA:0,$s15PlannerAppTests7AITestsC13testAICachingyyYaFSiyKXEfu_
FNDA:0,$s15PlannerAppTests7AITestsC13testAICachingyyYaFSiyKXEfu0_
FNDA:1,$s15PlannerAppTests7AITestsC26testAIDashboardIntegrationyyYaF
FNDA:1,$s15PlannerAppTests7AITestsC26testAIDashboardIntegrationyyYaFy0aB00A4TaskVXEfU_
FNDA:0,$s15PlannerAppTests7AITestsC26testAIDashboardIntegrationyyYaFy0aB04GoalVXEfU0_
FNDA:0,$s15PlannerAppTests7AITestsC26testAIDashboardIntegrationyyYaFy0aB013CalendarEventVXEfU1_
FNDA:0,$s15PlannerAppTests7AITestsC26testAIDashboardIntegrationyyYaFSiyKXEfu_
FNDA:0,$s15PlannerAppTests7AITestsC26testAIDashboardIntegrationyyYaFSiyKXEfu0_
FNDA:0,$s15PlannerAppTests7AITestsC26testAIDashboardIntegrationyyYaFSiyKXEfu1_
FNDA:0,$s15PlannerAppTests7AITestsC26testAIDashboardIntegrationyyYaFSiyKXEfu2_
FNDA:0,$s15PlannerAppTests7AITestsC26testAIDashboardIntegrationyyYaFSiyKXEfu3_
FNDA:0,$s15PlannerAppTests7AITestsC26testAIDashboardIntegrationyyYaFSiyKXEfu4_
FNDA:0,$s15PlannerAppTests7AITestsC26testAIDashboardIntegrationyyYaFSbyKXEfu5_
FNDA:0,$s15PlannerAppTests7AITestsC26testAIDashboardIntegrationyyYaFSbyKXEfu6_
FNDA:0,$s15PlannerAppTests7AITestsC26testAIDashboardIntegrationyyYaFSbyKXEfu7_
FNDA:0,$s15PlannerAppTests7AITestsC26testAIDashboardIntegrationyyYaFSbyKXEfu8_
FNDA:1,$s15PlannerAppTests7AITestsC17testAIPerformanceyyF
FNDA:100,$s15PlannerAppTests7AITestsC17testAIPerformanceyyF0aB00A4TaskVSiXEfU_
FNDA:50,$s15PlannerAppTests7AITestsC17testAIPerformanceyyF0aB014ActivityRecordVSiXEfU0_
FNDA:20,$s15PlannerAppTests7AITestsC17testAIPerformanceyyF0aB04GoalVSiXEfU1_
FNDA:10,$s15PlannerAppTests7AITestsC17testAIPerformanceyyFyyXEfU2_
FNDA:1,$s15PlannerAppTests7AITestsC22testAsyncAIPerformanceyyYaF
FNDA:50,$s15PlannerAppTests7AITestsC22testAsyncAIPerformanceyyYaF0aB00A4TaskVSiXEfU_
FNDA:1,$s15PlannerAppTests7AITestsC22testAsyncAIPerformanceyyYaFy0aB00A4TaskVXEfU0_
FNDA:0,$s15PlannerAppTests7AITestsC22testAsyncAIPerformanceyyYaF0aB04GoalVSiXEfU1_
FNDA:0,$s15PlannerAppTests7AITestsC22testAsyncAIPerformanceyyYaFy0aB04GoalVXEfU2_
FNDA:0,$s15PlannerAppTests7AITestsC22testAsyncAIPerformanceyyYaFSdyKXEfu_
FNDA:0,$s15PlannerAppTests7AITestsC22testAsyncAIPerformanceyyYaFSdyKXEfu0_
FNDA:0,$s15PlannerAppTests7AITestsC22testAsyncAIPerformanceyyYaFSSyXEfu1_
FNDA:1,$s15PlannerAppTests7AITestsC15testEmptyDataAIyyF
FNDA:1,$s15PlannerAppTests7AITestsC15testEmptyDataAIyyFSbyKXEfu_
FNDA:0,$s15PlannerAppTests7AITestsC15testEmptyDataAIyyFSbyKXEfu_SbyKXEfu0_
FNDA:1,$s15PlannerAppTests7AITestsC15testEmptyDataAIyyFSbyKXEfu1_
FNDA:1,$s15PlannerAppTests7AITestsC15testEmptyDataAIyyFSbyKXEfu1_SbyKXEfu2_
FNDA:1,$s15PlannerAppTests7AITestsC19testMalformedDataAIyyYaKF
FNDA:1,$s15PlannerAppTests7AITestsC19testMalformedDataAIyyYaKFypSgyKXEfu_
FNDA:1,$s15PlannerAppTests7AITestsC19testMalformedDataAIyyYaKFypSgyKXEfu0_
FNF:99
FNH:67
DA:17,17
DA:18,17
DA:19,17
DA:21,12
DA:22,12
DA:23,12
DA:28,1
DA:29,1
DA:30,1
DA:31,1
DA:32,1
DA:33,1
DA:34,1
DA:35,1
DA:36,1
DA:37,1
DA:38,1
DA:39,1
DA:40,1
DA:41,1
DA:42,1
DA:45,1
DA:46,1
DA:47,1
DA:48,1
DA:49,1
DA:50,1
DA:51,1
DA:52,1
DA:53,1
DA:54,1
DA:55,1
DA:56,1
DA:57,1
DA:58,1
DA:59,1
DA:60,1
DA:61,1
DA:62,1
DA:63,1
DA:64,1
DA:67,1
DA:68,1
DA:69,1
DA:70,1
DA:71,1
DA:72,1
DA:73,1
DA:74,1
DA:75,1
DA:76,1
DA:77,1
DA:78,1
DA:79,1
DA:80,1
DA:81,1
DA:82,1
DA:83,1
DA:84,1
DA:85,1
DA:86,1
DA:89,1
DA:90,1
DA:91,1
DA:92,1
DA:93,1
DA:94,1
DA:95,1
DA:96,1
DA:97,1
DA:98,1
DA:99,1
DA:100,1
DA:101,1
DA:102,1
DA:103,1
DA:104,1
DA:105,1
DA:106,1
DA:107,1
DA:108,1
DA:109,1
DA:110,1
DA:111,1
DA:112,1
DA:113,1
DA:114,1
DA:115,1
DA:116,1
DA:117,1
DA:118,2
DA:119,1
DA:120,1
DA:121,1
DA:122,1
DA:125,1
DA:126,1
DA:127,1
DA:128,1
DA:129,1
DA:130,1
DA:131,1
DA:132,1
DA:133,1
DA:134,1
DA:135,1
DA:136,1
DA:137,1
DA:138,1
DA:139,1
DA:140,1
DA:141,1
DA:142,1
DA:143,1
DA:144,1
DA:145,1
DA:146,1
DA:147,1
DA:148,1
DA:151,1
DA:152,1
DA:153,1
DA:154,1
DA:155,1
DA:156,1
DA:157,1
DA:158,1
DA:159,1
DA:160,1
DA:161,1
DA:162,1
DA:163,1
DA:164,1
DA:165,1
DA:166,1
DA:167,1
DA:168,1
DA:169,1
DA:170,1
DA:171,1
DA:172,1
DA:173,1
DA:174,1
DA:175,1
DA:176,1
DA:177,4
DA:178,1
DA:179,1
DA:180,1
DA:181,1
DA:184,1
DA:185,1
DA:186,1
DA:187,1
DA:188,1
DA:189,1
DA:190,1
DA:191,1
DA:192,1
DA:193,1
DA:194,1
DA:195,1
DA:196,1
DA:197,1
DA:198,1
DA:199,1
DA:200,1
DA:201,1
DA:202,3
DA:203,1
DA:204,1
DA:205,1
DA:206,1
DA:209,1
DA:210,1
DA:211,1
DA:212,1
DA:213,1
DA:214,1
DA:215,1
DA:216,1
DA:217,1
DA:218,1
DA:219,1
DA:220,1
DA:221,1
DA:222,1
DA:223,1
DA:224,1
DA:225,1
DA:226,1
DA:227,1
DA:228,1
DA:229,1
DA:230,1
DA:231,1
DA:232,1
DA:233,1
DA:234,1
DA:239,1
DA:240,1
DA:241,1
DA:242,1
DA:243,1
DA:244,1
DA:245,1
DA:246,1
DA:247,1
DA:248,1
DA:249,1
DA:250,1
DA:251,1
DA:252,1
DA:253,1
DA:254,1
DA:255,1
DA:256,1
DA:257,1
DA:258,1
DA:259,1
DA:260,1
DA:261,1
DA:262,1
DA:263,1
DA:264,3
DA:265,3
DA:266,3
DA:267,1
DA:268,1
DA:269,1
DA:270,3
DA:271,3
DA:272,3
DA:273,1
DA:274,1
DA:275,1
DA:276,1
DA:277,1
DA:278,1
DA:279,1
DA:280,1
DA:281,1
DA:282,1
DA:283,1
DA:284,1
DA:285,1
DA:288,1
DA:289,1
DA:290,1
DA:291,1
DA:292,1
DA:293,1
DA:294,1
DA:295,1
DA:296,1
DA:297,1
DA:298,1
DA:299,1
DA:300,1
DA:301,1
DA:302,1
DA:303,1
DA:304,1
DA:305,1
DA:306,1
DA:307,1
DA:308,1
DA:311,1
DA:312,1
DA:313,1
DA:314,1
DA:315,1
DA:316,1
DA:317,1
DA:318,1
DA:319,1
DA:320,1
DA:321,1
DA:322,1
DA:323,1
DA:324,1
DA:325,1
DA:326,1
DA:327,1
DA:328,1
DA:329,1
DA:330,1
DA:331,1
DA:332,1
DA:333,1
DA:334,1
DA:335,1
DA:336,1
DA:337,1
DA:338,1
DA:339,1
DA:340,1
DA:341,1
DA:342,1
DA:343,1
DA:344,1
DA:347,1
DA:348,1
DA:349,1
DA:350,1
DA:351,1
DA:352,1
DA:353,1
DA:354,1
DA:355,1
DA:356,1
DA:357,1
DA:358,1
DA:359,1
DA:360,1
DA:361,1
DA:362,1
DA:363,1
DA:364,1
DA:365,1
DA:366,1
DA:367,1
DA:368,1
DA:369,1
DA:370,1
DA:371,1
DA:372,1
DA:373,1
DA:378,1
DA:379,1
DA:380,1
DA:381,1
DA:382,1
DA:383,1
DA:384,1
DA:385,1
DA:386,1
DA:387,1
DA:388,1
DA:389,1
DA:390,1
DA:391,1
DA:392,1
DA:393,1
DA:394,1
DA:395,1
DA:396,1
DA:397,1
DA:398,1
DA:399,1
DA:400,1
DA:401,1
DA:402,1
DA:403,1
DA:404,1
DA:405,1
DA:406,1
DA:407,1
DA:408,1
DA:409,1
DA:410,1
DA:411,1
DA:412,1
DA:413,1
DA:414,1
DA:415,1
DA:416,1
DA:417,1
DA:418,1
DA:419,1
DA:420,1
DA:421,1
DA:426,1
DA:427,1
DA:428,1
DA:429,1
DA:430,100
DA:431,50
DA:432,20
DA:433,1
DA:434,10
DA:435,10
DA:436,10
DA:437,10
DA:438,10
DA:439,10
DA:440,10
DA:441,1
DA:442,1
DA:443,1
DA:444,1
DA:447,1
DA:448,1
DA:449,1
DA:450,1
DA:451,50
DA:452,1
DA:453,1
DA:454,1
DA:455,1
DA:456,1
DA:457,1
DA:458,1
DA:459,1
DA:460,1
DA:461,1
DA:462,1
DA:463,1
DA:464,1
DA:465,1
DA:466,1
DA:467,1
DA:468,1
DA:469,1
DA:474,1
DA:475,1
DA:476,1
DA:477,1
DA:478,1
DA:479,1
DA:480,1
DA:481,1
DA:482,1
DA:483,1
DA:484,1
DA:485,1
DA:486,1
DA:487,1
DA:488,1
DA:489,1
DA:490,1
DA:491,1
DA:492,1
DA:493,1
DA:494,1
DA:495,1
DA:496,1
DA:499,1
DA:500,1
DA:501,1
DA:502,1
DA:503,1
DA:504,1
DA:505,1
DA:506,1
DA:507,1
DA:508,1
DA:509,1
DA:510,1
DA:511,1
DA:512,1
BRF:0
BRH:0
LF:537
LH:505
end_of_record
SF:/Users/danielstevens/Desktop/Quantum-workspace/Projects/PlannerApp/PlannerAppTests/ContentViewTests.swift
FN:8,$s15PlannerAppTests011ContentViewC0C04testdE14InitializationyyF
FN:11,$s15PlannerAppTests011ContentViewC0C04testdE14InitializationyyFSbyKXEfu_
FN:11,$s15PlannerAppTests011ContentViewC0C04testdE14InitializationyyFSSyXEfu0_
FN:14,$s15PlannerAppTests011ContentViewC0C04testdE10PropertiesyyF
FN:17,$s15PlannerAppTests011ContentViewC0C04testdE10PropertiesyyFSbyKXEfu_
FN:17,$s15PlannerAppTests011ContentViewC0C04testdE10PropertiesyyFSSyXEfu0_
FN:20,$s15PlannerAppTests011ContentViewC0C04testdE7MethodsyyF
FN:23,$s15PlannerAppTests011ContentViewC0C04testdE7MethodsyyFSbyKXEfu_
FN:23,$s15PlannerAppTests011ContentViewC0C04testdE7MethodsyyFSSyXEfu0_
FNDA:1,$s15PlannerAppTests011ContentViewC0C04testdE14InitializationyyF
FNDA:1,$s15PlannerAppTests011ContentViewC0C04testdE14InitializationyyFSbyKXEfu_
FNDA:0,$s15PlannerAppTests011ContentViewC0C04testdE14InitializationyyFSSyXEfu0_
FNDA:1,$s15PlannerAppTests011ContentViewC0C04testdE10PropertiesyyF
FNDA:1,$s15PlannerAppTests011ContentViewC0C04testdE10PropertiesyyFSbyKXEfu_
FNDA:0,$s15PlannerAppTests011ContentViewC0C04testdE10PropertiesyyFSSyXEfu0_
FNDA:1,$s15PlannerAppTests011ContentViewC0C04testdE7MethodsyyF
FNDA:1,$s15PlannerAppTests011ContentViewC0C04testdE7MethodsyyFSbyKXEfu_
FNDA:0,$s15PlannerAppTests011ContentViewC0C04testdE7MethodsyyFSSyXEfu0_
FNF:9
FNH:6
DA:8,1
DA:9,1
DA:10,1
DA:11,1
DA:12,1
DA:14,1
DA:15,1
DA:16,1
DA:17,1
DA:18,1
DA:20,1
DA:21,1
DA:22,1
DA:23,1
DA:24,1
BRF:0
BRH:0
LF:21
LH:18
end_of_record
SF:/Users/danielstevens/Desktop/Quantum-workspace/Projects/PlannerApp/PlannerAppTests/PlannerAppTests.swift
FN:22,$s15PlannerAppTestsAAC14setUpWithErroryyKF
FN:38,$s15PlannerAppTestsAAC14setUpWithErroryyKFyyYaYbScMYccfU_
FN:45,$s15PlannerAppTestsAAC17tearDownWithErroryyKF
FN:47,$s15PlannerAppTestsAAC17tearDownWithErroryyKFyyYaYbScMYccfU_
FN:60,$s15PlannerAppTestsAAC16testTaskCreationyyF
FN:63,$s15PlannerAppTestsAAC16testTaskCreationyyFSSyKXEfu_
FN:63,$s15PlannerAppTestsAAC16testTaskCreationyyFSSyKXEfu0_
FN:64,$s15PlannerAppTestsAAC16testTaskCreationyyFSSyKXEfu1_
FN:64,$s15PlannerAppTestsAAC16testTaskCreationyyFSSyKXEfu2_
FN:65,$s15PlannerAppTestsAAC16testTaskCreationyyF0aB00E8PriorityOyKXEfu3_
FN:65,$s15PlannerAppTestsAAC16testTaskCreationyyF0aB00E8PriorityOyKXEfu4_
FN:66,$s15PlannerAppTestsAAC16testTaskCreationyyFSbyKXEfu5_
FN:67,$s15PlannerAppTestsAAC16testTaskCreationyyFypSgyKXEfu6_
FN:71,$s15PlannerAppTestsAAC16testTaskPriorityyyKF
FN:75,$s15PlannerAppTestsAAC16testTaskPriorityyyKF0aB00eF0OyKXEfu_
FN:75,$s15PlannerAppTestsAAC16testTaskPriorityyyKF0aB00eF0OyKXEfu0_
FN:76,$s15PlannerAppTestsAAC16testTaskPriorityyyKF0aB00eF0OyKXEfu1_
FN:76,$s15PlannerAppTestsAAC16testTaskPriorityyyKF0aB00eF0OyKXEfu2_
FN:77,$s15PlannerAppTestsAAC16testTaskPriorityyyKF0aB00eF0OyKXEfu3_
FN:77,$s15PlannerAppTestsAAC16testTaskPriorityyyKF0aB00eF0OyKXEfu4_
FN:78,$s15PlannerAppTestsAAC16testTaskPriorityyyKFSiyKXEfu5_
FN:78,$s15PlannerAppTestsAAC16testTaskPriorityyyKFSiyKXEfu6_
FN:79,$s15PlannerAppTestsAAC16testTaskPriorityyyKFSiyKXEfu7_
FN:79,$s15PlannerAppTestsAAC16testTaskPriorityyyKFSiyKXEfu8_
FN:83,$s15PlannerAppTestsAAC15testTaskDueDateyyKF
FN:87,$s15PlannerAppTestsAAC15testTaskDueDateyyKF10Foundation0G0VyKXEfu_
FN:87,$s15PlannerAppTestsAAC15testTaskDueDateyyKF10Foundation0G0VyKXEfu0_
FN:87,$s15PlannerAppTestsAAC15testTaskDueDateyyKFSSyXEfu1_
FN:88,$s15PlannerAppTestsAAC15testTaskDueDateyyKF10Foundation0G0VyKXEfu2_
FN:88,$s15PlannerAppTestsAAC15testTaskDueDateyyKF10Foundation0G0VyKXEfu3_
FN:88,$s15PlannerAppTestsAAC15testTaskDueDateyyKFSSyXEfu4_
FN:92,$s15PlannerAppTestsAAC24testTaskCompletionToggleyyKF
FN:95,$s15PlannerAppTestsAAC24testTaskCompletionToggleyyKFSbyKXEfu_
FN:98,$s15PlannerAppTestsAAC24testTaskCompletionToggleyyKFSbyKXEfu0_
FN:101,$s15PlannerAppTestsAAC24testTaskCompletionToggleyyKFSbyKXEfu1_
FN:105,$s15PlannerAppTestsAAC16testTaskEqualityyyKF
FN:110,$s15PlannerAppTestsAAC16testTaskEqualityyyKF10Foundation4UUIDVyKXEfu_
FN:110,$s15PlannerAppTestsAAC16testTaskEqualityyyKF10Foundation4UUIDVyKXEfu0_
FN:111,$s15PlannerAppTestsAAC16testTaskEqualityyyKFSSyKXEfu1_
FN:111,$s15PlannerAppTestsAAC16testTaskEqualityyyKFSSyKXEfu2_
FN:117,$s15PlannerAppTestsAAC30testTaskDataManagerSaveAndLoadyyF
FN:139,$s15PlannerAppTestsAAC30testTaskDataManagerSaveAndLoadyyFSiyKXEfu_
FN:139,$s15PlannerAppTestsAAC30testTaskDataManagerSaveAndLoadyyFSiyKXEfu0_
FN:140,$s15PlannerAppTestsAAC30testTaskDataManagerSaveAndLoadyyFSSyKXEfu1_
FN:140,$s15PlannerAppTestsAAC30testTaskDataManagerSaveAndLoadyyFSSyKXEfu2_
FN:141,$s15PlannerAppTestsAAC30testTaskDataManagerSaveAndLoadyyFSSyKXEfu3_
FN:141,$s15PlannerAppTestsAAC30testTaskDataManagerSaveAndLoadyyFSSyKXEfu4_
FN:142,$s15PlannerAppTestsAAC30testTaskDataManagerSaveAndLoadyyF0aB00E8PriorityOyKXEfu5_
FN:142,$s15PlannerAppTestsAAC30testTaskDataManagerSaveAndLoadyyF0aB00E8PriorityOyKXEfu6_
FN:143,$s15PlannerAppTestsAAC30testTaskDataManagerSaveAndLoadyyF0aB00E8PriorityOyKXEfu7_
FN:143,$s15PlannerAppTestsAAC30testTaskDataManagerSaveAndLoadyyF0aB00E8PriorityOyKXEfu8_
FN:147,$s15PlannerAppTestsAAC22testTaskDataManagerAddyyF
FN:159,$s15PlannerAppTestsAAC22testTaskDataManagerAddyyFSiyKXEfu_
FN:159,$s15PlannerAppTestsAAC22testTaskDataManagerAddyyFSiyKXEfu0_
FN:160,$s15PlannerAppTestsAAC22testTaskDataManagerAddyyFSSyKXEfu1_
FN:160,$s15PlannerAppTestsAAC22testTaskDataManagerAddyyFSSyKXEfu2_
FN:161,$s15PlannerAppTestsAAC22testTaskDataManagerAddyyF0aB00E8PriorityOyKXEfu3_
FN:161,$s15PlannerAppTestsAAC22testTaskDataManagerAddyyF0aB00E8PriorityOyKXEfu4_
FN:165,$s15PlannerAppTestsAAC25testTaskDataManagerUpdateyyF
FN:183,$s15PlannerAppTestsAAC25testTaskDataManagerUpdateyyFSiyKXEfu_
FN:183,$s15PlannerAppTestsAAC25testTaskDataManagerUpdateyyFSiyKXEfu0_
FN:184,$s15PlannerAppTestsAAC25testTaskDataManagerUpdateyyFSSyKXEfu1_
FN:184,$s15PlannerAppTestsAAC25testTaskDataManagerUpdateyyFSSyKXEfu2_
FN:185,$s15PlannerAppTestsAAC25testTaskDataManagerUpdateyyFSbyKXEfu3_
FN:189,$s15PlannerAppTestsAAC25testTaskDataManagerDeleteyyKF
FN:200,$s15PlannerAppTestsAAC25testTaskDataManagerDeleteyyKFSiyKXEfu_
FN:200,$s15PlannerAppTestsAAC25testTaskDataManagerDeleteyyKFSiyKXEfu0_
FN:201,$s15PlannerAppTestsAAC25testTaskDataManagerDeleteyyKFSSyKXEfu1_
FN:201,$s15PlannerAppTestsAAC25testTaskDataManagerDeleteyyKFSSyKXEfu2_
FN:205,$s15PlannerAppTestsAAC27testTaskDataManagerFindByIdyyKF
FN:214,$s15PlannerAppTestsAAC27testTaskDataManagerFindByIdyyKFypSgyKXEfu_
FN:215,$s15PlannerAppTestsAAC27testTaskDataManagerFindByIdyyKFSSSgyKXEfu0_
FN:215,$s15PlannerAppTestsAAC27testTaskDataManagerFindByIdyyKFSSSgyKXEfu1_
FN:218,$s15PlannerAppTestsAAC27testTaskDataManagerFindByIdyyKFypSgyKXEfu2_
FN:222,$s15PlannerAppTestsAAC28testTaskDataManagerFilteringyyKF
FN:233,$s15PlannerAppTestsAAC28testTaskDataManagerFilteringyyKFSiyKXEfu_
FN:233,$s15PlannerAppTestsAAC28testTaskDataManagerFilteringyyKFSiyKXEfu0_
FN:234,$s15PlannerAppTestsAAC28testTaskDataManagerFilteringyyKFSiyKXEfu1_
FN:234,$s15PlannerAppTestsAAC28testTaskDataManagerFilteringyyKFSiyKXEfu2_
FN:235,$s15PlannerAppTestsAAC28testTaskDataManagerFilteringyyKFSSyKXEfu3_
FN:235,$s15PlannerAppTestsAAC28testTaskDataManagerFilteringyyKFSSyKXEfu4_
FN:236,$s15PlannerAppTestsAAC28testTaskDataManagerFilteringyyKFSSyKXEfu5_
FN:236,$s15PlannerAppTestsAAC28testTaskDataManagerFilteringyyKFSSyKXEfu6_
FN:240,$s15PlannerAppTestsAAC35testTaskDataManagerDueDateFilteringyyKF
FN:254,$s15PlannerAppTestsAAC35testTaskDataManagerDueDateFilteringyyKFSiyKXEfu_
FN:254,$s15PlannerAppTestsAAC35testTaskDataManagerDueDateFilteringyyKFSiyKXEfu0_
FN:255,$s15PlannerAppTestsAAC35testTaskDataManagerDueDateFilteringyyKFSiyKXEfu1_
FN:255,$s15PlannerAppTestsAAC35testTaskDataManagerDueDateFilteringyyKFSiyKXEfu2_
FN:259,$s15PlannerAppTestsAAC31testTaskDataManagerOverdueTasksyyKF
FN:275,$s15PlannerAppTestsAAC31testTaskDataManagerOverdueTasksyyKFSiyKXEfu_
FN:275,$s15PlannerAppTestsAAC31testTaskDataManagerOverdueTasksyyKFSiyKXEfu0_
FN:276,$s15PlannerAppTestsAAC31testTaskDataManagerOverdueTasksyyKFSSyKXEfu1_
FN:276,$s15PlannerAppTestsAAC31testTaskDataManagerOverdueTasksyyKFSSyKXEfu2_
FN:280,$s15PlannerAppTestsAAC26testTaskDataManagerSortingyyKF
FN:291,$s15PlannerAppTestsAAC26testTaskDataManagerSortingyyKFSSyKXEfu_
FN:291,$s15PlannerAppTestsAAC26testTaskDataManagerSortingyyKFSSyKXEfu0_
FN:292,$s15PlannerAppTestsAAC26testTaskDataManagerSortingyyKFSSyKXEfu1_
FN:292,$s15PlannerAppTestsAAC26testTaskDataManagerSortingyyKFSSyKXEfu2_
FN:293,$s15PlannerAppTestsAAC26testTaskDataManagerSortingyyKFSSyKXEfu3_
FN:293,$s15PlannerAppTestsAAC26testTaskDataManagerSortingyyKFSSyKXEfu4_
FN:297,$s15PlannerAppTestsAAC29testTaskDataManagerStatisticsyyKF
FN:312,$s15PlannerAppTestsAAC29testTaskDataManagerStatisticsyyKF10Foundation4DateVyKXEfu_
FN:314,$s15PlannerAppTestsAAC29testTaskDataManagerStatisticsyyKF10Foundation4DateVyKXEfu0_
FN:323,$s15PlannerAppTestsAAC29testTaskDataManagerStatisticsyyKFSS0aB00aE0VXEfU_
FN:332,$s15PlannerAppTestsAAC29testTaskDataManagerStatisticsyyKFSiSgyKXEfu1_
FN:332,$s15PlannerAppTestsAAC29testTaskDataManagerStatisticsyyKFSiSgyKXEfu2_
FN:332,$s15PlannerAppTestsAAC29testTaskDataManagerStatisticsyyKFSSyXEfu3_
FN:333,$s15PlannerAppTestsAAC29testTaskDataManagerStatisticsyyKFSiSgyKXEfu4_
FN:333,$s15PlannerAppTestsAAC29testTaskDataManagerStatisticsyyKFSiSgyKXEfu5_
FN:333,$s15PlannerAppTestsAAC29testTaskDataManagerStatisticsyyKFSSyXEfu6_
FN:334,$s15PlannerAppTestsAAC29testTaskDataManagerStatisticsyyKFSiSgyKXEfu7_
FN:334,$s15PlannerAppTestsAAC29testTaskDataManagerStatisticsyyKFSiSgyKXEfu8_
FN:334,$s15PlannerAppTestsAAC29testTaskDataManagerStatisticsyyKFSSyXEfu9_
FN:335,$s15PlannerAppTestsAAC29testTaskDataManagerStatisticsyyKFSiSgyKXEfu10_
FN:335,$s15PlannerAppTestsAAC29testTaskDataManagerStatisticsyyKFSiSgyKXEfu11_
FN:335,$s15PlannerAppTestsAAC29testTaskDataManagerStatisticsyyKFSSyXEfu12_
FN:336,$s15PlannerAppTestsAAC29testTaskDataManagerStatisticsyyKFSiSgyKXEfu13_
FN:336,$s15PlannerAppTestsAAC29testTaskDataManagerStatisticsyyKFSiSgyKXEfu14_
FN:336,$s15PlannerAppTestsAAC29testTaskDataManagerStatisticsyyKFSSyXEfu15_
FN:342,$s15PlannerAppTestsAAC36testDashboardViewModelInitializationyyKF
FN:345,$s15PlannerAppTestsAAC36testDashboardViewModelInitializationyyKFSiyKXEfu_
FN:345,$s15PlannerAppTestsAAC36testDashboardViewModelInitializationyyKFSiyKXEfu0_
FN:346,$s15PlannerAppTestsAAC36testDashboardViewModelInitializationyyKFSiyKXEfu1_
FN:346,$s15PlannerAppTestsAAC36testDashboardViewModelInitializationyyKFSiyKXEfu2_
FN:347,$s15PlannerAppTestsAAC36testDashboardViewModelInitializationyyKFSiyKXEfu3_
FN:347,$s15PlannerAppTestsAAC36testDashboardViewModelInitializationyyKFSiyKXEfu4_
FN:348,$s15PlannerAppTestsAAC36testDashboardViewModelInitializationyyKFSiyKXEfu5_
FN:348,$s15PlannerAppTestsAAC36testDashboardViewModelInitializationyyKFSiyKXEfu6_
FN:349,$s15PlannerAppTestsAAC36testDashboardViewModelInitializationyyKFSiyKXEfu7_
FN:349,$s15PlannerAppTestsAAC36testDashboardViewModelInitializationyyKFSiyKXEfu8_
FN:353,$s15PlannerAppTestsAAC31testDashboardViewModelFetchDatayyKF
FN:374,$s15PlannerAppTestsAAC31testDashboardViewModelFetchDatayyKFSiyKXEfu_
FN:374,$s15PlannerAppTestsAAC31testDashboardViewModelFetchDatayyKFSiyKXEfu0_
FN:375,$s15PlannerAppTestsAAC31testDashboardViewModelFetchDatayyKFSiyKXEfu1_
FN:375,$s15PlannerAppTestsAAC31testDashboardViewModelFetchDatayyKFSiyKXEfu2_
FN:376,$s15PlannerAppTestsAAC31testDashboardViewModelFetchDatayyKFSiyKXEfu3_
FN:376,$s15PlannerAppTestsAAC31testDashboardViewModelFetchDatayyKFSiyKXEfu4_
FN:380,$s15PlannerAppTestsAAC33testDashboardViewModelRefreshDatayyYaKF
FN:394,$s15PlannerAppTestsAAC33testDashboardViewModelRefreshDatayyYaKFSiyKXEfu_
FN:394,$s15PlannerAppTestsAAC33testDashboardViewModelRefreshDatayyYaKFSiyKXEfu0_
FN:395,$s15PlannerAppTestsAAC33testDashboardViewModelRefreshDatayyYaKFSiyKXEfu1_
FN:395,$s15PlannerAppTestsAAC33testDashboardViewModelRefreshDatayyYaKFSiyKXEfu2_
FN:396,$s15PlannerAppTestsAAC33testDashboardViewModelRefreshDatayyYaKFSiyKXEfu3_
FN:396,$s15PlannerAppTestsAAC33testDashboardViewModelRefreshDatayyYaKFSiyKXEfu4_
FN:400,$s15PlannerAppTestsAAC35testDashboardViewModelDataFilteringyyKF
FN:419,$s15PlannerAppTestsAAC35testDashboardViewModelDataFilteringyyKFSbyKXEfu_
FN:419,$s15PlannerAppTestsAAC35testDashboardViewModelDataFilteringyyKFSbyKXEfu_Sb0aB00A4TaskVXEfU_
FN:420,$s15PlannerAppTestsAAC35testDashboardViewModelDataFilteringyyKFSbyKXEfu0_
FN:420,$s15PlannerAppTestsAAC35testDashboardViewModelDataFilteringyyKFSbyKXEfu0_Sb0aB00A4TaskVXEfU0_
FN:424,$s15PlannerAppTestsAAC31testDashboardViewModelItemLimityyKF
FN:442,$s15PlannerAppTestsAAC31testDashboardViewModelItemLimityyKFSiyKXEfu_
FN:442,$s15PlannerAppTestsAAC31testDashboardViewModelItemLimityyKFSiyKXEfu0_
FN:443,$s15PlannerAppTestsAAC31testDashboardViewModelItemLimityyKFSiyKXEfu1_
FN:443,$s15PlannerAppTestsAAC31testDashboardViewModelItemLimityyKFSiyKXEfu2_
FN:449,$s15PlannerAppTestsAAC16testGoalCreationyyKF
FN:453,$s15PlannerAppTestsAAC16testGoalCreationyyKFSSyKXEfu_
FN:453,$s15PlannerAppTestsAAC16testGoalCreationyyKFSSyKXEfu0_
FN:454,$s15PlannerAppTestsAAC16testGoalCreationyyKFSSyKXEfu1_
FN:454,$s15PlannerAppTestsAAC16testGoalCreationyyKFSSyKXEfu2_
FN:455,$s15PlannerAppTestsAAC16testGoalCreationyyKFSdyKXEfu3_
FN:455,$s15PlannerAppTestsAAC16testGoalCreationyyKFSdyKXEfu4_
FN:456,$s15PlannerAppTestsAAC16testGoalCreationyyKFSbyKXEfu5_
FN:457,$s15PlannerAppTestsAAC16testGoalCreationyyKFypSgyKXEfu6_
FN:458,$s15PlannerAppTestsAAC16testGoalCreationyyKFypSgyKXEfu7_
FN:462,$s15PlannerAppTestsAAC18testGoalCompletionyyKF
FN:465,$s15PlannerAppTestsAAC18testGoalCompletionyyKFSbyKXEfu_
FN:468,$s15PlannerAppTestsAAC18testGoalCompletionyyKFSbyKXEfu0_
FN:474,$s15PlannerAppTestsAAC25testCalendarEventCreationyyKF
FN:478,$s15PlannerAppTestsAAC25testCalendarEventCreationyyKFSSyKXEfu_
FN:478,$s15PlannerAppTestsAAC25testCalendarEventCreationyyKFSSyKXEfu0_
FN:479,$s15PlannerAppTestsAAC25testCalendarEventCreationyyKFSdyKXEfu1_
FN:479,$s15PlannerAppTestsAAC25testCalendarEventCreationyyKFSdyKXEfu2_
FN:480,$s15PlannerAppTestsAAC25testCalendarEventCreationyyKFypSgyKXEfu3_
FN:486,$s15PlannerAppTestsAAC26testDataManagerIntegrationyyKF
FN:506,$s15PlannerAppTestsAAC26testDataManagerIntegrationyyKFSiyKXEfu_
FN:506,$s15PlannerAppTestsAAC26testDataManagerIntegrationyyKFSiyKXEfu0_
FN:507,$s15PlannerAppTestsAAC26testDataManagerIntegrationyyKFSiyKXEfu1_
FN:507,$s15PlannerAppTestsAAC26testDataManagerIntegrationyyKFSiyKXEfu2_
FN:508,$s15PlannerAppTestsAAC26testDataManagerIntegrationyyKFSiyKXEfu3_
FN:508,$s15PlannerAppTestsAAC26testDataManagerIntegrationyyKFSiyKXEfu4_
FN:510,$s15PlannerAppTestsAAC26testDataManagerIntegrationyyKFSSyKXEfu5_
FN:510,$s15PlannerAppTestsAAC26testDataManagerIntegrationyyKFSSyKXEfu6_
FN:511,$s15PlannerAppTestsAAC26testDataManagerIntegrationyyKFSSyKXEfu7_
FN:511,$s15PlannerAppTestsAAC26testDataManagerIntegrationyyKFSSyKXEfu8_
FN:512,$s15PlannerAppTestsAAC26testDataManagerIntegrationyyKFSSyKXEfu9_
FN:512,$s15PlannerAppTestsAAC26testDataManagerIntegrationyyKFSSyKXEfu10_
FN:518,$s15PlannerAppTestsAAC20testDateCalculationsyyKF
FN:524,$s15PlannerAppTestsAAC20testDateCalculationsyyKF10Foundation0E0VyKXEfu_
FN:524,$s15PlannerAppTestsAAC20testDateCalculationsyyKF10Foundation0E0VyKXEfu0_
FN:524,$s15PlannerAppTestsAAC20testDateCalculationsyyKFSSyXEfu1_
FN:525,$s15PlannerAppTestsAAC20testDateCalculationsyyKF10Foundation0E0VyKXEfu2_
FN:525,$s15PlannerAppTestsAAC20testDateCalculationsyyKF10Foundation0E0VyKXEfu3_
FN:525,$s15PlannerAppTestsAAC20testDateCalculationsyyKFSSyXEfu4_
FN:529,$s15PlannerAppTestsAAC24testTaskOverdueDetectionyyKF
FN:534,$s15PlannerAppTestsAAC24testTaskOverdueDetectionyyKF10Foundation4DateVyKXEfu_
FN:534,$s15PlannerAppTestsAAC24testTaskOverdueDetectionyyKF10Foundation4DateVyKXEfu0_
FN:534,$s15PlannerAppTestsAAC24testTaskOverdueDetectionyyKFSSyXEfu1_
FN:535,$s15PlannerAppTestsAAC24testTaskOverdueDetectionyyKF10Foundation4DateVyKXEfu2_
FN:535,$s15PlannerAppTestsAAC24testTaskOverdueDetectionyyKF10Foundation4DateVyKXEfu3_
FN:535,$s15PlannerAppTestsAAC24testTaskOverdueDetectionyyKFSSyXEfu4_
FN:539,$s15PlannerAppTestsAAC21testDueDateValidationyyKF
FN:546,$s15PlannerAppTestsAAC21testDueDateValidationyyKF10Foundation0F0VyKXEfu_
FN:546,$s15PlannerAppTestsAAC21testDueDateValidationyyKF10Foundation0F0VyKXEfu0_
FN:547,$s15PlannerAppTestsAAC21testDueDateValidationyyKF10Foundation0F0VyKXEfu1_
FN:547,$s15PlannerAppTestsAAC21testDueDateValidationyyKF10Foundation0F0VyKXEfu2_
FN:553,$s15PlannerAppTestsAAC14testTaskSearchyyKF
FN:557,$s15PlannerAppTestsAAC14testTaskSearchyyKFSbyKXEfu_
FN:557,$s15PlannerAppTestsAAC14testTaskSearchyyKFSSyXEfu0_
FN:558,$s15PlannerAppTestsAAC14testTaskSearchyyKFSSyKXEfu1_
FN:558,$s15PlannerAppTestsAAC14testTaskSearchyyKFSSyKXEfu2_
FN:558,$s15PlannerAppTestsAAC14testTaskSearchyyKFSSyXEfu3_
FN:562,$s15PlannerAppTestsAAC17testTaskFilteringyyKF
FN:570,$s15PlannerAppTestsAAC17testTaskFilteringyyKFSbyKXEfu_
FN:570,$s15PlannerAppTestsAAC17testTaskFilteringyyKFSSyXEfu0_
FN:574,$s15PlannerAppTestsAAC21testAdvancedFilteringyyKF
FN:584,$s15PlannerAppTestsAAC21testAdvancedFilteringyyKFSbyKXEfu_
FN:584,$s15PlannerAppTestsAAC21testAdvancedFilteringyyKFSSyXEfu0_
FN:590,$s15PlannerAppTestsAAC19testDataPersistenceyyKF
FN:594,$s15PlannerAppTestsAAC19testDataPersistenceyyKFSSSgyKXEfu_
FN:594,$s15PlannerAppTestsAAC19testDataPersistenceyyKFSSSgyKXEfu0_
FN:595,$s15PlannerAppTestsAAC19testDataPersistenceyyKFSSSgyKXEfu1_
FN:595,$s15PlannerAppTestsAAC19testDataPersistenceyyKFSSSgyKXEfu2_
FN:596,$s15PlannerAppTestsAAC19testDataPersistenceyyKFSiyKXEfu3_
FN:596,$s15PlannerAppTestsAAC19testDataPersistenceyyKFSiyKXEfu4_
FN:600,$s15PlannerAppTestsAAC17testDataMigrationyyKF
FN:605,$s15PlannerAppTestsAAC17testDataMigrationyyKFSSSgyKXEfu_
FN:605,$s15PlannerAppTestsAAC17testDataMigrationyyKFSSSgyKXEfu0_
FN:606,$s15PlannerAppTestsAAC17testDataMigrationyyKFSSSgyKXEfu1_
FN:606,$s15PlannerAppTestsAAC17testDataMigrationyyKFSSSgyKXEfu2_
FN:607,$s15PlannerAppTestsAAC17testDataMigrationyyKFSbyKXEfu3_
FN:611,$s15PlannerAppTestsAAC24testDataBackupAndRestoreyyKF
FN:622,$s15PlannerAppTestsAAC24testDataBackupAndRestoreyyKFSbyKXEfu_
FN:622,$s15PlannerAppTestsAAC24testDataBackupAndRestoreyyKFSSyXEfu0_
FN:628,$s15PlannerAppTestsAAC27testTaskCreationPerformanceyyKF
FN:635,$s15PlannerAppTestsAAC27testTaskCreationPerformanceyyKFSiSgyKXEfu_
FN:635,$s15PlannerAppTestsAAC27testTaskCreationPerformanceyyKFSiSgyKXEfu0_
FN:641,$s15PlannerAppTestsAAC27testTaskCreationPerformanceyyKFSdyKXEfu1_
FN:641,$s15PlannerAppTestsAAC27testTaskCreationPerformanceyyKFSdyKXEfu2_
FN:641,$s15PlannerAppTestsAAC27testTaskCreationPerformanceyyKFSSyXEfu3_
FN:645,$s15PlannerAppTestsAAC21testSearchPerformanceyyKF
FN:652,$s15PlannerAppTestsAAC21testSearchPerformanceyyKFSbyKXEfu_
FN:658,$s15PlannerAppTestsAAC21testSearchPerformanceyyKFSdyKXEfu0_
FN:658,$s15PlannerAppTestsAAC21testSearchPerformanceyyKFSdyKXEfu1_
FN:658,$s15PlannerAppTestsAAC21testSearchPerformanceyyKFSSyXEfu2_
FN:662,$s15PlannerAppTestsAAC29testBulkOperationsPerformanceyyKF
FN:673,$s15PlannerAppTestsAAC29testBulkOperationsPerformanceyyKFSbSDySSypGXEfU_
FN:677,$s15PlannerAppTestsAAC29testBulkOperationsPerformanceyyKFSdyKXEfu_
FN:677,$s15PlannerAppTestsAAC29testBulkOperationsPerformanceyyKFSdyKXEfu0_
FN:677,$s15PlannerAppTestsAAC29testBulkOperationsPerformanceyyKFSSyXEfu1_
FN:678,$s15PlannerAppTestsAAC29testBulkOperationsPerformanceyyKFSiyKXEfu2_
FN:678,$s15PlannerAppTestsAAC29testBulkOperationsPerformanceyyKFSiyKXEfu3_
FN:684,$s15PlannerAppTestsAAC25testTaskDisplayFormattingyyKF
FN:689,$s15PlannerAppTestsAAC25testTaskDisplayFormattingyyKFSSyKXEfu_
FN:689,$s15PlannerAppTestsAAC25testTaskDisplayFormattingyyKFSSyKXEfu0_
FN:690,$s15PlannerAppTestsAAC25testTaskDisplayFormattingyyKFSbyKXEfu1_
FN:694,$s15PlannerAppTestsAAC25testDateDisplayFormattingyyKF
FN:699,$s15PlannerAppTestsAAC25testDateDisplayFormattingyyKFSbyKXEfu_
FN:700,$s15PlannerAppTestsAAC25testDateDisplayFormattingyyKFSbyKXEfu0_
FN:704,$s15PlannerAppTestsAAC24testPriorityColorMappingyyKF
FN:713,$s15PlannerAppTestsAAC24testPriorityColorMappingyyKFSbyKXEfu_
FN:713,$s15PlannerAppTestsAAC24testPriorityColorMappingyyKFSSyXEfu0_
FN:719,$s15PlannerAppTestsAAC26testTaskProjectIntegrationyyKF
FN:729,$s15PlannerAppTestsAAC26testTaskProjectIntegrationyyKFSbyKXEfu_
FN:729,$s15PlannerAppTestsAAC26testTaskProjectIntegrationyyKFSSyXEfu0_
FN:733,$s15PlannerAppTestsAAC27testCategoryTaskIntegrationyyKF
FN:743,$s15PlannerAppTestsAAC27testCategoryTaskIntegrationyyKFSbyKXEfu_
FN:743,$s15PlannerAppTestsAAC27testCategoryTaskIntegrationyyKFSSyXEfu0_
FN:747,$s15PlannerAppTestsAAC27testFullWorkflowIntegrationyyKF
FN:765,$s15PlannerAppTestsAAC27testFullWorkflowIntegrationyyKFSbyKXEfu_
FN:765,$s15PlannerAppTestsAAC27testFullWorkflowIntegrationyyKFSSyXEfu0_
FN:771,$s15PlannerAppTestsAAC35testDataExportServiceInitializationyyKF
FN:777,$s15PlannerAppTestsAAC35testDataExportServiceInitializationyyKFSbyKXEfu_
FN:777,$s15PlannerAppTestsAAC35testDataExportServiceInitializationyyKFSSyXEfu0_
FN:781,$s15PlannerAppTestsAAC14testDataExportyyKF
FN:793,$s15PlannerAppTestsAAC14testDataExportyyKFSbyKXEfu_
FN:793,$s15PlannerAppTestsAAC14testDataExportyyKFSSyXEfu0_
FN:797,$s15PlannerAppTestsAAC17testExportFormatsyyKF
FN:811,$s15PlannerAppTestsAAC17testExportFormatsyyKFSbyKXEfu_
FN:811,$s15PlannerAppTestsAAC17testExportFormatsyyKFSSyXEfu0_
FN:817,$s15PlannerAppTestsAAC29testContentViewInitializationyyKF
FN:823,$s15PlannerAppTestsAAC29testContentViewInitializationyyKFSbyKXEfu_
FN:823,$s15PlannerAppTestsAAC29testContentViewInitializationyyKFSSyXEfu0_
FN:827,$s15PlannerAppTestsAAC26testContentViewDataBindingyyKF
FN:836,$s15PlannerAppTestsAAC26testContentViewDataBindingyyKFSbyKXEfu_
FN:836,$s15PlannerAppTestsAAC26testContentViewDataBindingyyKFSSyXEfu0_
FN:842,$s15PlannerAppTestsAAC23testEmptyTaskValidationyyKF
FN:847,$s15PlannerAppTestsAAC23testEmptyTaskValidationyyKFSbyKXEfu_
FN:848,$s15PlannerAppTestsAAC23testEmptyTaskValidationyyKFSbyKXEfu0_
FN:852,$s15PlannerAppTestsAAC23testInvalidDateHandlingyyKF
FN:856,$s15PlannerAppTestsAAC23testInvalidDateHandlingyyKF10Foundation0F0VyKXEfu_
FN:856,$s15PlannerAppTestsAAC23testInvalidDateHandlingyyKF10Foundation0F0VyKXEfu0_
FN:860,$s15PlannerAppTestsAAC17testLargeDataSetsyyKF
FN:863,$s15PlannerAppTestsAAC17testLargeDataSetsyyKFSbSiXEfU_
FN:865,$s15PlannerAppTestsAAC17testLargeDataSetsyyKFSiyKXEfu_
FN:865,$s15PlannerAppTestsAAC17testLargeDataSetsyyKFSiyKXEfu0_
FN:866,$s15PlannerAppTestsAAC17testLargeDataSetsyyKFSiyKXEfu1_
FN:866,$s15PlannerAppTestsAAC17testLargeDataSetsyyKFSiyKXEfu2_
FN:870,$s15PlannerAppTestsAAC20testConcurrentAccessyyKF
FN:875,$s15PlannerAppTestsAAC20testConcurrentAccessyyKFyyYbcfU_
FN:878,$s15PlannerAppTestsAAC20testConcurrentAccessyyKFyyYbcfU_SSSgyKXEfu_
FN:878,$s15PlannerAppTestsAAC20testConcurrentAccessyyKFyyYbcfU_SSSgyKXEfu0_
FNDA:51,$s15PlannerAppTestsAAC14setUpWithErroryyKF
FNDA:2,$s15PlannerAppTestsAAC14setUpWithErroryyKFyyYaYbScMYccfU_
FNDA:36,$s15PlannerAppTestsAAC17tearDownWithErroryyKF
FNDA:0,$s15PlannerAppTestsAAC17tearDownWithErroryyKFyyYaYbScMYccfU_
FNDA:1,$s15PlannerAppTestsAAC16testTaskCreationyyF
FNDA:1,$s15PlannerAppTestsAAC16testTaskCreationyyFSSyKXEfu_
FNDA:1,$s15PlannerAppTestsAAC16testTaskCreationyyFSSyKXEfu0_
FNDA:1,$s15PlannerAppTestsAAC16testTaskCreationyyFSSyKXEfu1_
FNDA:1,$s15PlannerAppTestsAAC16testTaskCreationyyFSSyKXEfu2_
FNDA:1,$s15PlannerAppTestsAAC16testTaskCreationyyF0aB00E8PriorityOyKXEfu3_
FNDA:1,$s15PlannerAppTestsAAC16testTaskCreationyyF0aB00E8PriorityOyKXEfu4_
FNDA:1,$s15PlannerAppTestsAAC16testTaskCreationyyFSbyKXEfu5_
FNDA:1,$s15PlannerAppTestsAAC16testTaskCreationyyFypSgyKXEfu6_
FNDA:1,$s15PlannerAppTestsAAC16testTaskPriorityyyKF
FNDA:1,$s15PlannerAppTestsAAC16testTaskPriorityyyKF0aB00eF0OyKXEfu_
FNDA:1,$s15PlannerAppTestsAAC16testTaskPriorityyyKF0aB00eF0OyKXEfu0_
FNDA:1,$s15PlannerAppTestsAAC16testTaskPriorityyyKF0aB00eF0OyKXEfu1_
FNDA:1,$s15PlannerAppTestsAAC16testTaskPriorityyyKF0aB00eF0OyKXEfu2_
FNDA:1,$s15PlannerAppTestsAAC16testTaskPriorityyyKF0aB00eF0OyKXEfu3_
FNDA:1,$s15PlannerAppTestsAAC16testTaskPriorityyyKF0aB00eF0OyKXEfu4_
FNDA:1,$s15PlannerAppTestsAAC16testTaskPriorityyyKFSiyKXEfu5_
FNDA:1,$s15PlannerAppTestsAAC16testTaskPriorityyyKFSiyKXEfu6_
FNDA:1,$s15PlannerAppTestsAAC16testTaskPriorityyyKFSiyKXEfu7_
FNDA:1,$s15PlannerAppTestsAAC16testTaskPriorityyyKFSiyKXEfu8_
FNDA:1,$s15PlannerAppTestsAAC15testTaskDueDateyyKF
FNDA:1,$s15PlannerAppTestsAAC15testTaskDueDateyyKF10Foundation0G0VyKXEfu_
FNDA:1,$s15PlannerAppTestsAAC15testTaskDueDateyyKF10Foundation0G0VyKXEfu0_
FNDA:0,$s15PlannerAppTestsAAC15testTaskDueDateyyKFSSyXEfu1_
FNDA:1,$s15PlannerAppTestsAAC15testTaskDueDateyyKF10Foundation0G0VyKXEfu2_
FNDA:1,$s15PlannerAppTestsAAC15testTaskDueDateyyKF10Foundation0G0VyKXEfu3_
FNDA:0,$s15PlannerAppTestsAAC15testTaskDueDateyyKFSSyXEfu4_
FNDA:1,$s15PlannerAppTestsAAC24testTaskCompletionToggleyyKF
FNDA:1,$s15PlannerAppTestsAAC24testTaskCompletionToggleyyKFSbyKXEfu_
FNDA:1,$s15PlannerAppTestsAAC24testTaskCompletionToggleyyKFSbyKXEfu0_
FNDA:1,$s15PlannerAppTestsAAC24testTaskCompletionToggleyyKFSbyKXEfu1_
FNDA:1,$s15PlannerAppTestsAAC16testTaskEqualityyyKF
FNDA:1,$s15PlannerAppTestsAAC16testTaskEqualityyyKF10Foundation4UUIDVyKXEfu_
FNDA:1,$s15PlannerAppTestsAAC16testTaskEqualityyyKF10Foundation4UUIDVyKXEfu0_
FNDA:1,$s15PlannerAppTestsAAC16testTaskEqualityyyKFSSyKXEfu1_
FNDA:1,$s15PlannerAppTestsAAC16testTaskEqualityyyKFSSyKXEfu2_
FNDA:1,$s15PlannerAppTestsAAC30testTaskDataManagerSaveAndLoadyyF
FNDA:0,$s15PlannerAppTestsAAC30testTaskDataManagerSaveAndLoadyyFSiyKXEfu_
FNDA:0,$s15PlannerAppTestsAAC30testTaskDataManagerSaveAndLoadyyFSiyKXEfu0_
FNDA:0,$s15PlannerAppTestsAAC30testTaskDataManagerSaveAndLoadyyFSSyKXEfu1_
FNDA:0,$s15PlannerAppTestsAAC30testTaskDataManagerSaveAndLoadyyFSSyKXEfu2_
FNDA:0,$s15PlannerAppTestsAAC30testTaskDataManagerSaveAndLoadyyFSSyKXEfu3_
FNDA:0,$s15PlannerAppTestsAAC30testTaskDataManagerSaveAndLoadyyFSSyKXEfu4_
FNDA:0,$s15PlannerAppTestsAAC30testTaskDataManagerSaveAndLoadyyF0aB00E8PriorityOyKXEfu5_
FNDA:0,$s15PlannerAppTestsAAC30testTaskDataManagerSaveAndLoadyyF0aB00E8PriorityOyKXEfu6_
FNDA:0,$s15PlannerAppTestsAAC30testTaskDataManagerSaveAndLoadyyF0aB00E8PriorityOyKXEfu7_
FNDA:0,$s15PlannerAppTestsAAC30testTaskDataManagerSaveAndLoadyyF0aB00E8PriorityOyKXEfu8_
FNDA:1,$s15PlannerAppTestsAAC22testTaskDataManagerAddyyF
FNDA:0,$s15PlannerAppTestsAAC22testTaskDataManagerAddyyFSiyKXEfu_
FNDA:0,$s15PlannerAppTestsAAC22testTaskDataManagerAddyyFSiyKXEfu0_
FNDA:0,$s15PlannerAppTestsAAC22testTaskDataManagerAddyyFSSyKXEfu1_
FNDA:0,$s15PlannerAppTestsAAC22testTaskDataManagerAddyyFSSyKXEfu2_
FNDA:0,$s15PlannerAppTestsAAC22testTaskDataManagerAddyyF0aB00E8PriorityOyKXEfu3_
FNDA:0,$s15PlannerAppTestsAAC22testTaskDataManagerAddyyF0aB00E8PriorityOyKXEfu4_
FNDA:1,$s15PlannerAppTestsAAC25testTaskDataManagerUpdateyyF
FNDA:0,$s15PlannerAppTestsAAC25testTaskDataManagerUpdateyyFSiyKXEfu_
FNDA:0,$s15PlannerAppTestsAAC25testTaskDataManagerUpdateyyFSiyKXEfu0_
FNDA:0,$s15PlannerAppTestsAAC25testTaskDataManagerUpdateyyFSSyKXEfu1_
FNDA:0,$s15PlannerAppTestsAAC25testTaskDataManagerUpdateyyFSSyKXEfu2_
FNDA:0,$s15PlannerAppTestsAAC25testTaskDataManagerUpdateyyFSbyKXEfu3_
FNDA:1,$s15PlannerAppTestsAAC25testTaskDataManagerDeleteyyKF
FNDA:0,$s15PlannerAppTestsAAC25testTaskDataManagerDeleteyyKFSiyKXEfu_
FNDA:0,$s15PlannerAppTestsAAC25testTaskDataManagerDeleteyyKFSiyKXEfu0_
FNDA:0,$s15PlannerAppTestsAAC25testTaskDataManagerDeleteyyKFSSyKXEfu1_
FNDA:0,$s15PlannerAppTestsAAC25testTaskDataManagerDeleteyyKFSSyKXEfu2_
FNDA:1,$s15PlannerAppTestsAAC27testTaskDataManagerFindByIdyyKF
FNDA:0,$s15PlannerAppTestsAAC27testTaskDataManagerFindByIdyyKFypSgyKXEfu_
FNDA:0,$s15PlannerAppTestsAAC27testTaskDataManagerFindByIdyyKFSSSgyKXEfu0_
FNDA:0,$s15PlannerAppTestsAAC27testTaskDataManagerFindByIdyyKFSSSgyKXEfu1_
FNDA:0,$s15PlannerAppTestsAAC27testTaskDataManagerFindByIdyyKFypSgyKXEfu2_
FNDA:1,$s15PlannerAppTestsAAC28testTaskDataManagerFilteringyyKF
FNDA:0,$s15PlannerAppTestsAAC28testTaskDataManagerFilteringyyKFSiyKXEfu_
FNDA:0,$s15PlannerAppTestsAAC28testTaskDataManagerFilteringyyKFSiyKXEfu0_
FNDA:0,$s15PlannerAppTestsAAC28testTaskDataManagerFilteringyyKFSiyKXEfu1_
FNDA:0,$s15PlannerAppTestsAAC28testTaskDataManagerFilteringyyKFSiyKXEfu2_
FNDA:0,$s15PlannerAppTestsAAC28testTaskDataManagerFilteringyyKFSSyKXEfu3_
FNDA:0,$s15PlannerAppTestsAAC28testTaskDataManagerFilteringyyKFSSyKXEfu4_
FNDA:0,$s15PlannerAppTestsAAC28testTaskDataManagerFilteringyyKFSSyKXEfu5_
FNDA:0,$s15PlannerAppTestsAAC28testTaskDataManagerFilteringyyKFSSyKXEfu6_
FNDA:1,$s15PlannerAppTestsAAC35testTaskDataManagerDueDateFilteringyyKF
FNDA:0,$s15PlannerAppTestsAAC35testTaskDataManagerDueDateFilteringyyKFSiyKXEfu_
FNDA:0,$s15PlannerAppTestsAAC35testTaskDataManagerDueDateFilteringyyKFSiyKXEfu0_
FNDA:0,$s15PlannerAppTestsAAC35testTaskDataManagerDueDateFilteringyyKFSiyKXEfu1_
FNDA:0,$s15PlannerAppTestsAAC35testTaskDataManagerDueDateFilteringyyKFSiyKXEfu2_
FNDA:1,$s15PlannerAppTestsAAC31testTaskDataManagerOverdueTasksyyKF
FNDA:0,$s15PlannerAppTestsAAC31testTaskDataManagerOverdueTasksyyKFSiyKXEfu_
FNDA:0,$s15PlannerAppTestsAAC31testTaskDataManagerOverdueTasksyyKFSiyKXEfu0_
FNDA:0,$s15PlannerAppTestsAAC31testTaskDataManagerOverdueTasksyyKFSSyKXEfu1_
FNDA:0,$s15PlannerAppTestsAAC31testTaskDataManagerOverdueTasksyyKFSSyKXEfu2_
FNDA:1,$s15PlannerAppTestsAAC26testTaskDataManagerSortingyyKF
FNDA:0,$s15PlannerAppTestsAAC26testTaskDataManagerSortingyyKFSSyKXEfu_
FNDA:0,$s15PlannerAppTestsAAC26testTaskDataManagerSortingyyKFSSyKXEfu0_
FNDA:0,$s15PlannerAppTestsAAC26testTaskDataManagerSortingyyKFSSyKXEfu1_
FNDA:0,$s15PlannerAppTestsAAC26testTaskDataManagerSortingyyKFSSyKXEfu2_
FNDA:0,$s15PlannerAppTestsAAC26testTaskDataManagerSortingyyKFSSyKXEfu3_
FNDA:0,$s15PlannerAppTestsAAC26testTaskDataManagerSortingyyKFSSyKXEfu4_
FNDA:1,$s15PlannerAppTestsAAC29testTaskDataManagerStatisticsyyKF
FNDA:0,$s15PlannerAppTestsAAC29testTaskDataManagerStatisticsyyKF10Foundation4DateVyKXEfu_
FNDA:0,$s15PlannerAppTestsAAC29testTaskDataManagerStatisticsyyKF10Foundation4DateVyKXEfu0_
FNDA:0,$s15PlannerAppTestsAAC29testTaskDataManagerStatisticsyyKFSS0aB00aE0VXEfU_
FNDA:0,$s15PlannerAppTestsAAC29testTaskDataManagerStatisticsyyKFSiSgyKXEfu1_
FNDA:0,$s15PlannerAppTestsAAC29testTaskDataManagerStatisticsyyKFSiSgyKXEfu2_
FNDA:0,$s15PlannerAppTestsAAC29testTaskDataManagerStatisticsyyKFSSyXEfu3_
FNDA:0,$s15PlannerAppTestsAAC29testTaskDataManagerStatisticsyyKFSiSgyKXEfu4_
FNDA:0,$s15PlannerAppTestsAAC29testTaskDataManagerStatisticsyyKFSiSgyKXEfu5_
FNDA:0,$s15PlannerAppTestsAAC29testTaskDataManagerStatisticsyyKFSSyXEfu6_
FNDA:0,$s15PlannerAppTestsAAC29testTaskDataManagerStatisticsyyKFSiSgyKXEfu7_
FNDA:0,$s15PlannerAppTestsAAC29testTaskDataManagerStatisticsyyKFSiSgyKXEfu8_
FNDA:0,$s15PlannerAppTestsAAC29testTaskDataManagerStatisticsyyKFSSyXEfu9_
FNDA:0,$s15PlannerAppTestsAAC29testTaskDataManagerStatisticsyyKFSiSgyKXEfu10_
FNDA:0,$s15PlannerAppTestsAAC29testTaskDataManagerStatisticsyyKFSiSgyKXEfu11_
FNDA:0,$s15PlannerAppTestsAAC29testTaskDataManagerStatisticsyyKFSSyXEfu12_
FNDA:0,$s15PlannerAppTestsAAC29testTaskDataManagerStatisticsyyKFSiSgyKXEfu13_
FNDA:0,$s15PlannerAppTestsAAC29testTaskDataManagerStatisticsyyKFSiSgyKXEfu14_
FNDA:0,$s15PlannerAppTestsAAC29testTaskDataManagerStatisticsyyKFSSyXEfu15_
FNDA:1,$s15PlannerAppTestsAAC36testDashboardViewModelInitializationyyKF
FNDA:1,$s15PlannerAppTestsAAC36testDashboardViewModelInitializationyyKFSiyKXEfu_
FNDA:1,$s15PlannerAppTestsAAC36testDashboardViewModelInitializationyyKFSiyKXEfu0_
FNDA:1,$s15PlannerAppTestsAAC36testDashboardViewModelInitializationyyKFSiyKXEfu1_
FNDA:1,$s15PlannerAppTestsAAC36testDashboardViewModelInitializationyyKFSiyKXEfu2_
FNDA:1,$s15PlannerAppTestsAAC36testDashboardViewModelInitializationyyKFSiyKXEfu3_
FNDA:1,$s15PlannerAppTestsAAC36testDashboardViewModelInitializationyyKFSiyKXEfu4_
FNDA:1,$s15PlannerAppTestsAAC36testDashboardViewModelInitializationyyKFSiyKXEfu5_
FNDA:1,$s15PlannerAppTestsAAC36testDashboardViewModelInitializationyyKFSiyKXEfu6_
FNDA:1,$s15PlannerAppTestsAAC36testDashboardViewModelInitializationyyKFSiyKXEfu7_
FNDA:1,$s15PlannerAppTestsAAC36testDashboardViewModelInitializationyyKFSiyKXEfu8_
FNDA:1,$s15PlannerAppTestsAAC31testDashboardViewModelFetchDatayyKF
FNDA:0,$s15PlannerAppTestsAAC31testDashboardViewModelFetchDatayyKFSiyKXEfu_
FNDA:0,$s15PlannerAppTestsAAC31testDashboardViewModelFetchDatayyKFSiyKXEfu0_
FNDA:0,$s15PlannerAppTestsAAC31testDashboardViewModelFetchDatayyKFSiyKXEfu1_
FNDA:0,$s15PlannerAppTestsAAC31testDashboardViewModelFetchDatayyKFSiyKXEfu2_
FNDA:0,$s15PlannerAppTestsAAC31testDashboardViewModelFetchDatayyKFSiyKXEfu3_
FNDA:0,$s15PlannerAppTestsAAC31testDashboardViewModelFetchDatayyKFSiyKXEfu4_
FNDA:0,$s15PlannerAppTestsAAC33testDashboardViewModelRefreshDatayyYaKF
FNDA:0,$s15PlannerAppTestsAAC33testDashboardViewModelRefreshDatayyYaKFSiyKXEfu_
FNDA:0,$s15PlannerAppTestsAAC33testDashboardViewModelRefreshDatayyYaKFSiyKXEfu0_
FNDA:0,$s15PlannerAppTestsAAC33testDashboardViewModelRefreshDatayyYaKFSiyKXEfu1_
FNDA:0,$s15PlannerAppTestsAAC33testDashboardViewModelRefreshDatayyYaKFSiyKXEfu2_
FNDA:0,$s15PlannerAppTestsAAC33testDashboardViewModelRefreshDatayyYaKFSiyKXEfu3_
FNDA:0,$s15PlannerAppTestsAAC33testDashboardViewModelRefreshDatayyYaKFSiyKXEfu4_
FNDA:1,$s15PlannerAppTestsAAC35testDashboardViewModelDataFilteringyyKF
FNDA:0,$s15PlannerAppTestsAAC35testDashboardViewModelDataFilteringyyKFSbyKXEfu_
FNDA:0,$s15PlannerAppTestsAAC35testDashboardViewModelDataFilteringyyKFSbyKXEfu_Sb0aB00A4TaskVXEfU_
FNDA:0,$s15PlannerAppTestsAAC35testDashboardViewModelDataFilteringyyKFSbyKXEfu0_
FNDA:0,$s15PlannerAppTestsAAC35testDashboardViewModelDataFilteringyyKFSbyKXEfu0_Sb0aB00A4TaskVXEfU0_
FNDA:1,$s15PlannerAppTestsAAC31testDashboardViewModelItemLimityyKF
FNDA:0,$s15PlannerAppTestsAAC31testDashboardViewModelItemLimityyKFSiyKXEfu_
FNDA:0,$s15PlannerAppTestsAAC31testDashboardViewModelItemLimityyKFSiyKXEfu0_
FNDA:0,$s15PlannerAppTestsAAC31testDashboardViewModelItemLimityyKFSiyKXEfu1_
FNDA:0,$s15PlannerAppTestsAAC31testDashboardViewModelItemLimityyKFSiyKXEfu2_
FNDA:1,$s15PlannerAppTestsAAC16testGoalCreationyyKF
FNDA:1,$s15PlannerAppTestsAAC16testGoalCreationyyKFSSyKXEfu_
FNDA:1,$s15PlannerAppTestsAAC16testGoalCreationyyKFSSyKXEfu0_
FNDA:1,$s15PlannerAppTestsAAC16testGoalCreationyyKFSSyKXEfu1_
FNDA:1,$s15PlannerAppTestsAAC16testGoalCreationyyKFSSyKXEfu2_
FNDA:1,$s15PlannerAppTestsAAC16testGoalCreationyyKFSdyKXEfu3_
FNDA:1,$s15PlannerAppTestsAAC16testGoalCreationyyKFSdyKXEfu4_
FNDA:1,$s15PlannerAppTestsAAC16testGoalCreationyyKFSbyKXEfu5_
FNDA:1,$s15PlannerAppTestsAAC16testGoalCreationyyKFypSgyKXEfu6_
FNDA:1,$s15PlannerAppTestsAAC16testGoalCreationyyKFypSgyKXEfu7_
FNDA:1,$s15PlannerAppTestsAAC18testGoalCompletionyyKF
FNDA:1,$s15PlannerAppTestsAAC18testGoalCompletionyyKFSbyKXEfu_
FNDA:1,$s15PlannerAppTestsAAC18testGoalCompletionyyKFSbyKXEfu0_
FNDA:1,$s15PlannerAppTestsAAC25testCalendarEventCreationyyKF
FNDA:1,$s15PlannerAppTestsAAC25testCalendarEventCreationyyKFSSyKXEfu_
FNDA:1,$s15PlannerAppTestsAAC25testCalendarEventCreationyyKFSSyKXEfu0_
FNDA:1,$s15PlannerAppTestsAAC25testCalendarEventCreationyyKFSdyKXEfu1_
FNDA:1,$s15PlannerAppTestsAAC25testCalendarEventCreationyyKFSdyKXEfu2_
FNDA:1,$s15PlannerAppTestsAAC25testCalendarEventCreationyyKFypSgyKXEfu3_
FNDA:1,$s15PlannerAppTestsAAC26testDataManagerIntegrationyyKF
FNDA:0,$s15PlannerAppTestsAAC26testDataManagerIntegrationyyKFSiyKXEfu_
FNDA:0,$s15PlannerAppTestsAAC26testDataManagerIntegrationyyKFSiyKXEfu0_
FNDA:0,$s15PlannerAppTestsAAC26testDataManagerIntegrationyyKFSiyKXEfu1_
FNDA:0,$s15PlannerAppTestsAAC26testDataManagerIntegrationyyKFSiyKXEfu2_
FNDA:0,$s15PlannerAppTestsAAC26testDataManagerIntegrationyyKFSiyKXEfu3_
FNDA:0,$s15PlannerAppTestsAAC26testDataManagerIntegrationyyKFSiyKXEfu4_
FNDA:0,$s15PlannerAppTestsAAC26testDataManagerIntegrationyyKFSSyKXEfu5_
FNDA:0,$s15PlannerAppTestsAAC26testDataManagerIntegrationyyKFSSyKXEfu6_
FNDA:0,$s15PlannerAppTestsAAC26testDataManagerIntegrationyyKFSSyKXEfu7_
FNDA:0,$s15PlannerAppTestsAAC26testDataManagerIntegrationyyKFSSyKXEfu8_
FNDA:0,$s15PlannerAppTestsAAC26testDataManagerIntegrationyyKFSSyKXEfu9_
FNDA:0,$s15PlannerAppTestsAAC26testDataManagerIntegrationyyKFSSyKXEfu10_
FNDA:1,$s15PlannerAppTestsAAC20testDateCalculationsyyKF
FNDA:1,$s15PlannerAppTestsAAC20testDateCalculationsyyKF10Foundation0E0VyKXEfu_
FNDA:1,$s15PlannerAppTestsAAC20testDateCalculationsyyKF10Foundation0E0VyKXEfu0_
FNDA:0,$s15PlannerAppTestsAAC20testDateCalculationsyyKFSSyXEfu1_
FNDA:1,$s15PlannerAppTestsAAC20testDateCalculationsyyKF10Foundation0E0VyKXEfu2_
FNDA:1,$s15PlannerAppTestsAAC20testDateCalculationsyyKF10Foundation0E0VyKXEfu3_
FNDA:0,$s15PlannerAppTestsAAC20testDateCalculationsyyKFSSyXEfu4_
FNDA:1,$s15PlannerAppTestsAAC24testTaskOverdueDetectionyyKF
FNDA:1,$s15PlannerAppTestsAAC24testTaskOverdueDetectionyyKF10Foundation4DateVyKXEfu_
FNDA:1,$s15PlannerAppTestsAAC24testTaskOverdueDetectionyyKF10Foundation4DateVyKXEfu0_
FNDA:0,$s15PlannerAppTestsAAC24testTaskOverdueDetectionyyKFSSyXEfu1_
FNDA:1,$s15PlannerAppTestsAAC24testTaskOverdueDetectionyyKF10Foundation4DateVyKXEfu2_
FNDA:1,$s15PlannerAppTestsAAC24testTaskOverdueDetectionyyKF10Foundation4DateVyKXEfu3_
FNDA:0,$s15PlannerAppTestsAAC24testTaskOverdueDetectionyyKFSSyXEfu4_
FNDA:1,$s15PlannerAppTestsAAC21testDueDateValidationyyKF
FNDA:1,$s15PlannerAppTestsAAC21testDueDateValidationyyKF10Foundation0F0VyKXEfu_
FNDA:1,$s15PlannerAppTestsAAC21testDueDateValidationyyKF10Foundation0F0VyKXEfu0_
FNDA:1,$s15PlannerAppTestsAAC21testDueDateValidationyyKF10Foundation0F0VyKXEfu1_
FNDA:1,$s15PlannerAppTestsAAC21testDueDateValidationyyKF10Foundation0F0VyKXEfu2_
FNDA:1,$s15PlannerAppTestsAAC14testTaskSearchyyKF
FNDA:1,$s15PlannerAppTestsAAC14testTaskSearchyyKFSbyKXEfu_
FNDA:0,$s15PlannerAppTestsAAC14testTaskSearchyyKFSSyXEfu0_
FNDA:1,$s15PlannerAppTestsAAC14testTaskSearchyyKFSSyKXEfu1_
FNDA:1,$s15PlannerAppTestsAAC14testTaskSearchyyKFSSyKXEfu2_
FNDA:0,$s15PlannerAppTestsAAC14testTaskSearchyyKFSSyXEfu3_
FNDA:1,$s15PlannerAppTestsAAC17testTaskFilteringyyKF
FNDA:1,$s15PlannerAppTestsAAC17testTaskFilteringyyKFSbyKXEfu_
FNDA:0,$s15PlannerAppTestsAAC17testTaskFilteringyyKFSSyXEfu0_
FNDA:1,$s15PlannerAppTestsAAC21testAdvancedFilteringyyKF
FNDA:1,$s15PlannerAppTestsAAC21testAdvancedFilteringyyKFSbyKXEfu_
FNDA:0,$s15PlannerAppTestsAAC21testAdvancedFilteringyyKFSSyXEfu0_
FNDA:1,$s15PlannerAppTestsAAC19testDataPersistenceyyKF
FNDA:1,$s15PlannerAppTestsAAC19testDataPersistenceyyKFSSSgyKXEfu_
FNDA:1,$s15PlannerAppTestsAAC19testDataPersistenceyyKFSSSgyKXEfu0_
FNDA:1,$s15PlannerAppTestsAAC19testDataPersistenceyyKFSSSgyKXEfu1_
FNDA:1,$s15PlannerAppTestsAAC19testDataPersistenceyyKFSSSgyKXEfu2_
FNDA:1,$s15PlannerAppTestsAAC19testDataPersistenceyyKFSiyKXEfu3_
FNDA:1,$s15PlannerAppTestsAAC19testDataPersistenceyyKFSiyKXEfu4_
FNDA:1,$s15PlannerAppTestsAAC17testDataMigrationyyKF
FNDA:1,$s15PlannerAppTestsAAC17testDataMigrationyyKFSSSgyKXEfu_
FNDA:1,$s15PlannerAppTestsAAC17testDataMigrationyyKFSSSgyKXEfu0_
FNDA:1,$s15PlannerAppTestsAAC17testDataMigrationyyKFSSSgyKXEfu1_
FNDA:1,$s15PlannerAppTestsAAC17testDataMigrationyyKFSSSgyKXEfu2_
FNDA:1,$s15PlannerAppTestsAAC17testDataMigrationyyKFSbyKXEfu3_
FNDA:1,$s15PlannerAppTestsAAC24testDataBackupAndRestoreyyKF
FNDA:1,$s15PlannerAppTestsAAC24testDataBackupAndRestoreyyKFSbyKXEfu_
FNDA:0,$s15PlannerAppTestsAAC24testDataBackupAndRestoreyyKFSSyXEfu0_
FNDA:1,$s15PlannerAppTestsAAC27testTaskCreationPerformanceyyKF
FNDA:100,$s15PlannerAppTestsAAC27testTaskCreationPerformanceyyKFSiSgyKXEfu_
FNDA:100,$s15PlannerAppTestsAAC27testTaskCreationPerformanceyyKFSiSgyKXEfu0_
FNDA:1,$s15PlannerAppTestsAAC27testTaskCreationPerformanceyyKFSdyKXEfu1_
FNDA:1,$s15PlannerAppTestsAAC27testTaskCreationPerformanceyyKFSdyKXEfu2_
FNDA:0,$s15PlannerAppTestsAAC27testTaskCreationPerformanceyyKFSSyXEfu3_
FNDA:1,$s15PlannerAppTestsAAC21testSearchPerformanceyyKF
FNDA:1000,$s15PlannerAppTestsAAC21testSearchPerformanceyyKFSbyKXEfu_
FNDA:1,$s15PlannerAppTestsAAC21testSearchPerformanceyyKFSdyKXEfu0_
FNDA:1,$s15PlannerAppTestsAAC21testSearchPerformanceyyKFSdyKXEfu1_
FNDA:0,$s15PlannerAppTestsAAC21testSearchPerformanceyyKFSSyXEfu2_
FNDA:1,$s15PlannerAppTestsAAC29testBulkOperationsPerformanceyyKF
FNDA:500,$s15PlannerAppTestsAAC29testBulkOperationsPerformanceyyKFSbSDySSypGXEfU_
FNDA:1,$s15PlannerAppTestsAAC29testBulkOperationsPerformanceyyKFSdyKXEfu_
FNDA:1,$s15PlannerAppTestsAAC29testBulkOperationsPerformanceyyKFSdyKXEfu0_
FNDA:0,$s15PlannerAppTestsAAC29testBulkOperationsPerformanceyyKFSSyXEfu1_
FNDA:1,$s15PlannerAppTestsAAC29testBulkOperationsPerformanceyyKFSiyKXEfu2_
FNDA:1,$s15PlannerAppTestsAAC29testBulkOperationsPerformanceyyKFSiyKXEfu3_
FNDA:1,$s15PlannerAppTestsAAC25testTaskDisplayFormattingyyKF
FNDA:1,$s15PlannerAppTestsAAC25testTaskDisplayFormattingyyKFSSyKXEfu_
FNDA:1,$s15PlannerAppTestsAAC25testTaskDisplayFormattingyyKFSSyKXEfu0_
FNDA:1,$s15PlannerAppTestsAAC25testTaskDisplayFormattingyyKFSbyKXEfu1_
FNDA:1,$s15PlannerAppTestsAAC25testDateDisplayFormattingyyKF
FNDA:1,$s15PlannerAppTestsAAC25testDateDisplayFormattingyyKFSbyKXEfu_
FNDA:1,$s15PlannerAppTestsAAC25testDateDisplayFormattingyyKFSbyKXEfu0_
FNDA:1,$s15PlannerAppTestsAAC24testPriorityColorMappingyyKF
FNDA:1,$s15PlannerAppTestsAAC24testPriorityColorMappingyyKFSbyKXEfu_
FNDA:0,$s15PlannerAppTestsAAC24testPriorityColorMappingyyKFSSyXEfu0_
FNDA:1,$s15PlannerAppTestsAAC26testTaskProjectIntegrationyyKF
FNDA:1,$s15PlannerAppTestsAAC26testTaskProjectIntegrationyyKFSbyKXEfu_
FNDA:0,$s15PlannerAppTestsAAC26testTaskProjectIntegrationyyKFSSyXEfu0_
FNDA:1,$s15PlannerAppTestsAAC27testCategoryTaskIntegrationyyKF
FNDA:1,$s15PlannerAppTestsAAC27testCategoryTaskIntegrationyyKFSbyKXEfu_
FNDA:0,$s15PlannerAppTestsAAC27testCategoryTaskIntegrationyyKFSSyXEfu0_
FNDA:1,$s15PlannerAppTestsAAC27testFullWorkflowIntegrationyyKF
FNDA:1,$s15PlannerAppTestsAAC27testFullWorkflowIntegrationyyKFSbyKXEfu_
FNDA:0,$s15PlannerAppTestsAAC27testFullWorkflowIntegrationyyKFSSyXEfu0_
FNDA:1,$s15PlannerAppTestsAAC35testDataExportServiceInitializationyyKF
FNDA:1,$s15PlannerAppTestsAAC35testDataExportServiceInitializationyyKFSbyKXEfu_
FNDA:0,$s15PlannerAppTestsAAC35testDataExportServiceInitializationyyKFSSyXEfu0_
FNDA:1,$s15PlannerAppTestsAAC14testDataExportyyKF
FNDA:1,$s15PlannerAppTestsAAC14testDataExportyyKFSbyKXEfu_
FNDA:0,$s15PlannerAppTestsAAC14testDataExportyyKFSSyXEfu0_
FNDA:1,$s15PlannerAppTestsAAC17testExportFormatsyyKF
FNDA:1,$s15PlannerAppTestsAAC17testExportFormatsyyKFSbyKXEfu_
FNDA:0,$s15PlannerAppTestsAAC17testExportFormatsyyKFSSyXEfu0_
FNDA:1,$s15PlannerAppTestsAAC29testContentViewInitializationyyKF
FNDA:1,$s15PlannerAppTestsAAC29testContentViewInitializationyyKFSbyKXEfu_
FNDA:0,$s15PlannerAppTestsAAC29testContentViewInitializationyyKFSSyXEfu0_
FNDA:1,$s15PlannerAppTestsAAC26testContentViewDataBindingyyKF
FNDA:1,$s15PlannerAppTestsAAC26testContentViewDataBindingyyKFSbyKXEfu_
FNDA:0,$s15PlannerAppTestsAAC26testContentViewDataBindingyyKFSSyXEfu0_
FNDA:1,$s15PlannerAppTestsAAC23testEmptyTaskValidationyyKF
FNDA:1,$s15PlannerAppTestsAAC23testEmptyTaskValidationyyKFSbyKXEfu_
FNDA:1,$s15PlannerAppTestsAAC23testEmptyTaskValidationyyKFSbyKXEfu0_
FNDA:1,$s15PlannerAppTestsAAC23testInvalidDateHandlingyyKF
FNDA:1,$s15PlannerAppTestsAAC23testInvalidDateHandlingyyKF10Foundation0F0VyKXEfu_
FNDA:1,$s15PlannerAppTestsAAC23testInvalidDateHandlingyyKF10Foundation0F0VyKXEfu0_
FNDA:1,$s15PlannerAppTestsAAC17testLargeDataSetsyyKF
FNDA:10000,$s15PlannerAppTestsAAC17testLargeDataSetsyyKFSbSiXEfU_
FNDA:1,$s15PlannerAppTestsAAC17testLargeDataSetsyyKFSiyKXEfu_
FNDA:1,$s15PlannerAppTestsAAC17testLargeDataSetsyyKFSiyKXEfu0_
FNDA:1,$s15PlannerAppTestsAAC17testLargeDataSetsyyKFSiyKXEfu1_
FNDA:1,$s15PlannerAppTestsAAC17testLargeDataSetsyyKFSiyKXEfu2_
FNDA:1,$s15PlannerAppTestsAAC20testConcurrentAccessyyKF
FNDA:1,$s15PlannerAppTestsAAC20testConcurrentAccessyyKFyyYbcfU_
FNDA:1,$s15PlannerAppTestsAAC20testConcurrentAccessyyKFyyYbcfU_SSSgyKXEfu_
FNDA:1,$s15PlannerAppTestsAAC20testConcurrentAccessyyKFyyYbcfU_SSSgyKXEfu0_
FNF:301
FNH:175
DA:22,51
DA:23,51
DA:24,51
DA:25,51
DA:26,51
DA:27,51
DA:28,51
DA:29,51
DA:30,51
DA:31,51
DA:32,51
DA:33,51
DA:34,51
DA:35,51
DA:36,51
DA:37,51
DA:38,51
DA:39,2
DA:40,2
DA:41,2
DA:42,2
DA:43,51
DA:45,36
DA:46,36
DA:47,36
DA:48,0
DA:49,0
DA:50,0
DA:51,0
DA:52,36
DA:53,36
DA:54,36
DA:55,36
DA:60,1
DA:61,1
DA:62,1
DA:63,1
DA:64,1
DA:65,1
DA:66,1
DA:67,1
DA:68,1
DA:71,1
DA:72,1
DA:73,1
DA:74,1
DA:75,1
DA:76,1
DA:77,1
DA:78,1
DA:79,1
DA:80,1
DA:83,1
DA:84,1
DA:85,1
DA:86,1
DA:87,1
DA:88,1
DA:89,1
DA:92,1
DA:93,1
DA:94,1
DA:95,1
DA:96,1
DA:97,1
DA:98,1
DA:99,1
DA:100,1
DA:101,1
DA:102,1
DA:105,1
DA:106,1
DA:107,1
DA:108,1
DA:109,1
DA:110,1
DA:111,1
DA:112,1
DA:117,1
DA:118,1
DA:119,1
DA:120,1
DA:121,1
DA:122,1
DA:123,1
DA:124,1
DA:125,1
DA:126,1
DA:127,1
DA:128,1
DA:129,1
DA:130,1
DA:131,1
DA:132,1
DA:133,1
DA:134,1
DA:135,1
DA:136,1
DA:137,1
DA:138,1
DA:139,1
DA:140,1
DA:141,1
DA:142,1
DA:143,1
DA:144,1
DA:147,1
DA:148,1
DA:149,1
DA:150,1
DA:151,1
DA:152,1
DA:153,1
DA:154,1
DA:155,1
DA:156,1
DA:157,1
DA:158,1
DA:159,1
DA:160,1
DA:161,1
DA:162,1
DA:165,1
DA:166,1
DA:167,1
DA:168,1
DA:169,1
DA:170,1
DA:171,1
DA:172,1
DA:173,1
DA:174,1
DA:175,1
DA:176,1
DA:177,1
DA:178,1
DA:179,1
DA:180,1
DA:181,1
DA:182,1
DA:183,1
DA:184,1
DA:185,1
DA:186,1
DA:189,1
DA:190,1
DA:191,1
DA:192,1
DA:193,1
DA:194,1
DA:195,1
DA:196,1
DA:197,1
DA:198,1
DA:199,1
DA:200,1
DA:201,1
DA:202,1
DA:205,1
DA:206,1
DA:207,1
DA:208,1
DA:209,1
DA:210,1
DA:211,1
DA:212,1
DA:213,1
DA:214,1
DA:215,1
DA:216,1
DA:217,1
DA:218,1
DA:219,1
DA:222,1
DA:223,1
DA:224,1
DA:225,1
DA:226,1
DA:227,1
DA:228,1
DA:229,1
DA:230,1
DA:231,1
DA:232,1
DA:233,1
DA:234,1
DA:235,1
DA:236,1
DA:237,1
DA:240,1
DA:241,1
DA:242,1
DA:243,1
DA:244,1
DA:245,1
DA:246,1
DA:247,1
DA:248,1
DA:249,1
DA:250,1
DA:251,1
DA:252,1
DA:253,1
DA:254,1
DA:255,1
DA:256,1
DA:259,1
DA:260,1
DA:261,1
DA:262,1
DA:263,1
DA:264,1
DA:265,1
DA:266,1
DA:267,1
DA:268,1
DA:269,1
DA:270,1
DA:271,1
DA:272,1
DA:273,1
DA:274,1
DA:275,1
DA:276,1
DA:277,1
DA:280,1
DA:281,1
DA:282,1
DA:283,1
DA:284,1
DA:285,1
DA:286,1
DA:287,1
DA:288,1
DA:289,1
DA:290,1
DA:291,1
DA:292,1
DA:293,1
DA:294,1
DA:297,1
DA:298,1
DA:299,1
DA:300,1
DA:301,1
DA:302,1
DA:303,1
DA:304,1
DA:305,1
DA:306,1
DA:307,1
DA:308,1
DA:309,1
DA:310,1
DA:311,1
DA:312,1
DA:313,1
DA:314,1
DA:315,1
DA:316,1
DA:317,1
DA:318,1
DA:319,1
DA:320,1
DA:321,1
DA:322,1
DA:323,1
DA:324,0
DA:325,0
DA:326,0
DA:327,0
DA:328,0
DA:329,0
DA:330,1
DA:331,1
DA:332,1
DA:333,1
DA:334,1
DA:335,1
DA:336,1
DA:337,1
DA:342,1
DA:343,1
DA:344,1
DA:345,1
DA:346,1
DA:347,1
DA:348,1
DA:349,1
DA:350,1
DA:353,1
DA:354,1
DA:355,1
DA:356,1
DA:357,1
DA:358,1
DA:359,1
DA:360,1
DA:361,1
DA:362,1
DA:363,1
DA:364,1
DA:365,1
DA:366,1
DA:367,1
DA:368,1
DA:369,1
DA:370,1
DA:371,1
DA:372,1
DA:373,1
DA:374,1
DA:375,1
DA:376,1
DA:377,1
DA:380,0
DA:381,0
DA:382,0
DA:383,0
DA:384,0
DA:385,0
DA:386,0
DA:387,0
DA:388,0
DA:389,0
DA:390,0
DA:391,0
DA:392,0
DA:393,0
DA:394,0
DA:395,0
DA:396,0
DA:397,0
DA:400,1
DA:401,1
DA:402,1
DA:403,1
DA:404,1
DA:405,1
DA:406,1
DA:407,1
DA:408,1
DA:409,1
DA:410,1
DA:411,1
DA:412,1
DA:413,1
DA:414,1
DA:415,1
DA:416,1
DA:417,1
DA:418,1
DA:419,1
DA:420,1
DA:421,1
DA:424,1
DA:425,1
DA:426,1
DA:427,1
DA:428,1
DA:429,1
DA:430,1
DA:431,1
DA:432,1
DA:433,0
DA:434,0
DA:435,1
DA:436,1
DA:437,1
DA:438,1
DA:439,1
DA:440,1
DA:441,1
DA:442,1
DA:443,1
DA:444,1
DA:449,1
DA:450,1
DA:451,1
DA:452,1
DA:453,1
DA:454,1
DA:455,1
DA:456,1
DA:457,1
DA:458,1
DA:459,1
DA:462,1
DA:463,1
DA:464,1
DA:465,1
DA:466,1
DA:467,1
DA:468,1
DA:469,1
DA:474,1
DA:475,1
DA:476,1
DA:477,1
DA:478,1
DA:479,1
DA:480,1
DA:481,1
DA:486,1
DA:487,1
DA:488,1
DA:489,1
DA:490,1
DA:491,1
DA:492,1
DA:493,1
DA:494,1
DA:495,1
DA:496,1
DA:497,1
DA:498,1
DA:499,1
DA:500,1
DA:501,1
DA:502,1
DA:503,1
DA:504,1
DA:505,1
DA:506,1
DA:507,1
DA:508,1
DA:509,1
DA:510,1
DA:511,1
DA:512,1
DA:513,1
DA:518,1
DA:519,1
DA:520,1
DA:521,1
DA:522,1
DA:523,1
DA:524,1
DA:525,1
DA:526,1
DA:529,1
DA:530,1
DA:531,1
DA:532,1
DA:533,1
DA:534,1
DA:535,1
DA:536,1
DA:539,1
DA:540,1
DA:541,1
DA:542,1
DA:543,1
DA:544,1
DA:545,1
DA:546,1
DA:547,1
DA:548,1
DA:553,1
DA:554,1
DA:555,1
DA:556,1
DA:557,1
DA:558,1
DA:559,1
DA:562,1
DA:563,1
DA:564,1
DA:565,1
DA:566,1
DA:567,1
DA:568,1
DA:569,1
DA:570,1
DA:571,1
DA:574,1
DA:575,1
DA:576,1
DA:577,1
DA:578,1
DA:579,1
DA:580,1
DA:581,1
DA:582,1
DA:583,1
DA:584,1
DA:585,1
DA:590,1
DA:591,1
DA:592,1
DA:593,1
DA:594,1
DA:595,1
DA:596,1
DA:597,1
DA:600,1
DA:601,1
DA:602,1
DA:603,1
DA:604,1
DA:605,1
DA:606,1
DA:607,1
DA:608,1
DA:611,1
DA:612,1
DA:613,1
DA:614,1
DA:615,1
DA:616,1
DA:617,1
DA:618,1
DA:619,1
DA:620,1
DA:621,1
DA:622,1
DA:623,1
DA:628,1
DA:629,1
DA:630,1
DA:631,1
DA:632,1
DA:633,100
DA:634,100
DA:635,100
DA:636,100
DA:637,1
DA:638,1
DA:639,1
DA:640,1
DA:641,1
DA:642,1
DA:645,1
DA:646,1
DA:647,1
DA:648,1
DA:649,1
DA:650,1000
DA:651,1000
DA:652,1000
DA:653,1000
DA:654,1
DA:655,1
DA:656,1
DA:657,1
DA:658,1
DA:659,1
DA:662,1
DA:663,1
DA:664,1
DA:665,1
DA:666,1
DA:667,1
DA:668,500
DA:669,500
DA:670,500
DA:671,500
DA:672,1
DA:673,500
DA:674,1
DA:675,1
DA:676,1
DA:677,1
DA:678,1
DA:679,1
DA:684,1
DA:685,1
DA:686,1
DA:687,1
DA:688,1
DA:689,1
DA:690,1
DA:691,1
DA:694,1
DA:695,1
DA:696,1
DA:697,1
DA:698,1
DA:699,1
DA:700,1
DA:701,1
DA:704,1
DA:705,1
DA:706,1
DA:707,1
DA:708,1
DA:709,1
DA:710,1
DA:711,1
DA:712,1
DA:713,1
DA:714,1
DA:719,1
DA:720,1
DA:721,1
DA:722,1
DA:723,1
DA:724,1
DA:725,1
DA:726,1
DA:727,1
DA:728,1
DA:729,1
DA:730,1
DA:733,1
DA:734,1
DA:735,1
DA:736,1
DA:737,1
DA:738,1
DA:739,1
DA:740,1
DA:741,1
DA:742,1
DA:743,1
DA:744,1
DA:747,1
DA:748,1
DA:749,1
DA:750,1
DA:751,1
DA:752,1
DA:753,1
DA:754,1
DA:755,1
DA:756,1
DA:757,1
DA:758,1
DA:759,1
DA:760,1
DA:761,1
DA:762,1
DA:763,1
DA:764,1
DA:765,1
DA:766,1
DA:771,1
DA:772,1
DA:773,1
DA:774,1
DA:775,1
DA:776,1
DA:777,1
DA:778,1
DA:781,1
DA:782,1
DA:783,1
DA:784,1
DA:785,1
DA:786,1
DA:787,1
DA:788,1
DA:789,1
DA:790,1
DA:791,1
DA:792,1
DA:793,1
DA:794,1
DA:797,1
DA:798,1
DA:799,1
DA:800,1
DA:801,1
DA:802,1
DA:803,1
DA:804,1
DA:805,1
DA:806,1
DA:807,1
DA:808,1
DA:809,1
DA:810,1
DA:811,1
DA:812,1
DA:817,1
DA:818,1
DA:819,1
DA:820,1
DA:821,1
DA:822,1
DA:823,1
DA:824,1
DA:827,1
DA:828,1
DA:829,1
DA:830,1
DA:831,1
DA:832,1
DA:833,1
DA:834,1
DA:835,1
DA:836,1
DA:837,1
DA:842,1
DA:843,1
DA:844,1
DA:845,1
DA:846,1
DA:847,1
DA:848,1
DA:849,1
DA:852,1
DA:853,1
DA:854,1
DA:855,1
DA:856,1
DA:857,1
DA:860,1
DA:861,1
DA:862,1
DA:863,10000
DA:864,1
DA:865,1
DA:866,1
DA:867,1
DA:870,1
DA:871,1
DA:872,1
DA:873,1
DA:874,1
DA:875,1
DA:876,1
DA:877,1
DA:878,1
DA:879,1
DA:880,1
DA:881,1
DA:882,1
DA:883,1
BRF:0
BRH:0
LF:996
LH:841
end_of_record
SF:/Users/danielstevens/Desktop/Quantum-workspace/Projects/PlannerApp/PlannerAppTests/SimpleTest.swift
FN:12,$s15PlannerAppTests10SimpleTestC04testD0yyF
FN:13,$s15PlannerAppTests10SimpleTestC04testD0yyFSiyKXEfu_
FN:13,$s15PlannerAppTests10SimpleTestC04testD0yyFSiyKXEfu0_
FNDA:1,$s15PlannerAppTests10SimpleTestC04testD0yyF
FNDA:1,$s15PlannerAppTests10SimpleTestC04testD0yyFSiyKXEfu_
FNDA:1,$s15PlannerAppTests10SimpleTestC04testD0yyFSiyKXEfu0_
FNF:3
FNH:3
DA:12,1
DA:13,1
DA:14,1
BRF:0
BRH:0
LF:5
LH:5
end_of_record
