Command line invocation:
    /Applications/Xcode-beta.app/Contents/Developer/usr/bin/xcodebuild -project MomentumFinance.xcodeproj -scheme MomentumFinance -destination platform=macOS clean build

--- xcodebuild: WARNING: Using the first of multiple matching destinations:
{ platform:macOS, arch:arm64, id:00006000-001649660AE2801E, name:My Mac }
{ platform:macOS, arch:x86_64, id:00006000-001649660AE2801E, name:My Mac }
CreateBuildRequest

SendProjectDescription

CreateBuildOperation

** CLEAN SUCCEEDED **

--- xcodebuild: WARNING: Using the first of multiple matching destinations:
{ platform:macOS, arch:arm64, id:00006000-001649660AE2801E, name:My Mac }
{ platform:macOS, arch:x86_64, id:00006000-001649660AE2801E, name:My Mac }
ComputePackagePrebuildTargetDependencyGraph

Prepare packages

CreateBuildRequest

SendProjectDescription

CreateBuildOperation

ComputeTargetDependencyGraph
note: Building targets in dependency order
note: Target dependency graph (2 targets)
    Target 'MomentumFinance' in project 'MomentumFinance'
        âžœ Explicit dependency on target 'MomentumFinanceCore' in project 'MomentumFinance'
    Target 'MomentumFinanceCore' in project 'MomentumFinance' (no dependencies)

GatherProvisioningInputs

CreateBuildDescription

ExecuteExternalTool /Applications/Xcode-beta.app/Contents/Developer/Toolchains/XcodeDefault.xctoolchain/usr/bin/clang -v -E -dM -isysroot /Applications/Xcode-beta.app/Contents/Developer/Platforms/MacOSX.platform/Developer/SDKs/MacOSX26.2.sdk -x c -c /dev/null

ExecuteExternalTool /Applications/Xcode-beta.app/Contents/Developer/Toolchains/XcodeDefault.xctoolchain/usr/bin/swiftc --version

ExecuteExternalTool /Applications/Xcode-beta.app/Contents/Developer/usr/bin/actool --version --output-format xml1

ExecuteExternalTool /Applications/Xcode-beta.app/Contents/Developer/Toolchains/XcodeDefault.xctoolchain/usr/bin/libtool -V

ExecuteExternalTool /Applications/Xcode-beta.app/Contents/Developer/Toolchains/XcodeDefault.xctoolchain/usr/bin/ld -version_details

Build description signature: f43fa103f59ed334aca2f1882fdff3d0
Build description path: /Users/danielstevens/Library/Developer/Xcode/DerivedData/MomentumFinance-eyokbxaaqtnuhkdigvcnogoazegu/Build/Intermediates.noindex/XCBuildData/f43fa103f59ed334aca2f1882fdff3d0.xcbuilddata
ClangStatCache /Applications/Xcode-beta.app/Contents/Developer/Toolchains/XcodeDefault.xctoolchain/usr/bin/clang-stat-cache /Applications/Xcode-beta.app/Contents/Developer/Platforms/MacOSX.platform/Developer/SDKs/MacOSX26.2.sdk /Users/danielstevens/Library/Developer/Xcode/DerivedData/SDKStatCaches.noindex/macosx26.2-25C5031g-28ca432d5676da3146507086b13d17f8.sdkstatcache
    cd /Users/danielstevens/Desktop/github-projects/tools-automation/MomentumFinance/MomentumFinance.xcodeproj
    /Applications/Xcode-beta.app/Contents/Developer/Toolchains/XcodeDefault.xctoolchain/usr/bin/clang-stat-cache /Applications/Xcode-beta.app/Contents/Developer/Platforms/MacOSX.platform/Developer/SDKs/MacOSX26.2.sdk -o /Users/danielstevens/Library/Developer/Xcode/DerivedData/SDKStatCaches.noindex/macosx26.2-25C5031g-28ca432d5676da3146507086b13d17f8.sdkstatcache

CreateBuildDirectory /Users/danielstevens/Library/Developer/Xcode/DerivedData/MomentumFinance-eyokbxaaqtnuhkdigvcnogoazegu/Build/Intermediates.noindex
    cd /Users/danielstevens/Desktop/github-projects/tools-automation/MomentumFinance/MomentumFinance.xcodeproj
    builtin-create-build-directory /Users/danielstevens/Library/Developer/Xcode/DerivedData/MomentumFinance-eyokbxaaqtnuhkdigvcnogoazegu/Build/Intermediates.noindex

CreateBuildDirectory /Users/danielstevens/Library/Developer/Xcode/DerivedData/MomentumFinance-eyokbxaaqtnuhkdigvcnogoazegu/Build/Products
    cd /Users/danielstevens/Desktop/github-projects/tools-automation/MomentumFinance/MomentumFinance.xcodeproj
    builtin-create-build-directory /Users/danielstevens/Library/Developer/Xcode/DerivedData/MomentumFinance-eyokbxaaqtnuhkdigvcnogoazegu/Build/Products

CreateBuildDirectory /Users/danielstevens/Library/Developer/Xcode/DerivedData/MomentumFinance-eyokbxaaqtnuhkdigvcnogoazegu/Build/Intermediates.noindex/SwiftExplicitPrecompiledModules
    cd /Users/danielstevens/Desktop/github-projects/tools-automation/MomentumFinance/MomentumFinance.xcodeproj
    builtin-create-build-directory /Users/danielstevens/Library/Developer/Xcode/DerivedData/MomentumFinance-eyokbxaaqtnuhkdigvcnogoazegu/Build/Intermediates.noindex/SwiftExplicitPrecompiledModules

CreateBuildDirectory /Users/danielstevens/Library/Developer/Xcode/DerivedData/MomentumFinance-eyokbxaaqtnuhkdigvcnogoazegu/Build/Intermediates.noindex/ExplicitPrecompiledModules
    cd /Users/danielstevens/Desktop/github-projects/tools-automation/MomentumFinance/MomentumFinance.xcodeproj
    builtin-create-build-directory /Users/danielstevens/Library/Developer/Xcode/DerivedData/MomentumFinance-eyokbxaaqtnuhkdigvcnogoazegu/Build/Intermediates.noindex/ExplicitPrecompiledModules

CreateBuildDirectory /Users/danielstevens/Library/Developer/Xcode/DerivedData/MomentumFinance-eyokbxaaqtnuhkdigvcnogoazegu/Build/Intermediates.noindex/EagerLinkingTBDs/Debug
    cd /Users/danielstevens/Desktop/github-projects/tools-automation/MomentumFinance/MomentumFinance.xcodeproj
    builtin-create-build-directory /Users/danielstevens/Library/Developer/Xcode/DerivedData/MomentumFinance-eyokbxaaqtnuhkdigvcnogoazegu/Build/Intermediates.noindex/EagerLinkingTBDs/Debug

WriteAuxiliaryFile /Users/danielstevens/Library/Developer/Xcode/DerivedData/MomentumFinance-eyokbxaaqtnuhkdigvcnogoazegu/Build/Intermediates.noindex/MomentumFinance.build/Debug/MomentumFinance-a3a91662bc048d87641d9fdb414e25bb-VFS/all-product-headers.yaml
    cd /Users/danielstevens/Desktop/github-projects/tools-automation/MomentumFinance/MomentumFinance.xcodeproj
    write-file /Users/danielstevens/Library/Developer/Xcode/DerivedData/MomentumFinance-eyokbxaaqtnuhkdigvcnogoazegu/Build/Intermediates.noindex/MomentumFinance.build/Debug/MomentumFinance-a3a91662bc048d87641d9fdb414e25bb-VFS/all-product-headers.yaml

CreateBuildDirectory /Users/danielstevens/Library/Developer/Xcode/DerivedData/MomentumFinance-eyokbxaaqtnuhkdigvcnogoazegu/Build/Products/Debug
    cd /Users/danielstevens/Desktop/github-projects/tools-automation/MomentumFinance/MomentumFinance.xcodeproj
    builtin-create-build-directory /Users/danielstevens/Library/Developer/Xcode/DerivedData/MomentumFinance-eyokbxaaqtnuhkdigvcnogoazegu/Build/Products/Debug

WriteAuxiliaryFile /Users/danielstevens/Library/Developer/Xcode/DerivedData/MomentumFinance-eyokbxaaqtnuhkdigvcnogoazegu/Build/Intermediates.noindex/MomentumFinance.build/Debug/MomentumFinanceCore.build/empty-MomentumFinanceCore.plist (in target 'MomentumFinanceCore' from project 'MomentumFinance')
    cd /Users/danielstevens/Desktop/github-projects/tools-automation/MomentumFinance
    write-file /Users/danielstevens/Library/Developer/Xcode/DerivedData/MomentumFinance-eyokbxaaqtnuhkdigvcnogoazegu/Build/Intermediates.noindex/MomentumFinance.build/Debug/MomentumFinanceCore.build/empty-MomentumFinanceCore.plist

WriteAuxiliaryFile /Users/danielstevens/Library/Developer/Xcode/DerivedData/MomentumFinance-eyokbxaaqtnuhkdigvcnogoazegu/Build/Intermediates.noindex/MomentumFinance.build/Debug/MomentumFinanceCore.build/MomentumFinanceCore.hmap (in target 'MomentumFinanceCore' from project 'MomentumFinance')
    cd /Users/danielstevens/Desktop/github-projects/tools-automation/MomentumFinance
    write-file /Users/danielstevens/Library/Developer/Xcode/DerivedData/MomentumFinance-eyokbxaaqtnuhkdigvcnogoazegu/Build/Intermediates.noindex/MomentumFinance.build/Debug/MomentumFinanceCore.build/MomentumFinanceCore.hmap

WriteAuxiliaryFile /Users/danielstevens/Library/Developer/Xcode/DerivedData/MomentumFinance-eyokbxaaqtnuhkdigvcnogoazegu/Build/Intermediates.noindex/MomentumFinance.build/Debug/MomentumFinanceCore.build/MomentumFinanceCore-project-headers.hmap (in target 'MomentumFinanceCore' from project 'MomentumFinance')
    cd /Users/danielstevens/Desktop/github-projects/tools-automation/MomentumFinance
    write-file /Users/danielstevens/Library/Developer/Xcode/DerivedData/MomentumFinance-eyokbxaaqtnuhkdigvcnogoazegu/Build/Intermediates.noindex/MomentumFinance.build/Debug/MomentumFinanceCore.build/MomentumFinanceCore-project-headers.hmap

WriteAuxiliaryFile /Users/danielstevens/Library/Developer/Xcode/DerivedData/MomentumFinance-eyokbxaaqtnuhkdigvcnogoazegu/Build/Intermediates.noindex/MomentumFinance.build/Debug/MomentumFinanceCore.build/MomentumFinanceCore-all-non-framework-target-headers.hmap (in target 'MomentumFinanceCore' from project 'MomentumFinance')
    cd /Users/danielstevens/Desktop/github-projects/tools-automation/MomentumFinance
    write-file /Users/danielstevens/Library/Developer/Xcode/DerivedData/MomentumFinance-eyokbxaaqtnuhkdigvcnogoazegu/Build/Intermediates.noindex/MomentumFinance.build/Debug/MomentumFinanceCore.build/MomentumFinanceCore-all-non-framework-target-headers.hmap

WriteAuxiliaryFile /Users/danielstevens/Library/Developer/Xcode/DerivedData/MomentumFinance-eyokbxaaqtnuhkdigvcnogoazegu/Build/Intermediates.noindex/MomentumFinance.build/Debug/MomentumFinanceCore.build/MomentumFinanceCore-all-target-headers.hmap (in target 'MomentumFinanceCore' from project 'MomentumFinance')
    cd /Users/danielstevens/Desktop/github-projects/tools-automation/MomentumFinance
    write-file /Users/danielstevens/Library/Developer/Xcode/DerivedData/MomentumFinance-eyokbxaaqtnuhkdigvcnogoazegu/Build/Intermediates.noindex/MomentumFinance.build/Debug/MomentumFinanceCore.build/MomentumFinanceCore-all-target-headers.hmap

SymLink /Users/danielstevens/Library/Developer/Xcode/DerivedData/MomentumFinance-eyokbxaaqtnuhkdigvcnogoazegu/Build/Products/Debug/MomentumFinanceCore.framework/MomentumFinanceCore Versions/Current/MomentumFinanceCore (in target 'MomentumFinanceCore' from project 'MomentumFinance')
    cd /Users/danielstevens/Desktop/github-projects/tools-automation/MomentumFinance
    /bin/ln -sfh Versions/Current/MomentumFinanceCore /Users/danielstevens/Library/Developer/Xcode/DerivedData/MomentumFinance-eyokbxaaqtnuhkdigvcnogoazegu/Build/Products/Debug/MomentumFinanceCore.framework/MomentumFinanceCore

SymLink /Users/danielstevens/Library/Developer/Xcode/DerivedData/MomentumFinance-eyokbxaaqtnuhkdigvcnogoazegu/Build/Products/Debug/MomentumFinanceCore.framework/Resources Versions/Current/Resources (in target 'MomentumFinanceCore' from project 'MomentumFinance')
    cd /Users/danielstevens/Desktop/github-projects/tools-automation/MomentumFinance
    /bin/ln -sfh Versions/Current/Resources /Users/danielstevens/Library/Developer/Xcode/DerivedData/MomentumFinance-eyokbxaaqtnuhkdigvcnogoazegu/Build/Products/Debug/MomentumFinanceCore.framework/Resources

SymLink /Users/danielstevens/Library/Developer/Xcode/DerivedData/MomentumFinance-eyokbxaaqtnuhkdigvcnogoazegu/Build/Products/Debug/MomentumFinanceCore.framework/Modules Versions/Current/Modules (in target 'MomentumFinanceCore' from project 'MomentumFinance')
    cd /Users/danielstevens/Desktop/github-projects/tools-automation/MomentumFinance
    /bin/ln -sfh Versions/Current/Modules /Users/danielstevens/Library/Developer/Xcode/DerivedData/MomentumFinance-eyokbxaaqtnuhkdigvcnogoazegu/Build/Products/Debug/MomentumFinanceCore.framework/Modules

SymLink /Users/danielstevens/Library/Developer/Xcode/DerivedData/MomentumFinance-eyokbxaaqtnuhkdigvcnogoazegu/Build/Products/Debug/MomentumFinanceCore.framework/Versions/Current A (in target 'MomentumFinanceCore' from project 'MomentumFinance')
    cd /Users/danielstevens/Desktop/github-projects/tools-automation/MomentumFinance
    /bin/ln -sfh A /Users/danielstevens/Library/Developer/Xcode/DerivedData/MomentumFinance-eyokbxaaqtnuhkdigvcnogoazegu/Build/Products/Debug/MomentumFinanceCore.framework/Versions/Current

WriteAuxiliaryFile /Users/danielstevens/Library/Developer/Xcode/DerivedData/MomentumFinance-eyokbxaaqtnuhkdigvcnogoazegu/Build/Intermediates.noindex/MomentumFinance.build/Debug/MomentumFinanceCore.build/Objects-normal/arm64/MomentumFinanceCore.SwiftFileList (in target 'MomentumFinanceCore' from project 'MomentumFinance')
    cd /Users/danielstevens/Desktop/github-projects/tools-automation/MomentumFinance
    write-file /Users/danielstevens/Library/Developer/Xcode/DerivedData/MomentumFinance-eyokbxaaqtnuhkdigvcnogoazegu/Build/Intermediates.noindex/MomentumFinance.build/Debug/MomentumFinanceCore.build/Objects-normal/arm64/MomentumFinanceCore.SwiftFileList

WriteAuxiliaryFile /Users/danielstevens/Library/Developer/Xcode/DerivedData/MomentumFinance-eyokbxaaqtnuhkdigvcnogoazegu/Build/Intermediates.noindex/MomentumFinance.build/Debug/MomentumFinanceCore.build/Objects-normal/arm64/MomentumFinanceCore.LinkFileList (in target 'MomentumFinanceCore' from project 'MomentumFinance')
    cd /Users/danielstevens/Desktop/github-projects/tools-automation/MomentumFinance
    write-file /Users/danielstevens/Library/Developer/Xcode/DerivedData/MomentumFinance-eyokbxaaqtnuhkdigvcnogoazegu/Build/Intermediates.noindex/MomentumFinance.build/Debug/MomentumFinanceCore.build/Objects-normal/arm64/MomentumFinanceCore.LinkFileList

WriteAuxiliaryFile /Users/danielstevens/Library/Developer/Xcode/DerivedData/MomentumFinance-eyokbxaaqtnuhkdigvcnogoazegu/Build/Intermediates.noindex/MomentumFinance.build/Debug/MomentumFinanceCore.build/Objects-normal/arm64/MomentumFinanceCore.SwiftConstValuesFileList (in target 'MomentumFinanceCore' from project 'MomentumFinance')
    cd /Users/danielstevens/Desktop/github-projects/tools-automation/MomentumFinance
    write-file /Users/danielstevens/Library/Developer/Xcode/DerivedData/MomentumFinance-eyokbxaaqtnuhkdigvcnogoazegu/Build/Intermediates.noindex/MomentumFinance.build/Debug/MomentumFinanceCore.build/Objects-normal/arm64/MomentumFinanceCore.SwiftConstValuesFileList

WriteAuxiliaryFile /Users/danielstevens/Library/Developer/Xcode/DerivedData/MomentumFinance-eyokbxaaqtnuhkdigvcnogoazegu/Build/Intermediates.noindex/MomentumFinance.build/Debug/MomentumFinanceCore.build/Objects-normal/arm64/MomentumFinanceCore_const_extract_protocols.json (in target 'MomentumFinanceCore' from project 'MomentumFinance')
    cd /Users/danielstevens/Desktop/github-projects/tools-automation/MomentumFinance
    write-file /Users/danielstevens/Library/Developer/Xcode/DerivedData/MomentumFinance-eyokbxaaqtnuhkdigvcnogoazegu/Build/Intermediates.noindex/MomentumFinance.build/Debug/MomentumFinanceCore.build/Objects-normal/arm64/MomentumFinanceCore_const_extract_protocols.json

WriteAuxiliaryFile /Users/danielstevens/Library/Developer/Xcode/DerivedData/MomentumFinance-eyokbxaaqtnuhkdigvcnogoazegu/Build/Intermediates.noindex/MomentumFinance.build/Debug/MomentumFinanceCore.build/Objects-normal/arm64/MomentumFinanceCore-OutputFileMap.json (in target 'MomentumFinanceCore' from project 'MomentumFinance')
    cd /Users/danielstevens/Desktop/github-projects/tools-automation/MomentumFinance
    write-file /Users/danielstevens/Library/Developer/Xcode/DerivedData/MomentumFinance-eyokbxaaqtnuhkdigvcnogoazegu/Build/Intermediates.noindex/MomentumFinance.build/Debug/MomentumFinanceCore.build/Objects-normal/arm64/MomentumFinanceCore-OutputFileMap.json

WriteAuxiliaryFile /Users/danielstevens/Library/Developer/Xcode/DerivedData/MomentumFinance-eyokbxaaqtnuhkdigvcnogoazegu/Build/Intermediates.noindex/MomentumFinance.build/Debug/MomentumFinanceCore.build/MomentumFinanceCore.DependencyStaticMetadataFileList (in target 'MomentumFinanceCore' from project 'MomentumFinance')
    cd /Users/danielstevens/Desktop/github-projects/tools-automation/MomentumFinance
    write-file /Users/danielstevens/Library/Developer/Xcode/DerivedData/MomentumFinance-eyokbxaaqtnuhkdigvcnogoazegu/Build/Intermediates.noindex/MomentumFinance.build/Debug/MomentumFinanceCore.build/MomentumFinanceCore.DependencyStaticMetadataFileList

WriteAuxiliaryFile /Users/danielstevens/Library/Developer/Xcode/DerivedData/MomentumFinance-eyokbxaaqtnuhkdigvcnogoazegu/Build/Intermediates.noindex/MomentumFinance.build/Debug/MomentumFinanceCore.build/MomentumFinanceCore.DependencyMetadataFileList (in target 'MomentumFinanceCore' from project 'MomentumFinance')
    cd /Users/danielstevens/Desktop/github-projects/tools-automation/MomentumFinance
    write-file /Users/danielstevens/Library/Developer/Xcode/DerivedData/MomentumFinance-eyokbxaaqtnuhkdigvcnogoazegu/Build/Intermediates.noindex/MomentumFinance.build/Debug/MomentumFinanceCore.build/MomentumFinanceCore.DependencyMetadataFileList

WriteAuxiliaryFile /Users/danielstevens/Library/Developer/Xcode/DerivedData/MomentumFinance-eyokbxaaqtnuhkdigvcnogoazegu/Build/Intermediates.noindex/MomentumFinance.build/Debug/MomentumFinanceCore.build/MomentumFinanceCore-own-target-headers.hmap (in target 'MomentumFinanceCore' from project 'MomentumFinance')
    cd /Users/danielstevens/Desktop/github-projects/tools-automation/MomentumFinance
    write-file /Users/danielstevens/Library/Developer/Xcode/DerivedData/MomentumFinance-eyokbxaaqtnuhkdigvcnogoazegu/Build/Intermediates.noindex/MomentumFinance.build/Debug/MomentumFinanceCore.build/MomentumFinanceCore-own-target-headers.hmap

WriteAuxiliaryFile /Users/danielstevens/Library/Developer/Xcode/DerivedData/MomentumFinance-eyokbxaaqtnuhkdigvcnogoazegu/Build/Intermediates.noindex/MomentumFinance.build/Debug/MomentumFinanceCore.build/MomentumFinanceCore-generated-files.hmap (in target 'MomentumFinanceCore' from project 'MomentumFinance')
    cd /Users/danielstevens/Desktop/github-projects/tools-automation/MomentumFinance
    write-file /Users/danielstevens/Library/Developer/Xcode/DerivedData/MomentumFinance-eyokbxaaqtnuhkdigvcnogoazegu/Build/Intermediates.noindex/MomentumFinance.build/Debug/MomentumFinanceCore.build/MomentumFinanceCore-generated-files.hmap

WriteAuxiliaryFile /Users/danielstevens/Library/Developer/Xcode/DerivedData/MomentumFinance-eyokbxaaqtnuhkdigvcnogoazegu/Build/Intermediates.noindex/MomentumFinance.build/Debug/MomentumFinance.build/empty-MomentumFinance.plist (in target 'MomentumFinance' from project 'MomentumFinance')
    cd /Users/danielstevens/Desktop/github-projects/tools-automation/MomentumFinance
    write-file /Users/danielstevens/Library/Developer/Xcode/DerivedData/MomentumFinance-eyokbxaaqtnuhkdigvcnogoazegu/Build/Intermediates.noindex/MomentumFinance.build/Debug/MomentumFinance.build/empty-MomentumFinance.plist

WriteAuxiliaryFile /Users/danielstevens/Library/Developer/Xcode/DerivedData/MomentumFinance-eyokbxaaqtnuhkdigvcnogoazegu/Build/Intermediates.noindex/MomentumFinance.build/Debug/MomentumFinance.build/MomentumFinance.hmap (in target 'MomentumFinance' from project 'MomentumFinance')
    cd /Users/danielstevens/Desktop/github-projects/tools-automation/MomentumFinance
    write-file /Users/danielstevens/Library/Developer/Xcode/DerivedData/MomentumFinance-eyokbxaaqtnuhkdigvcnogoazegu/Build/Intermediates.noindex/MomentumFinance.build/Debug/MomentumFinance.build/MomentumFinance.hmap

WriteAuxiliaryFile /Users/danielstevens/Library/Developer/Xcode/DerivedData/MomentumFinance-eyokbxaaqtnuhkdigvcnogoazegu/Build/Intermediates.noindex/MomentumFinance.build/Debug/MomentumFinance.build/Objects-normal/arm64/MomentumFinance.SwiftFileList (in target 'MomentumFinance' from project 'MomentumFinance')
    cd /Users/danielstevens/Desktop/github-projects/tools-automation/MomentumFinance
    write-file /Users/danielstevens/Library/Developer/Xcode/DerivedData/MomentumFinance-eyokbxaaqtnuhkdigvcnogoazegu/Build/Intermediates.noindex/MomentumFinance.build/Debug/MomentumFinance.build/Objects-normal/arm64/MomentumFinance.SwiftFileList

WriteAuxiliaryFile /Users/danielstevens/Library/Developer/Xcode/DerivedData/MomentumFinance-eyokbxaaqtnuhkdigvcnogoazegu/Build/Intermediates.noindex/MomentumFinance.build/Debug/MomentumFinance.build/Objects-normal/arm64/MomentumFinance.LinkFileList (in target 'MomentumFinance' from project 'MomentumFinance')
    cd /Users/danielstevens/Desktop/github-projects/tools-automation/MomentumFinance
    write-file /Users/danielstevens/Library/Developer/Xcode/DerivedData/MomentumFinance-eyokbxaaqtnuhkdigvcnogoazegu/Build/Intermediates.noindex/MomentumFinance.build/Debug/MomentumFinance.build/Objects-normal/arm64/MomentumFinance.LinkFileList

WriteAuxiliaryFile /Users/danielstevens/Library/Developer/Xcode/DerivedData/MomentumFinance-eyokbxaaqtnuhkdigvcnogoazegu/Build/Intermediates.noindex/MomentumFinance.build/Debug/MomentumFinance.build/Objects-normal/arm64/MomentumFinance_const_extract_protocols.json (in target 'MomentumFinance' from project 'MomentumFinance')
    cd /Users/danielstevens/Desktop/github-projects/tools-automation/MomentumFinance
    write-file /Users/danielstevens/Library/Developer/Xcode/DerivedData/MomentumFinance-eyokbxaaqtnuhkdigvcnogoazegu/Build/Intermediates.noindex/MomentumFinance.build/Debug/MomentumFinance.build/Objects-normal/arm64/MomentumFinance_const_extract_protocols.json

WriteAuxiliaryFile /Users/danielstevens/Library/Developer/Xcode/DerivedData/MomentumFinance-eyokbxaaqtnuhkdigvcnogoazegu/Build/Intermediates.noindex/MomentumFinance.build/Debug/MomentumFinance.build/Objects-normal/arm64/MomentumFinance-OutputFileMap.json (in target 'MomentumFinance' from project 'MomentumFinance')
    cd /Users/danielstevens/Desktop/github-projects/tools-automation/MomentumFinance
    write-file /Users/danielstevens/Library/Developer/Xcode/DerivedData/MomentumFinance-eyokbxaaqtnuhkdigvcnogoazegu/Build/Intermediates.noindex/MomentumFinance.build/Debug/MomentumFinance.build/Objects-normal/arm64/MomentumFinance-OutputFileMap.json

WriteAuxiliaryFile /Users/danielstevens/Library/Developer/Xcode/DerivedData/MomentumFinance-eyokbxaaqtnuhkdigvcnogoazegu/Build/Intermediates.noindex/MomentumFinance.build/Debug/MomentumFinance.build/Objects-normal/arm64/MomentumFinance.SwiftConstValuesFileList (in target 'MomentumFinance' from project 'MomentumFinance')
    cd /Users/danielstevens/Desktop/github-projects/tools-automation/MomentumFinance
    write-file /Users/danielstevens/Library/Developer/Xcode/DerivedData/MomentumFinance-eyokbxaaqtnuhkdigvcnogoazegu/Build/Intermediates.noindex/MomentumFinance.build/Debug/MomentumFinance.build/Objects-normal/arm64/MomentumFinance.SwiftConstValuesFileList

WriteAuxiliaryFile /Users/danielstevens/Library/Developer/Xcode/DerivedData/MomentumFinance-eyokbxaaqtnuhkdigvcnogoazegu/Build/Intermediates.noindex/MomentumFinance.build/Debug/MomentumFinance.build/MomentumFinance.DependencyStaticMetadataFileList (in target 'MomentumFinance' from project 'MomentumFinance')
    cd /Users/danielstevens/Desktop/github-projects/tools-automation/MomentumFinance
    write-file /Users/danielstevens/Library/Developer/Xcode/DerivedData/MomentumFinance-eyokbxaaqtnuhkdigvcnogoazegu/Build/Intermediates.noindex/MomentumFinance.build/Debug/MomentumFinance.build/MomentumFinance.DependencyStaticMetadataFileList

WriteAuxiliaryFile /Users/danielstevens/Library/Developer/Xcode/DerivedData/MomentumFinance-eyokbxaaqtnuhkdigvcnogoazegu/Build/Intermediates.noindex/MomentumFinance.build/Debug/MomentumFinance.build/MomentumFinance.DependencyMetadataFileList (in target 'MomentumFinance' from project 'MomentumFinance')
    cd /Users/danielstevens/Desktop/github-projects/tools-automation/MomentumFinance
    write-file /Users/danielstevens/Library/Developer/Xcode/DerivedData/MomentumFinance-eyokbxaaqtnuhkdigvcnogoazegu/Build/Intermediates.noindex/MomentumFinance.build/Debug/MomentumFinance.build/MomentumFinance.DependencyMetadataFileList

WriteAuxiliaryFile /Users/danielstevens/Library/Developer/Xcode/DerivedData/MomentumFinance-eyokbxaaqtnuhkdigvcnogoazegu/Build/Intermediates.noindex/MomentumFinance.build/Debug/MomentumFinance.build/MomentumFinance-project-headers.hmap (in target 'MomentumFinance' from project 'MomentumFinance')
    cd /Users/danielstevens/Desktop/github-projects/tools-automation/MomentumFinance
    write-file /Users/danielstevens/Library/Developer/Xcode/DerivedData/MomentumFinance-eyokbxaaqtnuhkdigvcnogoazegu/Build/Intermediates.noindex/MomentumFinance.build/Debug/MomentumFinance.build/MomentumFinance-project-headers.hmap

WriteAuxiliaryFile /Users/danielstevens/Library/Developer/Xcode/DerivedData/MomentumFinance-eyokbxaaqtnuhkdigvcnogoazegu/Build/Intermediates.noindex/MomentumFinance.build/Debug/MomentumFinance.build/MomentumFinance-own-target-headers.hmap (in target 'MomentumFinance' from project 'MomentumFinance')
    cd /Users/danielstevens/Desktop/github-projects/tools-automation/MomentumFinance
    write-file /Users/danielstevens/Library/Developer/Xcode/DerivedData/MomentumFinance-eyokbxaaqtnuhkdigvcnogoazegu/Build/Intermediates.noindex/MomentumFinance.build/Debug/MomentumFinance.build/MomentumFinance-own-target-headers.hmap

WriteAuxiliaryFile /Users/danielstevens/Library/Developer/Xcode/DerivedData/MomentumFinance-eyokbxaaqtnuhkdigvcnogoazegu/Build/Intermediates.noindex/MomentumFinance.build/Debug/MomentumFinance.build/MomentumFinance-generated-files.hmap (in target 'MomentumFinance' from project 'MomentumFinance')
    cd /Users/danielstevens/Desktop/github-projects/tools-automation/MomentumFinance
    write-file /Users/danielstevens/Library/Developer/Xcode/DerivedData/MomentumFinance-eyokbxaaqtnuhkdigvcnogoazegu/Build/Intermediates.noindex/MomentumFinance.build/Debug/MomentumFinance.build/MomentumFinance-generated-files.hmap

WriteAuxiliaryFile /Users/danielstevens/Library/Developer/Xcode/DerivedData/MomentumFinance-eyokbxaaqtnuhkdigvcnogoazegu/Build/Intermediates.noindex/MomentumFinance.build/Debug/MomentumFinance.build/MomentumFinance-all-target-headers.hmap (in target 'MomentumFinance' from project 'MomentumFinance')
    cd /Users/danielstevens/Desktop/github-projects/tools-automation/MomentumFinance
    write-file /Users/danielstevens/Library/Developer/Xcode/DerivedData/MomentumFinance-eyokbxaaqtnuhkdigvcnogoazegu/Build/Intermediates.noindex/MomentumFinance.build/Debug/MomentumFinance.build/MomentumFinance-all-target-headers.hmap

WriteAuxiliaryFile /Users/danielstevens/Library/Developer/Xcode/DerivedData/MomentumFinance-eyokbxaaqtnuhkdigvcnogoazegu/Build/Intermediates.noindex/MomentumFinance.build/Debug/MomentumFinance.build/MomentumFinance-all-non-framework-target-headers.hmap (in target 'MomentumFinance' from project 'MomentumFinance')
    cd /Users/danielstevens/Desktop/github-projects/tools-automation/MomentumFinance
    write-file /Users/danielstevens/Library/Developer/Xcode/DerivedData/MomentumFinance-eyokbxaaqtnuhkdigvcnogoazegu/Build/Intermediates.noindex/MomentumFinance.build/Debug/MomentumFinance.build/MomentumFinance-all-non-framework-target-headers.hmap

WriteAuxiliaryFile /Users/danielstevens/Library/Developer/Xcode/DerivedData/MomentumFinance-eyokbxaaqtnuhkdigvcnogoazegu/Build/Intermediates.noindex/MomentumFinance.build/Debug/MomentumFinance.build/MomentumFinance-DebugDylibPath-normal-arm64.txt (in target 'MomentumFinance' from project 'MomentumFinance')
    cd /Users/danielstevens/Desktop/github-projects/tools-automation/MomentumFinance
    write-file /Users/danielstevens/Library/Developer/Xcode/DerivedData/MomentumFinance-eyokbxaaqtnuhkdigvcnogoazegu/Build/Intermediates.noindex/MomentumFinance.build/Debug/MomentumFinance.build/MomentumFinance-DebugDylibPath-normal-arm64.txt

WriteAuxiliaryFile /Users/danielstevens/Library/Developer/Xcode/DerivedData/MomentumFinance-eyokbxaaqtnuhkdigvcnogoazegu/Build/Intermediates.noindex/MomentumFinance.build/Debug/MomentumFinance.build/MomentumFinance-DebugDylibInstallName-normal-arm64.txt (in target 'MomentumFinance' from project 'MomentumFinance')
    cd /Users/danielstevens/Desktop/github-projects/tools-automation/MomentumFinance
    write-file /Users/danielstevens/Library/Developer/Xcode/DerivedData/MomentumFinance-eyokbxaaqtnuhkdigvcnogoazegu/Build/Intermediates.noindex/MomentumFinance.build/Debug/MomentumFinance.build/MomentumFinance-DebugDylibInstallName-normal-arm64.txt

SymLink /Users/danielstevens/Library/Developer/Xcode/DerivedData/MomentumFinance-eyokbxaaqtnuhkdigvcnogoazegu/Build/Products/Debug/MomentumFinanceCore.framework/Headers Versions/Current/Headers (in target 'MomentumFinanceCore' from project 'MomentumFinance')
    cd /Users/danielstevens/Desktop/github-projects/tools-automation/MomentumFinance
    /bin/ln -sfh Versions/Current/Headers /Users/danielstevens/Library/Developer/Xcode/DerivedData/MomentumFinance-eyokbxaaqtnuhkdigvcnogoazegu/Build/Products/Debug/MomentumFinanceCore.framework/Headers

WriteAuxiliaryFile /Users/danielstevens/Library/Developer/Xcode/DerivedData/MomentumFinance-eyokbxaaqtnuhkdigvcnogoazegu/Build/Intermediates.noindex/MomentumFinance.build/Debug/MomentumFinance.build/DerivedSources/Entitlements.plist (in target 'MomentumFinance' from project 'MomentumFinance')
    cd /Users/danielstevens/Desktop/github-projects/tools-automation/MomentumFinance
    write-file /Users/danielstevens/Library/Developer/Xcode/DerivedData/MomentumFinance-eyokbxaaqtnuhkdigvcnogoazegu/Build/Intermediates.noindex/MomentumFinance.build/Debug/MomentumFinance.build/DerivedSources/Entitlements.plist

MkDir /Users/danielstevens/Library/Developer/Xcode/DerivedData/MomentumFinance-eyokbxaaqtnuhkdigvcnogoazegu/Build/Products/Debug/MomentumFinanceCore.framework/Versions/A/Resources (in target 'MomentumFinanceCore' from project 'MomentumFinance')
    cd /Users/danielstevens/Desktop/github-projects/tools-automation/MomentumFinance
    /bin/mkdir -p /Users/danielstevens/Library/Developer/Xcode/DerivedData/MomentumFinance-eyokbxaaqtnuhkdigvcnogoazegu/Build/Products/Debug/MomentumFinanceCore.framework/Versions/A/Resources

MkDir /Users/danielstevens/Library/Developer/Xcode/DerivedData/MomentumFinance-eyokbxaaqtnuhkdigvcnogoazegu/Build/Products/Debug/MomentumFinanceCore.framework/Versions/A/Headers (in target 'MomentumFinanceCore' from project 'MomentumFinance')
    cd /Users/danielstevens/Desktop/github-projects/tools-automation/MomentumFinance
    /bin/mkdir -p /Users/danielstevens/Library/Developer/Xcode/DerivedData/MomentumFinance-eyokbxaaqtnuhkdigvcnogoazegu/Build/Products/Debug/MomentumFinanceCore.framework/Versions/A/Headers

MkDir /Users/danielstevens/Library/Developer/Xcode/DerivedData/MomentumFinance-eyokbxaaqtnuhkdigvcnogoazegu/Build/Products/Debug/MomentumFinanceCore.framework/Versions/A (in target 'MomentumFinanceCore' from project 'MomentumFinance')
    cd /Users/danielstevens/Desktop/github-projects/tools-automation/MomentumFinance
    /bin/mkdir -p /Users/danielstevens/Library/Developer/Xcode/DerivedData/MomentumFinance-eyokbxaaqtnuhkdigvcnogoazegu/Build/Products/Debug/MomentumFinanceCore.framework/Versions/A

MkDir /Users/danielstevens/Library/Developer/Xcode/DerivedData/MomentumFinance-eyokbxaaqtnuhkdigvcnogoazegu/Build/Products/Debug/MomentumFinanceCore.framework/Versions (in target 'MomentumFinanceCore' from project 'MomentumFinance')
    cd /Users/danielstevens/Desktop/github-projects/tools-automation/MomentumFinance
    /bin/mkdir -p /Users/danielstevens/Library/Developer/Xcode/DerivedData/MomentumFinance-eyokbxaaqtnuhkdigvcnogoazegu/Build/Products/Debug/MomentumFinanceCore.framework/Versions

MkDir /Users/danielstevens/Library/Developer/Xcode/DerivedData/MomentumFinance-eyokbxaaqtnuhkdigvcnogoazegu/Build/Products/Debug/MomentumFinanceCore.framework (in target 'MomentumFinanceCore' from project 'MomentumFinance')
    cd /Users/danielstevens/Desktop/github-projects/tools-automation/MomentumFinance
    /bin/mkdir -p /Users/danielstevens/Library/Developer/Xcode/DerivedData/MomentumFinance-eyokbxaaqtnuhkdigvcnogoazegu/Build/Products/Debug/MomentumFinanceCore.framework

MkDir /Users/danielstevens/Library/Developer/Xcode/DerivedData/MomentumFinance-eyokbxaaqtnuhkdigvcnogoazegu/Build/Products/Debug/MomentumFinance.app/Contents/Resources (in target 'MomentumFinance' from project 'MomentumFinance')
    cd /Users/danielstevens/Desktop/github-projects/tools-automation/MomentumFinance
    /bin/mkdir -p /Users/danielstevens/Library/Developer/Xcode/DerivedData/MomentumFinance-eyokbxaaqtnuhkdigvcnogoazegu/Build/Products/Debug/MomentumFinance.app/Contents/Resources

MkDir /Users/danielstevens/Library/Developer/Xcode/DerivedData/MomentumFinance-eyokbxaaqtnuhkdigvcnogoazegu/Build/Products/Debug/MomentumFinance.app/Contents/MacOS (in target 'MomentumFinance' from project 'MomentumFinance')
    cd /Users/danielstevens/Desktop/github-projects/tools-automation/MomentumFinance
    /bin/mkdir -p /Users/danielstevens/Library/Developer/Xcode/DerivedData/MomentumFinance-eyokbxaaqtnuhkdigvcnogoazegu/Build/Products/Debug/MomentumFinance.app/Contents/MacOS

MkDir /Users/danielstevens/Library/Developer/Xcode/DerivedData/MomentumFinance-eyokbxaaqtnuhkdigvcnogoazegu/Build/Products/Debug/MomentumFinance.app (in target 'MomentumFinance' from project 'MomentumFinance')
    cd /Users/danielstevens/Desktop/github-projects/tools-automation/MomentumFinance
    /bin/mkdir -p /Users/danielstevens/Library/Developer/Xcode/DerivedData/MomentumFinance-eyokbxaaqtnuhkdigvcnogoazegu/Build/Products/Debug/MomentumFinance.app

MkDir /Users/danielstevens/Library/Developer/Xcode/DerivedData/MomentumFinance-eyokbxaaqtnuhkdigvcnogoazegu/Build/Products/Debug/MomentumFinance.app/Contents (in target 'MomentumFinance' from project 'MomentumFinance')
    cd /Users/danielstevens/Desktop/github-projects/tools-automation/MomentumFinance
    /bin/mkdir -p /Users/danielstevens/Library/Developer/Xcode/DerivedData/MomentumFinance-eyokbxaaqtnuhkdigvcnogoazegu/Build/Products/Debug/MomentumFinance.app/Contents

ProcessInfoPlistFile /Users/danielstevens/Library/Developer/Xcode/DerivedData/MomentumFinance-eyokbxaaqtnuhkdigvcnogoazegu/Build/Products/Debug/MomentumFinanceCore.framework/Versions/A/Resources/Info.plist /Users/danielstevens/Library/Developer/Xcode/DerivedData/MomentumFinance-eyokbxaaqtnuhkdigvcnogoazegu/Build/Intermediates.noindex/MomentumFinance.build/Debug/MomentumFinanceCore.build/empty-MomentumFinanceCore.plist (in target 'MomentumFinanceCore' from project 'MomentumFinance')
    cd /Users/danielstevens/Desktop/github-projects/tools-automation/MomentumFinance
    builtin-infoPlistUtility /Users/danielstevens/Library/Developer/Xcode/DerivedData/MomentumFinance-eyokbxaaqtnuhkdigvcnogoazegu/Build/Intermediates.noindex/MomentumFinance.build/Debug/MomentumFinanceCore.build/empty-MomentumFinanceCore.plist -producttype com.apple.product-type.framework -expandbuildsettings -platform macosx -o /Users/danielstevens/Library/Developer/Xcode/DerivedData/MomentumFinance-eyokbxaaqtnuhkdigvcnogoazegu/Build/Products/Debug/MomentumFinanceCore.framework/Versions/A/Resources/Info.plist

SwiftDriver MomentumFinanceCore normal arm64 com.apple.xcode.tools.swift.compiler (in target 'MomentumFinanceCore' from project 'MomentumFinance')
    cd /Users/danielstevens/Desktop/github-projects/tools-automation/MomentumFinance
    builtin-SwiftDriver -- /Applications/Xcode-beta.app/Contents/Developer/Toolchains/XcodeDefault.xctoolchain/usr/bin/swiftc -module-name MomentumFinanceCore -Onone -enforce-exclusivity\=checked @/Users/danielstevens/Library/Developer/Xcode/DerivedData/MomentumFinance-eyokbxaaqtnuhkdigvcnogoazegu/Build/Intermediates.noindex/MomentumFinance.build/Debug/MomentumFinanceCore.build/Objects-normal/arm64/MomentumFinanceCore.SwiftFileList -DDEBUG -enable-experimental-feature DebugDescriptionMacro -sdk /Applications/Xcode-beta.app/Contents/Developer/Platforms/MacOSX.platform/Developer/SDKs/MacOSX26.2.sdk -target arm64-apple-macos26.2 -g -module-cache-path /Users/danielstevens/Library/Developer/Xcode/DerivedData/ModuleCache.noindex -Xfrontend -serialize-debugging-options -enable-testing -index-store-path /Users/danielstevens/Library/Developer/Xcode/DerivedData/MomentumFinance-eyokbxaaqtnuhkdigvcnogoazegu/Index.noindex/DataStore -Xcc -D_LIBCPP_HARDENING_MODE\=_LIBCPP_HARDENING_MODE_DEBUG -swift-version 6 -I /Users/danielstevens/Library/Developer/Xcode/DerivedData/MomentumFinance-eyokbxaaqtnuhkdigvcnogoazegu/Build/Products/Debug -F /Users/danielstevens/Library/Developer/Xcode/DerivedData/MomentumFinance-eyokbxaaqtnuhkdigvcnogoazegu/Build/Products/Debug -c -j10 -enable-batch-mode -incremental -Xcc -ivfsstatcache -Xcc /Users/danielstevens/Library/Developer/Xcode/DerivedData/SDKStatCaches.noindex/macosx26.2-25C5031g-28ca432d5676da3146507086b13d17f8.sdkstatcache -output-file-map /Users/danielstevens/Library/Developer/Xcode/DerivedData/MomentumFinance-eyokbxaaqtnuhkdigvcnogoazegu/Build/Intermediates.noindex/MomentumFinance.build/Debug/MomentumFinanceCore.build/Objects-normal/arm64/MomentumFinanceCore-OutputFileMap.json -use-frontend-parseable-output -save-temps -no-color-diagnostics -explicit-module-build -module-cache-path /Users/danielstevens/Library/Developer/Xcode/DerivedData/MomentumFinance-eyokbxaaqtnuhkdigvcnogoazegu/Build/Intermediates.noindex/SwiftExplicitPrecompiledModules -clang-scanner-module-cache-path /Users/danielstevens/Library/Developer/Xcode/DerivedData/ModuleCache.noindex -sdk-module-cache-path /Users/danielstevens/Library/Developer/Xcode/DerivedData/ModuleCache.noindex -serialize-diagnostics -emit-dependencies -emit-module -emit-module-path /Users/danielstevens/Library/Developer/Xcode/DerivedData/MomentumFinance-eyokbxaaqtnuhkdigvcnogoazegu/Build/Intermediates.noindex/MomentumFinance.build/Debug/MomentumFinanceCore.build/Objects-normal/arm64/MomentumFinanceCore.swiftmodule -validate-clang-modules-once -clang-build-session-file /Users/danielstevens/Library/Developer/Xcode/DerivedData/ModuleCache.noindex/Session.modulevalidation -Xcc -I/Users/danielstevens/Library/Developer/Xcode/DerivedData/MomentumFinance-eyokbxaaqtnuhkdigvcnogoazegu/Build/Intermediates.noindex/MomentumFinance.build/Debug/MomentumFinanceCore.build/swift-overrides.hmap -emit-const-values -Xfrontend -const-gather-protocols-file -Xfrontend /Users/danielstevens/Library/Developer/Xcode/DerivedData/MomentumFinance-eyokbxaaqtnuhkdigvcnogoazegu/Build/Intermediates.noindex/MomentumFinance.build/Debug/MomentumFinanceCore.build/Objects-normal/arm64/MomentumFinanceCore_const_extract_protocols.json -Xcc -iquote -Xcc /Users/danielstevens/Library/Developer/Xcode/DerivedData/MomentumFinance-eyokbxaaqtnuhkdigvcnogoazegu/Build/Intermediates.noindex/MomentumFinance.build/Debug/MomentumFinanceCore.build/MomentumFinanceCore-generated-files.hmap -Xcc -I/Users/danielstevens/Library/Developer/Xcode/DerivedData/MomentumFinance-eyokbxaaqtnuhkdigvcnogoazegu/Build/Intermediates.noindex/MomentumFinance.build/Debug/MomentumFinanceCore.build/MomentumFinanceCore-own-target-headers.hmap -Xcc -I/Users/danielstevens/Library/Developer/Xcode/DerivedData/MomentumFinance-eyokbxaaqtnuhkdigvcnogoazegu/Build/Intermediates.noindex/MomentumFinance.build/Debug/MomentumFinanceCore.build/MomentumFinanceCore-all-target-headers.hmap -Xcc -iquote -Xcc /Users/danielstevens/Library/Developer/Xcode/DerivedData/MomentumFinance-eyokbxaaqtnuhkdigvcnogoazegu/Build/Intermediates.noindex/MomentumFinance.build/Debug/MomentumFinanceCore.build/MomentumFinanceCore-project-headers.hmap -Xcc -I/Users/danielstevens/Library/Developer/Xcode/DerivedData/MomentumFinance-eyokbxaaqtnuhkdigvcnogoazegu/Build/Products/Debug/include -Xcc -I/Users/danielstevens/Library/Developer/Xcode/DerivedData/MomentumFinance-eyokbxaaqtnuhkdigvcnogoazegu/Build/Intermediates.noindex/MomentumFinance.build/Debug/MomentumFinanceCore.build/DerivedSources-normal/arm64 -Xcc -I/Users/danielstevens/Library/Developer/Xcode/DerivedData/MomentumFinance-eyokbxaaqtnuhkdigvcnogoazegu/Build/Intermediates.noindex/MomentumFinance.build/Debug/MomentumFinanceCore.build/DerivedSources/arm64 -Xcc -I/Users/danielstevens/Library/Developer/Xcode/DerivedData/MomentumFinance-eyokbxaaqtnuhkdigvcnogoazegu/Build/Intermediates.noindex/MomentumFinance.build/Debug/MomentumFinanceCore.build/DerivedSources -Xcc -DDEBUG\=1 -emit-objc-header -emit-objc-header-path /Users/danielstevens/Library/Developer/Xcode/DerivedData/MomentumFinance-eyokbxaaqtnuhkdigvcnogoazegu/Build/Intermediates.noindex/MomentumFinance.build/Debug/MomentumFinanceCore.build/Objects-normal/arm64/MomentumFinanceCore-Swift.h -working-directory /Users/danielstevens/Desktop/github-projects/tools-automation/MomentumFinance -experimental-emit-module-separately -disable-cmo

SwiftCompile normal arm64 Compiling\ ExpenseCategory.swift,\ FinancialTransaction.swift,\ Budget.swift /Users/danielstevens/Desktop/github-projects/tools-automation/MomentumFinance/Shared/Models/ExpenseCategory.swift /Users/danielstevens/Desktop/github-projects/tools-automation/MomentumFinance/Shared/Models/FinancialTransaction.swift /Users/danielstevens/Desktop/github-projects/tools-automation/MomentumFinance/Shared/Models/Budget.swift (in target 'MomentumFinanceCore' from project 'MomentumFinance')

SwiftCompile normal arm64 /Users/danielstevens/Desktop/github-projects/tools-automation/MomentumFinance/Shared/Models/ExpenseCategory.swift (in target 'MomentumFinanceCore' from project 'MomentumFinance')
    cd /Users/danielstevens/Desktop/github-projects/tools-automation/MomentumFinance
    

SwiftCompile normal arm64 /Users/danielstevens/Desktop/github-projects/tools-automation/MomentumFinance/Shared/Models/FinancialTransaction.swift (in target 'MomentumFinanceCore' from project 'MomentumFinance')
    cd /Users/danielstevens/Desktop/github-projects/tools-automation/MomentumFinance
    

SwiftCompile normal arm64 /Users/danielstevens/Desktop/github-projects/tools-automation/MomentumFinance/Shared/Models/Budget.swift (in target 'MomentumFinanceCore' from project 'MomentumFinance')
    cd /Users/danielstevens/Desktop/github-projects/tools-automation/MomentumFinance
    

SwiftCompile normal arm64 Compiling\ TransactionFilter.swift,\ SearchEngineService.swift,\ SearchTypes.swift /Users/danielstevens/Desktop/github-projects/tools-automation/MomentumFinance/Shared/Features/Transactions/TransactionFilter.swift /Users/danielstevens/Desktop/github-projects/tools-automation/MomentumFinance/Shared/Features/GlobalSearch/SearchEngineService.swift /Users/danielstevens/Desktop/github-projects/tools-automation/MomentumFinance/Shared/SearchTypes.swift (in target 'MomentumFinanceCore' from project 'MomentumFinance')

SwiftCompile normal arm64 /Users/danielstevens/Desktop/github-projects/tools-automation/MomentumFinance/Shared/Features/Transactions/TransactionFilter.swift (in target 'MomentumFinanceCore' from project 'MomentumFinance')
    cd /Users/danielstevens/Desktop/github-projects/tools-automation/MomentumFinance
    

SwiftCompile normal arm64 /Users/danielstevens/Desktop/github-projects/tools-automation/MomentumFinance/Shared/Features/GlobalSearch/SearchEngineService.swift (in target 'MomentumFinanceCore' from project 'MomentumFinance')
    cd /Users/danielstevens/Desktop/github-projects/tools-automation/MomentumFinance
    

SwiftCompile normal arm64 /Users/danielstevens/Desktop/github-projects/tools-automation/MomentumFinance/Shared/SearchTypes.swift (in target 'MomentumFinanceCore' from project 'MomentumFinance')
    cd /Users/danielstevens/Desktop/github-projects/tools-automation/MomentumFinance
    

SwiftCompile normal arm64 Compiling\ FinancialAccount.swift,\ Transaction.swift,\ Category.swift /Users/danielstevens/Desktop/github-projects/tools-automation/MomentumFinance/Shared/Models/FinancialAccount.swift /Users/danielstevens/Desktop/github-projects/tools-automation/MomentumFinance/Shared/Models/Transaction.swift /Users/danielstevens/Desktop/github-projects/tools-automation/MomentumFinance/Shared/Models/Category.swift (in target 'MomentumFinanceCore' from project 'MomentumFinance')

SwiftCompile normal arm64 /Users/danielstevens/Desktop/github-projects/tools-automation/MomentumFinance/Shared/Models/FinancialAccount.swift (in target 'MomentumFinanceCore' from project 'MomentumFinance')
    cd /Users/danielstevens/Desktop/github-projects/tools-automation/MomentumFinance
    

SwiftCompile normal arm64 /Users/danielstevens/Desktop/github-projects/tools-automation/MomentumFinance/Shared/Models/Transaction.swift (in target 'MomentumFinanceCore' from project 'MomentumFinance')
    cd /Users/danielstevens/Desktop/github-projects/tools-automation/MomentumFinance
    

SwiftCompile normal arm64 /Users/danielstevens/Desktop/github-projects/tools-automation/MomentumFinance/Shared/Models/Category.swift (in target 'MomentumFinanceCore' from project 'MomentumFinance')
    cd /Users/danielstevens/Desktop/github-projects/tools-automation/MomentumFinance
    

SwiftCompile normal arm64 Compiling\ CoreExports.swift,\ ImportExport.swift,\ FinancialInsightModels.swift /Users/danielstevens/Desktop/github-projects/tools-automation/MomentumFinance/MomentumFinanceCore/CoreExports.swift /Users/danielstevens/Desktop/github-projects/tools-automation/MomentumFinance/Shared/ImportExport.swift /Users/danielstevens/Desktop/github-projects/tools-automation/MomentumFinance/Shared/Intelligence/FinancialInsightModels.swift (in target 'MomentumFinanceCore' from project 'MomentumFinance')

SwiftCompile normal arm64 /Users/danielstevens/Desktop/github-projects/tools-automation/MomentumFinance/MomentumFinanceCore/CoreExports.swift (in target 'MomentumFinanceCore' from project 'MomentumFinance')
    cd /Users/danielstevens/Desktop/github-projects/tools-automation/MomentumFinance
    

SwiftCompile normal arm64 /Users/danielstevens/Desktop/github-projects/tools-automation/MomentumFinance/Shared/ImportExport.swift (in target 'MomentumFinanceCore' from project 'MomentumFinance')
    cd /Users/danielstevens/Desktop/github-projects/tools-automation/MomentumFinance
    

SwiftCompile normal arm64 /Users/danielstevens/Desktop/github-projects/tools-automation/MomentumFinance/Shared/Intelligence/FinancialInsightModels.swift (in target 'MomentumFinanceCore' from project 'MomentumFinance')
    cd /Users/danielstevens/Desktop/github-projects/tools-automation/MomentumFinance
    

SwiftEmitModule normal arm64 Emitting\ module\ for\ MomentumFinanceCore (in target 'MomentumFinanceCore' from project 'MomentumFinance')

EmitSwiftModule normal arm64 (in target 'MomentumFinanceCore' from project 'MomentumFinance')
    cd /Users/danielstevens/Desktop/github-projects/tools-automation/MomentumFinance
    

SwiftCompile normal arm64 Compiling\ Logger.swift,\ ErrorHandler.swift /Users/danielstevens/Desktop/github-projects/tools-automation/MomentumFinance/Shared/Utilities/Logger.swift /Users/danielstevens/Desktop/github-projects/tools-automation/MomentumFinance/Shared/Utilities/ErrorHandler.swift (in target 'MomentumFinanceCore' from project 'MomentumFinance')

SwiftCompile normal arm64 /Users/danielstevens/Desktop/github-projects/tools-automation/MomentumFinance/Shared/Utilities/Logger.swift (in target 'MomentumFinanceCore' from project 'MomentumFinance')
    cd /Users/danielstevens/Desktop/github-projects/tools-automation/MomentumFinance
    

SwiftCompile normal arm64 /Users/danielstevens/Desktop/github-projects/tools-automation/MomentumFinance/Shared/Utilities/ErrorHandler.swift (in target 'MomentumFinanceCore' from project 'MomentumFinance')
    cd /Users/danielstevens/Desktop/github-projects/tools-automation/MomentumFinance
    

SwiftCompile normal arm64 Compiling\ Subscription.swift,\ SavingsGoal.swift,\ SampleData.swift /Users/danielstevens/Desktop/github-projects/tools-automation/MomentumFinance/Shared/Models/Subscription.swift /Users/danielstevens/Desktop/github-projects/tools-automation/MomentumFinance/Shared/Models/SavingsGoal.swift /Users/danielstevens/Desktop/github-projects/tools-automation/MomentumFinance/Shared/Models/SampleData.swift (in target 'MomentumFinanceCore' from project 'MomentumFinance')

SwiftCompile normal arm64 /Users/danielstevens/Desktop/github-projects/tools-automation/MomentumFinance/Shared/Models/Subscription.swift (in target 'MomentumFinanceCore' from project 'MomentumFinance')
    cd /Users/danielstevens/Desktop/github-projects/tools-automation/MomentumFinance
    

SwiftCompile normal arm64 /Users/danielstevens/Desktop/github-projects/tools-automation/MomentumFinance/Shared/Models/SavingsGoal.swift (in target 'MomentumFinanceCore' from project 'MomentumFinance')
    cd /Users/danielstevens/Desktop/github-projects/tools-automation/MomentumFinance
    

SwiftCompile normal arm64 /Users/danielstevens/Desktop/github-projects/tools-automation/MomentumFinance/Shared/Models/SampleData.swift (in target 'MomentumFinanceCore' from project 'MomentumFinance')
    cd /Users/danielstevens/Desktop/github-projects/tools-automation/MomentumFinance
    

SwiftCompile normal arm64 Compiling\ ExportTypes.swift,\ CategoriesGenerator.swift /Users/danielstevens/Desktop/github-projects/tools-automation/MomentumFinance/Shared/Utils/ExportTypes.swift /Users/danielstevens/Desktop/github-projects/tools-automation/MomentumFinance/Shared/Models/Generators/CategoriesGenerator.swift (in target 'MomentumFinanceCore' from project 'MomentumFinance')

SwiftCompile normal arm64 /Users/danielstevens/Desktop/github-projects/tools-automation/MomentumFinance/Shared/Utils/ExportTypes.swift (in target 'MomentumFinanceCore' from project 'MomentumFinance')
    cd /Users/danielstevens/Desktop/github-projects/tools-automation/MomentumFinance
    

SwiftCompile normal arm64 /Users/danielstevens/Desktop/github-projects/tools-automation/MomentumFinance/Shared/Models/Generators/CategoriesGenerator.swift (in target 'MomentumFinanceCore' from project 'MomentumFinance')
    cd /Users/danielstevens/Desktop/github-projects/tools-automation/MomentumFinance
    

SwiftCompile normal arm64 Compiling\ AccountsGenerator.swift,\ BudgetsGenerator.swift /Users/danielstevens/Desktop/github-projects/tools-automation/MomentumFinance/Shared/Models/Generators/AccountsGenerator.swift /Users/danielstevens/Desktop/github-projects/tools-automation/MomentumFinance/Shared/Models/Generators/BudgetsGenerator.swift (in target 'MomentumFinanceCore' from project 'MomentumFinance')

SwiftCompile normal arm64 /Users/danielstevens/Desktop/github-projects/tools-automation/MomentumFinance/Shared/Models/Generators/AccountsGenerator.swift (in target 'MomentumFinanceCore' from project 'MomentumFinance')
    cd /Users/danielstevens/Desktop/github-projects/tools-automation/MomentumFinance
    

SwiftCompile normal arm64 /Users/danielstevens/Desktop/github-projects/tools-automation/MomentumFinance/Shared/Models/Generators/BudgetsGenerator.swift (in target 'MomentumFinanceCore' from project 'MomentumFinance')
    cd /Users/danielstevens/Desktop/github-projects/tools-automation/MomentumFinance
    

SwiftCompile normal arm64 Compiling\ SavingsGoalsGenerator.swift,\ TransactionsGenerator.swift /Users/danielstevens/Desktop/github-projects/tools-automation/MomentumFinance/Shared/Models/Generators/SavingsGoalsGenerator.swift /Users/danielstevens/Desktop/github-projects/tools-automation/MomentumFinance/Shared/Models/Generators/TransactionsGenerator.swift (in target 'MomentumFinanceCore' from project 'MomentumFinance')

SwiftCompile normal arm64 /Users/danielstevens/Desktop/github-projects/tools-automation/MomentumFinance/Shared/Models/Generators/SavingsGoalsGenerator.swift (in target 'MomentumFinanceCore' from project 'MomentumFinance')
    cd /Users/danielstevens/Desktop/github-projects/tools-automation/MomentumFinance
    

SwiftCompile normal arm64 /Users/danielstevens/Desktop/github-projects/tools-automation/MomentumFinance/Shared/Models/Generators/TransactionsGenerator.swift (in target 'MomentumFinanceCore' from project 'MomentumFinance')
    cd /Users/danielstevens/Desktop/github-projects/tools-automation/MomentumFinance
    

SwiftCompile normal arm64 Compiling\ SampleDataGenerators.swift,\ SampleDataProviders.swift,\ ComplexDataGenerators.swift /Users/danielstevens/Desktop/github-projects/tools-automation/MomentumFinance/Shared/Models/SampleDataGenerators.swift /Users/danielstevens/Desktop/github-projects/tools-automation/MomentumFinance/Shared/Models/SampleDataProviders.swift /Users/danielstevens/Desktop/github-projects/tools-automation/MomentumFinance/Shared/Models/ComplexDataGenerators.swift (in target 'MomentumFinanceCore' from project 'MomentumFinance')

SwiftCompile normal arm64 /Users/danielstevens/Desktop/github-projects/tools-automation/MomentumFinance/Shared/Models/SampleDataGenerators.swift (in target 'MomentumFinanceCore' from project 'MomentumFinance')
    cd /Users/danielstevens/Desktop/github-projects/tools-automation/MomentumFinance
    

SwiftCompile normal arm64 /Users/danielstevens/Desktop/github-projects/tools-automation/MomentumFinance/Shared/Models/SampleDataProviders.swift (in target 'MomentumFinanceCore' from project 'MomentumFinance')
    cd /Users/danielstevens/Desktop/github-projects/tools-automation/MomentumFinance
    

SwiftCompile normal arm64 /Users/danielstevens/Desktop/github-projects/tools-automation/MomentumFinance/Shared/Models/ComplexDataGenerators.swift (in target 'MomentumFinanceCore' from project 'MomentumFinance')
    cd /Users/danielstevens/Desktop/github-projects/tools-automation/MomentumFinance
    

SwiftDriverJobDiscovery normal arm64 Compiling AccountsGenerator.swift, BudgetsGenerator.swift (in target 'MomentumFinanceCore' from project 'MomentumFinance')

SwiftDriverJobDiscovery normal arm64 Compiling ExportTypes.swift, CategoriesGenerator.swift (in target 'MomentumFinanceCore' from project 'MomentumFinance')

SwiftDriverJobDiscovery normal arm64 Compiling SavingsGoalsGenerator.swift, TransactionsGenerator.swift (in target 'MomentumFinanceCore' from project 'MomentumFinance')

SwiftDriverJobDiscovery normal arm64 Compiling TransactionFilter.swift, SearchEngineService.swift, SearchTypes.swift (in target 'MomentumFinanceCore' from project 'MomentumFinance')

SwiftDriverJobDiscovery normal arm64 Compiling FinancialAccount.swift, Transaction.swift, Category.swift (in target 'MomentumFinanceCore' from project 'MomentumFinance')

SwiftDriverJobDiscovery normal arm64 Compiling CoreExports.swift, ImportExport.swift, FinancialInsightModels.swift (in target 'MomentumFinanceCore' from project 'MomentumFinance')

SwiftDriverJobDiscovery normal arm64 Emitting module for MomentumFinanceCore (in target 'MomentumFinanceCore' from project 'MomentumFinance')

SwiftDriver\ Compilation\ Requirements MomentumFinanceCore normal arm64 com.apple.xcode.tools.swift.compiler (in target 'MomentumFinanceCore' from project 'MomentumFinance')
    cd /Users/danielstevens/Desktop/github-projects/tools-automation/MomentumFinance
    builtin-Swift-Compilation-Requirements -- /Applications/Xcode-beta.app/Contents/Developer/Toolchains/XcodeDefault.xctoolchain/usr/bin/swiftc -module-name MomentumFinanceCore -Onone -enforce-exclusivity\=checked @/Users/danielstevens/Library/Developer/Xcode/DerivedData/MomentumFinance-eyokbxaaqtnuhkdigvcnogoazegu/Build/Intermediates.noindex/MomentumFinance.build/Debug/MomentumFinanceCore.build/Objects-normal/arm64/MomentumFinanceCore.SwiftFileList -DDEBUG -enable-experimental-feature DebugDescriptionMacro -sdk /Applications/Xcode-beta.app/Contents/Developer/Platforms/MacOSX.platform/Developer/SDKs/MacOSX26.2.sdk -target arm64-apple-macos26.2 -g -module-cache-path /Users/danielstevens/Library/Developer/Xcode/DerivedData/ModuleCache.noindex -Xfrontend -serialize-debugging-options -enable-testing -index-store-path /Users/danielstevens/Library/Developer/Xcode/DerivedData/MomentumFinance-eyokbxaaqtnuhkdigvcnogoazegu/Index.noindex/DataStore -Xcc -D_LIBCPP_HARDENING_MODE\=_LIBCPP_HARDENING_MODE_DEBUG -swift-version 6 -I /Users/danielstevens/Library/Developer/Xcode/DerivedData/MomentumFinance-eyokbxaaqtnuhkdigvcnogoazegu/Build/Products/Debug -F /Users/danielstevens/Library/Developer/Xcode/DerivedData/MomentumFinance-eyokbxaaqtnuhkdigvcnogoazegu/Build/Products/Debug -c -j10 -enable-batch-mode -incremental -Xcc -ivfsstatcache -Xcc /Users/danielstevens/Library/Developer/Xcode/DerivedData/SDKStatCaches.noindex/macosx26.2-25C5031g-28ca432d5676da3146507086b13d17f8.sdkstatcache -output-file-map /Users/danielstevens/Library/Developer/Xcode/DerivedData/MomentumFinance-eyokbxaaqtnuhkdigvcnogoazegu/Build/Intermediates.noindex/MomentumFinance.build/Debug/MomentumFinanceCore.build/Objects-normal/arm64/MomentumFinanceCore-OutputFileMap.json -use-frontend-parseable-output -save-temps -no-color-diagnostics -explicit-module-build -module-cache-path /Users/danielstevens/Library/Developer/Xcode/DerivedData/MomentumFinance-eyokbxaaqtnuhkdigvcnogoazegu/Build/Intermediates.noindex/SwiftExplicitPrecompiledModules -clang-scanner-module-cache-path /Users/danielstevens/Library/Developer/Xcode/DerivedData/ModuleCache.noindex -sdk-module-cache-path /Users/danielstevens/Library/Developer/Xcode/DerivedData/ModuleCache.noindex -serialize-diagnostics -emit-dependencies -emit-module -emit-module-path /Users/danielstevens/Library/Developer/Xcode/DerivedData/MomentumFinance-eyokbxaaqtnuhkdigvcnogoazegu/Build/Intermediates.noindex/MomentumFinance.build/Debug/MomentumFinanceCore.build/Objects-normal/arm64/MomentumFinanceCore.swiftmodule -validate-clang-modules-once -clang-build-session-file /Users/danielstevens/Library/Developer/Xcode/DerivedData/ModuleCache.noindex/Session.modulevalidation -Xcc -I/Users/danielstevens/Library/Developer/Xcode/DerivedData/MomentumFinance-eyokbxaaqtnuhkdigvcnogoazegu/Build/Intermediates.noindex/MomentumFinance.build/Debug/MomentumFinanceCore.build/swift-overrides.hmap -emit-const-values -Xfrontend -const-gather-protocols-file -Xfrontend /Users/danielstevens/Library/Developer/Xcode/DerivedData/MomentumFinance-eyokbxaaqtnuhkdigvcnogoazegu/Build/Intermediates.noindex/MomentumFinance.build/Debug/MomentumFinanceCore.build/Objects-normal/arm64/MomentumFinanceCore_const_extract_protocols.json -Xcc -iquote -Xcc /Users/danielstevens/Library/Developer/Xcode/DerivedData/MomentumFinance-eyokbxaaqtnuhkdigvcnogoazegu/Build/Intermediates.noindex/MomentumFinance.build/Debug/MomentumFinanceCore.build/MomentumFinanceCore-generated-files.hmap -Xcc -I/Users/danielstevens/Library/Developer/Xcode/DerivedData/MomentumFinance-eyokbxaaqtnuhkdigvcnogoazegu/Build/Intermediates.noindex/MomentumFinance.build/Debug/MomentumFinanceCore.build/MomentumFinanceCore-own-target-headers.hmap -Xcc -I/Users/danielstevens/Library/Developer/Xcode/DerivedData/MomentumFinance-eyokbxaaqtnuhkdigvcnogoazegu/Build/Intermediates.noindex/MomentumFinance.build/Debug/MomentumFinanceCore.build/MomentumFinanceCore-all-target-headers.hmap -Xcc -iquote -Xcc /Users/danielstevens/Library/Developer/Xcode/DerivedData/MomentumFinance-eyokbxaaqtnuhkdigvcnogoazegu/Build/Intermediates.noindex/MomentumFinance.build/Debug/MomentumFinanceCore.build/MomentumFinanceCore-project-headers.hmap -Xcc -I/Users/danielstevens/Library/Developer/Xcode/DerivedData/MomentumFinance-eyokbxaaqtnuhkdigvcnogoazegu/Build/Products/Debug/include -Xcc -I/Users/danielstevens/Library/Developer/Xcode/DerivedData/MomentumFinance-eyokbxaaqtnuhkdigvcnogoazegu/Build/Intermediates.noindex/MomentumFinance.build/Debug/MomentumFinanceCore.build/DerivedSources-normal/arm64 -Xcc -I/Users/danielstevens/Library/Developer/Xcode/DerivedData/MomentumFinance-eyokbxaaqtnuhkdigvcnogoazegu/Build/Intermediates.noindex/MomentumFinance.build/Debug/MomentumFinanceCore.build/DerivedSources/arm64 -Xcc -I/Users/danielstevens/Library/Developer/Xcode/DerivedData/MomentumFinance-eyokbxaaqtnuhkdigvcnogoazegu/Build/Intermediates.noindex/MomentumFinance.build/Debug/MomentumFinanceCore.build/DerivedSources -Xcc -DDEBUG\=1 -emit-objc-header -emit-objc-header-path /Users/danielstevens/Library/Developer/Xcode/DerivedData/MomentumFinance-eyokbxaaqtnuhkdigvcnogoazegu/Build/Intermediates.noindex/MomentumFinance.build/Debug/MomentumFinanceCore.build/Objects-normal/arm64/MomentumFinanceCore-Swift.h -working-directory /Users/danielstevens/Desktop/github-projects/tools-automation/MomentumFinance -experimental-emit-module-separately -disable-cmo

SwiftMergeGeneratedHeaders /Users/danielstevens/Library/Developer/Xcode/DerivedData/MomentumFinance-eyokbxaaqtnuhkdigvcnogoazegu/Build/Products/Debug/MomentumFinanceCore.framework/Versions/A/Headers/MomentumFinanceCore-Swift.h /Users/danielstevens/Library/Developer/Xcode/DerivedData/MomentumFinance-eyokbxaaqtnuhkdigvcnogoazegu/Build/Intermediates.noindex/MomentumFinance.build/Debug/MomentumFinanceCore.build/Objects-normal/arm64/MomentumFinanceCore-Swift.h (in target 'MomentumFinanceCore' from project 'MomentumFinance')
    cd /Users/danielstevens/Desktop/github-projects/tools-automation/MomentumFinance
    builtin-swiftHeaderTool -arch arm64 /Users/danielstevens/Library/Developer/Xcode/DerivedData/MomentumFinance-eyokbxaaqtnuhkdigvcnogoazegu/Build/Intermediates.noindex/MomentumFinance.build/Debug/MomentumFinanceCore.build/Objects-normal/arm64/MomentumFinanceCore-Swift.h -o /Users/danielstevens/Library/Developer/Xcode/DerivedData/MomentumFinance-eyokbxaaqtnuhkdigvcnogoazegu/Build/Products/Debug/MomentumFinanceCore.framework/Versions/A/Headers/MomentumFinanceCore-Swift.h

Copy /Users/danielstevens/Library/Developer/Xcode/DerivedData/MomentumFinance-eyokbxaaqtnuhkdigvcnogoazegu/Build/Products/Debug/MomentumFinanceCore.framework/Versions/A/Modules/MomentumFinanceCore.swiftmodule/arm64-apple-macos.swiftdoc /Users/danielstevens/Library/Developer/Xcode/DerivedData/MomentumFinance-eyokbxaaqtnuhkdigvcnogoazegu/Build/Intermediates.noindex/MomentumFinance.build/Debug/MomentumFinanceCore.build/Objects-normal/arm64/MomentumFinanceCore.swiftdoc (in target 'MomentumFinanceCore' from project 'MomentumFinance')
    cd /Users/danielstevens/Desktop/github-projects/tools-automation/MomentumFinance
    builtin-copy -exclude .DS_Store -exclude CVS -exclude .svn -exclude .git -exclude .hg -resolve-src-symlinks -rename /Users/danielstevens/Library/Developer/Xcode/DerivedData/MomentumFinance-eyokbxaaqtnuhkdigvcnogoazegu/Build/Intermediates.noindex/MomentumFinance.build/Debug/MomentumFinanceCore.build/Objects-normal/arm64/MomentumFinanceCore.swiftdoc /Users/danielstevens/Library/Developer/Xcode/DerivedData/MomentumFinance-eyokbxaaqtnuhkdigvcnogoazegu/Build/Products/Debug/MomentumFinanceCore.framework/Versions/A/Modules/MomentumFinanceCore.swiftmodule/arm64-apple-macos.swiftdoc

Copy /Users/danielstevens/Library/Developer/Xcode/DerivedData/MomentumFinance-eyokbxaaqtnuhkdigvcnogoazegu/Build/Products/Debug/MomentumFinanceCore.framework/Versions/A/Modules/MomentumFinanceCore.swiftmodule/arm64-apple-macos.abi.json /Users/danielstevens/Library/Developer/Xcode/DerivedData/MomentumFinance-eyokbxaaqtnuhkdigvcnogoazegu/Build/Intermediates.noindex/MomentumFinance.build/Debug/MomentumFinanceCore.build/Objects-normal/arm64/MomentumFinanceCore.abi.json (in target 'MomentumFinanceCore' from project 'MomentumFinance')
    cd /Users/danielstevens/Desktop/github-projects/tools-automation/MomentumFinance
    builtin-copy -exclude .DS_Store -exclude CVS -exclude .svn -exclude .git -exclude .hg -resolve-src-symlinks -rename /Users/danielstevens/Library/Developer/Xcode/DerivedData/MomentumFinance-eyokbxaaqtnuhkdigvcnogoazegu/Build/Intermediates.noindex/MomentumFinance.build/Debug/MomentumFinanceCore.build/Objects-normal/arm64/MomentumFinanceCore.abi.json /Users/danielstevens/Library/Developer/Xcode/DerivedData/MomentumFinance-eyokbxaaqtnuhkdigvcnogoazegu/Build/Products/Debug/MomentumFinanceCore.framework/Versions/A/Modules/MomentumFinanceCore.swiftmodule/arm64-apple-macos.abi.json

Copy /Users/danielstevens/Library/Developer/Xcode/DerivedData/MomentumFinance-eyokbxaaqtnuhkdigvcnogoazegu/Build/Products/Debug/MomentumFinanceCore.framework/Versions/A/Modules/MomentumFinanceCore.swiftmodule/arm64-apple-macos.swiftmodule /Users/danielstevens/Library/Developer/Xcode/DerivedData/MomentumFinance-eyokbxaaqtnuhkdigvcnogoazegu/Build/Intermediates.noindex/MomentumFinance.build/Debug/MomentumFinanceCore.build/Objects-normal/arm64/MomentumFinanceCore.swiftmodule (in target 'MomentumFinanceCore' from project 'MomentumFinance')
    cd /Users/danielstevens/Desktop/github-projects/tools-automation/MomentumFinance
    builtin-copy -exclude .DS_Store -exclude CVS -exclude .svn -exclude .git -exclude .hg -resolve-src-symlinks -rename /Users/danielstevens/Library/Developer/Xcode/DerivedData/MomentumFinance-eyokbxaaqtnuhkdigvcnogoazegu/Build/Intermediates.noindex/MomentumFinance.build/Debug/MomentumFinanceCore.build/Objects-normal/arm64/MomentumFinanceCore.swiftmodule /Users/danielstevens/Library/Developer/Xcode/DerivedData/MomentumFinance-eyokbxaaqtnuhkdigvcnogoazegu/Build/Products/Debug/MomentumFinanceCore.framework/Versions/A/Modules/MomentumFinanceCore.swiftmodule/arm64-apple-macos.swiftmodule

Copy /Users/danielstevens/Library/Developer/Xcode/DerivedData/MomentumFinance-eyokbxaaqtnuhkdigvcnogoazegu/Build/Products/Debug/MomentumFinanceCore.framework/Versions/A/Modules/MomentumFinanceCore.swiftmodule/Project/arm64-apple-macos.swiftsourceinfo /Users/danielstevens/Library/Developer/Xcode/DerivedData/MomentumFinance-eyokbxaaqtnuhkdigvcnogoazegu/Build/Intermediates.noindex/MomentumFinance.build/Debug/MomentumFinanceCore.build/Objects-normal/arm64/MomentumFinanceCore.swiftsourceinfo (in target 'MomentumFinanceCore' from project 'MomentumFinance')
    cd /Users/danielstevens/Desktop/github-projects/tools-automation/MomentumFinance
    builtin-copy -exclude .DS_Store -exclude CVS -exclude .svn -exclude .git -exclude .hg -resolve-src-symlinks -rename /Users/danielstevens/Library/Developer/Xcode/DerivedData/MomentumFinance-eyokbxaaqtnuhkdigvcnogoazegu/Build/Intermediates.noindex/MomentumFinance.build/Debug/MomentumFinanceCore.build/Objects-normal/arm64/MomentumFinanceCore.swiftsourceinfo /Users/danielstevens/Library/Developer/Xcode/DerivedData/MomentumFinance-eyokbxaaqtnuhkdigvcnogoazegu/Build/Products/Debug/MomentumFinanceCore.framework/Versions/A/Modules/MomentumFinanceCore.swiftmodule/Project/arm64-apple-macos.swiftsourceinfo

ProcessProductPackaging "" /Users/danielstevens/Library/Developer/Xcode/DerivedData/MomentumFinance-eyokbxaaqtnuhkdigvcnogoazegu/Build/Intermediates.noindex/MomentumFinance.build/Debug/MomentumFinance.build/MomentumFinance.app.xcent (in target 'MomentumFinance' from project 'MomentumFinance')
    cd /Users/danielstevens/Desktop/github-projects/tools-automation/MomentumFinance
    
    Entitlements:
    
    {
    "com.apple.security.get-task-allow" = 1;
}
    
    builtin-productPackagingUtility -entitlements -format xml -o /Users/danielstevens/Library/Developer/Xcode/DerivedData/MomentumFinance-eyokbxaaqtnuhkdigvcnogoazegu/Build/Intermediates.noindex/MomentumFinance.build/Debug/MomentumFinance.build/MomentumFinance.app.xcent

ProcessProductPackagingDER /Users/danielstevens/Library/Developer/Xcode/DerivedData/MomentumFinance-eyokbxaaqtnuhkdigvcnogoazegu/Build/Intermediates.noindex/MomentumFinance.build/Debug/MomentumFinance.build/MomentumFinance.app.xcent /Users/danielstevens/Library/Developer/Xcode/DerivedData/MomentumFinance-eyokbxaaqtnuhkdigvcnogoazegu/Build/Intermediates.noindex/MomentumFinance.build/Debug/MomentumFinance.build/MomentumFinance.app.xcent.der (in target 'MomentumFinance' from project 'MomentumFinance')
    cd /Users/danielstevens/Desktop/github-projects/tools-automation/MomentumFinance
    /usr/bin/derq query -f xml -i /Users/danielstevens/Library/Developer/Xcode/DerivedData/MomentumFinance-eyokbxaaqtnuhkdigvcnogoazegu/Build/Intermediates.noindex/MomentumFinance.build/Debug/MomentumFinance.build/MomentumFinance.app.xcent -o /Users/danielstevens/Library/Developer/Xcode/DerivedData/MomentumFinance-eyokbxaaqtnuhkdigvcnogoazegu/Build/Intermediates.noindex/MomentumFinance.build/Debug/MomentumFinance.build/MomentumFinance.app.xcent.der --raw

GenerateAssetSymbols /Users/danielstevens/Desktop/github-projects/tools-automation/MomentumFinance/MomentumFinance/Preview\ Content/Preview\ Assets.xcassets /Users/danielstevens/Desktop/github-projects/tools-automation/MomentumFinance/MomentumFinance/Assets.xcassets (in target 'MomentumFinance' from project 'MomentumFinance')
    cd /Users/danielstevens/Desktop/github-projects/tools-automation/MomentumFinance
    /Applications/Xcode-beta.app/Contents/Developer/usr/bin/actool /Users/danielstevens/Desktop/github-projects/tools-automation/MomentumFinance/MomentumFinance/Preview\ Content/Preview\ Assets.xcassets /Users/danielstevens/Desktop/github-projects/tools-automation/MomentumFinance/MomentumFinance/Assets.xcassets --compile /Users/danielstevens/Library/Developer/Xcode/DerivedData/MomentumFinance-eyokbxaaqtnuhkdigvcnogoazegu/Build/Products/Debug/MomentumFinance.app/Contents/Resources --output-format human-readable-text --notices --warnings --export-dependency-info /Users/danielstevens/Library/Developer/Xcode/DerivedData/MomentumFinance-eyokbxaaqtnuhkdigvcnogoazegu/Build/Intermediates.noindex/MomentumFinance.build/Debug/MomentumFinance.build/assetcatalog_dependencies --output-partial-info-plist /Users/danielstevens/Library/Developer/Xcode/DerivedData/MomentumFinance-eyokbxaaqtnuhkdigvcnogoazegu/Build/Intermediates.noindex/MomentumFinance.build/Debug/MomentumFinance.build/assetcatalog_generated_info.plist --app-icon AppIcon --accent-color AccentColor --enable-on-demand-resources NO --development-region en --target-device mac --minimum-deployment-target 26.2 --platform macosx --bundle-identifier com.momentumfinance.MomentumFinance --generate-swift-asset-symbols /Users/danielstevens/Library/Developer/Xcode/DerivedData/MomentumFinance-eyokbxaaqtnuhkdigvcnogoazegu/Build/Intermediates.noindex/MomentumFinance.build/Debug/MomentumFinance.build/DerivedSources/GeneratedAssetSymbols.swift --generate-objc-asset-symbols /Users/danielstevens/Library/Developer/Xcode/DerivedData/MomentumFinance-eyokbxaaqtnuhkdigvcnogoazegu/Build/Intermediates.noindex/MomentumFinance.build/Debug/MomentumFinance.build/DerivedSources/GeneratedAssetSymbols.h --generate-asset-symbol-index /Users/danielstevens/Library/Developer/Xcode/DerivedData/MomentumFinance-eyokbxaaqtnuhkdigvcnogoazegu/Build/Intermediates.noindex/MomentumFinance.build/Debug/MomentumFinance.build/DerivedSources/GeneratedAssetSymbols-Index.plist
/* com.apple.actool.compilation-results */
/Users/danielstevens/Library/Developer/Xcode/DerivedData/MomentumFinance-eyokbxaaqtnuhkdigvcnogoazegu/Build/Intermediates.noindex/MomentumFinance.build/Debug/MomentumFinance.build/DerivedSources/GeneratedAssetSymbols-Index.plist
/Users/danielstevens/Library/Developer/Xcode/DerivedData/MomentumFinance-eyokbxaaqtnuhkdigvcnogoazegu/Build/Intermediates.noindex/MomentumFinance.build/Debug/MomentumFinance.build/DerivedSources/GeneratedAssetSymbols.h
/Users/danielstevens/Library/Developer/Xcode/DerivedData/MomentumFinance-eyokbxaaqtnuhkdigvcnogoazegu/Build/Intermediates.noindex/MomentumFinance.build/Debug/MomentumFinance.build/DerivedSources/GeneratedAssetSymbols.swift


MkDir /Users/danielstevens/Library/Developer/Xcode/DerivedData/MomentumFinance-eyokbxaaqtnuhkdigvcnogoazegu/Build/Intermediates.noindex/MomentumFinance.build/Debug/MomentumFinance.build/assetcatalog_output/thinned (in target 'MomentumFinance' from project 'MomentumFinance')
    cd /Users/danielstevens/Desktop/github-projects/tools-automation/MomentumFinance
    /bin/mkdir -p /Users/danielstevens/Library/Developer/Xcode/DerivedData/MomentumFinance-eyokbxaaqtnuhkdigvcnogoazegu/Build/Intermediates.noindex/MomentumFinance.build/Debug/MomentumFinance.build/assetcatalog_output/thinned

MkDir /Users/danielstevens/Library/Developer/Xcode/DerivedData/MomentumFinance-eyokbxaaqtnuhkdigvcnogoazegu/Build/Intermediates.noindex/MomentumFinance.build/Debug/MomentumFinance.build/assetcatalog_output/unthinned (in target 'MomentumFinance' from project 'MomentumFinance')
    cd /Users/danielstevens/Desktop/github-projects/tools-automation/MomentumFinance
    /bin/mkdir -p /Users/danielstevens/Library/Developer/Xcode/DerivedData/MomentumFinance-eyokbxaaqtnuhkdigvcnogoazegu/Build/Intermediates.noindex/MomentumFinance.build/Debug/MomentumFinance.build/assetcatalog_output/unthinned

CompileAssetCatalogVariant thinned /Users/danielstevens/Library/Developer/Xcode/DerivedData/MomentumFinance-eyokbxaaqtnuhkdigvcnogoazegu/Build/Products/Debug/MomentumFinance.app/Contents/Resources /Users/danielstevens/Desktop/github-projects/tools-automation/MomentumFinance/MomentumFinance/Preview\ Content/Preview\ Assets.xcassets /Users/danielstevens/Desktop/github-projects/tools-automation/MomentumFinance/MomentumFinance/Assets.xcassets (in target 'MomentumFinance' from project 'MomentumFinance')
    cd /Users/danielstevens/Desktop/github-projects/tools-automation/MomentumFinance
    /Applications/Xcode-beta.app/Contents/Developer/usr/bin/actool /Users/danielstevens/Desktop/github-projects/tools-automation/MomentumFinance/MomentumFinance/Preview\ Content/Preview\ Assets.xcassets /Users/danielstevens/Desktop/github-projects/tools-automation/MomentumFinance/MomentumFinance/Assets.xcassets --compile /Users/danielstevens/Library/Developer/Xcode/DerivedData/MomentumFinance-eyokbxaaqtnuhkdigvcnogoazegu/Build/Intermediates.noindex/MomentumFinance.build/Debug/MomentumFinance.build/assetcatalog_output/thinned --output-format human-readable-text --notices --warnings --export-dependency-info /Users/danielstevens/Library/Developer/Xcode/DerivedData/MomentumFinance-eyokbxaaqtnuhkdigvcnogoazegu/Build/Intermediates.noindex/MomentumFinance.build/Debug/MomentumFinance.build/assetcatalog_dependencies_thinned --output-partial-info-plist /Users/danielstevens/Library/Developer/Xcode/DerivedData/MomentumFinance-eyokbxaaqtnuhkdigvcnogoazegu/Build/Intermediates.noindex/MomentumFinance.build/Debug/MomentumFinance.build/assetcatalog_generated_info.plist_thinned --app-icon AppIcon --accent-color AccentColor --enable-on-demand-resources NO --development-region en --target-device mac --minimum-deployment-target 26.2 --platform macosx
/* com.apple.actool.compilation-results */
/Users/danielstevens/Library/Developer/Xcode/DerivedData/MomentumFinance-eyokbxaaqtnuhkdigvcnogoazegu/Build/Intermediates.noindex/MomentumFinance.build/Debug/MomentumFinance.build/assetcatalog_generated_info.plist_thinned


LinkAssetCatalog /Users/danielstevens/Desktop/github-projects/tools-automation/MomentumFinance/MomentumFinance/Preview\ Content/Preview\ Assets.xcassets /Users/danielstevens/Desktop/github-projects/tools-automation/MomentumFinance/MomentumFinance/Assets.xcassets (in target 'MomentumFinance' from project 'MomentumFinance')
    cd /Users/danielstevens/Desktop/github-projects/tools-automation/MomentumFinance
    builtin-linkAssetCatalog --thinned /Users/danielstevens/Library/Developer/Xcode/DerivedData/MomentumFinance-eyokbxaaqtnuhkdigvcnogoazegu/Build/Intermediates.noindex/MomentumFinance.build/Debug/MomentumFinance.build/assetcatalog_output/thinned --thinned-dependencies /Users/danielstevens/Library/Developer/Xcode/DerivedData/MomentumFinance-eyokbxaaqtnuhkdigvcnogoazegu/Build/Intermediates.noindex/MomentumFinance.build/Debug/MomentumFinance.build/assetcatalog_dependencies_thinned --thinned-info-plist-content /Users/danielstevens/Library/Developer/Xcode/DerivedData/MomentumFinance-eyokbxaaqtnuhkdigvcnogoazegu/Build/Intermediates.noindex/MomentumFinance.build/Debug/MomentumFinance.build/assetcatalog_generated_info.plist_thinned --unthinned /Users/danielstevens/Library/Developer/Xcode/DerivedData/MomentumFinance-eyokbxaaqtnuhkdigvcnogoazegu/Build/Intermediates.noindex/MomentumFinance.build/Debug/MomentumFinance.build/assetcatalog_output/unthinned --unthinned-dependencies /Users/danielstevens/Library/Developer/Xcode/DerivedData/MomentumFinance-eyokbxaaqtnuhkdigvcnogoazegu/Build/Intermediates.noindex/MomentumFinance.build/Debug/MomentumFinance.build/assetcatalog_dependencies_unthinned --unthinned-info-plist-content /Users/danielstevens/Library/Developer/Xcode/DerivedData/MomentumFinance-eyokbxaaqtnuhkdigvcnogoazegu/Build/Intermediates.noindex/MomentumFinance.build/Debug/MomentumFinance.build/assetcatalog_generated_info.plist_unthinned --output /Users/danielstevens/Library/Developer/Xcode/DerivedData/MomentumFinance-eyokbxaaqtnuhkdigvcnogoazegu/Build/Products/Debug/MomentumFinance.app/Contents/Resources --plist-output /Users/danielstevens/Library/Developer/Xcode/DerivedData/MomentumFinance-eyokbxaaqtnuhkdigvcnogoazegu/Build/Intermediates.noindex/MomentumFinance.build/Debug/MomentumFinance.build/assetcatalog_generated_info.plist

SwiftDriver MomentumFinance normal arm64 com.apple.xcode.tools.swift.compiler (in target 'MomentumFinance' from project 'MomentumFinance')
    cd /Users/danielstevens/Desktop/github-projects/tools-automation/MomentumFinance
    builtin-SwiftDriver -- /Applications/Xcode-beta.app/Contents/Developer/Toolchains/XcodeDefault.xctoolchain/usr/bin/swiftc -module-name MomentumFinance -Onone -enforce-exclusivity\=checked @/Users/danielstevens/Library/Developer/Xcode/DerivedData/MomentumFinance-eyokbxaaqtnuhkdigvcnogoazegu/Build/Intermediates.noindex/MomentumFinance.build/Debug/MomentumFinance.build/Objects-normal/arm64/MomentumFinance.SwiftFileList -DDEBUG -enable-experimental-feature DebugDescriptionMacro -sdk /Applications/Xcode-beta.app/Contents/Developer/Platforms/MacOSX.platform/Developer/SDKs/MacOSX26.2.sdk -target arm64-apple-macos26.2 -g -module-cache-path /Users/danielstevens/Library/Developer/Xcode/DerivedData/ModuleCache.noindex -Xfrontend -serialize-debugging-options -enable-testing -index-store-path /Users/danielstevens/Library/Developer/Xcode/DerivedData/MomentumFinance-eyokbxaaqtnuhkdigvcnogoazegu/Index.noindex/DataStore -Xcc -D_LIBCPP_HARDENING_MODE\=_LIBCPP_HARDENING_MODE_DEBUG -swift-version 6 -I /Users/danielstevens/Library/Developer/Xcode/DerivedData/MomentumFinance-eyokbxaaqtnuhkdigvcnogoazegu/Build/Products/Debug -F /Users/danielstevens/Library/Developer/Xcode/DerivedData/MomentumFinance-eyokbxaaqtnuhkdigvcnogoazegu/Build/Products/Debug -emit-localized-strings -emit-localized-strings-path /Users/danielstevens/Library/Developer/Xcode/DerivedData/MomentumFinance-eyokbxaaqtnuhkdigvcnogoazegu/Build/Intermediates.noindex/MomentumFinance.build/Debug/MomentumFinance.build/Objects-normal/arm64 -c -j10 -enable-batch-mode -incremental -Xcc -ivfsstatcache -Xcc /Users/danielstevens/Library/Developer/Xcode/DerivedData/SDKStatCaches.noindex/macosx26.2-25C5031g-28ca432d5676da3146507086b13d17f8.sdkstatcache -output-file-map /Users/danielstevens/Library/Developer/Xcode/DerivedData/MomentumFinance-eyokbxaaqtnuhkdigvcnogoazegu/Build/Intermediates.noindex/MomentumFinance.build/Debug/MomentumFinance.build/Objects-normal/arm64/MomentumFinance-OutputFileMap.json -use-frontend-parseable-output -save-temps -no-color-diagnostics -explicit-module-build -module-cache-path /Users/danielstevens/Library/Developer/Xcode/DerivedData/MomentumFinance-eyokbxaaqtnuhkdigvcnogoazegu/Build/Intermediates.noindex/SwiftExplicitPrecompiledModules -clang-scanner-module-cache-path /Users/danielstevens/Library/Developer/Xcode/DerivedData/ModuleCache.noindex -sdk-module-cache-path /Users/danielstevens/Library/Developer/Xcode/DerivedData/ModuleCache.noindex -serialize-diagnostics -emit-dependencies -emit-module -emit-module-path /Users/danielstevens/Library/Developer/Xcode/DerivedData/MomentumFinance-eyokbxaaqtnuhkdigvcnogoazegu/Build/Intermediates.noindex/MomentumFinance.build/Debug/MomentumFinance.build/Objects-normal/arm64/MomentumFinance.swiftmodule -validate-clang-modules-once -clang-build-session-file /Users/danielstevens/Library/Developer/Xcode/DerivedData/ModuleCache.noindex/Session.modulevalidation -Xcc -I/Users/danielstevens/Library/Developer/Xcode/DerivedData/MomentumFinance-eyokbxaaqtnuhkdigvcnogoazegu/Build/Intermediates.noindex/MomentumFinance.build/Debug/MomentumFinance.build/swift-overrides.hmap -emit-const-values -Xfrontend -const-gather-protocols-file -Xfrontend /Users/danielstevens/Library/Developer/Xcode/DerivedData/MomentumFinance-eyokbxaaqtnuhkdigvcnogoazegu/Build/Intermediates.noindex/MomentumFinance.build/Debug/MomentumFinance.build/Objects-normal/arm64/MomentumFinance_const_extract_protocols.json -Xcc -iquote -Xcc /Users/danielstevens/Library/Developer/Xcode/DerivedData/MomentumFinance-eyokbxaaqtnuhkdigvcnogoazegu/Build/Intermediates.noindex/MomentumFinance.build/Debug/MomentumFinance.build/MomentumFinance-generated-files.hmap -Xcc -I/Users/danielstevens/Library/Developer/Xcode/DerivedData/MomentumFinance-eyokbxaaqtnuhkdigvcnogoazegu/Build/Intermediates.noindex/MomentumFinance.build/Debug/MomentumFinance.build/MomentumFinance-own-target-headers.hmap -Xcc -I/Users/danielstevens/Library/Developer/Xcode/DerivedData/MomentumFinance-eyokbxaaqtnuhkdigvcnogoazegu/Build/Intermediates.noindex/MomentumFinance.build/Debug/MomentumFinance.build/MomentumFinance-all-target-headers.hmap -Xcc -iquote -Xcc /Users/danielstevens/Library/Developer/Xcode/DerivedData/MomentumFinance-eyokbxaaqtnuhkdigvcnogoazegu/Build/Intermediates.noindex/MomentumFinance.build/Debug/MomentumFinance.build/MomentumFinance-project-headers.hmap -Xcc -I/Users/danielstevens/Library/Developer/Xcode/DerivedData/MomentumFinance-eyokbxaaqtnuhkdigvcnogoazegu/Build/Products/Debug/include -Xcc -I/Users/danielstevens/Library/Developer/Xcode/DerivedData/MomentumFinance-eyokbxaaqtnuhkdigvcnogoazegu/Build/Intermediates.noindex/MomentumFinance.build/Debug/MomentumFinance.build/DerivedSources-normal/arm64 -Xcc -I/Users/danielstevens/Library/Developer/Xcode/DerivedData/MomentumFinance-eyokbxaaqtnuhkdigvcnogoazegu/Build/Intermediates.noindex/MomentumFinance.build/Debug/MomentumFinance.build/DerivedSources/arm64 -Xcc -I/Users/danielstevens/Library/Developer/Xcode/DerivedData/MomentumFinance-eyokbxaaqtnuhkdigvcnogoazegu/Build/Intermediates.noindex/MomentumFinance.build/Debug/MomentumFinance.build/DerivedSources -Xcc -DDEBUG\=1 -emit-objc-header -emit-objc-header-path /Users/danielstevens/Library/Developer/Xcode/DerivedData/MomentumFinance-eyokbxaaqtnuhkdigvcnogoazegu/Build/Intermediates.noindex/MomentumFinance.build/Debug/MomentumFinance.build/Objects-normal/arm64/MomentumFinance-Swift.h -working-directory /Users/danielstevens/Desktop/github-projects/tools-automation/MomentumFinance -experimental-emit-module-separately -disable-cmo

SwiftDriverJobDiscovery normal arm64 Compiling Logger.swift, ErrorHandler.swift (in target 'MomentumFinanceCore' from project 'MomentumFinance')

SwiftDriverJobDiscovery normal arm64 Compiling Subscription.swift, SavingsGoal.swift, SampleData.swift (in target 'MomentumFinanceCore' from project 'MomentumFinance')

SwiftDriverJobDiscovery normal arm64 Compiling SampleDataGenerators.swift, SampleDataProviders.swift, ComplexDataGenerators.swift (in target 'MomentumFinanceCore' from project 'MomentumFinance')

SwiftDriverJobDiscovery normal arm64 Compiling ExpenseCategory.swift, FinancialTransaction.swift, Budget.swift (in target 'MomentumFinanceCore' from project 'MomentumFinance')

SwiftDriver\ Compilation MomentumFinanceCore normal arm64 com.apple.xcode.tools.swift.compiler (in target 'MomentumFinanceCore' from project 'MomentumFinance')
    cd /Users/danielstevens/Desktop/github-projects/tools-automation/MomentumFinance
    builtin-Swift-Compilation -- /Applications/Xcode-beta.app/Contents/Developer/Toolchains/XcodeDefault.xctoolchain/usr/bin/swiftc -module-name MomentumFinanceCore -Onone -enforce-exclusivity\=checked @/Users/danielstevens/Library/Developer/Xcode/DerivedData/MomentumFinance-eyokbxaaqtnuhkdigvcnogoazegu/Build/Intermediates.noindex/MomentumFinance.build/Debug/MomentumFinanceCore.build/Objects-normal/arm64/MomentumFinanceCore.SwiftFileList -DDEBUG -enable-experimental-feature DebugDescriptionMacro -sdk /Applications/Xcode-beta.app/Contents/Developer/Platforms/MacOSX.platform/Developer/SDKs/MacOSX26.2.sdk -target arm64-apple-macos26.2 -g -module-cache-path /Users/danielstevens/Library/Developer/Xcode/DerivedData/ModuleCache.noindex -Xfrontend -serialize-debugging-options -enable-testing -index-store-path /Users/danielstevens/Library/Developer/Xcode/DerivedData/MomentumFinance-eyokbxaaqtnuhkdigvcnogoazegu/Index.noindex/DataStore -Xcc -D_LIBCPP_HARDENING_MODE\=_LIBCPP_HARDENING_MODE_DEBUG -swift-version 6 -I /Users/danielstevens/Library/Developer/Xcode/DerivedData/MomentumFinance-eyokbxaaqtnuhkdigvcnogoazegu/Build/Products/Debug -F /Users/danielstevens/Library/Developer/Xcode/DerivedData/MomentumFinance-eyokbxaaqtnuhkdigvcnogoazegu/Build/Products/Debug -c -j10 -enable-batch-mode -incremental -Xcc -ivfsstatcache -Xcc /Users/danielstevens/Library/Developer/Xcode/DerivedData/SDKStatCaches.noindex/macosx26.2-25C5031g-28ca432d5676da3146507086b13d17f8.sdkstatcache -output-file-map /Users/danielstevens/Library/Developer/Xcode/DerivedData/MomentumFinance-eyokbxaaqtnuhkdigvcnogoazegu/Build/Intermediates.noindex/MomentumFinance.build/Debug/MomentumFinanceCore.build/Objects-normal/arm64/MomentumFinanceCore-OutputFileMap.json -use-frontend-parseable-output -save-temps -no-color-diagnostics -explicit-module-build -module-cache-path /Users/danielstevens/Library/Developer/Xcode/DerivedData/MomentumFinance-eyokbxaaqtnuhkdigvcnogoazegu/Build/Intermediates.noindex/SwiftExplicitPrecompiledModules -clang-scanner-module-cache-path /Users/danielstevens/Library/Developer/Xcode/DerivedData/ModuleCache.noindex -sdk-module-cache-path /Users/danielstevens/Library/Developer/Xcode/DerivedData/ModuleCache.noindex -serialize-diagnostics -emit-dependencies -emit-module -emit-module-path /Users/danielstevens/Library/Developer/Xcode/DerivedData/MomentumFinance-eyokbxaaqtnuhkdigvcnogoazegu/Build/Intermediates.noindex/MomentumFinance.build/Debug/MomentumFinanceCore.build/Objects-normal/arm64/MomentumFinanceCore.swiftmodule -validate-clang-modules-once -clang-build-session-file /Users/danielstevens/Library/Developer/Xcode/DerivedData/ModuleCache.noindex/Session.modulevalidation -Xcc -I/Users/danielstevens/Library/Developer/Xcode/DerivedData/MomentumFinance-eyokbxaaqtnuhkdigvcnogoazegu/Build/Intermediates.noindex/MomentumFinance.build/Debug/MomentumFinanceCore.build/swift-overrides.hmap -emit-const-values -Xfrontend -const-gather-protocols-file -Xfrontend /Users/danielstevens/Library/Developer/Xcode/DerivedData/MomentumFinance-eyokbxaaqtnuhkdigvcnogoazegu/Build/Intermediates.noindex/MomentumFinance.build/Debug/MomentumFinanceCore.build/Objects-normal/arm64/MomentumFinanceCore_const_extract_protocols.json -Xcc -iquote -Xcc /Users/danielstevens/Library/Developer/Xcode/DerivedData/MomentumFinance-eyokbxaaqtnuhkdigvcnogoazegu/Build/Intermediates.noindex/MomentumFinance.build/Debug/MomentumFinanceCore.build/MomentumFinanceCore-generated-files.hmap -Xcc -I/Users/danielstevens/Library/Developer/Xcode/DerivedData/MomentumFinance-eyokbxaaqtnuhkdigvcnogoazegu/Build/Intermediates.noindex/MomentumFinance.build/Debug/MomentumFinanceCore.build/MomentumFinanceCore-own-target-headers.hmap -Xcc -I/Users/danielstevens/Library/Developer/Xcode/DerivedData/MomentumFinance-eyokbxaaqtnuhkdigvcnogoazegu/Build/Intermediates.noindex/MomentumFinance.build/Debug/MomentumFinanceCore.build/MomentumFinanceCore-all-target-headers.hmap -Xcc -iquote -Xcc /Users/danielstevens/Library/Developer/Xcode/DerivedData/MomentumFinance-eyokbxaaqtnuhkdigvcnogoazegu/Build/Intermediates.noindex/MomentumFinance.build/Debug/MomentumFinanceCore.build/MomentumFinanceCore-project-headers.hmap -Xcc -I/Users/danielstevens/Library/Developer/Xcode/DerivedData/MomentumFinance-eyokbxaaqtnuhkdigvcnogoazegu/Build/Products/Debug/include -Xcc -I/Users/danielstevens/Library/Developer/Xcode/DerivedData/MomentumFinance-eyokbxaaqtnuhkdigvcnogoazegu/Build/Intermediates.noindex/MomentumFinance.build/Debug/MomentumFinanceCore.build/DerivedSources-normal/arm64 -Xcc -I/Users/danielstevens/Library/Developer/Xcode/DerivedData/MomentumFinance-eyokbxaaqtnuhkdigvcnogoazegu/Build/Intermediates.noindex/MomentumFinance.build/Debug/MomentumFinanceCore.build/DerivedSources/arm64 -Xcc -I/Users/danielstevens/Library/Developer/Xcode/DerivedData/MomentumFinance-eyokbxaaqtnuhkdigvcnogoazegu/Build/Intermediates.noindex/MomentumFinance.build/Debug/MomentumFinanceCore.build/DerivedSources -Xcc -DDEBUG\=1 -emit-objc-header -emit-objc-header-path /Users/danielstevens/Library/Developer/Xcode/DerivedData/MomentumFinance-eyokbxaaqtnuhkdigvcnogoazegu/Build/Intermediates.noindex/MomentumFinance.build/Debug/MomentumFinanceCore.build/Objects-normal/arm64/MomentumFinanceCore-Swift.h -working-directory /Users/danielstevens/Desktop/github-projects/tools-automation/MomentumFinance -experimental-emit-module-separately -disable-cmo

Libtool /Users/danielstevens/Library/Developer/Xcode/DerivedData/MomentumFinance-eyokbxaaqtnuhkdigvcnogoazegu/Build/Products/Debug/MomentumFinanceCore.framework/Versions/A/MomentumFinanceCore normal (in target 'MomentumFinanceCore' from project 'MomentumFinance')
    cd /Users/danielstevens/Desktop/github-projects/tools-automation/MomentumFinance
    /Applications/Xcode-beta.app/Contents/Developer/Toolchains/XcodeDefault.xctoolchain/usr/bin/libtool -static -arch_only arm64 -D -syslibroot /Applications/Xcode-beta.app/Contents/Developer/Platforms/MacOSX.platform/Developer/SDKs/MacOSX26.2.sdk -L/Users/danielstevens/Library/Developer/Xcode/DerivedData/MomentumFinance-eyokbxaaqtnuhkdigvcnogoazegu/Build/Products/Debug -filelist /Users/danielstevens/Library/Developer/Xcode/DerivedData/MomentumFinance-eyokbxaaqtnuhkdigvcnogoazegu/Build/Intermediates.noindex/MomentumFinance.build/Debug/MomentumFinanceCore.build/Objects-normal/arm64/MomentumFinanceCore.LinkFileList -dependency_info /Users/danielstevens/Library/Developer/Xcode/DerivedData/MomentumFinance-eyokbxaaqtnuhkdigvcnogoazegu/Build/Intermediates.noindex/MomentumFinance.build/Debug/MomentumFinanceCore.build/Objects-normal/arm64/MomentumFinanceCore_libtool_dependency_info.dat -o /Users/danielstevens/Library/Developer/Xcode/DerivedData/MomentumFinance-eyokbxaaqtnuhkdigvcnogoazegu/Build/Products/Debug/MomentumFinanceCore.framework/Versions/A/MomentumFinanceCore

ExtractAppIntentsMetadata (in target 'MomentumFinanceCore' from project 'MomentumFinance')
    cd /Users/danielstevens/Desktop/github-projects/tools-automation/MomentumFinance
    /Applications/Xcode-beta.app/Contents/Developer/Toolchains/XcodeDefault.xctoolchain/usr/bin/appintentsmetadataprocessor --toolchain-dir /Applications/Xcode-beta.app/Contents/Developer/Toolchains/XcodeDefault.xctoolchain --module-name MomentumFinanceCore --sdk-root /Applications/Xcode-beta.app/Contents/Developer/Platforms/MacOSX.platform/Developer/SDKs/MacOSX26.2.sdk --xcode-version 17C5013i --platform-family macOS --deployment-target 26.2 --bundle-identifier com.momentumfinance.core --output /Users/danielstevens/Library/Developer/Xcode/DerivedData/MomentumFinance-eyokbxaaqtnuhkdigvcnogoazegu/Build/Products/Debug/MomentumFinanceCore.appintents --target-triple arm64-apple-macos26.2 --binary-file /Users/danielstevens/Library/Developer/Xcode/DerivedData/MomentumFinance-eyokbxaaqtnuhkdigvcnogoazegu/Build/Products/Debug/MomentumFinanceCore.framework/Versions/A/MomentumFinanceCore --dependency-file /Users/danielstevens/Library/Developer/Xcode/DerivedData/MomentumFinance-eyokbxaaqtnuhkdigvcnogoazegu/Build/Intermediates.noindex/MomentumFinance.build/Debug/MomentumFinanceCore.build/Objects-normal/arm64/MomentumFinanceCore_libtool_dependency_info.dat --stringsdata-file /Users/danielstevens/Library/Developer/Xcode/DerivedData/MomentumFinance-eyokbxaaqtnuhkdigvcnogoazegu/Build/Intermediates.noindex/MomentumFinance.build/Debug/MomentumFinanceCore.build/Objects-normal/arm64/ExtractedAppShortcutsMetadata.stringsdata --source-file-list /Users/danielstevens/Library/Developer/Xcode/DerivedData/MomentumFinance-eyokbxaaqtnuhkdigvcnogoazegu/Build/Intermediates.noindex/MomentumFinance.build/Debug/MomentumFinanceCore.build/Objects-normal/arm64/MomentumFinanceCore.SwiftFileList --metadata-file-list /Users/danielstevens/Library/Developer/Xcode/DerivedData/MomentumFinance-eyokbxaaqtnuhkdigvcnogoazegu/Build/Intermediates.noindex/MomentumFinance.build/Debug/MomentumFinanceCore.build/MomentumFinanceCore.DependencyMetadataFileList --static-metadata-file-list /Users/danielstevens/Library/Developer/Xcode/DerivedData/MomentumFinance-eyokbxaaqtnuhkdigvcnogoazegu/Build/Intermediates.noindex/MomentumFinance.build/Debug/MomentumFinanceCore.build/MomentumFinanceCore.DependencyStaticMetadataFileList --swift-const-vals-list /Users/danielstevens/Library/Developer/Xcode/DerivedData/MomentumFinance-eyokbxaaqtnuhkdigvcnogoazegu/Build/Intermediates.noindex/MomentumFinance.build/Debug/MomentumFinanceCore.build/Objects-normal/arm64/MomentumFinanceCore.SwiftConstValuesFileList --force --compile-time-extraction --deployment-aware-processing --validate-assistant-intents --no-app-shortcuts-localization
2025-11-26 12:36:21.838 appintentsmetadataprocessor[22639:1357708] Starting appintentsmetadataprocessor export
2025-11-26 12:36:21.976 appintentsmetadataprocessor[22639:1357708] Extracted no relevant App Intents symbols, skipping writing output

SwiftCompile normal arm64 Compiling\ TransactionsView.swift,\ TransactionsViewModel.swift,\ AccountDetailView.swift,\ AccountsListView.swift /Users/danielstevens/Desktop/github-projects/tools-automation/MomentumFinance/Shared/Features/Transactions/TransactionsView.swift /Users/danielstevens/Desktop/github-projects/tools-automation/MomentumFinance/Shared/Features/Transactions/TransactionsViewModel.swift /Users/danielstevens/Desktop/github-projects/tools-automation/MomentumFinance/Shared/Features/Transactions/AccountDetailView.swift /Users/danielstevens/Desktop/github-projects/tools-automation/MomentumFinance/Shared/Features/Transactions/AccountsListView.swift (in target 'MomentumFinance' from project 'MomentumFinance')
SwiftCompile normal arm64 /Users/danielstevens/Desktop/github-projects/tools-automation/MomentumFinance/Shared/Features/Transactions/TransactionsView.swift (in target 'MomentumFinance' from project 'MomentumFinance')
    cd /Users/danielstevens/Desktop/github-projects/tools-automation/MomentumFinance
    

SwiftCompile normal arm64 /Users/danielstevens/Desktop/github-projects/tools-automation/MomentumFinance/Shared/Features/Transactions/TransactionsViewModel.swift (in target 'MomentumFinance' from project 'MomentumFinance')
    cd /Users/danielstevens/Desktop/github-projects/tools-automation/MomentumFinance
    

SwiftCompile normal arm64 /Users/danielstevens/Desktop/github-projects/tools-automation/MomentumFinance/Shared/Features/Transactions/AccountDetailView.swift (in target 'MomentumFinance' from project 'MomentumFinance')
    cd /Users/danielstevens/Desktop/github-projects/tools-automation/MomentumFinance
    

SwiftCompile normal arm64 /Users/danielstevens/Desktop/github-projects/tools-automation/MomentumFinance/Shared/Features/Transactions/AccountsListView.swift (in target 'MomentumFinance' from project 'MomentumFinance')
    cd /Users/danielstevens/Desktop/github-projects/tools-automation/MomentumFinance
    

SwiftCompile normal arm64 Compiling\ BreadcrumbNavigation.swift,\ DashboardComponents.swift,\ TransactionComponents.swift,\ DataImportComponents.swift /Users/danielstevens/Desktop/github-projects/tools-automation/MomentumFinance/Shared/Navigation/BreadcrumbNavigation.swift /Users/danielstevens/Desktop/github-projects/tools-automation/MomentumFinance/Shared/Features/Dashboard/DashboardComponents.swift /Users/danielstevens/Desktop/github-projects/tools-automation/MomentumFinance/Shared/Features/Transactions/TransactionComponents.swift /Users/danielstevens/Desktop/github-projects/tools-automation/MomentumFinance/Shared/Views/Settings/DataImportComponents.swift (in target 'MomentumFinance' from project 'MomentumFinance')

SwiftCompile normal arm64 /Users/danielstevens/Desktop/github-projects/tools-automation/MomentumFinance/Shared/Navigation/BreadcrumbNavigation.swift (in target 'MomentumFinance' from project 'MomentumFinance')
    cd /Users/danielstevens/Desktop/github-projects/tools-automation/MomentumFinance
    

SwiftCompile normal arm64 /Users/danielstevens/Desktop/github-projects/tools-automation/MomentumFinance/Shared/Features/Dashboard/DashboardComponents.swift (in target 'MomentumFinance' from project 'MomentumFinance')
    cd /Users/danielstevens/Desktop/github-projects/tools-automation/MomentumFinance
    

SwiftCompile normal arm64 /Users/danielstevens/Desktop/github-projects/tools-automation/MomentumFinance/Shared/Features/Transactions/TransactionComponents.swift (in target 'MomentumFinance' from project 'MomentumFinance')
    cd /Users/danielstevens/Desktop/github-projects/tools-automation/MomentumFinance
    

SwiftCompile normal arm64 /Users/danielstevens/Desktop/github-projects/tools-automation/MomentumFinance/Shared/Views/Settings/DataImportComponents.swift (in target 'MomentumFinance' from project 'MomentumFinance')
    cd /Users/danielstevens/Desktop/github-projects/tools-automation/MomentumFinance
    

SwiftCompile normal arm64 Compiling\ SubscriptionsViewModel.swift,\ SubscriptionDetailView.swift,\ GoalsAndReportsView.swift /Users/danielstevens/Desktop/github-projects/tools-automation/MomentumFinance/Shared/Features/Subscriptions/SubscriptionsViewModel.swift /Users/danielstevens/Desktop/github-projects/tools-automation/MomentumFinance/Shared/Features/Subscriptions/SubscriptionDetailView.swift /Users/danielstevens/Desktop/github-projects/tools-automation/MomentumFinance/Shared/Features/GoalsAndReports/GoalsAndReportsView.swift (in target 'MomentumFinance' from project 'MomentumFinance')

SwiftCompile normal arm64 /Users/danielstevens/Desktop/github-projects/tools-automation/MomentumFinance/Shared/Features/Subscriptions/SubscriptionsViewModel.swift (in target 'MomentumFinance' from project 'MomentumFinance')
    cd /Users/danielstevens/Desktop/github-projects/tools-automation/MomentumFinance
    

SwiftCompile normal arm64 /Users/danielstevens/Desktop/github-projects/tools-automation/MomentumFinance/Shared/Features/Subscriptions/SubscriptionDetailView.swift (in target 'MomentumFinance' from project 'MomentumFinance')
    cd /Users/danielstevens/Desktop/github-projects/tools-automation/MomentumFinance
    

SwiftCompile normal arm64 /Users/danielstevens/Desktop/github-projects/tools-automation/MomentumFinance/Shared/Features/GoalsAndReports/GoalsAndReportsView.swift (in target 'MomentumFinance' from project 'MomentumFinance')
    cd /Users/danielstevens/Desktop/github-projects/tools-automation/MomentumFinance
    

SwiftCompile normal arm64 Compiling\ CategoryTransactionsView.swift,\ BudgetsView.swift,\ BudgetsViewModel.swift,\ SubscriptionsView.swift /Users/danielstevens/Desktop/github-projects/tools-automation/MomentumFinance/Shared/Features/Transactions/CategoryTransactionsView.swift /Users/danielstevens/Desktop/github-projects/tools-automation/MomentumFinance/Shared/Features/Budgets/BudgetsView.swift /Users/danielstevens/Desktop/github-projects/tools-automation/MomentumFinance/Shared/Features/Budgets/BudgetsViewModel.swift /Users/danielstevens/Desktop/github-projects/tools-automation/MomentumFinance/Shared/Features/Subscriptions/SubscriptionsView.swift (in target 'MomentumFinance' from project 'MomentumFinance')

SwiftCompile normal arm64 /Users/danielstevens/Desktop/github-projects/tools-automation/MomentumFinance/Shared/Features/Transactions/CategoryTransactionsView.swift (in target 'MomentumFinance' from project 'MomentumFinance')
    cd /Users/danielstevens/Desktop/github-projects/tools-automation/MomentumFinance
    

SwiftCompile normal arm64 /Users/danielstevens/Desktop/github-projects/tools-automation/MomentumFinance/Shared/Features/Budgets/BudgetsView.swift (in target 'MomentumFinance' from project 'MomentumFinance')
    cd /Users/danielstevens/Desktop/github-projects/tools-automation/MomentumFinance
    

SwiftCompile normal arm64 /Users/danielstevens/Desktop/github-projects/tools-automation/MomentumFinance/Shared/Features/Budgets/BudgetsViewModel.swift (in target 'MomentumFinance' from project 'MomentumFinance')
    cd /Users/danielstevens/Desktop/github-projects/tools-automation/MomentumFinance
    

SwiftCompile normal arm64 /Users/danielstevens/Desktop/github-projects/tools-automation/MomentumFinance/Shared/Features/Subscriptions/SubscriptionsView.swift (in target 'MomentumFinance' from project 'MomentumFinance')
    cd /Users/danielstevens/Desktop/github-projects/tools-automation/MomentumFinance
    

SwiftCompile normal arm64 Compiling\ GoalsAndReportsViewModel.swift,\ SavingsGoalViews.swift,\ DataExportView.swift /Users/danielstevens/Desktop/github-projects/tools-automation/MomentumFinance/Shared/Features/GoalsAndReports/GoalsAndReportsViewModel.swift /Users/danielstevens/Desktop/github-projects/tools-automation/MomentumFinance/Shared/Features/GoalsAndReports/SavingsGoalViews.swift /Users/danielstevens/Desktop/github-projects/tools-automation/MomentumFinance/Shared/Views/Settings/DataExportView.swift (in target 'MomentumFinance' from project 'MomentumFinance')
SwiftCompile normal arm64 /Users/danielstevens/Desktop/github-projects/tools-automation/MomentumFinance/Shared/Features/GoalsAndReports/GoalsAndReportsViewModel.swift (in target 'MomentumFinance' from project 'MomentumFinance')
    cd /Users/danielstevens/Desktop/github-projects/tools-automation/MomentumFinance
    

SwiftCompile normal arm64 /Users/danielstevens/Desktop/github-projects/tools-automation/MomentumFinance/Shared/Features/GoalsAndReports/SavingsGoalViews.swift (in target 'MomentumFinance' from project 'MomentumFinance')
    cd /Users/danielstevens/Desktop/github-projects/tools-automation/MomentumFinance
    

SwiftCompile normal arm64 /Users/danielstevens/Desktop/github-projects/tools-automation/MomentumFinance/Shared/Views/Settings/DataExportView.swift (in target 'MomentumFinance' from project 'MomentumFinance')
    cd /Users/danielstevens/Desktop/github-projects/tools-automation/MomentumFinance
    

SwiftCompile normal arm64 Compiling\ DataImportView.swift,\ HapticManager.swift,\ SavingsGoalManagementViews.swift /Users/danielstevens/Desktop/github-projects/tools-automation/MomentumFinance/Shared/Views/Settings/DataImportView.swift /Users/danielstevens/Desktop/github-projects/tools-automation/MomentumFinance/Shared/Utils/HapticManager.swift /Users/danielstevens/Desktop/github-projects/tools-automation/MomentumFinance/Shared/Features/GoalsAndReports/SavingsGoalManagementViews.swift (in target 'MomentumFinance' from project 'MomentumFinance')

SwiftCompile normal arm64 /Users/danielstevens/Desktop/github-projects/tools-automation/MomentumFinance/Shared/Views/Settings/DataImportView.swift (in target 'MomentumFinance' from project 'MomentumFinance')
    cd /Users/danielstevens/Desktop/github-projects/tools-automation/MomentumFinance
    

SwiftCompile normal arm64 /Users/danielstevens/Desktop/github-projects/tools-automation/MomentumFinance/Shared/Utils/HapticManager.swift (in target 'MomentumFinance' from project 'MomentumFinance')
    cd /Users/danielstevens/Desktop/github-projects/tools-automation/MomentumFinance
    

SwiftCompile normal arm64 /Users/danielstevens/Desktop/github-projects/tools-automation/MomentumFinance/Shared/Features/GoalsAndReports/SavingsGoalManagementViews.swift (in target 'MomentumFinance' from project 'MomentumFinance')
    cd /Users/danielstevens/Desktop/github-projects/tools-automation/MomentumFinance
    

SwiftEmitModule normal arm64 Emitting\ module\ for\ MomentumFinance (in target 'MomentumFinance' from project 'MomentumFinance')
Failed frontend command:
/Applications/Xcode-beta.app/Contents/Developer/Toolchains/XcodeDefault.xctoolchain/usr/bin/swift-frontend -frontend -emit-module -experimental-skip-non-inlinable-function-bodies-without-types /Users/danielstevens/Desktop/github-projects/tools-automation/MomentumFinance/Shared/Navigation/BreadcrumbNavigation.swift /Users/danielstevens/Desktop/github-projects/tools-automation/MomentumFinance/Shared/Features/Dashboard/DashboardComponents.swift /Users/danielstevens/Desktop/github-projects/tools-automation/MomentumFinance/Shared/Features/Transactions/TransactionComponents.swift /Users/danielstevens/Desktop/github-projects/tools-automation/MomentumFinance/Shared/Views/Settings/DataImportComponents.swift /Users/danielstevens/Desktop/github-projects/tools-automation/MomentumFinance/Shared/Features/Dashboard/DashboardWelcomeHeader.swift /Users/danielstevens/Desktop/github-projects/tools-automation/MomentumFinance/Shared/Theme.swift /Users/danielstevens/Desktop/github-projects/tools-automation/MomentumFinance/Shared/ContentView.swift /Users/danielstevens/Desktop/github-projects/tools-automation/MomentumFinance/Shared/MomentumFinanceApp.swift /Users/danielstevens/Desktop/github-projects/tools-automation/MomentumFinance/Shared/Navigation/NavigationCoordinator.swift /Users/danielstevens/Desktop/github-projects/tools-automation/MomentumFinance/Shared/Features/Features.swift /Users/danielstevens/Desktop/github-projects/tools-automation/MomentumFinance/Shared/Features/Dashboard/DashboardView.swift /Users/danielstevens/Desktop/github-projects/tools-automation/MomentumFinance/Shared/Features/Dashboard/DashboardViewModel.swift /Users/danielstevens/Desktop/github-projects/tools-automation/MomentumFinance/Shared/Features/Transactions/TransactionsView.swift /Users/danielstevens/Desktop/github-projects/tools-automation/MomentumFinance/Shared/Features/Transactions/TransactionsViewModel.swift /Users/danielstevens/Desktop/github-projects/tools-automation/MomentumFinance/Shared/Features/Transactions/AccountDetailView.swift /Users/danielstevens/Desktop/github-projects/tools-automation/MomentumFinance/Shared/Features/Transactions/AccountsListView.swift /Users/danielstevens/Desktop/github-projects/tools-automation/MomentumFinance/Shared/Features/Transactions/CategoryTransactionsView.swift /Users/danielstevens/Desktop/github-projects/tools-automation/MomentumFinance/Shared/Features/Budgets/BudgetsView.swift /Users/danielstevens/Desktop/github-projects/tools-automation/MomentumFinance/Shared/Features/Budgets/BudgetsViewModel.swift /Users/danielstevens/Desktop/github-projects/tools-automation/MomentumFinance/Shared/Features/Subscriptions/SubscriptionsView.swift /Users/danielstevens/Desktop/github-projects/tools-automation/MomentumFinance/Shared/Features/Subscriptions/SubscriptionsViewModel.swift /Users/danielstevens/Desktop/github-projects/tools-automation/MomentumFinance/Shared/Features/Subscriptions/SubscriptionDetailView.swift /Users/danielstevens/Desktop/github-projects/tools-automation/MomentumFinance/Shared/Features/GoalsAndReports/GoalsAndReportsView.swift /Users/danielstevens/Desktop/github-projects/tools-automation/MomentumFinance/Shared/Features/GoalsAndReports/GoalsAndReportsViewModel.swift /Users/danielstevens/Desktop/github-projects/tools-automation/MomentumFinance/Shared/Features/GoalsAndReports/SavingsGoalViews.swift /Users/danielstevens/Desktop/github-projects/tools-automation/MomentumFinance/Shared/Views/Settings/DataExportView.swift /Users/danielstevens/Desktop/github-projects/tools-automation/MomentumFinance/Shared/Views/Settings/DataImportView.swift /Users/danielstevens/Desktop/github-projects/tools-automation/MomentumFinance/Shared/Utils/HapticManager.swift /Users/danielstevens/Desktop/github-projects/tools-automation/MomentumFinance/Shared/Features/GoalsAndReports/SavingsGoalManagementViews.swift /Users/danielstevens/Desktop/github-projects/tools-automation/MomentumFinance/Shared/Features/GoalsAndReports/ReportsViews.swift /Users/danielstevens/Desktop/github-projects/tools-automation/MomentumFinance/Shared/Features/GoalsAndReports/EnhancedReportsSectionViews.swift /Users/danielstevens/Desktop/github-projects/tools-automation/MomentumFinance/Shared/Features/GoalsAndReports/GoalUtilityViews.swift /Users/danielstevens/Desktop/github-projects/tools-automation/MomentumFinance/Shared/Views/Settings/SettingsView.swift /Users/danielstevens/Desktop/github-projects/tools-automation/MomentumFinance/Shared/Navigation/TabSection.swift /Users/danielstevens/Library/Developer/Xcode/DerivedData/MomentumFinance-eyokbxaaqtnuhkdigvcnogoazegu/Build/Intermediates.noindex/MomentumFinance.build/Debug/MomentumFinance.build/DerivedSources/GeneratedAssetSymbols.swift -target arm64-apple-macos26.2 -module-can-import-version AppKit 2685.30.100.1 2685.30.100 -module-can-import-version DeveloperToolsSupport 23.0.4 23.0.4 -module-can-import-version SwiftData 129 0 -module-can-import-version SwiftUI 7.2.2 7.2.2 -disable-cross-import-overlay-search -swift-module-cross-import LocalAuthentication /Applications/Xcode-beta.app/Contents/Developer/Platforms/MacOSX.platform/Developer/SDKs/MacOSX.sdk/System/Library/Frameworks/LocalAuthentication.framework/Modules/LocalAuthentication.swiftcrossimport/SwiftUI.swiftoverlay -swift-module-cross-import LocalAuthentication /Applications/Xcode-beta.app/Contents/Developer/Platforms/MacOSX.platform/Developer/SDKs/MacOSX26.2.sdk/System/Library/Frameworks/LocalAuthentication.framework/Modules/LocalAuthentication.swiftcrossimport/SwiftUI.swiftoverlay -swift-module-cross-import SwiftData /Applications/Xcode-beta.app/Contents/Developer/Platforms/MacOSX.platform/Developer/SDKs/MacOSX26.2.sdk/System/Library/Frameworks/SwiftData.framework/Modules/SwiftData.swiftcrossimport/CoreData.swiftoverlay -swift-module-cross-import SwiftData /Applications/Xcode-beta.app/Contents/Developer/Platforms/MacOSX.platform/Developer/SDKs/MacOSX26.2.sdk/System/Library/Frameworks/SwiftData.framework/Modules/SwiftData.swiftcrossimport/SwiftUI.swiftoverlay -load-resolved-plugin /Applications/Xcode-beta.app/Contents/Developer/Platforms/MacOSX.platform/Developer/usr/lib/swift/host/plugins/libFoundationMacros.dylib\#/Applications/Xcode-beta.app/Contents/Developer/Platforms/MacOSX.platform/Developer/usr/bin/swift-plugin-server\#FoundationMacros -load-resolved-plugin /Applications/Xcode-beta.app/Contents/Developer/Platforms/MacOSX.platform/Developer/usr/lib/swift/host/plugins/libObservationMacros.dylib\#/Applications/Xcode-beta.app/Contents/Developer/Platforms/MacOSX.platform/Developer/usr/bin/swift-plugin-server\#ObservationMacros -load-resolved-plugin /Applications/Xcode-beta.app/Contents/Developer/Platforms/MacOSX.platform/Developer/usr/lib/swift/host/plugins/libPreviewsMacros.dylib\#/Applications/Xcode-beta.app/Contents/Developer/Platforms/MacOSX.platform/Developer/usr/bin/swift-plugin-server\#PreviewsMacros -load-resolved-plugin /Applications/Xcode-beta.app/Contents/Developer/Platforms/MacOSX.platform/Developer/usr/lib/swift/host/plugins/libSwiftDataMacros.dylib\#/Applications/Xcode-beta.app/Contents/Developer/Platforms/MacOSX.platform/Developer/usr/bin/swift-plugin-server\#SwiftDataMacros -load-resolved-plugin /Applications/Xcode-beta.app/Contents/Developer/Platforms/MacOSX.platform/Developer/usr/lib/swift/host/plugins/libSwiftMacros.dylib\#/Applications/Xcode-beta.app/Contents/Developer/Platforms/MacOSX.platform/Developer/usr/bin/swift-plugin-server\#SwiftMacros -load-resolved-plugin /Applications/Xcode-beta.app/Contents/Developer/Platforms/MacOSX.platform/Developer/usr/lib/swift/host/plugins/libSwiftUIMacros.dylib\#/Applications/Xcode-beta.app/Contents/Developer/Platforms/MacOSX.platform/Developer/usr/bin/swift-plugin-server\#SwiftUIMacros -disable-implicit-swift-modules -Xcc -fno-implicit-modules -Xcc -fno-implicit-module-maps -explicit-swift-module-map-file /Users/danielstevens/Library/Developer/Xcode/DerivedData/MomentumFinance-eyokbxaaqtnuhkdigvcnogoazegu/Build/Intermediates.noindex/MomentumFinance.build/Debug/MomentumFinance.build/Objects-normal/arm64/MomentumFinance-dependencies-1.json -Xllvm -aarch64-use-tbi -enable-objc-interop -stack-check -sdk /Applications/Xcode-beta.app/Contents/Developer/Platforms/MacOSX.platform/Developer/SDKs/MacOSX26.2.sdk -I /Users/danielstevens/Library/Developer/Xcode/DerivedData/MomentumFinance-eyokbxaaqtnuhkdigvcnogoazegu/Build/Products/Debug -F /Users/danielstevens/Library/Developer/Xcode/DerivedData/MomentumFinance-eyokbxaaqtnuhkdigvcnogoazegu/Build/Products/Debug -no-color-diagnostics -Xcc -fno-color-diagnostics -enable-testing -g -debug-info-format\=dwarf -dwarf-version\=5 -module-cache-path /Users/danielstevens/Library/Developer/Xcode/DerivedData/MomentumFinance-eyokbxaaqtnuhkdigvcnogoazegu/Build/Intermediates.noindex/SwiftExplicitPrecompiledModules -swift-version 6 -enforce-exclusivity\=checked -Onone -D DEBUG -serialize-debugging-options -const-gather-protocols-file /Users/danielstevens/Library/Developer/Xcode/DerivedData/MomentumFinance-eyokbxaaqtnuhkdigvcnogoazegu/Build/Intermediates.noindex/MomentumFinance.build/Debug/MomentumFinance.build/Objects-normal/arm64/MomentumFinance_const_extract_protocols.json -enable-experimental-feature DebugDescriptionMacro -empty-abi-descriptor -validate-clang-modules-once -clang-build-session-file /Users/danielstevens/Library/Developer/Xcode/DerivedData/ModuleCache.noindex/Session.modulevalidation -Xcc -working-directory -Xcc /Users/danielstevens/Desktop/github-projects/tools-automation/MomentumFinance -enable-anonymous-context-mangled-names -file-compilation-dir /Users/danielstevens/Desktop/github-projects/tools-automation/MomentumFinance -Xcc -D_LIBCPP_HARDENING_MODE\=_LIBCPP_HARDENING_MODE_DEBUG -Xcc -ivfsstatcache -Xcc /Users/danielstevens/Library/Developer/Xcode/DerivedData/SDKStatCaches.noindex/macosx26.2-25C5031g-28ca432d5676da3146507086b13d17f8.sdkstatcache -Xcc -I/Users/danielstevens/Library/Developer/Xcode/DerivedData/MomentumFinance-eyokbxaaqtnuhkdigvcnogoazegu/Build/Intermediates.noindex/MomentumFinance.build/Debug/MomentumFinance.build/swift-overrides.hmap -Xcc -iquote -Xcc /Users/danielstevens/Library/Developer/Xcode/DerivedData/MomentumFinance-eyokbxaaqtnuhkdigvcnogoazegu/Build/Intermediates.noindex/MomentumFinance.build/Debug/MomentumFinance.build/MomentumFinance-generated-files.hmap -Xcc -I/Users/danielstevens/Library/Developer/Xcode/DerivedData/MomentumFinance-eyokbxaaqtnuhkdigvcnogoazegu/Build/Intermediates.noindex/MomentumFinance.build/Debug/MomentumFinance.build/MomentumFinance-own-target-headers.hmap -Xcc -I/Users/danielstevens/Library/Developer/Xcode/DerivedData/MomentumFinance-eyokbxaaqtnuhkdigvcnogoazegu/Build/Intermediates.noindex/MomentumFinance.build/Debug/MomentumFinance.build/MomentumFinance-all-target-headers.hmap -Xcc -iquote -Xcc /Users/danielstevens/Library/Developer/Xcode/DerivedData/MomentumFinance-eyokbxaaqtnuhkdigvcnogoazegu/Build/Intermediates.noindex/MomentumFinance.build/Debug/MomentumFinance.build/MomentumFinance-project-headers.hmap -Xcc -I/Users/danielstevens/Library/Developer/Xcode/DerivedData/MomentumFinance-eyokbxaaqtnuhkdigvcnogoazegu/Build/Products/Debug/include -Xcc -I/Users/danielstevens/Library/Developer/Xcode/DerivedData/MomentumFinance-eyokbxaaqtnuhkdigvcnogoazegu/Build/Intermediates.noindex/MomentumFinance.build/Debug/MomentumFinance.build/DerivedSources-normal/arm64 -Xcc -I/Users/danielstevens/Library/Developer/Xcode/DerivedData/MomentumFinance-eyokbxaaqtnuhkdigvcnogoazegu/Build/Intermediates.noindex/MomentumFinance.build/Debug/MomentumFinance.build/DerivedSources/arm64 -Xcc -I/Users/danielstevens/Library/Developer/Xcode/DerivedData/MomentumFinance-eyokbxaaqtnuhkdigvcnogoazegu/Build/Intermediates.noindex/MomentumFinance.build/Debug/MomentumFinance.build/DerivedSources -Xcc -DDEBUG\=1 -no-auto-bridging-header-chaining -module-name MomentumFinance -frontend-parseable-output -disable-clang-spi -target-sdk-version 26.2 -target-sdk-name macosx26.2 -clang-target arm64-apple-macos26.2 -in-process-plugin-server-path /Applications/Xcode-beta.app/Contents/Developer/Toolchains/XcodeDefault.xctoolchain/usr/lib/swift/host/libSwiftInProcPluginServer.dylib -emit-module-doc-path /Users/danielstevens/Library/Developer/Xcode/DerivedData/MomentumFinance-eyokbxaaqtnuhkdigvcnogoazegu/Build/Intermediates.noindex/MomentumFinance.build/Debug/MomentumFinance.build/Objects-normal/arm64/MomentumFinance.swiftdoc -emit-module-source-info-path /Users/danielstevens/Library/Developer/Xcode/DerivedData/MomentumFinance-eyokbxaaqtnuhkdigvcnogoazegu/Build/Intermediates.noindex/MomentumFinance.build/Debug/MomentumFinance.build/Objects-normal/arm64/MomentumFinance.swiftsourceinfo -emit-objc-header-path /Users/danielstevens/Library/Developer/Xcode/DerivedData/MomentumFinance-eyokbxaaqtnuhkdigvcnogoazegu/Build/Intermediates.noindex/MomentumFinance.build/Debug/MomentumFinance.build/Objects-normal/arm64/MomentumFinance-Swift.h -serialize-diagnostics-path /Users/danielstevens/Library/Developer/Xcode/DerivedData/MomentumFinance-eyokbxaaqtnuhkdigvcnogoazegu/Build/Intermediates.noindex/MomentumFinance.build/Debug/MomentumFinance.build/Objects-normal/arm64/MomentumFinance-primary-emit-module.dia -emit-dependencies-path /Users/danielstevens/Library/Developer/Xcode/DerivedData/MomentumFinance-eyokbxaaqtnuhkdigvcnogoazegu/Build/Intermediates.noindex/MomentumFinance.build/Debug/MomentumFinance.build/Objects-normal/arm64/MomentumFinance-primary-emit-module.d -o /Users/danielstevens/Library/Developer/Xcode/DerivedData/MomentumFinance-eyokbxaaqtnuhkdigvcnogoazegu/Build/Intermediates.noindex/MomentumFinance.build/Debug/MomentumFinance.build/Objects-normal/arm64/MomentumFinance.swiftmodule -emit-abi-descriptor-path /Users/danielstevens/Library/Developer/Xcode/DerivedData/MomentumFinance-eyokbxaaqtnuhkdigvcnogoazegu/Build/Intermediates.noindex/MomentumFinance.build/Debug/MomentumFinance.build/Objects-normal/arm64/MomentumFinance.abi.json

EmitSwiftModule normal arm64 (in target 'MomentumFinance' from project 'MomentumFinance')
    cd /Users/danielstevens/Desktop/github-projects/tools-automation/MomentumFinance
    
/Users/danielstevens/Desktop/github-projects/tools-automation/MomentumFinance/Shared/Features/Dashboard/DashboardComponents.swift:4:25: error: cannot find type 'Subscription' in scope
    let subscriptions: [Subscription]
                        ^~~~~~~~~~~~
/Users/danielstevens/Desktop/github-projects/tools-automation/MomentumFinance/Shared/Features/Dashboard/DashboardComponents.swift:5:32: error: cannot find type 'Subscription' in scope
    let onSubscriptionTapped: (Subscription) -> Void
                               ^~~~~~~~~~~~
/Users/danielstevens/Desktop/github-projects/tools-automation/MomentumFinance/Shared/Features/Dashboard/DashboardComponents.swift:10:25: error: cannot find type 'Subscription' in scope
        subscriptions: [Subscription], onSubscriptionTapped: @escaping (Subscription) -> Void,
                        ^~~~~~~~~~~~
/Users/danielstevens/Desktop/github-projects/tools-automation/MomentumFinance/Shared/Features/Dashboard/DashboardComponents.swift:10:73: error: cannot find type 'Subscription' in scope
        subscriptions: [Subscription], onSubscriptionTapped: @escaping (Subscription) -> Void,
                                                                        ^~~~~~~~~~~~
/Users/danielstevens/Desktop/github-projects/tools-automation/MomentumFinance/Shared/Features/Dashboard/DashboardComponents.swift:63:20: error: cannot find type 'FinancialAccount' in scope
    let accounts: [FinancialAccount]
                   ^~~~~~~~~~~~~~~~
/Users/danielstevens/Desktop/github-projects/tools-automation/MomentumFinance/Shared/Features/Dashboard/DashboardComponents.swift:67:20: error: cannot find type 'FinancialAccount' in scope
        accounts: [FinancialAccount], onAccountTap: @escaping (String) -> Void,
                   ^~~~~~~~~~~~~~~~
/Users/danielstevens/Desktop/github-projects/tools-automation/MomentumFinance/Shared/Features/Dashboard/DashboardComponents.swift:109:19: error: cannot find type 'Budget' in scope
    let budgets: [Budget]
                  ^~~~~~
/Users/danielstevens/Desktop/github-projects/tools-automation/MomentumFinance/Shared/Features/Dashboard/DashboardComponents.swift:110:23: error: cannot find type 'Budget' in scope
    let onBudgetTap: (Budget) -> Void
                      ^~~~~~
/Users/danielstevens/Desktop/github-projects/tools-automation/MomentumFinance/Shared/Features/Dashboard/DashboardComponents.swift:114:19: error: cannot find type 'Budget' in scope
        budgets: [Budget], onBudgetTap: @escaping (Budget) -> Void,
                  ^~~~~~
/Users/danielstevens/Desktop/github-projects/tools-automation/MomentumFinance/Shared/Features/Dashboard/DashboardComponents.swift:114:52: error: cannot find type 'Budget' in scope
        budgets: [Budget], onBudgetTap: @escaping (Budget) -> Void,
                                                   ^~~~~~
/Users/danielstevens/Desktop/github-projects/tools-automation/MomentumFinance/Shared/Features/Dashboard/DashboardComponents.swift:165:20: error: cannot find type 'FinancialInsight' in scope
    let insights: [FinancialInsight]
                   ^~~~~~~~~~~~~~~~
/Users/danielstevens/Desktop/github-projects/tools-automation/MomentumFinance/Shared/Features/Dashboard/DashboardComponents.swift:168:28: error: cannot find type 'FinancialInsight' in scope
    public init(insights: [FinancialInsight], onDetailsTapped: @escaping () -> Void) {
                           ^~~~~~~~~~~~~~~~
/Users/danielstevens/Desktop/github-projects/tools-automation/MomentumFinance/Shared/Features/Transactions/TransactionComponents.swift:47:24: error: cannot find type 'FinancialTransaction' in scope
    let transactions: [FinancialTransaction]
                       ^~~~~~~~~~~~~~~~~~~~
/Users/danielstevens/Desktop/github-projects/tools-automation/MomentumFinance/Shared/Features/Transactions/TransactionComponents.swift:48:31: error: cannot find type 'FinancialTransaction' in scope
    let onTransactionTapped: (FinancialTransaction) -> Void
                              ^~~~~~~~~~~~~~~~~~~~
/Users/danielstevens/Desktop/github-projects/tools-automation/MomentumFinance/Shared/Features/Transactions/TransactionComponents.swift:49:31: error: cannot find type 'FinancialTransaction' in scope
    let onDeleteTransaction: (FinancialTransaction) -> Void
                              ^~~~~~~~~~~~~~~~~~~~
/Users/danielstevens/Desktop/github-projects/tools-automation/MomentumFinance/Shared/Features/Transactions/TransactionComponents.swift:52:24: error: cannot find type 'FinancialTransaction' in scope
        transactions: [FinancialTransaction],
                       ^~~~~~~~~~~~~~~~~~~~
/Users/danielstevens/Desktop/github-projects/tools-automation/MomentumFinance/Shared/Features/Transactions/TransactionComponents.swift:53:41: error: cannot find type 'FinancialTransaction' in scope
        onTransactionTapped: @escaping (FinancialTransaction) -> Void,
                                        ^~~~~~~~~~~~~~~~~~~~
/Users/danielstevens/Desktop/github-projects/tools-automation/MomentumFinance/Shared/Features/Transactions/TransactionComponents.swift:54:41: error: cannot find type 'FinancialTransaction' in scope
        onDeleteTransaction: @escaping (FinancialTransaction) -> Void
                                        ^~~~~~~~~~~~~~~~~~~~
/Users/danielstevens/Desktop/github-projects/tools-automation/MomentumFinance/Shared/Features/Transactions/TransactionComponents.swift:82:22: error: cannot find type 'FinancialTransaction' in scope
    let transaction: FinancialTransaction
                     ^~~~~~~~~~~~~~~~~~~~
/Users/danielstevens/Desktop/github-projects/tools-automation/MomentumFinance/Shared/Features/Transactions/TransactionComponents.swift:84:30: error: cannot find type 'FinancialTransaction' in scope
    public init(transaction: FinancialTransaction, onTap: @escaping () -> Void) {
                             ^~~~~~~~~~~~~~~~~~~~
/Users/danielstevens/Desktop/github-projects/tools-automation/MomentumFinance/Shared/Features/Transactions/TransactionComponents.swift:111:42: error: cannot find type 'ExpenseCategory' in scope
    @State private var selectedCategory: ExpenseCategory?
                                         ^~~~~~~~~~~~~~~
/Users/danielstevens/Desktop/github-projects/tools-automation/MomentumFinance/Shared/Features/Transactions/TransactionComponents.swift:112:41: error: cannot find type 'FinancialAccount' in scope
    @State private var selectedAccount: FinancialAccount?
                                        ^~~~~~~~~~~~~~~~
/Users/danielstevens/Desktop/github-projects/tools-automation/MomentumFinance/Shared/Features/Transactions/TransactionComponents.swift:114:41: error: cannot find type 'TransactionType' in scope
    @State private var transactionType: TransactionType = .expense
                                        ^~~~~~~~~~~~~~~
/Users/danielstevens/Desktop/github-projects/tools-automation/MomentumFinance/Shared/Features/Transactions/TransactionComponents.swift:106:22: error: cannot find type 'ExpenseCategory' in scope
    let categories: [ExpenseCategory]
                     ^~~~~~~~~~~~~~~
/Users/danielstevens/Desktop/github-projects/tools-automation/MomentumFinance/Shared/Features/Transactions/TransactionComponents.swift:107:20: error: cannot find type 'FinancialAccount' in scope
    let accounts: [FinancialAccount]
                   ^~~~~~~~~~~~~~~~
/Users/danielstevens/Desktop/github-projects/tools-automation/MomentumFinance/Shared/Features/Transactions/TransactionComponents.swift:116:30: error: cannot find type 'ExpenseCategory' in scope
    public init(categories: [ExpenseCategory], accounts: [FinancialAccount]) {
                             ^~~~~~~~~~~~~~~
/Users/danielstevens/Desktop/github-projects/tools-automation/MomentumFinance/Shared/Features/Transactions/TransactionComponents.swift:116:59: error: cannot find type 'FinancialAccount' in scope
    public init(categories: [ExpenseCategory], accounts: [FinancialAccount]) {
                                                          ^~~~~~~~~~~~~~~~
/Users/danielstevens/Desktop/github-projects/tools-automation/MomentumFinance/Shared/Features/Transactions/TransactionComponents.swift:187:22: error: cannot find type 'FinancialTransaction' in scope
    let transaction: FinancialTransaction
                     ^~~~~~~~~~~~~~~~~~~~
/Users/danielstevens/Desktop/github-projects/tools-automation/MomentumFinance/Shared/Features/Transactions/TransactionComponents.swift:188:30: error: cannot find type 'FinancialTransaction' in scope
    public init(transaction: FinancialTransaction) { self.transaction = transaction }
                             ^~~~~~~~~~~~~~~~~~~~
/Users/danielstevens/Desktop/github-projects/tools-automation/MomentumFinance/Shared/Features/Transactions/TransactionComponents.swift:219:24: error: cannot find type 'FinancialTransaction' in scope
    let transactions: [FinancialTransaction]
                       ^~~~~~~~~~~~~~~~~~~~
/Users/danielstevens/Desktop/github-projects/tools-automation/MomentumFinance/Shared/Features/Transactions/TransactionComponents.swift:220:32: error: cannot find type 'FinancialTransaction' in scope
    public init(transactions: [FinancialTransaction]) { self.transactions = transactions }
                               ^~~~~~~~~~~~~~~~~~~~
/Users/danielstevens/Desktop/github-projects/tools-automation/MomentumFinance/Shared/Features/Transactions/TransactionComponents.swift:256:34: error: cannot find type 'TransactionFilter' in scope
    @Binding var selectedFilter: TransactionFilter
                                 ^~~~~~~~~~~~~~~~~
/Users/danielstevens/Desktop/github-projects/tools-automation/MomentumFinance/Shared/Features/Transactions/TransactionComponents.swift:259:62: error: cannot find type 'TransactionFilter' in scope
        searchText: Binding<String>, selectedFilter: Binding<TransactionFilter>,
                                                             ^~~~~~~~~~~~~~~~~
/Users/danielstevens/Desktop/github-projects/tools-automation/MomentumFinance/Shared/Views/Settings/DataImportComponents.swift:95:17: error: cannot find type 'ImportResult' in scope
    let result: ImportResult
                ^~~~~~~~~~~~
/Users/danielstevens/Desktop/github-projects/tools-automation/MomentumFinance/Shared/Views/Settings/DataImportComponents.swift:97:25: error: cannot find type 'ImportResult' in scope
    public init(result: ImportResult, onDismiss: @escaping () -> Void) {
                        ^~~~~~~~~~~~
/Users/danielstevens/Desktop/github-projects/tools-automation/MomentumFinance/Shared/MomentumFinanceApp.swift:32:31: error: cannot find 'FinancialAccount' in scope
        static let accounts = FinancialAccount.self
                              ^~~~~~~~~~~~~~~~
/Users/danielstevens/Desktop/github-projects/tools-automation/MomentumFinance/Shared/MomentumFinanceApp.swift:33:35: error: cannot find 'FinancialTransaction' in scope
        static let transactions = FinancialTransaction.self
                                  ^~~~~~~~~~~~~~~~~~~~
/Users/danielstevens/Desktop/github-projects/tools-automation/MomentumFinance/Shared/MomentumFinanceApp.swift:34:36: error: cannot find 'Subscription' in scope
        static let subscriptions = Subscription.self
                                   ^~~~~~~~~~~~
/Users/danielstevens/Desktop/github-projects/tools-automation/MomentumFinance/Shared/MomentumFinanceApp.swift:35:30: error: cannot find 'Budget' in scope
        static let budgets = Budget.self
                             ^~~~~~
/Users/danielstevens/Desktop/github-projects/tools-automation/MomentumFinance/Shared/MomentumFinanceApp.swift:36:33: error: cannot find 'ExpenseCategory' in scope
        static let categories = ExpenseCategory.self
                                ^~~~~~~~~~~~~~~
/Users/danielstevens/Desktop/github-projects/tools-automation/MomentumFinance/Shared/MomentumFinanceApp.swift:37:28: error: cannot find 'SavingsGoal' in scope
        static let goals = SavingsGoal.self
                           ^~~~~~~~~~~
/Users/danielstevens/Desktop/github-projects/tools-automation/MomentumFinance/Shared/Navigation/NavigationCoordinator.swift:147:43: error: cannot find type 'SearchResult' in scope
    func navigateToSearchResult(_ result: SearchResult) {
                                          ^~~~~~~~~~~~
/Users/danielstevens/Desktop/github-projects/tools-automation/MomentumFinance/Shared/Features/Features.swift:62:48: error: cannot find type 'SearchFilter' in scope
            @State private var selectedFilter: SearchFilter = .all
                                               ^~~~~~~~~~~~
/Users/danielstevens/Desktop/github-projects/tools-automation/MomentumFinance/Shared/Features/Features.swift:63:48: error: cannot find type 'SearchResult' in scope
            @State private var searchResults: [SearchResult] = []
                                               ^~~~~~~~~~~~
/Users/danielstevens/Desktop/github-projects/tools-automation/MomentumFinance/Shared/Features/Features.swift:65:52: error: cannot find type 'SearchEngineService' in scope
            @StateObject private var searchEngine: SearchEngineService
                                                   ^~~~~~~~~~~~~~~~~~~
/Users/danielstevens/Desktop/github-projects/tools-automation/MomentumFinance/Shared/Features/Features.swift:48:40: error: cannot find type 'FinancialAccount' in scope
                private var accounts: [FinancialAccount] = []
                                       ^~~~~~~~~~~~~~~~
/Users/danielstevens/Desktop/github-projects/tools-automation/MomentumFinance/Shared/Features/Features.swift:49:44: error: cannot find type 'FinancialTransaction' in scope
                private var transactions: [FinancialTransaction] = []
                                           ^~~~~~~~~~~~~~~~~~~~
/Users/danielstevens/Desktop/github-projects/tools-automation/MomentumFinance/Shared/Features/Features.swift:50:45: error: cannot find type 'Subscription' in scope
                private var subscriptions: [Subscription] = []
                                            ^~~~~~~~~~~~
/Users/danielstevens/Desktop/github-projects/tools-automation/MomentumFinance/Shared/Features/Features.swift:51:39: error: cannot find type 'Budget' in scope
                private var budgets: [Budget] = []
                                      ^~~~~~
/Users/danielstevens/Desktop/github-projects/tools-automation/MomentumFinance/Shared/Features/Features.swift:52:37: error: cannot find type 'SavingsGoal' in scope
                private var goals: [SavingsGoal] = []
                                    ^~~~~~~~~~~
/Users/danielstevens/Desktop/github-projects/tools-automation/MomentumFinance/Shared/Features/Dashboard/DashboardView.swift:44:39: error: cannot find type 'FinancialAccount' in scope
        @State private var accounts: [FinancialAccount] = []
                                      ^~~~~~~~~~~~~~~~
/Users/danielstevens/Desktop/github-projects/tools-automation/MomentumFinance/Shared/Features/Dashboard/DashboardView.swift:45:44: error: cannot find type 'Subscription' in scope
        @State private var subscriptions: [Subscription] = []
                                           ^~~~~~~~~~~~
/Users/danielstevens/Desktop/github-projects/tools-automation/MomentumFinance/Shared/Features/Dashboard/DashboardView.swift:46:38: error: cannot find type 'Budget' in scope
        @State private var budgets: [Budget] = []
                                     ^~~~~~
/Users/danielstevens/Desktop/github-projects/tools-automation/MomentumFinance/Shared/Features/Dashboard/DashboardView.swift:235:68: error: cannot find type 'Subscription' in scope
        private func processOverdueSubscriptions(_ subscriptions: [Subscription]) async {
                                                                   ^~~~~~~~~~~~
/Users/danielstevens/Desktop/github-projects/tools-automation/MomentumFinance/Shared/Features/Dashboard/DashboardView.swift:254:31: error: cannot find 'FinancialAccount' in scope
        .modelContainer(for: [FinancialAccount.self, Subscription.self, Budget.self])
                              ^~~~~~~~~~~~~~~~
/Users/danielstevens/Desktop/github-projects/tools-automation/MomentumFinance/Shared/Features/Dashboard/DashboardView.swift:254:54: error: cannot find 'Subscription' in scope
        .modelContainer(for: [FinancialAccount.self, Subscription.self, Budget.self])
                                                     ^~~~~~~~~~~~
/Users/danielstevens/Desktop/github-projects/tools-automation/MomentumFinance/Shared/Features/Dashboard/DashboardView.swift:254:73: error: cannot find 'Budget' in scope
        .modelContainer(for: [FinancialAccount.self, Subscription.self, Budget.self])
                                                                        ^~~~~~
/Users/danielstevens/Desktop/github-projects/tools-automation/MomentumFinance/Shared/Features/Dashboard/DashboardViewModel.swift:26:69: error: cannot find type 'Subscription' in scope
    func upcomingSubscriptions(_ subscriptions: [Subscription]) -> [Subscription] {
                                                                    ^~~~~~~~~~~~
/Users/danielstevens/Desktop/github-projects/tools-automation/MomentumFinance/Shared/Features/Dashboard/DashboardViewModel.swift:26:50: error: cannot find type 'Subscription' in scope
    func upcomingSubscriptions(_ subscriptions: [Subscription]) -> [Subscription] {
                                                 ^~~~~~~~~~~~
/Users/danielstevens/Desktop/github-projects/tools-automation/MomentumFinance/Shared/Features/Dashboard/DashboardViewModel.swift:35:55: error: cannot find type 'Budget' in scope
    func currentMonthBudgets(_ budgets: [Budget]) -> [Budget] {
                                                      ^~~~~~
/Users/danielstevens/Desktop/github-projects/tools-automation/MomentumFinance/Shared/Features/Dashboard/DashboardViewModel.swift:35:42: error: cannot find type 'Budget' in scope
    func currentMonthBudgets(_ budgets: [Budget]) -> [Budget] {
                                         ^~~~~~
/Users/danielstevens/Desktop/github-projects/tools-automation/MomentumFinance/Shared/Features/Dashboard/DashboardViewModel.swift:47:36: error: cannot find type 'FinancialAccount' in scope
    func totalBalance(_ accounts: [FinancialAccount]) -> Double {
                                   ^~~~~~~~~~~~~~~~
/Users/danielstevens/Desktop/github-projects/tools-automation/MomentumFinance/Shared/Features/Dashboard/DashboardViewModel.swift:54:89: error: cannot find type 'FinancialTransaction' in scope
    func recentTransactions(_ transactions: [FinancialTransaction], limit: Int = 5) -> [FinancialTransaction] {
                                                                                        ^~~~~~~~~~~~~~~~~~~~
/Users/danielstevens/Desktop/github-projects/tools-automation/MomentumFinance/Shared/Features/Dashboard/DashboardViewModel.swift:54:46: error: cannot find type 'FinancialTransaction' in scope
    func recentTransactions(_ transactions: [FinancialTransaction], limit: Int = 5) -> [FinancialTransaction] {
                                             ^~~~~~~~~~~~~~~~~~~~
/Users/danielstevens/Desktop/github-projects/tools-automation/MomentumFinance/Shared/Features/Dashboard/DashboardViewModel.swift:64:56: error: cannot find type 'Subscription' in scope
    func processOverdueSubscriptions(_ subscriptions: [Subscription]) async {
                                                       ^~~~~~~~~~~~
/Users/danielstevens/Desktop/github-projects/tools-automation/MomentumFinance/Shared/Features/Dashboard/DashboardViewModel.swift:77:54: error: cannot find type 'Subscription' in scope
    private func processSubscription(_ subscription: Subscription, modelContext: ModelContext) async {
                                                     ^~~~~~~~~~~~
/Users/danielstevens/Desktop/github-projects/tools-automation/MomentumFinance/Shared/Features/Dashboard/DashboardViewModel.swift:95:46: error: cannot find type 'FinancialTransaction' in scope
    func spendingByCategory(_ transactions: [FinancialTransaction]) -> [String: Double] {
                                             ^~~~~~~~~~~~~~~~~~~~
/Users/danielstevens/Desktop/github-projects/tools-automation/MomentumFinance/Shared/Features/Dashboard/DashboardViewModel.swift:116:46: error: cannot find type 'FinancialTransaction' in scope
    func netIncomeThisMonth(_ transactions: [FinancialTransaction]) -> Double {
                                             ^~~~~~~~~~~~~~~~~~~~
/Users/danielstevens/Desktop/github-projects/tools-automation/MomentumFinance/Shared/Features/Transactions/TransactionsView.swift:21:44: error: cannot find type 'TransactionFilter' in scope
        @State private var selectedFilter: TransactionFilter = .all
                                           ^~~~~~~~~~~~~~~~~
/Users/danielstevens/Desktop/github-projects/tools-automation/MomentumFinance/Shared/Features/Transactions/TransactionsView.swift:24:49: error: cannot find type 'FinancialTransaction' in scope
        @State private var selectedTransaction: FinancialTransaction?
                                                ^~~~~~~~~~~~~~~~~~~~
/Users/danielstevens/Desktop/github-projects/tools-automation/MomentumFinance/Shared/Features/Transactions/TransactionsView.swift:16:36: error: cannot find type 'FinancialTransaction' in scope
        private var transactions: [FinancialTransaction] = []
                                   ^~~~~~~~~~~~~~~~~~~~
/Users/danielstevens/Desktop/github-projects/tools-automation/MomentumFinance/Shared/Features/Transactions/TransactionsView.swift:17:34: error: cannot find type 'ExpenseCategory' in scope
        private var categories: [ExpenseCategory] = []
                                 ^~~~~~~~~~~~~~~
/Users/danielstevens/Desktop/github-projects/tools-automation/MomentumFinance/Shared/Features/Transactions/TransactionsView.swift:18:32: error: cannot find type 'FinancialAccount' in scope
        private var accounts: [FinancialAccount] = []
                               ^~~~~~~~~~~~~~~~
/Users/danielstevens/Desktop/github-projects/tools-automation/MomentumFinance/Shared/Features/Transactions/TransactionsView.swift:29:36: error: cannot find type 'FinancialTransaction' in scope
        var filteredTransactions: [FinancialTransaction] {
                                   ^~~~~~~~~~~~~~~~~~~~
/Users/danielstevens/Desktop/github-projects/tools-automation/MomentumFinance/Shared/Features/Transactions/TransactionsView.swift:132:55: error: cannot find type 'FinancialTransaction' in scope
        private func deleteTransaction(_ transaction: FinancialTransaction) {
                                                      ^~~~~~~~~~~~~~~~~~~~
/Users/danielstevens/Desktop/github-projects/tools-automation/MomentumFinance/Shared/Features/GoalsAndReports/GoalsAndReportsView.swift:314:13: error: cannot find 'SavingsGoal' in scope
            SavingsGoal.self, FinancialTransaction.self, Budget.self, ExpenseCategory.self
            ^~~~~~~~~~~
/Users/danielstevens/Desktop/github-projects/tools-automation/MomentumFinance/Shared/Features/GoalsAndReports/GoalsAndReportsView.swift:314:31: error: cannot find 'FinancialTransaction' in scope
            SavingsGoal.self, FinancialTransaction.self, Budget.self, ExpenseCategory.self
                              ^~~~~~~~~~~~~~~~~~~~
/Users/danielstevens/Desktop/github-projects/tools-automation/MomentumFinance/Shared/Features/GoalsAndReports/GoalsAndReportsView.swift:314:58: error: cannot find 'Budget' in scope
            SavingsGoal.self, FinancialTransaction.self, Budget.self, ExpenseCategory.self
                                                         ^~~~~~
/Users/danielstevens/Desktop/github-projects/tools-automation/MomentumFinance/Shared/Features/GoalsAndReports/GoalsAndReportsView.swift:314:71: error: cannot find 'ExpenseCategory' in scope
            SavingsGoal.self, FinancialTransaction.self, Budget.self, ExpenseCategory.self
                                                                      ^~~~~~~~~~~~~~~
/Users/danielstevens/Desktop/github-projects/tools-automation/MomentumFinance/Shared/Features/GoalsAndReports/GoalsAndReportsView.swift:21:44: error: cannot find type 'SavingsGoal' in scope
                private var savingsGoals: [SavingsGoal] = []
                                           ^~~~~~~~~~~
/Users/danielstevens/Desktop/github-projects/tools-automation/MomentumFinance/Shared/Features/GoalsAndReports/GoalsAndReportsView.swift:22:44: error: cannot find type 'FinancialTransaction' in scope
                private var transactions: [FinancialTransaction] = []
                                           ^~~~~~~~~~~~~~~~~~~~
/Users/danielstevens/Desktop/github-projects/tools-automation/MomentumFinance/Shared/Features/GoalsAndReports/GoalsAndReportsView.swift:23:39: error: cannot find type 'Budget' in scope
                private var budgets: [Budget] = []
                                      ^~~~~~
/Users/danielstevens/Desktop/github-projects/tools-automation/MomentumFinance/Shared/Features/GoalsAndReports/GoalsAndReportsView.swift:24:42: error: cannot find type 'ExpenseCategory' in scope
                private var categories: [ExpenseCategory] = []
                                         ^~~~~~~~~~~~~~~
/Users/danielstevens/Desktop/github-projects/tools-automation/MomentumFinance/Shared/Features/GoalsAndReports/GoalsAndReportsView.swift:40:42: error: cannot find type 'SavingsGoal' in scope
        @State private var selectedGoal: SavingsGoal?
                                         ^~~~~~~~~~~
/Users/danielstevens/Desktop/github-projects/tools-automation/MomentumFinance/Shared/Views/Settings/DataExportView.swift:319:13: error: cannot find 'FinancialTransaction' in scope
            FinancialTransaction.self, FinancialAccount.self, Budget.self, Subscription.self,
            ^~~~~~~~~~~~~~~~~~~~
/Users/danielstevens/Desktop/github-projects/tools-automation/MomentumFinance/Shared/Views/Settings/DataExportView.swift:319:40: error: cannot find 'FinancialAccount' in scope
            FinancialTransaction.self, FinancialAccount.self, Budget.self, Subscription.self,
                                       ^~~~~~~~~~~~~~~~
/Users/danielstevens/Desktop/github-projects/tools-automation/MomentumFinance/Shared/Views/Settings/DataExportView.swift:319:63: error: cannot find 'Budget' in scope
            FinancialTransaction.self, FinancialAccount.self, Budget.self, Subscription.self,
                                                              ^~~~~~
/Users/danielstevens/Desktop/github-projects/tools-automation/MomentumFinance/Shared/Views/Settings/DataExportView.swift:319:76: error: cannot find 'Subscription' in scope
            FinancialTransaction.self, FinancialAccount.self, Budget.self, Subscription.self,
                                                                           ^~~~~~~~~~~~
/Users/danielstevens/Desktop/github-projects/tools-automation/MomentumFinance/Shared/Views/Settings/DataExportView.swift:320:13: error: cannot find 'SavingsGoal' in scope
            SavingsGoal.self
            ^~~~~~~~~~~
/Users/danielstevens/Desktop/github-projects/tools-automation/MomentumFinance/Shared/Views/Settings/DataExportView.swift:13:38: error: cannot find type 'ExportFormat' in scope
    @State private var exportFormat: ExportFormat = .csv
                                     ^~~~~~~~~~~~
/Users/danielstevens/Desktop/github-projects/tools-automation/MomentumFinance/Shared/Views/Settings/DataExportView.swift:14:35: error: cannot find type 'DateRange' in scope
    @State private var dateRange: DateRange = .lastYear
                                  ^~~~~~~~~
/Users/danielstevens/Desktop/github-projects/tools-automation/MomentumFinance/Shared/Views/Settings/DataImportView.swift:178:31: error: cannot find 'FinancialTransaction' in scope
        .modelContainer(for: [FinancialTransaction.self, FinancialAccount.self])
                              ^~~~~~~~~~~~~~~~~~~~
/Users/danielstevens/Desktop/github-projects/tools-automation/MomentumFinance/Shared/Views/Settings/DataImportView.swift:178:58: error: cannot find 'FinancialAccount' in scope
        .modelContainer(for: [FinancialTransaction.self, FinancialAccount.self])
                                                         ^~~~~~~~~~~~~~~~
/Users/danielstevens/Desktop/github-projects/tools-automation/MomentumFinance/Shared/Views/Settings/DataImportView.swift:17:38: error: cannot find type 'ImportResult' in scope
    @State private var importResult: ImportResult?
                                     ^~~~~~~~~~~~
/Users/danielstevens/Desktop/github-projects/tools-automation/MomentumFinance/Shared/Features/Transactions/TransactionsViewModel.swift:24:17: error: cannot find type 'FinancialTransaction' in scope
            -> [FinancialTransaction] {
                ^~~~~~~~~~~~~~~~~~~~
/Users/danielstevens/Desktop/github-projects/tools-automation/MomentumFinance/Shared/Features/Transactions/TransactionsViewModel.swift:23:50: error: cannot find type 'FinancialTransaction' in scope
        func filterTransactions(_ transactions: [FinancialTransaction], by type: TransactionType?)
                                                 ^~~~~~~~~~~~~~~~~~~~
/Users/danielstevens/Desktop/github-projects/tools-automation/MomentumFinance/Shared/Features/Transactions/TransactionsViewModel.swift:23:82: error: cannot find type 'TransactionType' in scope
        func filterTransactions(_ transactions: [FinancialTransaction], by type: TransactionType?)
                                                                                 ^~~~~~~~~~~~~~~
/Users/danielstevens/Desktop/github-projects/tools-automation/MomentumFinance/Shared/Features/Transactions/TransactionsViewModel.swift:33:17: error: cannot find type 'FinancialTransaction' in scope
            -> [FinancialTransaction] {
                ^~~~~~~~~~~~~~~~~~~~
/Users/danielstevens/Desktop/github-projects/tools-automation/MomentumFinance/Shared/Features/Transactions/TransactionsViewModel.swift:32:50: error: cannot find type 'FinancialTransaction' in scope
        func searchTransactions(_ transactions: [FinancialTransaction], query: String)
                                                 ^~~~~~~~~~~~~~~~~~~~
/Users/danielstevens/Desktop/github-projects/tools-automation/MomentumFinance/Shared/Features/Transactions/TransactionsViewModel.swift:47:14: error: cannot find type 'FinancialTransaction' in scope
            [FinancialTransaction]] {
             ^~~~~~~~~~~~~~~~~~~~
/Users/danielstevens/Desktop/github-projects/tools-automation/MomentumFinance/Shared/Features/Transactions/TransactionsViewModel.swift:46:56: error: cannot find type 'FinancialTransaction' in scope
        func groupTransactionsByMonth(_ transactions: [FinancialTransaction]) -> [String:
                                                       ^~~~~~~~~~~~~~~~~~~~
/Users/danielstevens/Desktop/github-projects/tools-automation/MomentumFinance/Shared/Features/Transactions/TransactionsViewModel.swift:59:43: error: cannot find type 'FinancialTransaction' in scope
        func totalIncome(_ transactions: [FinancialTransaction], for period: DateInterval? = nil)
                                          ^~~~~~~~~~~~~~~~~~~~
/Users/danielstevens/Desktop/github-projects/tools-automation/MomentumFinance/Shared/Features/Transactions/TransactionsViewModel.swift:79:45: error: cannot find type 'FinancialTransaction' in scope
        func totalExpenses(_ transactions: [FinancialTransaction], for period: DateInterval? = nil)
                                            ^~~~~~~~~~~~~~~~~~~~
/Users/danielstevens/Desktop/github-projects/tools-automation/MomentumFinance/Shared/Features/Transactions/TransactionsViewModel.swift:99:41: error: cannot find type 'FinancialTransaction' in scope
        func netIncome(_ transactions: [FinancialTransaction], for period: DateInterval? = nil)
                                        ^~~~~~~~~~~~~~~~~~~~
/Users/danielstevens/Desktop/github-projects/tools-automation/MomentumFinance/Shared/Features/Transactions/TransactionsViewModel.swift:109:17: error: cannot find type 'FinancialTransaction' in scope
            -> [FinancialTransaction] {
                ^~~~~~~~~~~~~~~~~~~~
/Users/danielstevens/Desktop/github-projects/tools-automation/MomentumFinance/Shared/Features/Transactions/TransactionsViewModel.swift:108:56: error: cannot find type 'FinancialTransaction' in scope
        func currentMonthTransactions(_ transactions: [FinancialTransaction])
                                                       ^~~~~~~~~~~~~~~~~~~~
/Users/danielstevens/Desktop/github-projects/tools-automation/MomentumFinance/Shared/Features/Transactions/TransactionsViewModel.swift:122:17: error: cannot find type 'FinancialTransaction' in scope
            -> [FinancialTransaction] {
                ^~~~~~~~~~~~~~~~~~~~
/Users/danielstevens/Desktop/github-projects/tools-automation/MomentumFinance/Shared/Features/Transactions/TransactionsViewModel.swift:121:50: error: cannot find type 'FinancialTransaction' in scope
        func recentTransactions(_ transactions: [FinancialTransaction], limit: Int = 10)
                                                 ^~~~~~~~~~~~~~~~~~~~
/Users/danielstevens/Desktop/github-projects/tools-automation/MomentumFinance/Shared/Features/Transactions/TransactionsViewModel.swift:133:47: error: cannot find type 'FinancialTransaction' in scope
        func deleteTransaction(_ transaction: FinancialTransaction) {
                                              ^~~~~~~~~~~~~~~~~~~~
/Users/danielstevens/Desktop/github-projects/tools-automation/MomentumFinance/Shared/Features/Transactions/TransactionsViewModel.swift:162:19: error: cannot find type 'TransactionType' in scope
            type: TransactionType,
                  ^~~~~~~~~~~~~~~
/Users/danielstevens/Desktop/github-projects/tools-automation/MomentumFinance/Shared/Features/Transactions/TransactionsViewModel.swift:163:23: error: cannot find type 'ExpenseCategory' in scope
            category: ExpenseCategory?,
                      ^~~~~~~~~~~~~~~
/Users/danielstevens/Desktop/github-projects/tools-automation/MomentumFinance/Shared/Features/Transactions/TransactionsViewModel.swift:164:22: error: cannot find type 'FinancialAccount' in scope
            account: FinancialAccount,
                     ^~~~~~~~~~~~~~~~
/Users/danielstevens/Desktop/github-projects/tools-automation/MomentumFinance/Shared/Features/Transactions/TransactionsViewModel.swift:197:30: error: cannot find type 'FinancialTransaction' in scope
            _ transactions: [FinancialTransaction], for period: DateInterval? = nil
                             ^~~~~~~~~~~~~~~~~~~~
/Users/danielstevens/Desktop/github-projects/tools-automation/MomentumFinance/Shared/Features/Transactions/AccountDetailView.swift:13:18: error: cannot find type 'FinancialAccount' in scope
    let account: FinancialAccount
                 ^~~~~~~~~~~~~~~~
/Users/danielstevens/Desktop/github-projects/tools-automation/MomentumFinance/Shared/Features/Transactions/AccountDetailView.swift:16:32: error: cannot find type 'FinancialTransaction' in scope
    private var transactions: [FinancialTransaction] = []
                               ^~~~~~~~~~~~~~~~~~~~
/Users/danielstevens/Desktop/github-projects/tools-automation/MomentumFinance/Shared/Features/Transactions/AccountDetailView.swift:20:22: error: cannot find type 'ExpenseCategory' in scope
    let categories: [ExpenseCategory]
                     ^~~~~~~~~~~~~~~
/Users/danielstevens/Desktop/github-projects/tools-automation/MomentumFinance/Shared/Features/Transactions/AccountDetailView.swift:21:20: error: cannot find type 'FinancialAccount' in scope
    let accounts: [FinancialAccount]
                   ^~~~~~~~~~~~~~~~
/Users/danielstevens/Desktop/github-projects/tools-automation/MomentumFinance/Shared/Features/Transactions/AccountDetailView.swift:46:19: error: cannot find type 'FinancialAccount' in scope
    init(account: FinancialAccount, categories: [ExpenseCategory], accounts: [FinancialAccount]) {
                  ^~~~~~~~~~~~~~~~
/Users/danielstevens/Desktop/github-projects/tools-automation/MomentumFinance/Shared/Features/Transactions/AccountDetailView.swift:46:50: error: cannot find type 'ExpenseCategory' in scope
    init(account: FinancialAccount, categories: [ExpenseCategory], accounts: [FinancialAccount]) {
                                                 ^~~~~~~~~~~~~~~
/Users/danielstevens/Desktop/github-projects/tools-automation/MomentumFinance/Shared/Features/Transactions/AccountDetailView.swift:46:79: error: cannot find type 'FinancialAccount' in scope
    init(account: FinancialAccount, categories: [ExpenseCategory], accounts: [FinancialAccount]) {
                                                                              ^~~~~~~~~~~~~~~~
/Users/danielstevens/Desktop/github-projects/tools-automation/MomentumFinance/Shared/Features/Transactions/AccountDetailView.swift:57:32: error: cannot find type 'FinancialTransaction' in scope
    var filteredTransactions: [FinancialTransaction] {
                               ^~~~~~~~~~~~~~~~~~~~
/Users/danielstevens/Desktop/github-projects/tools-automation/MomentumFinance/Shared/Features/Transactions/AccountDetailView.swift:291:24: error: cannot find type 'FinancialTransaction' in scope
    let transactions: [FinancialTransaction]
                       ^~~~~~~~~~~~~~~~~~~~
/Users/danielstevens/Desktop/github-projects/tools-automation/MomentumFinance/Shared/Features/Transactions/AccountsListView.swift:11:40: error: cannot find type 'FinancialAccount' in scope
                private var accounts: [FinancialAccount] = []
                                       ^~~~~~~~~~~~~~~~
/Users/danielstevens/Desktop/github-projects/tools-automation/MomentumFinance/Shared/Features/Transactions/AccountsListView.swift:19:26: error: cannot find type 'ExpenseCategory' in scope
        let categories: [ExpenseCategory]
                         ^~~~~~~~~~~~~~~
/Users/danielstevens/Desktop/github-projects/tools-automation/MomentumFinance/Shared/Features/Transactions/AccountsListView.swift:20:28: error: cannot find type 'FinancialAccount' in scope
        let accountsList: [FinancialAccount]
                           ^~~~~~~~~~~~~~~~
/Users/danielstevens/Desktop/github-projects/tools-automation/MomentumFinance/Shared/Features/Transactions/AccountsListView.swift:22:27: error: cannot find type 'ExpenseCategory' in scope
        init(categories: [ExpenseCategory] = [], accounts: [FinancialAccount] = []) {
                          ^~~~~~~~~~~~~~~
/Users/danielstevens/Desktop/github-projects/tools-automation/MomentumFinance/Shared/Features/Transactions/AccountsListView.swift:22:61: error: cannot find type 'FinancialAccount' in scope
        init(categories: [ExpenseCategory] = [], accounts: [FinancialAccount] = []) {
                                                            ^~~~~~~~~~~~~~~~
/Users/danielstevens/Desktop/github-projects/tools-automation/MomentumFinance/Shared/Features/Transactions/AccountsListView.swift:67:47: error: cannot find type 'FinancialAccount' in scope
        private func accountCard(for account: FinancialAccount) -> some View {
                                              ^~~~~~~~~~~~~~~~
/Users/danielstevens/Desktop/github-projects/tools-automation/MomentumFinance/Shared/Features/Transactions/CategoryTransactionsView.swift:20:44: error: cannot find type 'FinancialTransaction' in scope
                private var transactions: [FinancialTransaction] = []
                                           ^~~~~~~~~~~~~~~~~~~~
/Users/danielstevens/Desktop/github-projects/tools-automation/MomentumFinance/Shared/Features/Transactions/CategoryTransactionsView.swift:21:42: error: cannot find type 'ExpenseCategory' in scope
                private var categories: [ExpenseCategory] = []
                                         ^~~~~~~~~~~~~~~
/Users/danielstevens/Desktop/github-projects/tools-automation/MomentumFinance/Shared/Features/Transactions/CategoryTransactionsView.swift:32:31: error: cannot find type 'ExpenseCategory' in scope
        private var category: ExpenseCategory? {
                              ^~~~~~~~~~~~~~~
/Users/danielstevens/Desktop/github-projects/tools-automation/MomentumFinance/Shared/Features/Transactions/CategoryTransactionsView.swift:37:44: error: cannot find type 'FinancialTransaction' in scope
        private var filteredTransactions: [FinancialTransaction] {
                                           ^~~~~~~~~~~~~~~~~~~~
/Users/danielstevens/Desktop/github-projects/tools-automation/MomentumFinance/Shared/Features/Transactions/CategoryTransactionsView.swift:112:55: error: cannot find type 'FinancialTransaction' in scope
        private func deleteTransaction(_ transaction: FinancialTransaction) {
                                                      ^~~~~~~~~~~~~~~~~~~~
/Users/danielstevens/Desktop/github-projects/tools-automation/MomentumFinance/Shared/Features/Budgets/BudgetsView.swift:23:39: error: cannot find type 'Budget' in scope
                private var budgets: [Budget] = []
                                      ^~~~~~
/Users/danielstevens/Desktop/github-projects/tools-automation/MomentumFinance/Shared/Features/Budgets/BudgetsView.swift:24:42: error: cannot find type 'ExpenseCategory' in scope
                private var categories: [ExpenseCategory] = []
                                         ^~~~~~~~~~~~~~~
/Users/danielstevens/Desktop/github-projects/tools-automation/MomentumFinance/Shared/Features/Budgets/BudgetsView.swift:202:39: error: cannot find type 'Budget' in scope
        private var filteredBudgets: [Budget] {
                                      ^~~~~~
/Users/danielstevens/Desktop/github-projects/tools-automation/MomentumFinance/Shared/Features/Budgets/BudgetsView.swift:219:23: error: cannot find type 'Budget' in scope
        let budgets: [Budget]
                      ^~~~~~
/Users/danielstevens/Desktop/github-projects/tools-automation/MomentumFinance/Shared/Features/Budgets/BudgetsView.swift:307:21: error: cannot find type 'Budget' in scope
        let budget: Budget
                    ^~~~~~
/Users/danielstevens/Desktop/github-projects/tools-automation/MomentumFinance/Shared/Features/Budgets/BudgetsView.swift:395:46: error: cannot find type 'ExpenseCategory' in scope
        @State private var selectedCategory: ExpenseCategory?
                                             ^~~~~~~~~~~~~~~
/Users/danielstevens/Desktop/github-projects/tools-automation/MomentumFinance/Shared/Features/Budgets/BudgetsView.swift:390:26: error: cannot find type 'ExpenseCategory' in scope
        let categories: [ExpenseCategory]
                         ^~~~~~~~~~~~~~~
/Users/danielstevens/Desktop/github-projects/tools-automation/MomentumFinance/Shared/Features/Budgets/BudgetsView.swift:489:19: error: cannot find type 'Budget' in scope
    let budgets: [Budget]
                  ^~~~~~
/Users/danielstevens/Desktop/github-projects/tools-automation/MomentumFinance/Shared/Features/Budgets/BudgetsView.swift:493:35: error: cannot find type 'Budget' in scope
    private var filteredBudgets: [Budget] {
                                  ^~~~~~
/Users/danielstevens/Desktop/github-projects/tools-automation/MomentumFinance/Shared/Features/Budgets/BudgetsViewModel.swift:23:64: error: cannot find type 'Budget' in scope
    func budgetsForMonth(_ budgets: [Budget], month: Date) -> [Budget] {
                                                               ^~~~~~
/Users/danielstevens/Desktop/github-projects/tools-automation/MomentumFinance/Shared/Features/Budgets/BudgetsViewModel.swift:23:38: error: cannot find type 'Budget' in scope
    func budgetsForMonth(_ budgets: [Budget], month: Date) -> [Budget] {
                                     ^~~~~~
/Users/danielstevens/Desktop/github-projects/tools-automation/MomentumFinance/Shared/Features/Budgets/BudgetsViewModel.swift:33:42: error: cannot find type 'Budget' in scope
    func totalBudgetedAmount(_ budgets: [Budget], for month: Date) -> Double {
                                         ^~~~~~
/Users/danielstevens/Desktop/github-projects/tools-automation/MomentumFinance/Shared/Features/Budgets/BudgetsViewModel.swift:40:39: error: cannot find type 'Budget' in scope
    func totalSpentAmount(_ budgets: [Budget], for month: Date) -> Double {
                                      ^~~~~~
/Users/danielstevens/Desktop/github-projects/tools-automation/MomentumFinance/Shared/Features/Budgets/BudgetsViewModel.swift:47:38: error: cannot find type 'Budget' in scope
    func remainingBudget(_ budgets: [Budget], for month: Date) -> Double {
                                     ^~~~~~
/Users/danielstevens/Desktop/github-projects/tools-automation/MomentumFinance/Shared/Features/Budgets/BudgetsViewModel.swift:57:46: error: cannot find type 'Budget' in scope
    func hasOverBudgetCategories(_ budgets: [Budget], for month: Date) -> Bool {
                                             ^~~~~~
/Users/danielstevens/Desktop/github-projects/tools-automation/MomentumFinance/Shared/Features/Budgets/BudgetsViewModel.swift:64:73: error: cannot find type 'Budget' in scope
    func overBudgetCategories(_ budgets: [Budget], for month: Date) -> [Budget] {
                                                                        ^~~~~~
/Users/danielstevens/Desktop/github-projects/tools-automation/MomentumFinance/Shared/Features/Budgets/BudgetsViewModel.swift:64:43: error: cannot find type 'Budget' in scope
    func overBudgetCategories(_ budgets: [Budget], for month: Date) -> [Budget] {
                                          ^~~~~~
/Users/danielstevens/Desktop/github-projects/tools-automation/MomentumFinance/Shared/Features/Budgets/BudgetsViewModel.swift:71:33: error: cannot find type 'ExpenseCategory' in scope
    func createBudget(category: ExpenseCategory, limitAmount: Double, month: Date) {
                                ^~~~~~~~~~~~~~~
/Users/danielstevens/Desktop/github-projects/tools-automation/MomentumFinance/Shared/Features/Budgets/BudgetsViewModel.swift:104:38: error: cannot find type 'Budget' in scope
    func updateBudgetLimit(_ budget: Budget, newLimit: Double) {
                                     ^~~~~~
/Users/danielstevens/Desktop/github-projects/tools-automation/MomentumFinance/Shared/Features/Budgets/BudgetsViewModel.swift:117:33: error: cannot find type 'Budget' in scope
    func deleteBudget(_ budget: Budget) {
                                ^~~~~~
/Users/danielstevens/Desktop/github-projects/tools-automation/MomentumFinance/Shared/Features/Budgets/BudgetsViewModel.swift:132:44: error: cannot find type 'Budget' in scope
    func budgetProgressSummary(_ budgets: [Budget], for month: Date) -> BudgetProgressSummary {
                                           ^~~~~~
/Users/danielstevens/Desktop/github-projects/tools-automation/MomentumFinance/Shared/Features/Budgets/BudgetsViewModel.swift:152:38: error: cannot find type 'ExpenseCategory' in scope
    func spendingTrend(for category: ExpenseCategory, months: Int = 6) -> [MonthlySpending] {
                                     ^~~~~~~~~~~~~~~
/Users/danielstevens/Desktop/github-projects/tools-automation/MomentumFinance/Shared/Features/Budgets/BudgetsViewModel.swift:179:49: error: cannot find type 'Budget' in scope
    func updateBudgetRolloverSettings(_ budget: Budget, enabled: Bool, maxPercentage: Double) {
                                                ^~~~~~
/Users/danielstevens/Desktop/github-projects/tools-automation/MomentumFinance/Shared/Features/Budgets/BudgetsViewModel.swift:196:48: error: cannot find type 'Budget' in scope
    func applyRolloverToNextPeriod(for budget: Budget) {
                                               ^~~~~~
/Users/danielstevens/Desktop/github-projects/tools-automation/MomentumFinance/Shared/Features/Budgets/BudgetsViewModel.swift:228:41: error: cannot find type 'Budget' in scope
    func getRolloverSummary(for budget: Budget) -> BudgetRolloverSummary {
                                        ^~~~~~
/Users/danielstevens/Desktop/github-projects/tools-automation/MomentumFinance/Shared/Features/Budgets/BudgetsViewModel.swift:245:46: error: cannot find type 'Budget' in scope
    func scheduleBudgetNotifications(for _: [Budget]) {
                                             ^~~~~~
/Users/danielstevens/Desktop/github-projects/tools-automation/MomentumFinance/Shared/Features/Subscriptions/SubscriptionsView.swift:32:29: error: cannot find type 'Subscription' in scope
        let subscriptions: [Subscription]
                            ^~~~~~~~~~~~
/Users/danielstevens/Desktop/github-projects/tools-automation/MomentumFinance/Shared/Features/Subscriptions/SubscriptionsView.swift:38:37: error: cannot find type 'Subscription' in scope
        public init(subscriptions: [Subscription], selectedFilter: Binding<SubscriptionFilter>, showingAddSubscription: Binding<Bool>) {
                                    ^~~~~~~~~~~~
/Users/danielstevens/Desktop/github-projects/tools-automation/MomentumFinance/Shared/Features/Subscriptions/SubscriptionsView.swift:65:29: error: cannot find type 'Subscription' in scope
        let subscriptions: [Subscription]
                            ^~~~~~~~~~~~
/Users/danielstevens/Desktop/github-projects/tools-automation/MomentumFinance/Shared/Features/Subscriptions/SubscriptionsView.swift:69:43: error: cannot find type 'Subscription' in scope
        private var activeSubscriptions: [Subscription] {
                                          ^~~~~~~~~~~~
/Users/danielstevens/Desktop/github-projects/tools-automation/MomentumFinance/Shared/Features/Subscriptions/SubscriptionsView.swift:77:48: error: cannot find type 'Subscription' in scope
        private var subscriptionsDueThisWeek: [Subscription] {
                                               ^~~~~~~~~~~~
/Users/danielstevens/Desktop/github-projects/tools-automation/MomentumFinance/Shared/Features/Subscriptions/SubscriptionsView.swift:81:44: error: cannot find type 'Subscription' in scope
        private var overdueSubscriptions: [Subscription] {
                                           ^~~~~~~~~~~~
/Users/danielstevens/Desktop/github-projects/tools-automation/MomentumFinance/Shared/Features/Subscriptions/SubscriptionsView.swift:85:37: error: cannot find type 'Subscription' in scope
        public init(subscriptions: [Subscription]) {
                                    ^~~~~~~~~~~~
/Users/danielstevens/Desktop/github-projects/tools-automation/MomentumFinance/Shared/Features/Subscriptions/SubscriptionsView.swift:160:44: error: cannot find type 'Subscription' in scope
        @Binding var selectedSubscription: Subscription?
                                           ^~~~~~~~~~~~
/Users/danielstevens/Desktop/github-projects/tools-automation/MomentumFinance/Shared/Features/Subscriptions/SubscriptionsView.swift:159:37: error: cannot find type 'Subscription' in scope
        let filteredSubscriptions: [Subscription]
                                    ^~~~~~~~~~~~
/Users/danielstevens/Desktop/github-projects/tools-automation/MomentumFinance/Shared/Features/Subscriptions/SubscriptionsView.swift:188:27: error: cannot find type 'Subscription' in scope
        let subscription: Subscription
                          ^~~~~~~~~~~~
/Users/danielstevens/Desktop/github-projects/tools-automation/MomentumFinance/Shared/Features/Subscriptions/SubscriptionsView.swift:321:40: error: cannot find 'BillingCycle' in scope
        @State private var frequency = BillingCycle.monthly
                                       ^~~~~~~~~~~~
/Users/danielstevens/Desktop/github-projects/tools-automation/MomentumFinance/Shared/Features/Subscriptions/SubscriptionsView.swift:323:46: error: cannot find type 'ExpenseCategory' in scope
        @State private var selectedCategory: ExpenseCategory?
                                             ^~~~~~~~~~~~~~~
/Users/danielstevens/Desktop/github-projects/tools-automation/MomentumFinance/Shared/Features/Subscriptions/SubscriptionsView.swift:324:45: error: cannot find type 'FinancialAccount' in scope
        @State private var selectedAccount: FinancialAccount?
                                            ^~~~~~~~~~~~~~~~
/Users/danielstevens/Desktop/github-projects/tools-automation/MomentumFinance/Shared/Features/Subscriptions/SubscriptionsView.swift:316:34: error: cannot find type 'ExpenseCategory' in scope
        private var categories: [ExpenseCategory] = []
                                 ^~~~~~~~~~~~~~~
/Users/danielstevens/Desktop/github-projects/tools-automation/MomentumFinance/Shared/Features/Subscriptions/SubscriptionsView.swift:317:32: error: cannot find type 'FinancialAccount' in scope
        private var accounts: [FinancialAccount] = []
                               ^~~~~~~~~~~~~~~~
/Users/danielstevens/Desktop/github-projects/tools-automation/MomentumFinance/Shared/Features/Subscriptions/SubscriptionsView.swift:475:50: error: cannot find type 'Subscription' in scope
        @State private var selectedSubscription: Subscription?
                                                 ^~~~~~~~~~~~
/Users/danielstevens/Desktop/github-projects/tools-automation/MomentumFinance/Shared/Features/Subscriptions/SubscriptionsView.swift:470:37: error: cannot find type 'Subscription' in scope
        private var subscriptions: [Subscription] = []
                                    ^~~~~~~~~~~~
/Users/danielstevens/Desktop/github-projects/tools-automation/MomentumFinance/Shared/Features/Subscriptions/SubscriptionsView.swift:471:34: error: cannot find type 'ExpenseCategory' in scope
        private var categories: [ExpenseCategory] = []
                                 ^~~~~~~~~~~~~~~
/Users/danielstevens/Desktop/github-projects/tools-automation/MomentumFinance/Shared/Features/Subscriptions/SubscriptionsView.swift:472:32: error: cannot find type 'FinancialAccount' in scope
        private var accounts: [FinancialAccount] = []
                               ^~~~~~~~~~~~~~~~
/Users/danielstevens/Desktop/github-projects/tools-automation/MomentumFinance/Shared/Features/Subscriptions/SubscriptionsView.swift:511:45: error: cannot find type 'Subscription' in scope
        private var filteredSubscriptions: [Subscription] {
                                            ^~~~~~~~~~~~
/Users/danielstevens/Desktop/github-projects/tools-automation/MomentumFinance/Shared/Features/Subscriptions/SubscriptionsView.swift:585:29: error: cannot find type 'Subscription' in scope
            subscriptions: [Subscription] = [], categories: [ExpenseCategory] = [],
                            ^~~~~~~~~~~~
/Users/danielstevens/Desktop/github-projects/tools-automation/MomentumFinance/Shared/Features/Subscriptions/SubscriptionsView.swift:585:62: error: cannot find type 'ExpenseCategory' in scope
            subscriptions: [Subscription] = [], categories: [ExpenseCategory] = [],
                                                             ^~~~~~~~~~~~~~~
/Users/danielstevens/Desktop/github-projects/tools-automation/MomentumFinance/Shared/Features/Subscriptions/SubscriptionsView.swift:586:24: error: cannot find type 'FinancialAccount' in scope
            accounts: [FinancialAccount] = []
                       ^~~~~~~~~~~~~~~~
/Users/danielstevens/Desktop/github-projects/tools-automation/MomentumFinance/Shared/Features/Subscriptions/SubscriptionsViewModel.swift:22:72: error: cannot find type 'Subscription' in scope
    func subscriptionsDueThisWeek(_ subscriptions: [Subscription]) -> [Subscription] {
                                                                       ^~~~~~~~~~~~
/Users/danielstevens/Desktop/github-projects/tools-automation/MomentumFinance/Shared/Features/Subscriptions/SubscriptionsViewModel.swift:22:53: error: cannot find type 'Subscription' in scope
    func subscriptionsDueThisWeek(_ subscriptions: [Subscription]) -> [Subscription] {
                                                    ^~~~~~~~~~~~
/Users/danielstevens/Desktop/github-projects/tools-automation/MomentumFinance/Shared/Features/Subscriptions/SubscriptionsViewModel.swift:35:69: error: cannot find type 'Subscription' in scope
    func subscriptionsDueToday(_ subscriptions: [Subscription]) -> [Subscription] {
                                                                    ^~~~~~~~~~~~
/Users/danielstevens/Desktop/github-projects/tools-automation/MomentumFinance/Shared/Features/Subscriptions/SubscriptionsViewModel.swift:35:50: error: cannot find type 'Subscription' in scope
    func subscriptionsDueToday(_ subscriptions: [Subscription]) -> [Subscription] {
                                                 ^~~~~~~~~~~~
/Users/danielstevens/Desktop/github-projects/tools-automation/MomentumFinance/Shared/Features/Subscriptions/SubscriptionsViewModel.swift:47:68: error: cannot find type 'Subscription' in scope
    func overdueSubscriptions(_ subscriptions: [Subscription]) -> [Subscription] {
                                                                   ^~~~~~~~~~~~
/Users/danielstevens/Desktop/github-projects/tools-automation/MomentumFinance/Shared/Features/Subscriptions/SubscriptionsViewModel.swift:47:49: error: cannot find type 'Subscription' in scope
    func overdueSubscriptions(_ subscriptions: [Subscription]) -> [Subscription] {
                                                ^~~~~~~~~~~~
/Users/danielstevens/Desktop/github-projects/tools-automation/MomentumFinance/Shared/Features/Subscriptions/SubscriptionsViewModel.swift:57:47: error: cannot find type 'Subscription' in scope
    func totalMonthlyAmount(_ subscriptions: [Subscription]) -> Double {
                                              ^~~~~~~~~~~~
/Users/danielstevens/Desktop/github-projects/tools-automation/MomentumFinance/Shared/Features/Subscriptions/SubscriptionsViewModel.swift:77:56: error: cannot find type 'Subscription' in scope
    func processOverdueSubscriptions(_ subscriptions: [Subscription]) {
                                                       ^~~~~~~~~~~~
/Users/danielstevens/Desktop/github-projects/tools-automation/MomentumFinance/Shared/Features/Subscriptions/SubscriptionsViewModel.swift:92:52: error: cannot find type 'Subscription' in scope
    func scheduleSubscriptionNotifications(for _: [Subscription]) {
                                                   ^~~~~~~~~~~~
/Users/danielstevens/Desktop/github-projects/tools-automation/MomentumFinance/Shared/Features/Subscriptions/SubscriptionsViewModel.swift:100:88: error: cannot find type 'Subscription' in scope
    func subscriptionsGroupedByFrequency(_ subscriptions: [Subscription]) -> [String: [Subscription]] {
                                                                                       ^~~~~~~~~~~~
/Users/danielstevens/Desktop/github-projects/tools-automation/MomentumFinance/Shared/Features/Subscriptions/SubscriptionsViewModel.swift:100:60: error: cannot find type 'Subscription' in scope
    func subscriptionsGroupedByFrequency(_ subscriptions: [Subscription]) -> [String: [Subscription]] {
                                                           ^~~~~~~~~~~~
/Users/danielstevens/Desktop/github-projects/tools-automation/MomentumFinance/Shared/Features/Subscriptions/SubscriptionDetailView.swift:17:27: error: cannot find type 'Subscription' in scope
        var subscription: Subscription?
                          ^~~~~~~~~~~~
/Users/danielstevens/Desktop/github-projects/tools-automation/MomentumFinance/Shared/Features/Subscriptions/SubscriptionDetailView.swift:21:45: error: cannot find type 'Subscription' in scope
                private var subscriptions: [Subscription] = []
                                            ^~~~~~~~~~~~
/Users/danielstevens/Desktop/github-projects/tools-automation/MomentumFinance/Shared/Features/Subscriptions/SubscriptionDetailView.swift:22:44: error: cannot find type 'FinancialTransaction' in scope
                private var transactions: [FinancialTransaction] = []
                                           ^~~~~~~~~~~~~~~~~~~~
/Users/danielstevens/Desktop/github-projects/tools-automation/MomentumFinance/Shared/Features/Subscriptions/SubscriptionDetailView.swift:35:28: error: cannot find type 'Subscription' in scope
        init(subscription: Subscription) {
                           ^~~~~~~~~~~~
/Users/danielstevens/Desktop/github-projects/tools-automation/MomentumFinance/Shared/Features/Subscriptions/SubscriptionDetailView.swift:47:43: error: cannot find type 'Subscription' in scope
        private var resolvedSubscription: Subscription? {
                                          ^~~~~~~~~~~~
/Users/danielstevens/Desktop/github-projects/tools-automation/MomentumFinance/Shared/Features/Subscriptions/SubscriptionDetailView.swift:237:52: error: cannot find type 'BillingCycle' in scope
        private func billingFrequencyText(_ cycle: BillingCycle) -> String {
                                                   ^~~~~~~~~~~~
/Users/danielstevens/Desktop/github-projects/tools-automation/MomentumFinance/Shared/Features/Subscriptions/SubscriptionDetailView.swift:248:56: error: cannot find type 'Subscription' in scope
        private func paymentStatusText(_ subscription: Subscription) -> String {
                                                       ^~~~~~~~~~~~
/Users/danielstevens/Desktop/github-projects/tools-automation/MomentumFinance/Shared/Features/Subscriptions/SubscriptionDetailView.swift:258:55: error: cannot find type 'Subscription' in scope
        private func isPaymentOverdue(_ subscription: Subscription) -> Bool {
                                                      ^~~~~~~~~~~~
/Users/danielstevens/Desktop/github-projects/tools-automation/MomentumFinance/Shared/Features/Subscriptions/SubscriptionDetailView.swift:262:55: error: cannot find type 'Subscription' in scope
        private func isPaymentDueSoon(_ subscription: Subscription) -> Bool {
                                                      ^~~~~~~~~~~~
/Users/danielstevens/Desktop/github-projects/tools-automation/MomentumFinance/Shared/Features/Subscriptions/SubscriptionDetailView.swift:270:17: error: cannot find type 'FinancialTransaction' in scope
            -> [FinancialTransaction] {
                ^~~~~~~~~~~~~~~~~~~~
/Users/danielstevens/Desktop/github-projects/tools-automation/MomentumFinance/Shared/Features/Subscriptions/SubscriptionDetailView.swift:269:63: error: cannot find type 'Subscription' in scope
        private func getRelatedTransactions(for subscription: Subscription)
                                                              ^~~~~~~~~~~~
/Users/danielstevens/Desktop/github-projects/tools-automation/MomentumFinance/Shared/Features/GoalsAndReports/GoalsAndReportsView.swift:250:40: error: cannot find type 'SavingsGoal' in scope
            @Binding var selectedGoal: SavingsGoal?
                                       ^~~~~~~~~~~
/Users/danielstevens/Desktop/github-projects/tools-automation/MomentumFinance/Shared/Features/GoalsAndReports/GoalsAndReportsView.swift:248:25: error: cannot find type 'SavingsGoal' in scope
            let goals: [SavingsGoal]
                        ^~~~~~~~~~~
/Users/danielstevens/Desktop/github-projects/tools-automation/MomentumFinance/Shared/Features/GoalsAndReports/GoalsAndReportsView.swift:294:32: error: cannot find type 'FinancialTransaction' in scope
            let transactions: [FinancialTransaction]
                               ^~~~~~~~~~~~~~~~~~~~
/Users/danielstevens/Desktop/github-projects/tools-automation/MomentumFinance/Shared/Features/GoalsAndReports/GoalsAndReportsView.swift:295:27: error: cannot find type 'Budget' in scope
            let budgets: [Budget]
                          ^~~~~~
/Users/danielstevens/Desktop/github-projects/tools-automation/MomentumFinance/Shared/Features/GoalsAndReports/GoalsAndReportsView.swift:296:30: error: cannot find type 'ExpenseCategory' in scope
            let categories: [ExpenseCategory]
                             ^~~~~~~~~~~~~~~
/Users/danielstevens/Desktop/github-projects/tools-automation/MomentumFinance/Shared/Features/GoalsAndReports/GoalsAndReportsViewModel.swift:22:53: error: cannot find type 'SavingsGoal' in scope
    func completedGoals(_ goals: [SavingsGoal]) -> [SavingsGoal] {
                                                    ^~~~~~~~~~~
/Users/danielstevens/Desktop/github-projects/tools-automation/MomentumFinance/Shared/Features/GoalsAndReports/GoalsAndReportsViewModel.swift:22:35: error: cannot find type 'SavingsGoal' in scope
    func completedGoals(_ goals: [SavingsGoal]) -> [SavingsGoal] {
                                  ^~~~~~~~~~~
/Users/danielstevens/Desktop/github-projects/tools-automation/MomentumFinance/Shared/Features/GoalsAndReports/GoalsAndReportsViewModel.swift:29:50: error: cannot find type 'SavingsGoal' in scope
    func activeGoals(_ goals: [SavingsGoal]) -> [SavingsGoal] {
                                                 ^~~~~~~~~~~
/Users/danielstevens/Desktop/github-projects/tools-automation/MomentumFinance/Shared/Features/GoalsAndReports/GoalsAndReportsViewModel.swift:29:32: error: cannot find type 'SavingsGoal' in scope
    func activeGoals(_ goals: [SavingsGoal]) -> [SavingsGoal] {
                               ^~~~~~~~~~~
/Users/danielstevens/Desktop/github-projects/tools-automation/MomentumFinance/Shared/Features/GoalsAndReports/GoalsAndReportsViewModel.swift:36:54: error: cannot find type 'SavingsGoal' in scope
    func goalsByProgress(_ goals: [SavingsGoal]) -> [SavingsGoal] {
                                                     ^~~~~~~~~~~
/Users/danielstevens/Desktop/github-projects/tools-automation/MomentumFinance/Shared/Features/GoalsAndReports/GoalsAndReportsViewModel.swift:36:36: error: cannot find type 'SavingsGoal' in scope
    func goalsByProgress(_ goals: [SavingsGoal]) -> [SavingsGoal] {
                                   ^~~~~~~~~~~
/Users/danielstevens/Desktop/github-projects/tools-automation/MomentumFinance/Shared/Features/GoalsAndReports/GoalsAndReportsViewModel.swift:43:33: error: cannot find type 'SavingsGoal' in scope
    func totalSavings(_ goals: [SavingsGoal]) -> Double {
                                ^~~~~~~~~~~
/Users/danielstevens/Desktop/github-projects/tools-automation/MomentumFinance/Shared/Features/GoalsAndReports/GoalsAndReportsViewModel.swift:50:38: error: cannot find type 'SavingsGoal' in scope
    func totalTargetAmount(_ goals: [SavingsGoal]) -> Double {
                                     ^~~~~~~~~~~
/Users/danielstevens/Desktop/github-projects/tools-automation/MomentumFinance/Shared/Features/GoalsAndReports/GoalsAndReportsViewModel.swift:57:43: error: cannot find type 'SavingsGoal' in scope
    func overallSavingsProgress(_ goals: [SavingsGoal]) -> Double {
                                          ^~~~~~~~~~~
/Users/danielstevens/Desktop/github-projects/tools-automation/MomentumFinance/Shared/Features/GoalsAndReports/GoalsAndReportsViewModel.swift:91:33: error: cannot find type 'SavingsGoal' in scope
    func addFundsToGoal(_ goal: SavingsGoal, amount: Double) {
                                ^~~~~~~~~~~
/Users/danielstevens/Desktop/github-projects/tools-automation/MomentumFinance/Shared/Features/GoalsAndReports/GoalsAndReportsViewModel.swift:104:38: error: cannot find type 'SavingsGoal' in scope
    func removeFundsFromGoal(_ goal: SavingsGoal, amount: Double) {
                                     ^~~~~~~~~~~
/Users/danielstevens/Desktop/github-projects/tools-automation/MomentumFinance/Shared/Features/GoalsAndReports/GoalsAndReportsViewModel.swift:117:36: error: cannot find type 'SavingsGoal' in scope
    func deleteSavingsGoal(_ goal: SavingsGoal) {
                                   ^~~~~~~~~~~
/Users/danielstevens/Desktop/github-projects/tools-automation/MomentumFinance/Shared/Features/GoalsAndReports/GoalsAndReportsViewModel.swift:131:26: error: cannot find type 'FinancialTransaction' in scope
        _ transactions: [FinancialTransaction],
                         ^~~~~~~~~~~~~~~~~~~~
/Users/danielstevens/Desktop/github-projects/tools-automation/MomentumFinance/Shared/Features/GoalsAndReports/GoalsAndReportsViewModel.swift:166:26: error: cannot find type 'FinancialTransaction' in scope
        _ transactions: [FinancialTransaction],
                         ^~~~~~~~~~~~~~~~~~~~
/Users/danielstevens/Desktop/github-projects/tools-automation/MomentumFinance/Shared/Features/GoalsAndReports/GoalsAndReportsViewModel.swift:205:26: error: cannot find type 'FinancialTransaction' in scope
        _ transactions: [FinancialTransaction],
                         ^~~~~~~~~~~~~~~~~~~~
/Users/danielstevens/Desktop/github-projects/tools-automation/MomentumFinance/Shared/Features/GoalsAndReports/GoalsAndReportsViewModel.swift:232:26: error: cannot find type 'FinancialTransaction' in scope
        _ transactions: [FinancialTransaction],
                         ^~~~~~~~~~~~~~~~~~~~
/Users/danielstevens/Desktop/github-projects/tools-automation/MomentumFinance/Shared/Features/GoalsAndReports/GoalsAndReportsViewModel.swift:251:43: error: cannot find type 'Budget' in scope
    func budgetVsActualReport(_ budgets: [Budget]) -> [BudgetVsActual] {
                                          ^~~~~~
/Users/danielstevens/Desktop/github-projects/tools-automation/MomentumFinance/Shared/Features/GoalsAndReports/SavingsGoalViews.swift:18:32: error: cannot find type 'SavingsGoal' in scope
    @Binding var selectedGoal: SavingsGoal?
                               ^~~~~~~~~~~
/Users/danielstevens/Desktop/github-projects/tools-automation/MomentumFinance/Shared/Features/GoalsAndReports/SavingsGoalViews.swift:16:17: error: cannot find type 'SavingsGoal' in scope
    let goals: [SavingsGoal]
                ^~~~~~~~~~~
/Users/danielstevens/Desktop/github-projects/tools-automation/MomentumFinance/Shared/Features/GoalsAndReports/SavingsGoalViews.swift:44:15: error: cannot find type 'SavingsGoal' in scope
    let goal: SavingsGoal
              ^~~~~~~~~~~
/Users/danielstevens/Desktop/github-projects/tools-automation/MomentumFinance/Shared/Utils/HapticManager.swift:137:51: error: cannot find type 'TransactionType' in scope
    func transactionFeedback(for transactionType: TransactionType) {
                                                  ^~~~~~~~~~~~~~~
/Users/danielstevens/Desktop/github-projects/tools-automation/MomentumFinance/Shared/Features/GoalsAndReports/SavingsGoalManagementViews.swift:117:15: error: cannot find type 'SavingsGoal' in scope
    let goal: SavingsGoal
              ^~~~~~~~~~~
/Users/danielstevens/Desktop/github-projects/tools-automation/MomentumFinance/Shared/Features/GoalsAndReports/ReportsViews.swift:15:24: error: cannot find type 'FinancialTransaction' in scope
    let transactions: [FinancialTransaction]
                       ^~~~~~~~~~~~~~~~~~~~
/Users/danielstevens/Desktop/github-projects/tools-automation/MomentumFinance/Shared/Features/GoalsAndReports/ReportsViews.swift:16:19: error: cannot find type 'Budget' in scope
    let budgets: [Budget]
                  ^~~~~~
/Users/danielstevens/Desktop/github-projects/tools-automation/MomentumFinance/Shared/Features/GoalsAndReports/ReportsViews.swift:17:22: error: cannot find type 'ExpenseCategory' in scope
    let categories: [ExpenseCategory]
                     ^~~~~~~~~~~~~~~
/Users/danielstevens/Desktop/github-projects/tools-automation/MomentumFinance/Shared/Features/GoalsAndReports/ReportsViews.swift:68:40: error: cannot find type 'FinancialTransaction' in scope
    private var filteredTransactions: [FinancialTransaction] {
                                       ^~~~~~~~~~~~~~~~~~~~
/Users/danielstevens/Desktop/github-projects/tools-automation/MomentumFinance/Shared/Features/GoalsAndReports/ReportsViews.swift:97:40: error: cannot find type 'Budget' in scope
    private var currentPeriodBudgets: [Budget] {
                                       ^~~~~~
/Users/danielstevens/Desktop/github-projects/tools-automation/MomentumFinance/Shared/Features/GoalsAndReports/ReportsViews.swift:108:24: error: cannot find type 'FinancialTransaction' in scope
    let transactions: [FinancialTransaction]
                       ^~~~~~~~~~~~~~~~~~~~
/Users/danielstevens/Desktop/github-projects/tools-automation/MomentumFinance/Shared/Features/GoalsAndReports/ReportsViews.swift:184:24: error: cannot find type 'FinancialTransaction' in scope
    let transactions: [FinancialTransaction]
                       ^~~~~~~~~~~~~~~~~~~~
/Users/danielstevens/Desktop/github-projects/tools-automation/MomentumFinance/Shared/Features/GoalsAndReports/ReportsViews.swift:185:22: error: cannot find type 'ExpenseCategory' in scope
    let categories: [ExpenseCategory]
                     ^~~~~~~~~~~~~~~
/Users/danielstevens/Desktop/github-projects/tools-automation/MomentumFinance/Shared/Features/GoalsAndReports/ReportsViews.swift:198:39: error: cannot find type 'FinancialTransaction' in scope
    private var expenseTransactions: [FinancialTransaction] {
                                      ^~~~~~~~~~~~~~~~~~~~
/Users/danielstevens/Desktop/github-projects/tools-automation/MomentumFinance/Shared/Features/GoalsAndReports/ReportsViews.swift:262:19: error: cannot find type 'Budget' in scope
    let budgets: [Budget]
                  ^~~~~~
/Users/danielstevens/Desktop/github-projects/tools-automation/MomentumFinance/Shared/Features/GoalsAndReports/ReportsViews.swift:275:34: error: cannot find type 'Budget' in scope
    private var onTrackBudgets: [Budget] {
                                 ^~~~~~
/Users/danielstevens/Desktop/github-projects/tools-automation/MomentumFinance/Shared/Features/GoalsAndReports/ReportsViews.swift:279:31: error: cannot find type 'Budget' in scope
    private var overBudgets: [Budget] {
                              ^~~~~~
/Users/danielstevens/Desktop/github-projects/tools-automation/MomentumFinance/Shared/Features/GoalsAndReports/ReportsViews.swift:346:24: error: cannot find type 'FinancialTransaction' in scope
    let transactions: [FinancialTransaction]
                       ^~~~~~~~~~~~~~~~~~~~
/Users/danielstevens/Desktop/github-projects/tools-automation/MomentumFinance/Shared/Features/GoalsAndReports/EnhancedReportsSectionViews.swift:16:28: error: cannot find type 'FinancialTransaction' in scope
        let transactions: [FinancialTransaction]
                           ^~~~~~~~~~~~~~~~~~~~
/Users/danielstevens/Desktop/github-projects/tools-automation/MomentumFinance/Shared/Features/GoalsAndReports/EnhancedReportsSectionViews.swift:17:23: error: cannot find type 'Budget' in scope
        let budgets: [Budget]
                      ^~~~~~
/Users/danielstevens/Desktop/github-projects/tools-automation/MomentumFinance/Shared/Features/GoalsAndReports/EnhancedReportsSectionViews.swift:18:26: error: cannot find type 'ExpenseCategory' in scope
        let categories: [ExpenseCategory]
                         ^~~~~~~~~~~~~~~
/Users/danielstevens/Desktop/github-projects/tools-automation/MomentumFinance/Shared/Features/GoalsAndReports/EnhancedReportsSectionViews.swift:177:44: error: cannot find type 'FinancialTransaction' in scope
        private var filteredTransactions: [FinancialTransaction] {
                                           ^~~~~~~~~~~~~~~~~~~~
/Users/danielstevens/Desktop/github-projects/tools-automation/MomentumFinance/Shared/Features/GoalsAndReports/EnhancedReportsSectionViews.swift:207:44: error: cannot find type 'Budget' in scope
        private var currentPeriodBudgets: [Budget] {
                                           ^~~~~~
/Users/danielstevens/Desktop/github-projects/tools-automation/MomentumFinance/Shared/Features/GoalsAndReports/EnhancedReportsSectionViews.swift:219:28: error: cannot find type 'FinancialTransaction' in scope
        let transactions: [FinancialTransaction]
                           ^~~~~~~~~~~~~~~~~~~~
/Users/danielstevens/Desktop/github-projects/tools-automation/MomentumFinance/Shared/Features/GoalsAndReports/EnhancedReportsSectionViews.swift:277:28: error: cannot find type 'FinancialTransaction' in scope
        let transactions: [FinancialTransaction]
                           ^~~~~~~~~~~~~~~~~~~~
/Users/danielstevens/Desktop/github-projects/tools-automation/MomentumFinance/Shared/Features/GoalsAndReports/EnhancedReportsSectionViews.swift:326:23: error: cannot find type 'Budget' in scope
        let budgets: [Budget]
                      ^~~~~~
/Users/danielstevens/Desktop/github-projects/tools-automation/MomentumFinance/Shared/Features/GoalsAndReports/EnhancedReportsSectionViews.swift:327:28: error: cannot find type 'FinancialTransaction' in scope
        let transactions: [FinancialTransaction]
                           ^~~~~~~~~~~~~~~~~~~~
/Users/danielstevens/Desktop/github-projects/tools-automation/MomentumFinance/Shared/Features/GoalsAndReports/EnhancedReportsSectionViews.swift:330:25: error: cannot find type 'Budget' in scope
            let budget: Budget
                        ^~~~~~
/Users/danielstevens/Desktop/github-projects/tools-automation/MomentumFinance/Shared/Features/GoalsAndReports/EnhancedReportsSectionViews.swift:409:28: error: cannot find type 'FinancialTransaction' in scope
        let transactions: [FinancialTransaction]
                           ^~~~~~~~~~~~~~~~~~~~
/Users/danielstevens/Desktop/github-projects/tools-automation/MomentumFinance/Shared/Features/GoalsAndReports/EnhancedReportsSectionViews.swift:411:42: error: cannot find type 'FinancialTransaction' in scope
        private var sortedTransactions: [FinancialTransaction] {
                                         ^~~~~~~~~~~~~~~~~~~~
/Users/danielstevens/Desktop/github-projects/tools-automation/MomentumFinance/Shared/Features/GoalsAndReports/EnhancedReportsSectionViews.swift:449:54: error: cannot find type 'FinancialTransaction' in scope
        private func transactionRow(for transaction: FinancialTransaction) -> some View {
                                                     ^~~~~~~~~~~~~~~~~~~~

SwiftCompile normal arm64 Compiling\ DashboardWelcomeHeader.swift,\ Theme.swift,\ ContentView.swift,\ MomentumFinanceApp.swift /Users/danielstevens/Desktop/github-projects/tools-automation/MomentumFinance/Shared/Features/Dashboard/DashboardWelcomeHeader.swift /Users/danielstevens/Desktop/github-projects/tools-automation/MomentumFinance/Shared/Theme.swift /Users/danielstevens/Desktop/github-projects/tools-automation/MomentumFinance/Shared/ContentView.swift /Users/danielstevens/Desktop/github-projects/tools-automation/MomentumFinance/Shared/MomentumFinanceApp.swift (in target 'MomentumFinance' from project 'MomentumFinance')

SwiftCompile normal arm64 /Users/danielstevens/Desktop/github-projects/tools-automation/MomentumFinance/Shared/Features/Dashboard/DashboardWelcomeHeader.swift (in target 'MomentumFinance' from project 'MomentumFinance')
    cd /Users/danielstevens/Desktop/github-projects/tools-automation/MomentumFinance
    

SwiftCompile normal arm64 /Users/danielstevens/Desktop/github-projects/tools-automation/MomentumFinance/Shared/Theme.swift (in target 'MomentumFinance' from project 'MomentumFinance')
    cd /Users/danielstevens/Desktop/github-projects/tools-automation/MomentumFinance
    

SwiftCompile normal arm64 /Users/danielstevens/Desktop/github-projects/tools-automation/MomentumFinance/Shared/ContentView.swift (in target 'MomentumFinance' from project 'MomentumFinance')
    cd /Users/danielstevens/Desktop/github-projects/tools-automation/MomentumFinance
    

SwiftCompile normal arm64 /Users/danielstevens/Desktop/github-projects/tools-automation/MomentumFinance/Shared/MomentumFinanceApp.swift (in target 'MomentumFinance' from project 'MomentumFinance')
    cd /Users/danielstevens/Desktop/github-projects/tools-automation/MomentumFinance
    

SwiftCompile normal arm64 Compiling\ SettingsView.swift,\ TabSection.swift,\ GeneratedAssetSymbols.swift /Users/danielstevens/Desktop/github-projects/tools-automation/MomentumFinance/Shared/Views/Settings/SettingsView.swift /Users/danielstevens/Desktop/github-projects/tools-automation/MomentumFinance/Shared/Navigation/TabSection.swift /Users/danielstevens/Library/Developer/Xcode/DerivedData/MomentumFinance-eyokbxaaqtnuhkdigvcnogoazegu/Build/Intermediates.noindex/MomentumFinance.build/Debug/MomentumFinance.build/DerivedSources/GeneratedAssetSymbols.swift (in target 'MomentumFinance' from project 'MomentumFinance')
SwiftCompile normal arm64 /Users/danielstevens/Desktop/github-projects/tools-automation/MomentumFinance/Shared/Views/Settings/SettingsView.swift (in target 'MomentumFinance' from project 'MomentumFinance')
    cd /Users/danielstevens/Desktop/github-projects/tools-automation/MomentumFinance
    

SwiftCompile normal arm64 /Users/danielstevens/Desktop/github-projects/tools-automation/MomentumFinance/Shared/Navigation/TabSection.swift (in target 'MomentumFinance' from project 'MomentumFinance')
    cd /Users/danielstevens/Desktop/github-projects/tools-automation/MomentumFinance
    

SwiftCompile normal arm64 /Users/danielstevens/Library/Developer/Xcode/DerivedData/MomentumFinance-eyokbxaaqtnuhkdigvcnogoazegu/Build/Intermediates.noindex/MomentumFinance.build/Debug/MomentumFinance.build/DerivedSources/GeneratedAssetSymbols.swift (in target 'MomentumFinance' from project 'MomentumFinance')
    cd /Users/danielstevens/Desktop/github-projects/tools-automation/MomentumFinance
    

SwiftCompile normal arm64 Compiling\ ReportsViews.swift,\ EnhancedReportsSectionViews.swift,\ GoalUtilityViews.swift /Users/danielstevens/Desktop/github-projects/tools-automation/MomentumFinance/Shared/Features/GoalsAndReports/ReportsViews.swift /Users/danielstevens/Desktop/github-projects/tools-automation/MomentumFinance/Shared/Features/GoalsAndReports/EnhancedReportsSectionViews.swift /Users/danielstevens/Desktop/github-projects/tools-automation/MomentumFinance/Shared/Features/GoalsAndReports/GoalUtilityViews.swift (in target 'MomentumFinance' from project 'MomentumFinance')

SwiftCompile normal arm64 /Users/danielstevens/Desktop/github-projects/tools-automation/MomentumFinance/Shared/Features/GoalsAndReports/ReportsViews.swift (in target 'MomentumFinance' from project 'MomentumFinance')
    cd /Users/danielstevens/Desktop/github-projects/tools-automation/MomentumFinance
    

SwiftCompile normal arm64 /Users/danielstevens/Desktop/github-projects/tools-automation/MomentumFinance/Shared/Features/GoalsAndReports/EnhancedReportsSectionViews.swift (in target 'MomentumFinance' from project 'MomentumFinance')
    cd /Users/danielstevens/Desktop/github-projects/tools-automation/MomentumFinance
    

SwiftCompile normal arm64 /Users/danielstevens/Desktop/github-projects/tools-automation/MomentumFinance/Shared/Features/GoalsAndReports/GoalUtilityViews.swift (in target 'MomentumFinance' from project 'MomentumFinance')
    cd /Users/danielstevens/Desktop/github-projects/tools-automation/MomentumFinance
    

SwiftCompile normal arm64 Compiling\ NavigationCoordinator.swift,\ Features.swift,\ DashboardView.swift,\ DashboardViewModel.swift /Users/danielstevens/Desktop/github-projects/tools-automation/MomentumFinance/Shared/Navigation/NavigationCoordinator.swift /Users/danielstevens/Desktop/github-projects/tools-automation/MomentumFinance/Shared/Features/Features.swift /Users/danielstevens/Desktop/github-projects/tools-automation/MomentumFinance/Shared/Features/Dashboard/DashboardView.swift /Users/danielstevens/Desktop/github-projects/tools-automation/MomentumFinance/Shared/Features/Dashboard/DashboardViewModel.swift (in target 'MomentumFinance' from project 'MomentumFinance')

** BUILD FAILED **


The following build commands failed:
	SwiftEmitModule normal arm64 Emitting\ module\ for\ MomentumFinance (in target 'MomentumFinance' from project 'MomentumFinance')
	EmitSwiftModule normal arm64 (in target 'MomentumFinance' from project 'MomentumFinance')
	Building project MomentumFinance with scheme MomentumFinance
(3 failures)
