Command line invocation:
    /Applications/Xcode-beta.app/Contents/Developer/usr/bin/xcodebuild test -project MomentumFinance/MomentumFinance.xcodeproj -scheme MomentumFinance -destination "platform=iOS Simulator,name=iPhone 17" "-only-testing:MomentumFinanceUITests/FunctionalTests"

ComputePackagePrebuildTargetDependencyGraph

Prepare packages

CreateBuildRequest

SendProjectDescription

CreateBuildOperation

ComputeTargetDependencyGraph
note: Building targets in dependency order
note: Target dependency graph (4 targets)
    Target 'MomentumFinanceUITests' in project 'MomentumFinance'
        ➜ Explicit dependency on target 'MomentumFinance' in project 'MomentumFinance'
    Target 'MomentumFinanceTests' in project 'MomentumFinance'
        ➜ Explicit dependency on target 'MomentumFinance' in project 'MomentumFinance'
        ➜ Explicit dependency on target 'MomentumFinanceCore' in project 'MomentumFinance'
    Target 'MomentumFinance' in project 'MomentumFinance'
        ➜ Explicit dependency on target 'MomentumFinanceCore' in project 'MomentumFinance'
    Target 'MomentumFinanceCore' in project 'MomentumFinance' (no dependencies)

GatherProvisioningInputs

CreateBuildDescription

ClangStatCache /Applications/Xcode-beta.app/Contents/Developer/Toolchains/XcodeDefault.xctoolchain/usr/bin/clang-stat-cache /Applications/Xcode-beta.app/Contents/Developer/Platforms/iPhoneSimulator.platform/Developer/SDKs/iPhoneSimulator26.2.sdk /Users/danielstevens/Library/Developer/Xcode/DerivedData/SDKStatCaches.noindex/iphonesimulator26.2-23C5027e-c6bb09c85eeb1a59968f08cee6a58242.sdkstatcache
    cd /Users/danielstevens/Desktop/github-projects/tools-automation/MomentumFinance/MomentumFinance.xcodeproj
    /Applications/Xcode-beta.app/Contents/Developer/Toolchains/XcodeDefault.xctoolchain/usr/bin/clang-stat-cache /Applications/Xcode-beta.app/Contents/Developer/Platforms/iPhoneSimulator.platform/Developer/SDKs/iPhoneSimulator26.2.sdk -o /Users/danielstevens/Library/Developer/Xcode/DerivedData/SDKStatCaches.noindex/iphonesimulator26.2-23C5027e-c6bb09c85eeb1a59968f08cee6a58242.sdkstatcache

2025-12-07 16:09:54.647514-0600 MomentumFinanceUITests-Runner[53260:12553544] [Default] Running tests...
    t =      nans Interface orientation changed to Portrait
Test Suite 'Selected tests' started at 2025-12-07 16:09:58.741.
Test Suite 'MomentumFinanceUITests.xctest' started at 2025-12-07 16:09:58.741.
Test Suite 'FunctionalTests' started at 2025-12-07 16:09:58.741.
Test Case '-[MomentumFinanceUITests.FunctionalTests testTransactionCreation]' started.
    t =     0.00s Start Test at 2025-12-07 16:09:58.742
    t =     0.40s Set Up
    t =     0.40s     Open com.momentumfinance.MomentumFinance
    t =     0.40s         Launch com.momentumfinance.MomentumFinance
    t =     3.42s             Setting up automation session
    t =     4.69s             Wait for com.momentumfinance.MomentumFinance to idle
    t =     6.66s     Waiting 10.0s for Window (First Match) to exist
    t =     7.69s         Checking `Expect predicate `existsNoRetry == 1` for object Window (First Match)`
    t =     7.69s             Checking existence of `Window (First Match)`
    t =     7.72s Waiting 10.0s for "Transactions" Button to exist
    t =     8.76s     Checking `Expect predicate `existsNoRetry == 1` for object "Transactions" Button`
    t =     8.76s         Checking existence of `"Transactions" Button`
    t =     8.88s Tap "Transactions" Button
    t =     8.88s     Wait for com.momentumfinance.MomentumFinance to idle
    t =     8.89s     Find the "Transactions" Button
    t =     8.92s     Check for interrupting elements affecting "Transactions" Button
    t =     8.97s     Synthesize event
    t =     9.38s     Wait for com.momentumfinance.MomentumFinance to idle
    t =    11.04s Waiting 5.0s for "AddTransactionButton" Button to exist
    t =    12.07s     Checking `Expect predicate `existsNoRetry == 1` for object "AddTransactionButton" Button`
    t =    12.07s         Checking existence of `"AddTransactionButton" Button`
    t =    12.20s         Capturing element debug description
    t =    13.12s     Checking `Expect predicate `existsNoRetry == 1` for object "AddTransactionButton" Button`
    t =    13.12s         Checking existence of `"AddTransactionButton" Button`
    t =    13.17s Tap "AddTransactionButton" Button
    t =    13.17s     Wait for com.momentumfinance.MomentumFinance to idle
    t =    13.17s     Find the "AddTransactionButton" Button
    t =    13.21s     Check for interrupting elements affecting "AddTransactionButton" Button
    t =    13.26s     Synthesize event
    t =    13.56s     Wait for com.momentumfinance.MomentumFinance to idle
    t =    14.62s Waiting 5.0s for "TransactionTitleField" TextField to exist
    t =    15.66s     Checking `Expect predicate `existsNoRetry == 1` for object "TransactionTitleField" TextField`
    t =    15.66s         Checking existence of `"TransactionTitleField" TextField`
    t =    15.77s         Capturing element debug description
    t =    16.69s     Checking `Expect predicate `existsNoRetry == 1` for object "TransactionTitleField" TextField`
    t =    16.69s         Checking existence of `"TransactionTitleField" TextField`
    t =    16.76s         Capturing element debug description
    t =    17.69s     Checking `Expect predicate `existsNoRetry == 1` for object "TransactionTitleField" TextField`
    t =    17.69s         Checking existence of `"TransactionTitleField" TextField`
    t =    17.76s         Capturing element debug description
    t =    18.70s     Checking `Expect predicate `existsNoRetry == 1` for object "TransactionTitleField" TextField`
    t =    18.70s         Checking existence of `"TransactionTitleField" TextField`
    t =    18.77s         Capturing element debug description
    t =    19.62s     Checking `Expect predicate `existsNoRetry == 1` for object "TransactionTitleField" TextField`
    t =    19.62s         Checking existence of `"TransactionTitleField" TextField`
    t =    19.73s         Capturing element debug description
    t =    19.73s     Checking existence of `"TransactionTitleField" TextField`
    t =    19.80s Collecting debug information to assist test failure triage
    t =    19.80s     Requesting snapshot of accessibility hierarchy for app with pid 53339
/Users/danielstevens/Desktop/github-projects/tools-automation/MomentumFinance/MomentumFinanceUITests/FunctionalTests.swift:32: error: -[MomentumFinanceUITests.FunctionalTests testTransactionCreation] : XCTAssertTrue failed - Title field not found
    t =    20.42s Tear Down
Test Case '-[MomentumFinanceUITests.FunctionalTests testTransactionCreation]' failed (20.700 seconds).
Test Suite 'FunctionalTests' failed at 2025-12-07 16:10:19.442.
	 Executed 1 test, with 1 failure (0 unexpected) in 20.700 (20.700) seconds
Test Suite 'MomentumFinanceUITests.xctest' failed at 2025-12-07 16:10:19.442.
	 Executed 1 test, with 1 failure (0 unexpected) in 20.700 (20.701) seconds
Test Suite 'Selected tests' failed at 2025-12-07 16:10:19.442.
	 Executed 1 test, with 1 failure (0 unexpected) in 20.700 (20.702) seconds
2025-12-07 16:10:38.493 xcodebuild[52744:12550015] [MT] IDETestOperationsObserverDebug: 75.669 elapsed -- Testing started completed.
2025-12-07 16:10:38.494 xcodebuild[52744:12550015] [MT] IDETestOperationsObserverDebug: 0.000 sec, +0.000 sec -- start
2025-12-07 16:10:38.494 xcodebuild[52744:12550015] [MT] IDETestOperationsObserverDebug: 75.669 sec, +75.669 sec -- end

Test session results, code coverage, and logs:
	/Users/danielstevens/Library/Developer/Xcode/DerivedData/MomentumFinance-eyokbxaaqtnuhkdigvcnogoazegu/Logs/Test/Test-MomentumFinance-2025.12.07_16-09-20--0600.xcresult

** TEST FAILED **

Testing started
