Command line invocation:
    /Applications/Xcode-beta.app/Contents/Developer/usr/bin/xcodebuild test -project MomentumFinance/MomentumFinance.xcodeproj -scheme MomentumFinance -destination "platform=iOS Simulator,name=iPhone 17" "-only-testing:MomentumFinanceUITests/FunctionalTests"

ComputePackagePrebuildTargetDependencyGraph

Prepare packages

CreateBuildRequest

SendProjectDescription

CreateBuildOperation

ComputeTargetDependencyGraph
note: Building targets in dependency order
note: Target dependency graph (4 targets)
    Target 'MomentumFinanceUITests' in project 'MomentumFinance'
        ➜ Explicit dependency on target 'MomentumFinance' in project 'MomentumFinance'
    Target 'MomentumFinanceTests' in project 'MomentumFinance'
        ➜ Explicit dependency on target 'MomentumFinance' in project 'MomentumFinance'
        ➜ Explicit dependency on target 'MomentumFinanceCore' in project 'MomentumFinance'
    Target 'MomentumFinance' in project 'MomentumFinance'
        ➜ Explicit dependency on target 'MomentumFinanceCore' in project 'MomentumFinance'
    Target 'MomentumFinanceCore' in project 'MomentumFinance' (no dependencies)

GatherProvisioningInputs

CreateBuildDescription

ClangStatCache /Applications/Xcode-beta.app/Contents/Developer/Toolchains/XcodeDefault.xctoolchain/usr/bin/clang-stat-cache /Applications/Xcode-beta.app/Contents/Developer/Platforms/iPhoneSimulator.platform/Developer/SDKs/iPhoneSimulator26.2.sdk /Users/danielstevens/Library/Developer/Xcode/DerivedData/SDKStatCaches.noindex/iphonesimulator26.2-23C5027e-c6bb09c85eeb1a59968f08cee6a58242.sdkstatcache
    cd /Users/danielstevens/Desktop/github-projects/tools-automation/MomentumFinance/MomentumFinance.xcodeproj
    /Applications/Xcode-beta.app/Contents/Developer/Toolchains/XcodeDefault.xctoolchain/usr/bin/clang-stat-cache /Applications/Xcode-beta.app/Contents/Developer/Platforms/iPhoneSimulator.platform/Developer/SDKs/iPhoneSimulator26.2.sdk -o /Users/danielstevens/Library/Developer/Xcode/DerivedData/SDKStatCaches.noindex/iphonesimulator26.2-23C5027e-c6bb09c85eeb1a59968f08cee6a58242.sdkstatcache

SwiftDriver MomentumFinanceUITests normal arm64 com.apple.xcode.tools.swift.compiler (in target 'MomentumFinanceUITests' from project 'MomentumFinance')
    cd /Users/danielstevens/Desktop/github-projects/tools-automation/MomentumFinance
    builtin-SwiftDriver -- /Applications/Xcode-beta.app/Contents/Developer/Toolchains/XcodeDefault.xctoolchain/usr/bin/swiftc -module-name MomentumFinanceUITests -Onone -enforce-exclusivity\=checked @/Users/danielstevens/Library/Developer/Xcode/DerivedData/MomentumFinance-eyokbxaaqtnuhkdigvcnogoazegu/Build/Intermediates.noindex/MomentumFinance.build/Debug-iphonesimulator/MomentumFinanceUITests.build/Objects-normal/arm64/MomentumFinanceUITests.SwiftFileList -DDEBUG -module-alias Testing\=_Testing_Unavailable -plugin-path /Applications/Xcode-beta.app/Contents/Developer/Toolchains/XcodeDefault.xctoolchain/usr/lib/swift/host/plugins/testing -enable-experimental-feature DebugDescriptionMacro -sdk /Applications/Xcode-beta.app/Contents/Developer/Platforms/iPhoneSimulator.platform/Developer/SDKs/iPhoneSimulator26.2.sdk -target arm64-apple-ios18.0-simulator -g -module-cache-path /Users/danielstevens/Library/Developer/Xcode/DerivedData/ModuleCache.noindex -Xfrontend -serialize-debugging-options -enable-testing -index-store-path /Users/danielstevens/Library/Developer/Xcode/DerivedData/MomentumFinance-eyokbxaaqtnuhkdigvcnogoazegu/Index.noindex/DataStore -Xcc -D_LIBCPP_HARDENING_MODE\=_LIBCPP_HARDENING_MODE_DEBUG -swift-version 6 -I /Users/danielstevens/Library/Developer/Xcode/DerivedData/MomentumFinance-eyokbxaaqtnuhkdigvcnogoazegu/Build/Products/Debug-iphonesimulator -Isystem /Applications/Xcode-beta.app/Contents/Developer/Platforms/iPhoneSimulator.platform/Developer/usr/lib -F /Users/danielstevens/Library/Developer/Xcode/DerivedData/MomentumFinance-eyokbxaaqtnuhkdigvcnogoazegu/Build/Products/Debug-iphonesimulator -F /Applications/Xcode-beta.app/Contents/Developer/Platforms/iPhoneSimulator.platform/Developer/Library/Frameworks -F /Applications/Xcode-beta.app/Contents/Developer/Platforms/iPhoneSimulator.platform/Developer/SDKs/iPhoneSimulator26.2.sdk/Developer/Library/Frameworks -c -j10 -enable-batch-mode -incremental -Xcc -ivfsstatcache -Xcc /Users/danielstevens/Library/Developer/Xcode/DerivedData/SDKStatCaches.noindex/iphonesimulator26.2-23C5027e-c6bb09c85eeb1a59968f08cee6a58242.sdkstatcache -output-file-map /Users/danielstevens/Library/Developer/Xcode/DerivedData/MomentumFinance-eyokbxaaqtnuhkdigvcnogoazegu/Build/Intermediates.noindex/MomentumFinance.build/Debug-iphonesimulator/MomentumFinanceUITests.build/Objects-normal/arm64/MomentumFinanceUITests-OutputFileMap.json -use-frontend-parseable-output -save-temps -no-color-diagnostics -explicit-module-build -module-cache-path /Users/danielstevens/Library/Developer/Xcode/DerivedData/MomentumFinance-eyokbxaaqtnuhkdigvcnogoazegu/Build/Intermediates.noindex/SwiftExplicitPrecompiledModules -clang-scanner-module-cache-path /Users/danielstevens/Library/Developer/Xcode/DerivedData/ModuleCache.noindex -sdk-module-cache-path /Users/danielstevens/Library/Developer/Xcode/DerivedData/ModuleCache.noindex -serialize-diagnostics -emit-dependencies -emit-module -emit-module-path /Users/danielstevens/Library/Developer/Xcode/DerivedData/MomentumFinance-eyokbxaaqtnuhkdigvcnogoazegu/Build/Intermediates.noindex/MomentumFinance.build/Debug-iphonesimulator/MomentumFinanceUITests.build/Objects-normal/arm64/MomentumFinanceUITests.swiftmodule -validate-clang-modules-once -clang-build-session-file /Users/danielstevens/Library/Developer/Xcode/DerivedData/ModuleCache.noindex/Session.modulevalidation -Xcc -I/Users/danielstevens/Library/Developer/Xcode/DerivedData/MomentumFinance-eyokbxaaqtnuhkdigvcnogoazegu/Build/Intermediates.noindex/MomentumFinance.build/Debug-iphonesimulator/MomentumFinanceUITests.build/swift-overrides.hmap -emit-const-values -Xfrontend -const-gather-protocols-file -Xfrontend /Users/danielstevens/Library/Developer/Xcode/DerivedData/MomentumFinance-eyokbxaaqtnuhkdigvcnogoazegu/Build/Intermediates.noindex/MomentumFinance.build/Debug-iphonesimulator/MomentumFinanceUITests.build/Objects-normal/arm64/MomentumFinanceUITests_const_extract_protocols.json -Xcc -iquote -Xcc /Users/danielstevens/Library/Developer/Xcode/DerivedData/MomentumFinance-eyokbxaaqtnuhkdigvcnogoazegu/Build/Intermediates.noindex/MomentumFinance.build/Debug-iphonesimulator/MomentumFinanceUITests.build/MomentumFinanceUITests-generated-files.hmap -Xcc -I/Users/danielstevens/Library/Developer/Xcode/DerivedData/MomentumFinance-eyokbxaaqtnuhkdigvcnogoazegu/Build/Intermediates.noindex/MomentumFinance.build/Debug-iphonesimulator/MomentumFinanceUITests.build/MomentumFinanceUITests-own-target-headers.hmap -Xcc -I/Users/danielstevens/Library/Developer/Xcode/DerivedData/MomentumFinance-eyokbxaaqtnuhkdigvcnogoazegu/Build/Intermediates.noindex/MomentumFinance.build/Debug-iphonesimulator/MomentumFinanceUITests.build/MomentumFinanceUITests-all-target-headers.hmap -Xcc -iquote -Xcc /Users/danielstevens/Library/Developer/Xcode/DerivedData/MomentumFinance-eyokbxaaqtnuhkdigvcnogoazegu/Build/Intermediates.noindex/MomentumFinance.build/Debug-iphonesimulator/MomentumFinanceUITests.build/MomentumFinanceUITests-project-headers.hmap -Xcc -I/Users/danielstevens/Library/Developer/Xcode/DerivedData/MomentumFinance-eyokbxaaqtnuhkdigvcnogoazegu/Build/Products/Debug-iphonesimulator/include -Xcc -I/Users/danielstevens/Library/Developer/Xcode/DerivedData/MomentumFinance-eyokbxaaqtnuhkdigvcnogoazegu/Build/Intermediates.noindex/MomentumFinance.build/Debug-iphonesimulator/MomentumFinanceUITests.build/DerivedSources-normal/arm64 -Xcc -I/Users/danielstevens/Library/Developer/Xcode/DerivedData/MomentumFinance-eyokbxaaqtnuhkdigvcnogoazegu/Build/Intermediates.noindex/MomentumFinance.build/Debug-iphonesimulator/MomentumFinanceUITests.build/DerivedSources/arm64 -Xcc -I/Users/danielstevens/Library/Developer/Xcode/DerivedData/MomentumFinance-eyokbxaaqtnuhkdigvcnogoazegu/Build/Intermediates.noindex/MomentumFinance.build/Debug-iphonesimulator/MomentumFinanceUITests.build/DerivedSources -Xcc -DDEBUG\=1 -emit-objc-header -emit-objc-header-path /Users/danielstevens/Library/Developer/Xcode/DerivedData/MomentumFinance-eyokbxaaqtnuhkdigvcnogoazegu/Build/Intermediates.noindex/MomentumFinance.build/Debug-iphonesimulator/MomentumFinanceUITests.build/Objects-normal/arm64/MomentumFinanceUITests-Swift.h -working-directory /Users/danielstevens/Desktop/github-projects/tools-automation/MomentumFinance -experimental-emit-module-separately -disable-cmo

SwiftCompile normal arm64 Compiling\ FunctionalTests.swift /Users/danielstevens/Desktop/github-projects/tools-automation/MomentumFinance/MomentumFinanceUITests/FunctionalTests.swift (in target 'MomentumFinanceUITests' from project 'MomentumFinance')

SwiftCompile normal arm64 /Users/danielstevens/Desktop/github-projects/tools-automation/MomentumFinance/MomentumFinanceUITests/FunctionalTests.swift (in target 'MomentumFinanceUITests' from project 'MomentumFinance')
    cd /Users/danielstevens/Desktop/github-projects/tools-automation/MomentumFinance

/Users/danielstevens/Desktop/github-projects/tools-automation/MomentumFinance/MomentumFinanceUITests/FunctionalTests.swift:8:15: warning: call to main actor-isolated initializer 'init()' in a synchronous nonisolated context
        app = XCUIApplication()
              ^
/Applications/Xcode-beta.app/Contents/Developer/Platforms/iPhoneSimulator.platform/Developer/Library/Frameworks/XCUIAutomation.framework/Headers/XCUIApplication.h:29:1: note: calls to initializer 'init()' from outside of its actor context are implicitly asynchronous
- (instancetype)init NS_DESIGNATED_INITIALIZER;
^
/Users/danielstevens/Desktop/github-projects/tools-automation/MomentumFinance/MomentumFinanceUITests/FunctionalTests.swift:9:13: warning: main actor-isolated property 'launchArguments' can not be mutated from a nonisolated context
        app.launchArguments = ["-ResetData"]
            ^
/Applications/Xcode-beta.app/Contents/Developer/Platforms/iPhoneSimulator.platform/Developer/Library/Frameworks/XCUIAutomation.framework/Headers/XCUIApplication.h:93:51: note: mutation of this property is only permitted within the actor
@property (nonatomic, copy) NSArray <NSString *> *launchArguments;
                                                  ^
/Users/danielstevens/Desktop/github-projects/tools-automation/MomentumFinance/MomentumFinanceUITests/FunctionalTests.swift:10:13: warning: call to main actor-isolated instance method 'launch()' in a synchronous nonisolated context
        app.launch()
            ^
XCUIAutomation.XCUIApplication.launch:2:22: note: calls to instance method 'launch()' from outside of its actor context are implicitly asynchronous
@MainActor open func launch()}
                     ^
/Users/danielstevens/Desktop/github-projects/tools-automation/MomentumFinance/MomentumFinanceUITests/FunctionalTests.swift:13:34: warning: main actor-isolated property 'firstMatch' can not be referenced from a nonisolated context
        let window = app.windows.firstMatch
                                 ^
/Applications/Xcode-beta.app/Contents/Developer/Platforms/iPhoneSimulator.platform/Developer/Library/Frameworks/XCUIAutomation.framework/Headers/XCUIElementTypeQueryProvider.h:105:35: note: property declared here
@property (readonly) XCUIElement *firstMatch;
                                  ^
/Users/danielstevens/Desktop/github-projects/tools-automation/MomentumFinance/MomentumFinanceUITests/FunctionalTests.swift:13:26: warning: main actor-isolated property 'windows' can not be referenced from a nonisolated context
        let window = app.windows.firstMatch
                         ^
/Applications/Xcode-beta.app/Contents/Developer/Platforms/iPhoneSimulator.platform/Developer/Library/Frameworks/XCUIAutomation.framework/Headers/XCUIElementTypeQueryProvider.h:17:46: note: property declared here
@property (readonly, copy) XCUIElementQuery *windows;
                                             ^
/Users/danielstevens/Desktop/github-projects/tools-automation/MomentumFinance/MomentumFinanceUITests/FunctionalTests.swift:14:20: warning: call to main actor-isolated instance method 'waitForExistence(timeout:)' in a synchronous nonisolated context
        if !window.waitForExistence(timeout: 10) {
                   ^
XCUIAutomation.XCUIElement.waitForExistence:2:22: note: calls to instance method 'waitForExistence(timeout:)' from outside of its actor context are implicitly asynchronous
@MainActor open func waitForExistence(timeout: TimeInterval) -> Bool}
                     ^
/Users/danielstevens/Desktop/github-projects/tools-automation/MomentumFinance/MomentumFinanceUITests/FunctionalTests.swift:45:13: warning: initialization of immutable value 'accountOption' was never used; consider replacing with assignment to '_' or removing it
        let accountOption = app.buttons["AccountPicker"] // Wait, Picker might not trigger this way
        ~~~~^~~~~~~~~~~~~
        _
/Users/danielstevens/Desktop/github-projects/tools-automation/MomentumFinance/MomentumFinanceUITests/FunctionalTests.swift:21:50: warning: main actor-isolated subscript 'subscript(_:)' can not be referenced from a nonisolated context
        let transactionsTab = app.tabBars.buttons["Transactions"]
                                                 ^
XCUIAutomation.XCUIElementQuery.subscript:2:17: note: subscript declared here
@MainActor open subscript(key: String) -> XCUIElement { get }}
                ^
/Users/danielstevens/Desktop/github-projects/tools-automation/MomentumFinance/MomentumFinanceUITests/FunctionalTests.swift:19:10: note: add '@MainActor' to make instance method 'testTransactionCreation()' part of global actor 'MainActor'
    func testTransactionCreation() throws {
         ^
    @MainActor
/Users/danielstevens/Desktop/github-projects/tools-automation/MomentumFinance/MomentumFinanceUITests/FunctionalTests.swift:21:43: warning: main actor-isolated property 'buttons' can not be referenced from a nonisolated context
        let transactionsTab = app.tabBars.buttons["Transactions"]
                                          ^
/Applications/Xcode-beta.app/Contents/Developer/Platforms/iPhoneSimulator.platform/Developer/Library/Frameworks/XCUIAutomation.framework/Headers/XCUIElementTypeQueryProvider.h:22:46: note: property declared here
@property (readonly, copy) XCUIElementQuery *buttons;
                                             ^
/Users/danielstevens/Desktop/github-projects/tools-automation/MomentumFinance/MomentumFinanceUITests/FunctionalTests.swift:19:10: note: add '@MainActor' to make instance method 'testTransactionCreation()' part of global actor 'MainActor'
    func testTransactionCreation() throws {
         ^
    @MainActor
/Users/danielstevens/Desktop/github-projects/tools-automation/MomentumFinance/MomentumFinanceUITests/FunctionalTests.swift:21:35: warning: main actor-isolated property 'tabBars' can not be referenced from a nonisolated context
        let transactionsTab = app.tabBars.buttons["Transactions"]
                                  ^
/Applications/Xcode-beta.app/Contents/Developer/Platforms/iPhoneSimulator.platform/Developer/Library/Frameworks/XCUIAutomation.framework/Headers/XCUIElementTypeQueryProvider.h:35:46: note: property declared here
@property (readonly, copy) XCUIElementQuery *tabBars;
                                             ^
/Users/danielstevens/Desktop/github-projects/tools-automation/MomentumFinance/MomentumFinanceUITests/FunctionalTests.swift:19:10: note: add '@MainActor' to make instance method 'testTransactionCreation()' part of global actor 'MainActor'
    func testTransactionCreation() throws {
         ^
    @MainActor
/Users/danielstevens/Desktop/github-projects/tools-automation/MomentumFinance/MomentumFinanceUITests/FunctionalTests.swift:22:39: warning: call to main actor-isolated instance method 'waitForExistence(timeout:)' in a synchronous nonisolated context
        XCTAssertTrue(transactionsTab.waitForExistence(timeout: 10), "Transactions tab not found")
                                      ^
XCUIAutomation.XCUIElement.waitForExistence:2:22: note: calls to instance method 'waitForExistence(timeout:)' from outside of its actor context are implicitly asynchronous
@MainActor open func waitForExistence(timeout: TimeInterval) -> Bool}
                     ^
/Users/danielstevens/Desktop/github-projects/tools-automation/MomentumFinance/MomentumFinanceUITests/FunctionalTests.swift:23:25: warning: call to main actor-isolated instance method 'tap()' in a synchronous nonisolated context
        transactionsTab.tap()
                        ^
XCUIAutomation.XCUIElement.tap:2:22: note: calls to instance method 'tap()' from outside of its actor context are implicitly asynchronous
@MainActor open func tap()}
                     ^
/Users/danielstevens/Desktop/github-projects/tools-automation/MomentumFinance/MomentumFinanceUITests/FunctionalTests.swift:19:10: note: add '@MainActor' to make instance method 'testTransactionCreation()' part of global actor 'MainActor'
    func testTransactionCreation() throws {
         ^
    @MainActor
/Users/danielstevens/Desktop/github-projects/tools-automation/MomentumFinance/MomentumFinanceUITests/FunctionalTests.swift:26:36: warning: main actor-isolated subscript 'subscript(_:)' can not be referenced from a nonisolated context
        let addButton = app.buttons["AddTransactionButton"]
                                   ^
XCUIAutomation.XCUIElementQuery.subscript:2:17: note: subscript declared here
@MainActor open subscript(key: String) -> XCUIElement { get }}
                ^
/Users/danielstevens/Desktop/github-projects/tools-automation/MomentumFinance/MomentumFinanceUITests/FunctionalTests.swift:19:10: note: add '@MainActor' to make instance method 'testTransactionCreation()' part of global actor 'MainActor'
    func testTransactionCreation() throws {
         ^
    @MainActor
/Users/danielstevens/Desktop/github-projects/tools-automation/MomentumFinance/MomentumFinanceUITests/FunctionalTests.swift:26:29: warning: main actor-isolated property 'buttons' can not be referenced from a nonisolated context
        let addButton = app.buttons["AddTransactionButton"]
                            ^
/Applications/Xcode-beta.app/Contents/Developer/Platforms/iPhoneSimulator.platform/Developer/Library/Frameworks/XCUIAutomation.framework/Headers/XCUIElementTypeQueryProvider.h:22:46: note: property declared here
@property (readonly, copy) XCUIElementQuery *buttons;
                                             ^
/Users/danielstevens/Desktop/github-projects/tools-automation/MomentumFinance/MomentumFinanceUITests/FunctionalTests.swift:19:10: note: add '@MainActor' to make instance method 'testTransactionCreation()' part of global actor 'MainActor'
    func testTransactionCreation() throws {
         ^
    @MainActor
/Users/danielstevens/Desktop/github-projects/tools-automation/MomentumFinance/MomentumFinanceUITests/FunctionalTests.swift:27:33: warning: call to main actor-isolated instance method 'waitForExistence(timeout:)' in a synchronous nonisolated context
        XCTAssertTrue(addButton.waitForExistence(timeout: 5), "Add Transaction button not found")
                                ^
XCUIAutomation.XCUIElement.waitForExistence:2:22: note: calls to instance method 'waitForExistence(timeout:)' from outside of its actor context are implicitly asynchronous
@MainActor open func waitForExistence(timeout: TimeInterval) -> Bool}
                     ^
/Users/danielstevens/Desktop/github-projects/tools-automation/MomentumFinance/MomentumFinanceUITests/FunctionalTests.swift:28:19: warning: call to main actor-isolated instance method 'tap()' in a synchronous nonisolated context
        addButton.tap()
                  ^
XCUIAutomation.XCUIElement.tap:2:22: note: calls to instance method 'tap()' from outside of its actor context are implicitly asynchronous
@MainActor open func tap()}
                     ^
/Users/danielstevens/Desktop/github-projects/tools-automation/MomentumFinance/MomentumFinanceUITests/FunctionalTests.swift:19:10: note: add '@MainActor' to make instance method 'testTransactionCreation()' part of global actor 'MainActor'
    func testTransactionCreation() throws {
         ^
    @MainActor
/Users/danielstevens/Desktop/github-projects/tools-automation/MomentumFinance/MomentumFinanceUITests/FunctionalTests.swift:30:40: warning: main actor-isolated subscript 'subscript(_:)' can not be referenced from a nonisolated context
        let titleField = app.textFields["TransactionTitleField"]
                                       ^
XCUIAutomation.XCUIElementQuery.subscript:2:17: note: subscript declared here
@MainActor open subscript(key: String) -> XCUIElement { get }}
                ^
/Users/danielstevens/Desktop/github-projects/tools-automation/MomentumFinance/MomentumFinanceUITests/FunctionalTests.swift:19:10: note: add '@MainActor' to make instance method 'testTransactionCreation()' part of global actor 'MainActor'
    func testTransactionCreation() throws {
         ^
    @MainActor
/Users/danielstevens/Desktop/github-projects/tools-automation/MomentumFinance/MomentumFinanceUITests/FunctionalTests.swift:30:30: warning: main actor-isolated property 'textFields' can not be referenced from a nonisolated context
        let titleField = app.textFields["TransactionTitleField"]
                             ^
/Applications/Xcode-beta.app/Contents/Developer/Platforms/iPhoneSimulator.platform/Developer/Library/Frameworks/XCUIAutomation.framework/Headers/XCUIElementTypeQueryProvider.h:63:46: note: property declared here
@property (readonly, copy) XCUIElementQuery *textFields;
                                             ^
/Users/danielstevens/Desktop/github-projects/tools-automation/MomentumFinance/MomentumFinanceUITests/FunctionalTests.swift:19:10: note: add '@MainActor' to make instance method 'testTransactionCreation()' part of global actor 'MainActor'
    func testTransactionCreation() throws {
         ^
    @MainActor
/Users/danielstevens/Desktop/github-projects/tools-automation/MomentumFinance/MomentumFinanceUITests/FunctionalTests.swift:31:24: warning: call to main actor-isolated instance method 'waitForExistence(timeout:)' in a synchronous nonisolated context
        if !titleField.waitForExistence(timeout: 10) {
                       ^
XCUIAutomation.XCUIElement.waitForExistence:2:22: note: calls to instance method 'waitForExistence(timeout:)' from outside of its actor context are implicitly asynchronous
@MainActor open func waitForExistence(timeout: TimeInterval) -> Bool}
                     ^
/Users/danielstevens/Desktop/github-projects/tools-automation/MomentumFinance/MomentumFinanceUITests/FunctionalTests.swift:19:10: note: add '@MainActor' to make instance method 'testTransactionCreation()' part of global actor 'MainActor'
    func testTransactionCreation() throws {
         ^
    @MainActor
/Users/danielstevens/Desktop/github-projects/tools-automation/MomentumFinance/MomentumFinanceUITests/FunctionalTests.swift:35:20: warning: call to main actor-isolated instance method 'tap()' in a synchronous nonisolated context
        titleField.tap()
                   ^
XCUIAutomation.XCUIElement.tap:2:22: note: calls to instance method 'tap()' from outside of its actor context are implicitly asynchronous
@MainActor open func tap()}
                     ^
/Users/danielstevens/Desktop/github-projects/tools-automation/MomentumFinance/MomentumFinanceUITests/FunctionalTests.swift:19:10: note: add '@MainActor' to make instance method 'testTransactionCreation()' part of global actor 'MainActor'
    func testTransactionCreation() throws {
         ^
    @MainActor
/Users/danielstevens/Desktop/github-projects/tools-automation/MomentumFinance/MomentumFinanceUITests/FunctionalTests.swift:36:20: warning: call to main actor-isolated instance method 'typeText' in a synchronous nonisolated context
        titleField.typeText("Grocery")
                   ^
XCUIAutomation.XCUIElement.typeText:2:22: note: calls to instance method 'typeText' from outside of its actor context are implicitly asynchronous
@MainActor open func typeText(_ text: String)}
                     ^
/Users/danielstevens/Desktop/github-projects/tools-automation/MomentumFinance/MomentumFinanceUITests/FunctionalTests.swift:19:10: note: add '@MainActor' to make instance method 'testTransactionCreation()' part of global actor 'MainActor'
    func testTransactionCreation() throws {
         ^
    @MainActor
/Users/danielstevens/Desktop/github-projects/tools-automation/MomentumFinance/MomentumFinanceUITests/FunctionalTests.swift:38:41: warning: main actor-isolated subscript 'subscript(_:)' can not be referenced from a nonisolated context
        let amountField = app.textFields["TransactionAmountField"]
                                        ^
XCUIAutomation.XCUIElementQuery.subscript:2:17: note: subscript declared here
@MainActor open subscript(key: String) -> XCUIElement { get }}
                ^
/Users/danielstevens/Desktop/github-projects/tools-automation/MomentumFinance/MomentumFinanceUITests/FunctionalTests.swift:19:10: note: add '@MainActor' to make instance method 'testTransactionCreation()' part of global actor 'MainActor'
    func testTransactionCreation() throws {
         ^
    @MainActor
/Users/danielstevens/Desktop/github-projects/tools-automation/MomentumFinance/MomentumFinanceUITests/FunctionalTests.swift:38:31: warning: main actor-isolated property 'textFields' can not be referenced from a nonisolated context
        let amountField = app.textFields["TransactionAmountField"]
                              ^
/Applications/Xcode-beta.app/Contents/Developer/Platforms/iPhoneSimulator.platform/Developer/Library/Frameworks/XCUIAutomation.framework/Headers/XCUIElementTypeQueryProvider.h:63:46: note: property declared here
@property (readonly, copy) XCUIElementQuery *textFields;
                                             ^
/Users/danielstevens/Desktop/github-projects/tools-automation/MomentumFinance/MomentumFinanceUITests/FunctionalTests.swift:19:10: note: add '@MainActor' to make instance method 'testTransactionCreation()' part of global actor 'MainActor'
    func testTransactionCreation() throws {
         ^
    @MainActor
/Users/danielstevens/Desktop/github-projects/tools-automation/MomentumFinance/MomentumFinanceUITests/FunctionalTests.swift:39:35: warning: call to main actor-isolated instance method 'waitForExistence(timeout:)' in a synchronous nonisolated context
        XCTAssertTrue(amountField.waitForExistence(timeout: 2), "Amount field not found")
                                  ^
XCUIAutomation.XCUIElement.waitForExistence:2:22: note: calls to instance method 'waitForExistence(timeout:)' from outside of its actor context are implicitly asynchronous
@MainActor open func waitForExistence(timeout: TimeInterval) -> Bool}
                     ^
/Users/danielstevens/Desktop/github-projects/tools-automation/MomentumFinance/MomentumFinanceUITests/FunctionalTests.swift:40:21: warning: call to main actor-isolated instance method 'tap()' in a synchronous nonisolated context
        amountField.tap()
                    ^
XCUIAutomation.XCUIElement.tap:2:22: note: calls to instance method 'tap()' from outside of its actor context are implicitly asynchronous
@MainActor open func tap()}
                     ^
/Users/danielstevens/Desktop/github-projects/tools-automation/MomentumFinance/MomentumFinanceUITests/FunctionalTests.swift:19:10: note: add '@MainActor' to make instance method 'testTransactionCreation()' part of global actor 'MainActor'
    func testTransactionCreation() throws {
         ^
    @MainActor
/Users/danielstevens/Desktop/github-projects/tools-automation/MomentumFinance/MomentumFinanceUITests/FunctionalTests.swift:41:21: warning: call to main actor-isolated instance method 'typeText' in a synchronous nonisolated context
        amountField.typeText("50.00")
                    ^
XCUIAutomation.XCUIElement.typeText:2:22: note: calls to instance method 'typeText' from outside of its actor context are implicitly asynchronous
@MainActor open func typeText(_ text: String)}
                     ^
/Users/danielstevens/Desktop/github-projects/tools-automation/MomentumFinance/MomentumFinanceUITests/FunctionalTests.swift:19:10: note: add '@MainActor' to make instance method 'testTransactionCreation()' part of global actor 'MainActor'
    func testTransactionCreation() throws {
         ^
    @MainActor
/Users/danielstevens/Desktop/github-projects/tools-automation/MomentumFinance/MomentumFinanceUITests/FunctionalTests.swift:45:40: warning: main actor-isolated subscript 'subscript(_:)' can not be referenced from a nonisolated context
        let accountOption = app.buttons["AccountPicker"] // Wait, Picker might not trigger this way
                                       ^
XCUIAutomation.XCUIElementQuery.subscript:2:17: note: subscript declared here
@MainActor open subscript(key: String) -> XCUIElement { get }}
                ^
/Users/danielstevens/Desktop/github-projects/tools-automation/MomentumFinance/MomentumFinanceUITests/FunctionalTests.swift:19:10: note: add '@MainActor' to make instance method 'testTransactionCreation()' part of global actor 'MainActor'
    func testTransactionCreation() throws {
         ^
    @MainActor
/Users/danielstevens/Desktop/github-projects/tools-automation/MomentumFinance/MomentumFinanceUITests/FunctionalTests.swift:45:33: warning: main actor-isolated property 'buttons' can not be referenced from a nonisolated context
        let accountOption = app.buttons["AccountPicker"] // Wait, Picker might not trigger this way
                                ^
/Applications/Xcode-beta.app/Contents/Developer/Platforms/iPhoneSimulator.platform/Developer/Library/Frameworks/XCUIAutomation.framework/Headers/XCUIElementTypeQueryProvider.h:22:46: note: property declared here
@property (readonly, copy) XCUIElementQuery *buttons;
                                             ^
/Users/danielstevens/Desktop/github-projects/tools-automation/MomentumFinance/MomentumFinanceUITests/FunctionalTests.swift:19:10: note: add '@MainActor' to make instance method 'testTransactionCreation()' part of global actor 'MainActor'
    func testTransactionCreation() throws {
         ^
    @MainActor
/Users/danielstevens/Desktop/github-projects/tools-automation/MomentumFinance/MomentumFinanceUITests/FunctionalTests.swift:55:46: warning: main actor-isolated subscript 'subscript(_:)' can not be referenced from a nonisolated context
        let accountPickerButton = app.buttons["AccountPicker"]
                                             ^
XCUIAutomation.XCUIElementQuery.subscript:2:17: note: subscript declared here
@MainActor open subscript(key: String) -> XCUIElement { get }}
                ^
/Users/danielstevens/Desktop/github-projects/tools-automation/MomentumFinance/MomentumFinanceUITests/FunctionalTests.swift:19:10: note: add '@MainActor' to make instance method 'testTransactionCreation()' part of global actor 'MainActor'
    func testTransactionCreation() throws {
         ^
    @MainActor
/Users/danielstevens/Desktop/github-projects/tools-automation/MomentumFinance/MomentumFinanceUITests/FunctionalTests.swift:55:39: warning: main actor-isolated property 'buttons' can not be referenced from a nonisolated context
        let accountPickerButton = app.buttons["AccountPicker"]
                                      ^
/Applications/Xcode-beta.app/Contents/Developer/Platforms/iPhoneSimulator.platform/Developer/Library/Frameworks/XCUIAutomation.framework/Headers/XCUIElementTypeQueryProvider.h:22:46: note: property declared here
@property (readonly, copy) XCUIElementQuery *buttons;
                                             ^
/Users/danielstevens/Desktop/github-projects/tools-automation/MomentumFinance/MomentumFinanceUITests/FunctionalTests.swift:19:10: note: add '@MainActor' to make instance method 'testTransactionCreation()' part of global actor 'MainActor'
    func testTransactionCreation() throws {
         ^
    @MainActor
/Users/danielstevens/Desktop/github-projects/tools-automation/MomentumFinance/MomentumFinanceUITests/FunctionalTests.swift:56:32: warning: main actor-isolated property 'exists' can not be referenced from a nonisolated context
        if accountPickerButton.exists {
                               ^
/Applications/Xcode-beta.app/Contents/Developer/Platforms/iPhoneSimulator.platform/Developer/Library/Frameworks/XCUIAutomation.framework/Headers/XCUIElement.h:54:27: note: property declared here
@property (readonly) BOOL exists;
                          ^
/Users/danielstevens/Desktop/github-projects/tools-automation/MomentumFinance/MomentumFinanceUITests/FunctionalTests.swift:19:10: note: add '@MainActor' to make instance method 'testTransactionCreation()' part of global actor 'MainActor'
    func testTransactionCreation() throws {
         ^
    @MainActor
/Users/danielstevens/Desktop/github-projects/tools-automation/MomentumFinance/MomentumFinanceUITests/FunctionalTests.swift:57:34: warning: call to main actor-isolated instance method 'tap()' in a synchronous nonisolated context
             accountPickerButton.tap()
                                 ^
XCUIAutomation.XCUIElement.tap:2:22: note: calls to instance method 'tap()' from outside of its actor context are implicitly asynchronous
@MainActor open func tap()}
                     ^
/Users/danielstevens/Desktop/github-projects/tools-automation/MomentumFinance/MomentumFinanceUITests/FunctionalTests.swift:19:10: note: add '@MainActor' to make instance method 'testTransactionCreation()' part of global actor 'MainActor'
    func testTransactionCreation() throws {
         ^
    @MainActor
/Users/danielstevens/Desktop/github-projects/tools-automation/MomentumFinance/MomentumFinanceUITests/FunctionalTests.swift:59:46: warning: main actor-isolated subscript 'subscript(_:)' can not be referenced from a nonisolated context
             let checkingOption = app.buttons["Test Checking"]
                                             ^
XCUIAutomation.XCUIElementQuery.subscript:2:17: note: subscript declared here
@MainActor open subscript(key: String) -> XCUIElement { get }}
                ^
/Users/danielstevens/Desktop/github-projects/tools-automation/MomentumFinance/MomentumFinanceUITests/FunctionalTests.swift:19:10: note: add '@MainActor' to make instance method 'testTransactionCreation()' part of global actor 'MainActor'
    func testTransactionCreation() throws {
         ^
    @MainActor
/Users/danielstevens/Desktop/github-projects/tools-automation/MomentumFinance/MomentumFinanceUITests/FunctionalTests.swift:59:39: warning: main actor-isolated property 'buttons' can not be referenced from a nonisolated context
             let checkingOption = app.buttons["Test Checking"]
                                      ^
/Applications/Xcode-beta.app/Contents/Developer/Platforms/iPhoneSimulator.platform/Developer/Library/Frameworks/XCUIAutomation.framework/Headers/XCUIElementTypeQueryProvider.h:22:46: note: property declared here
@property (readonly, copy) XCUIElementQuery *buttons;
                                             ^
/Users/danielstevens/Desktop/github-projects/tools-automation/MomentumFinance/MomentumFinanceUITests/FunctionalTests.swift:19:10: note: add '@MainActor' to make instance method 'testTransactionCreation()' part of global actor 'MainActor'
    func testTransactionCreation() throws {
         ^
    @MainActor
/Users/danielstevens/Desktop/github-projects/tools-automation/MomentumFinance/MomentumFinanceUITests/FunctionalTests.swift:60:32: warning: call to main actor-isolated instance method 'waitForExistence(timeout:)' in a synchronous nonisolated context
             if checkingOption.waitForExistence(timeout: 2) {
                               ^
XCUIAutomation.XCUIElement.waitForExistence:2:22: note: calls to instance method 'waitForExistence(timeout:)' from outside of its actor context are implicitly asynchronous
@MainActor open func waitForExistence(timeout: TimeInterval) -> Bool}
                     ^
/Users/danielstevens/Desktop/github-projects/tools-automation/MomentumFinance/MomentumFinanceUITests/FunctionalTests.swift:19:10: note: add '@MainActor' to make instance method 'testTransactionCreation()' part of global actor 'MainActor'
    func testTransactionCreation() throws {
         ^
    @MainActor
/Users/danielstevens/Desktop/github-projects/tools-automation/MomentumFinance/MomentumFinanceUITests/FunctionalTests.swift:61:33: warning: call to main actor-isolated instance method 'tap()' in a synchronous nonisolated context
                 checkingOption.tap()
                                ^
XCUIAutomation.XCUIElement.tap:2:22: note: calls to instance method 'tap()' from outside of its actor context are implicitly asynchronous
@MainActor open func tap()}
                     ^
/Users/danielstevens/Desktop/github-projects/tools-automation/MomentumFinance/MomentumFinanceUITests/FunctionalTests.swift:19:10: note: add '@MainActor' to make instance method 'testTransactionCreation()' part of global actor 'MainActor'
    func testTransactionCreation() throws {
         ^
    @MainActor
/Users/danielstevens/Desktop/github-projects/tools-automation/MomentumFinance/MomentumFinanceUITests/FunctionalTests.swift:65:53: warning: main actor-isolated subscript 'subscript(_:)' can not be referenced from a nonisolated context
             let selectAccountText = app.staticTexts["Select Account"]
                                                    ^
XCUIAutomation.XCUIElementQuery.subscript:2:17: note: subscript declared here
@MainActor open subscript(key: String) -> XCUIElement { get }}
                ^
/Users/danielstevens/Desktop/github-projects/tools-automation/MomentumFinance/MomentumFinanceUITests/FunctionalTests.swift:19:10: note: add '@MainActor' to make instance method 'testTransactionCreation()' part of global actor 'MainActor'
    func testTransactionCreation() throws {
         ^
    @MainActor
/Users/danielstevens/Desktop/github-projects/tools-automation/MomentumFinance/MomentumFinanceUITests/FunctionalTests.swift:65:42: warning: main actor-isolated property 'staticTexts' can not be referenced from a nonisolated context
             let selectAccountText = app.staticTexts["Select Account"]
                                         ^
/Applications/Xcode-beta.app/Contents/Developer/Platforms/iPhoneSimulator.platform/Developer/Library/Frameworks/XCUIAutomation.framework/Headers/XCUIElementTypeQueryProvider.h:62:46: note: property declared here
@property (readonly, copy) XCUIElementQuery *staticTexts;
                                             ^
/Users/danielstevens/Desktop/github-projects/tools-automation/MomentumFinance/MomentumFinanceUITests/FunctionalTests.swift:19:10: note: add '@MainActor' to make instance method 'testTransactionCreation()' part of global actor 'MainActor'
    func testTransactionCreation() throws {
         ^
    @MainActor
/Users/danielstevens/Desktop/github-projects/tools-automation/MomentumFinance/MomentumFinanceUITests/FunctionalTests.swift:66:35: warning: main actor-isolated property 'exists' can not be referenced from a nonisolated context
             if selectAccountText.exists {
                                  ^
/Applications/Xcode-beta.app/Contents/Developer/Platforms/iPhoneSimulator.platform/Developer/Library/Frameworks/XCUIAutomation.framework/Headers/XCUIElement.h:54:27: note: property declared here
@property (readonly) BOOL exists;
                          ^
/Users/danielstevens/Desktop/github-projects/tools-automation/MomentumFinance/MomentumFinanceUITests/FunctionalTests.swift:19:10: note: add '@MainActor' to make instance method 'testTransactionCreation()' part of global actor 'MainActor'
    func testTransactionCreation() throws {
         ^
    @MainActor
/Users/danielstevens/Desktop/github-projects/tools-automation/MomentumFinance/MomentumFinanceUITests/FunctionalTests.swift:67:36: warning: call to main actor-isolated instance method 'tap()' in a synchronous nonisolated context
                 selectAccountText.tap()
                                   ^
XCUIAutomation.XCUIElement.tap:2:22: note: calls to instance method 'tap()' from outside of its actor context are implicitly asynchronous
@MainActor open func tap()}
                     ^
/Users/danielstevens/Desktop/github-projects/tools-automation/MomentumFinance/MomentumFinanceUITests/FunctionalTests.swift:19:10: note: add '@MainActor' to make instance method 'testTransactionCreation()' part of global actor 'MainActor'
    func testTransactionCreation() throws {
         ^
    @MainActor
/Users/danielstevens/Desktop/github-projects/tools-automation/MomentumFinance/MomentumFinanceUITests/FunctionalTests.swift:68:50: warning: main actor-isolated subscript 'subscript(_:)' can not be referenced from a nonisolated context
                 let checkingOption = app.buttons["Test Checking"]
                                                 ^
XCUIAutomation.XCUIElementQuery.subscript:2:17: note: subscript declared here
@MainActor open subscript(key: String) -> XCUIElement { get }}
                ^
/Users/danielstevens/Desktop/github-projects/tools-automation/MomentumFinance/MomentumFinanceUITests/FunctionalTests.swift:19:10: note: add '@MainActor' to make instance method 'testTransactionCreation()' part of global actor 'MainActor'
    func testTransactionCreation() throws {
         ^
    @MainActor
/Users/danielstevens/Desktop/github-projects/tools-automation/MomentumFinance/MomentumFinanceUITests/FunctionalTests.swift:68:43: warning: main actor-isolated property 'buttons' can not be referenced from a nonisolated context
                 let checkingOption = app.buttons["Test Checking"]
                                          ^
/Applications/Xcode-beta.app/Contents/Developer/Platforms/iPhoneSimulator.platform/Developer/Library/Frameworks/XCUIAutomation.framework/Headers/XCUIElementTypeQueryProvider.h:22:46: note: property declared here
@property (readonly, copy) XCUIElementQuery *buttons;
                                             ^
/Users/danielstevens/Desktop/github-projects/tools-automation/MomentumFinance/MomentumFinanceUITests/FunctionalTests.swift:19:10: note: add '@MainActor' to make instance method 'testTransactionCreation()' part of global actor 'MainActor'
    func testTransactionCreation() throws {
         ^
    @MainActor
/Users/danielstevens/Desktop/github-projects/tools-automation/MomentumFinance/MomentumFinanceUITests/FunctionalTests.swift:69:36: warning: call to main actor-isolated instance method 'waitForExistence(timeout:)' in a synchronous nonisolated context
                 if checkingOption.waitForExistence(timeout: 2) {
                                   ^
XCUIAutomation.XCUIElement.waitForExistence:2:22: note: calls to instance method 'waitForExistence(timeout:)' from outside of its actor context are implicitly asynchronous
@MainActor open func waitForExistence(timeout: TimeInterval) -> Bool}
                     ^
/Users/danielstevens/Desktop/github-projects/tools-automation/MomentumFinance/MomentumFinanceUITests/FunctionalTests.swift:19:10: note: add '@MainActor' to make instance method 'testTransactionCreation()' part of global actor 'MainActor'
    func testTransactionCreation() throws {
         ^
    @MainActor
/Users/danielstevens/Desktop/github-projects/tools-automation/MomentumFinance/MomentumFinanceUITests/FunctionalTests.swift:70:37: warning: call to main actor-isolated instance method 'tap()' in a synchronous nonisolated context
                     checkingOption.tap()
                                    ^
XCUIAutomation.XCUIElement.tap:2:22: note: calls to instance method 'tap()' from outside of its actor context are implicitly asynchronous
@MainActor open func tap()}
                     ^
/Users/danielstevens/Desktop/github-projects/tools-automation/MomentumFinance/MomentumFinanceUITests/FunctionalTests.swift:19:10: note: add '@MainActor' to make instance method 'testTransactionCreation()' part of global actor 'MainActor'
    func testTransactionCreation() throws {
         ^
    @MainActor
/Users/danielstevens/Desktop/github-projects/tools-automation/MomentumFinance/MomentumFinanceUITests/FunctionalTests.swift:76:37: warning: main actor-isolated subscript 'subscript(_:)' can not be referenced from a nonisolated context
        let saveButton = app.buttons["SaveTransactionButton"]
                                    ^
XCUIAutomation.XCUIElementQuery.subscript:2:17: note: subscript declared here
@MainActor open subscript(key: String) -> XCUIElement { get }}
                ^
/Users/danielstevens/Desktop/github-projects/tools-automation/MomentumFinance/MomentumFinanceUITests/FunctionalTests.swift:19:10: note: add '@MainActor' to make instance method 'testTransactionCreation()' part of global actor 'MainActor'
    func testTransactionCreation() throws {
         ^
    @MainActor
/Users/danielstevens/Desktop/github-projects/tools-automation/MomentumFinance/MomentumFinanceUITests/FunctionalTests.swift:76:30: warning: main actor-isolated property 'buttons' can not be referenced from a nonisolated context
        let saveButton = app.buttons["SaveTransactionButton"]
                             ^
/Applications/Xcode-beta.app/Contents/Developer/Platforms/iPhoneSimulator.platform/Developer/Library/Frameworks/XCUIAutomation.framework/Headers/XCUIElementTypeQueryProvider.h:22:46: note: property declared here
@property (readonly, copy) XCUIElementQuery *buttons;
                                             ^
/Users/danielstevens/Desktop/github-projects/tools-automation/MomentumFinance/MomentumFinanceUITests/FunctionalTests.swift:19:10: note: add '@MainActor' to make instance method 'testTransactionCreation()' part of global actor 'MainActor'
    func testTransactionCreation() throws {
         ^
    @MainActor
/Users/danielstevens/Desktop/github-projects/tools-automation/MomentumFinance/MomentumFinanceUITests/FunctionalTests.swift:79:24: warning: main actor-isolated property 'isEnabled' can not be referenced from a nonisolated context
        if !saveButton.isEnabled {
                       ^
/Applications/Xcode-beta.app/Contents/Developer/Platforms/iPhoneSimulator.platform/Developer/Library/Frameworks/XCUIAutomation.framework/Headers/XCUIElementAttributes.h:53:47: note: property declared here
@property (readonly, getter = isEnabled) BOOL enabled;
                                              ^
/Users/danielstevens/Desktop/github-projects/tools-automation/MomentumFinance/MomentumFinanceUITests/FunctionalTests.swift:19:10: note: add '@MainActor' to make instance method 'testTransactionCreation()' part of global actor 'MainActor'
    func testTransactionCreation() throws {
         ^
    @MainActor
/Users/danielstevens/Desktop/github-projects/tools-automation/MomentumFinance/MomentumFinanceUITests/FunctionalTests.swift:85:20: warning: call to main actor-isolated instance method 'tap()' in a synchronous nonisolated context
        saveButton.tap()
                   ^
XCUIAutomation.XCUIElement.tap:2:22: note: calls to instance method 'tap()' from outside of its actor context are implicitly asynchronous
@MainActor open func tap()}
                     ^
/Users/danielstevens/Desktop/github-projects/tools-automation/MomentumFinance/MomentumFinanceUITests/FunctionalTests.swift:19:10: note: add '@MainActor' to make instance method 'testTransactionCreation()' part of global actor 'MainActor'
    func testTransactionCreation() throws {
         ^
    @MainActor
/Users/danielstevens/Desktop/github-projects/tools-automation/MomentumFinance/MomentumFinanceUITests/FunctionalTests.swift:88:46: warning: main actor-isolated subscript 'subscript(_:)' can not be referenced from a nonisolated context
        let transactionCell = app.staticTexts["Grocery"]
                                             ^
XCUIAutomation.XCUIElementQuery.subscript:2:17: note: subscript declared here
@MainActor open subscript(key: String) -> XCUIElement { get }}
                ^
/Users/danielstevens/Desktop/github-projects/tools-automation/MomentumFinance/MomentumFinanceUITests/FunctionalTests.swift:19:10: note: add '@MainActor' to make instance method 'testTransactionCreation()' part of global actor 'MainActor'
    func testTransactionCreation() throws {
         ^
    @MainActor
/Users/danielstevens/Desktop/github-projects/tools-automation/MomentumFinance/MomentumFinanceUITests/FunctionalTests.swift:88:35: warning: main actor-isolated property 'staticTexts' can not be referenced from a nonisolated context
        let transactionCell = app.staticTexts["Grocery"]
                                  ^
/Applications/Xcode-beta.app/Contents/Developer/Platforms/iPhoneSimulator.platform/Developer/Library/Frameworks/XCUIAutomation.framework/Headers/XCUIElementTypeQueryProvider.h:62:46: note: property declared here
@property (readonly, copy) XCUIElementQuery *staticTexts;
                                             ^
/Users/danielstevens/Desktop/github-projects/tools-automation/MomentumFinance/MomentumFinanceUITests/FunctionalTests.swift:19:10: note: add '@MainActor' to make instance method 'testTransactionCreation()' part of global actor 'MainActor'
    func testTransactionCreation() throws {
         ^
    @MainActor
/Users/danielstevens/Desktop/github-projects/tools-automation/MomentumFinance/MomentumFinanceUITests/FunctionalTests.swift:89:39: warning: call to main actor-isolated instance method 'waitForExistence(timeout:)' in a synchronous nonisolated context
        XCTAssertTrue(transactionCell.waitForExistence(timeout: 5), "New transaction not found")
                                      ^
XCUIAutomation.XCUIElement.waitForExistence:2:22: note: calls to instance method 'waitForExistence(timeout:)' from outside of its actor context are implicitly asynchronous
@MainActor open func waitForExistence(timeout: TimeInterval) -> Bool}
                     ^

SwiftEmitModule normal arm64 Emitting\ module\ for\ MomentumFinanceUITests (in target 'MomentumFinanceUITests' from project 'MomentumFinance')

EmitSwiftModule normal arm64 (in target 'MomentumFinanceUITests' from project 'MomentumFinance')
    cd /Users/danielstevens/Desktop/github-projects/tools-automation/MomentumFinance


SwiftDriverJobDiscovery normal arm64 Compiling FunctionalTests.swift (in target 'MomentumFinanceUITests' from project 'MomentumFinance')

SwiftDriver\ Compilation MomentumFinanceUITests normal arm64 com.apple.xcode.tools.swift.compiler (in target 'MomentumFinanceUITests' from project 'MomentumFinance')
    cd /Users/danielstevens/Desktop/github-projects/tools-automation/MomentumFinance
    builtin-Swift-Compilation -- /Applications/Xcode-beta.app/Contents/Developer/Toolchains/XcodeDefault.xctoolchain/usr/bin/swiftc -module-name MomentumFinanceUITests -Onone -enforce-exclusivity\=checked @/Users/danielstevens/Library/Developer/Xcode/DerivedData/MomentumFinance-eyokbxaaqtnuhkdigvcnogoazegu/Build/Intermediates.noindex/MomentumFinance.build/Debug-iphonesimulator/MomentumFinanceUITests.build/Objects-normal/arm64/MomentumFinanceUITests.SwiftFileList -DDEBUG -module-alias Testing\=_Testing_Unavailable -plugin-path /Applications/Xcode-beta.app/Contents/Developer/Toolchains/XcodeDefault.xctoolchain/usr/lib/swift/host/plugins/testing -enable-experimental-feature DebugDescriptionMacro -sdk /Applications/Xcode-beta.app/Contents/Developer/Platforms/iPhoneSimulator.platform/Developer/SDKs/iPhoneSimulator26.2.sdk -target arm64-apple-ios18.0-simulator -g -module-cache-path /Users/danielstevens/Library/Developer/Xcode/DerivedData/ModuleCache.noindex -Xfrontend -serialize-debugging-options -enable-testing -index-store-path /Users/danielstevens/Library/Developer/Xcode/DerivedData/MomentumFinance-eyokbxaaqtnuhkdigvcnogoazegu/Index.noindex/DataStore -Xcc -D_LIBCPP_HARDENING_MODE\=_LIBCPP_HARDENING_MODE_DEBUG -swift-version 6 -I /Users/danielstevens/Library/Developer/Xcode/DerivedData/MomentumFinance-eyokbxaaqtnuhkdigvcnogoazegu/Build/Products/Debug-iphonesimulator -Isystem /Applications/Xcode-beta.app/Contents/Developer/Platforms/iPhoneSimulator.platform/Developer/usr/lib -F /Users/danielstevens/Library/Developer/Xcode/DerivedData/MomentumFinance-eyokbxaaqtnuhkdigvcnogoazegu/Build/Products/Debug-iphonesimulator -F /Applications/Xcode-beta.app/Contents/Developer/Platforms/iPhoneSimulator.platform/Developer/Library/Frameworks -F /Applications/Xcode-beta.app/Contents/Developer/Platforms/iPhoneSimulator.platform/Developer/SDKs/iPhoneSimulator26.2.sdk/Developer/Library/Frameworks -c -j10 -enable-batch-mode -incremental -Xcc -ivfsstatcache -Xcc /Users/danielstevens/Library/Developer/Xcode/DerivedData/SDKStatCaches.noindex/iphonesimulator26.2-23C5027e-c6bb09c85eeb1a59968f08cee6a58242.sdkstatcache -output-file-map /Users/danielstevens/Library/Developer/Xcode/DerivedData/MomentumFinance-eyokbxaaqtnuhkdigvcnogoazegu/Build/Intermediates.noindex/MomentumFinance.build/Debug-iphonesimulator/MomentumFinanceUITests.build/Objects-normal/arm64/MomentumFinanceUITests-OutputFileMap.json -use-frontend-parseable-output -save-temps -no-color-diagnostics -explicit-module-build -module-cache-path /Users/danielstevens/Library/Developer/Xcode/DerivedData/MomentumFinance-eyokbxaaqtnuhkdigvcnogoazegu/Build/Intermediates.noindex/SwiftExplicitPrecompiledModules -clang-scanner-module-cache-path /Users/danielstevens/Library/Developer/Xcode/DerivedData/ModuleCache.noindex -sdk-module-cache-path /Users/danielstevens/Library/Developer/Xcode/DerivedData/ModuleCache.noindex -serialize-diagnostics -emit-dependencies -emit-module -emit-module-path /Users/danielstevens/Library/Developer/Xcode/DerivedData/MomentumFinance-eyokbxaaqtnuhkdigvcnogoazegu/Build/Intermediates.noindex/MomentumFinance.build/Debug-iphonesimulator/MomentumFinanceUITests.build/Objects-normal/arm64/MomentumFinanceUITests.swiftmodule -validate-clang-modules-once -clang-build-session-file /Users/danielstevens/Library/Developer/Xcode/DerivedData/ModuleCache.noindex/Session.modulevalidation -Xcc -I/Users/danielstevens/Library/Developer/Xcode/DerivedData/MomentumFinance-eyokbxaaqtnuhkdigvcnogoazegu/Build/Intermediates.noindex/MomentumFinance.build/Debug-iphonesimulator/MomentumFinanceUITests.build/swift-overrides.hmap -emit-const-values -Xfrontend -const-gather-protocols-file -Xfrontend /Users/danielstevens/Library/Developer/Xcode/DerivedData/MomentumFinance-eyokbxaaqtnuhkdigvcnogoazegu/Build/Intermediates.noindex/MomentumFinance.build/Debug-iphonesimulator/MomentumFinanceUITests.build/Objects-normal/arm64/MomentumFinanceUITests_const_extract_protocols.json -Xcc -iquote -Xcc /Users/danielstevens/Library/Developer/Xcode/DerivedData/MomentumFinance-eyokbxaaqtnuhkdigvcnogoazegu/Build/Intermediates.noindex/MomentumFinance.build/Debug-iphonesimulator/MomentumFinanceUITests.build/MomentumFinanceUITests-generated-files.hmap -Xcc -I/Users/danielstevens/Library/Developer/Xcode/DerivedData/MomentumFinance-eyokbxaaqtnuhkdigvcnogoazegu/Build/Intermediates.noindex/MomentumFinance.build/Debug-iphonesimulator/MomentumFinanceUITests.build/MomentumFinanceUITests-own-target-headers.hmap -Xcc -I/Users/danielstevens/Library/Developer/Xcode/DerivedData/MomentumFinance-eyokbxaaqtnuhkdigvcnogoazegu/Build/Intermediates.noindex/MomentumFinance.build/Debug-iphonesimulator/MomentumFinanceUITests.build/MomentumFinanceUITests-all-target-headers.hmap -Xcc -iquote -Xcc /Users/danielstevens/Library/Developer/Xcode/DerivedData/MomentumFinance-eyokbxaaqtnuhkdigvcnogoazegu/Build/Intermediates.noindex/MomentumFinance.build/Debug-iphonesimulator/MomentumFinanceUITests.build/MomentumFinanceUITests-project-headers.hmap -Xcc -I/Users/danielstevens/Library/Developer/Xcode/DerivedData/MomentumFinance-eyokbxaaqtnuhkdigvcnogoazegu/Build/Products/Debug-iphonesimulator/include -Xcc -I/Users/danielstevens/Library/Developer/Xcode/DerivedData/MomentumFinance-eyokbxaaqtnuhkdigvcnogoazegu/Build/Intermediates.noindex/MomentumFinance.build/Debug-iphonesimulator/MomentumFinanceUITests.build/DerivedSources-normal/arm64 -Xcc -I/Users/danielstevens/Library/Developer/Xcode/DerivedData/MomentumFinance-eyokbxaaqtnuhkdigvcnogoazegu/Build/Intermediates.noindex/MomentumFinance.build/Debug-iphonesimulator/MomentumFinanceUITests.build/DerivedSources/arm64 -Xcc -I/Users/danielstevens/Library/Developer/Xcode/DerivedData/MomentumFinance-eyokbxaaqtnuhkdigvcnogoazegu/Build/Intermediates.noindex/MomentumFinance.build/Debug-iphonesimulator/MomentumFinanceUITests.build/DerivedSources -Xcc -DDEBUG\=1 -emit-objc-header -emit-objc-header-path /Users/danielstevens/Library/Developer/Xcode/DerivedData/MomentumFinance-eyokbxaaqtnuhkdigvcnogoazegu/Build/Intermediates.noindex/MomentumFinance.build/Debug-iphonesimulator/MomentumFinanceUITests.build/Objects-normal/arm64/MomentumFinanceUITests-Swift.h -working-directory /Users/danielstevens/Desktop/github-projects/tools-automation/MomentumFinance -experimental-emit-module-separately -disable-cmo

SwiftDriverJobDiscovery normal arm64 Emitting module for MomentumFinanceUITests (in target 'MomentumFinanceUITests' from project 'MomentumFinance')

SwiftDriver\ Compilation\ Requirements MomentumFinanceUITests normal arm64 com.apple.xcode.tools.swift.compiler (in target 'MomentumFinanceUITests' from project 'MomentumFinance')
    cd /Users/danielstevens/Desktop/github-projects/tools-automation/MomentumFinance
    builtin-Swift-Compilation-Requirements -- /Applications/Xcode-beta.app/Contents/Developer/Toolchains/XcodeDefault.xctoolchain/usr/bin/swiftc -module-name MomentumFinanceUITests -Onone -enforce-exclusivity\=checked @/Users/danielstevens/Library/Developer/Xcode/DerivedData/MomentumFinance-eyokbxaaqtnuhkdigvcnogoazegu/Build/Intermediates.noindex/MomentumFinance.build/Debug-iphonesimulator/MomentumFinanceUITests.build/Objects-normal/arm64/MomentumFinanceUITests.SwiftFileList -DDEBUG -module-alias Testing\=_Testing_Unavailable -plugin-path /Applications/Xcode-beta.app/Contents/Developer/Toolchains/XcodeDefault.xctoolchain/usr/lib/swift/host/plugins/testing -enable-experimental-feature DebugDescriptionMacro -sdk /Applications/Xcode-beta.app/Contents/Developer/Platforms/iPhoneSimulator.platform/Developer/SDKs/iPhoneSimulator26.2.sdk -target arm64-apple-ios18.0-simulator -g -module-cache-path /Users/danielstevens/Library/Developer/Xcode/DerivedData/ModuleCache.noindex -Xfrontend -serialize-debugging-options -enable-testing -index-store-path /Users/danielstevens/Library/Developer/Xcode/DerivedData/MomentumFinance-eyokbxaaqtnuhkdigvcnogoazegu/Index.noindex/DataStore -Xcc -D_LIBCPP_HARDENING_MODE\=_LIBCPP_HARDENING_MODE_DEBUG -swift-version 6 -I /Users/danielstevens/Library/Developer/Xcode/DerivedData/MomentumFinance-eyokbxaaqtnuhkdigvcnogoazegu/Build/Products/Debug-iphonesimulator -Isystem /Applications/Xcode-beta.app/Contents/Developer/Platforms/iPhoneSimulator.platform/Developer/usr/lib -F /Users/danielstevens/Library/Developer/Xcode/DerivedData/MomentumFinance-eyokbxaaqtnuhkdigvcnogoazegu/Build/Products/Debug-iphonesimulator -F /Applications/Xcode-beta.app/Contents/Developer/Platforms/iPhoneSimulator.platform/Developer/Library/Frameworks -F /Applications/Xcode-beta.app/Contents/Developer/Platforms/iPhoneSimulator.platform/Developer/SDKs/iPhoneSimulator26.2.sdk/Developer/Library/Frameworks -c -j10 -enable-batch-mode -incremental -Xcc -ivfsstatcache -Xcc /Users/danielstevens/Library/Developer/Xcode/DerivedData/SDKStatCaches.noindex/iphonesimulator26.2-23C5027e-c6bb09c85eeb1a59968f08cee6a58242.sdkstatcache -output-file-map /Users/danielstevens/Library/Developer/Xcode/DerivedData/MomentumFinance-eyokbxaaqtnuhkdigvcnogoazegu/Build/Intermediates.noindex/MomentumFinance.build/Debug-iphonesimulator/MomentumFinanceUITests.build/Objects-normal/arm64/MomentumFinanceUITests-OutputFileMap.json -use-frontend-parseable-output -save-temps -no-color-diagnostics -explicit-module-build -module-cache-path /Users/danielstevens/Library/Developer/Xcode/DerivedData/MomentumFinance-eyokbxaaqtnuhkdigvcnogoazegu/Build/Intermediates.noindex/SwiftExplicitPrecompiledModules -clang-scanner-module-cache-path /Users/danielstevens/Library/Developer/Xcode/DerivedData/ModuleCache.noindex -sdk-module-cache-path /Users/danielstevens/Library/Developer/Xcode/DerivedData/ModuleCache.noindex -serialize-diagnostics -emit-dependencies -emit-module -emit-module-path /Users/danielstevens/Library/Developer/Xcode/DerivedData/MomentumFinance-eyokbxaaqtnuhkdigvcnogoazegu/Build/Intermediates.noindex/MomentumFinance.build/Debug-iphonesimulator/MomentumFinanceUITests.build/Objects-normal/arm64/MomentumFinanceUITests.swiftmodule -validate-clang-modules-once -clang-build-session-file /Users/danielstevens/Library/Developer/Xcode/DerivedData/ModuleCache.noindex/Session.modulevalidation -Xcc -I/Users/danielstevens/Library/Developer/Xcode/DerivedData/MomentumFinance-eyokbxaaqtnuhkdigvcnogoazegu/Build/Intermediates.noindex/MomentumFinance.build/Debug-iphonesimulator/MomentumFinanceUITests.build/swift-overrides.hmap -emit-const-values -Xfrontend -const-gather-protocols-file -Xfrontend /Users/danielstevens/Library/Developer/Xcode/DerivedData/MomentumFinance-eyokbxaaqtnuhkdigvcnogoazegu/Build/Intermediates.noindex/MomentumFinance.build/Debug-iphonesimulator/MomentumFinanceUITests.build/Objects-normal/arm64/MomentumFinanceUITests_const_extract_protocols.json -Xcc -iquote -Xcc /Users/danielstevens/Library/Developer/Xcode/DerivedData/MomentumFinance-eyokbxaaqtnuhkdigvcnogoazegu/Build/Intermediates.noindex/MomentumFinance.build/Debug-iphonesimulator/MomentumFinanceUITests.build/MomentumFinanceUITests-generated-files.hmap -Xcc -I/Users/danielstevens/Library/Developer/Xcode/DerivedData/MomentumFinance-eyokbxaaqtnuhkdigvcnogoazegu/Build/Intermediates.noindex/MomentumFinance.build/Debug-iphonesimulator/MomentumFinanceUITests.build/MomentumFinanceUITests-own-target-headers.hmap -Xcc -I/Users/danielstevens/Library/Developer/Xcode/DerivedData/MomentumFinance-eyokbxaaqtnuhkdigvcnogoazegu/Build/Intermediates.noindex/MomentumFinance.build/Debug-iphonesimulator/MomentumFinanceUITests.build/MomentumFinanceUITests-all-target-headers.hmap -Xcc -iquote -Xcc /Users/danielstevens/Library/Developer/Xcode/DerivedData/MomentumFinance-eyokbxaaqtnuhkdigvcnogoazegu/Build/Intermediates.noindex/MomentumFinance.build/Debug-iphonesimulator/MomentumFinanceUITests.build/MomentumFinanceUITests-project-headers.hmap -Xcc -I/Users/danielstevens/Library/Developer/Xcode/DerivedData/MomentumFinance-eyokbxaaqtnuhkdigvcnogoazegu/Build/Products/Debug-iphonesimulator/include -Xcc -I/Users/danielstevens/Library/Developer/Xcode/DerivedData/MomentumFinance-eyokbxaaqtnuhkdigvcnogoazegu/Build/Intermediates.noindex/MomentumFinance.build/Debug-iphonesimulator/MomentumFinanceUITests.build/DerivedSources-normal/arm64 -Xcc -I/Users/danielstevens/Library/Developer/Xcode/DerivedData/MomentumFinance-eyokbxaaqtnuhkdigvcnogoazegu/Build/Intermediates.noindex/MomentumFinance.build/Debug-iphonesimulator/MomentumFinanceUITests.build/DerivedSources/arm64 -Xcc -I/Users/danielstevens/Library/Developer/Xcode/DerivedData/MomentumFinance-eyokbxaaqtnuhkdigvcnogoazegu/Build/Intermediates.noindex/MomentumFinance.build/Debug-iphonesimulator/MomentumFinanceUITests.build/DerivedSources -Xcc -DDEBUG\=1 -emit-objc-header -emit-objc-header-path /Users/danielstevens/Library/Developer/Xcode/DerivedData/MomentumFinance-eyokbxaaqtnuhkdigvcnogoazegu/Build/Intermediates.noindex/MomentumFinance.build/Debug-iphonesimulator/MomentumFinanceUITests.build/Objects-normal/arm64/MomentumFinanceUITests-Swift.h -working-directory /Users/danielstevens/Desktop/github-projects/tools-automation/MomentumFinance -experimental-emit-module-separately -disable-cmo

Copy /Users/danielstevens/Library/Developer/Xcode/DerivedData/MomentumFinance-eyokbxaaqtnuhkdigvcnogoazegu/Build/Products/Debug-iphonesimulator/MomentumFinanceUITests.swiftmodule/arm64-apple-ios-simulator.abi.json /Users/danielstevens/Library/Developer/Xcode/DerivedData/MomentumFinance-eyokbxaaqtnuhkdigvcnogoazegu/Build/Intermediates.noindex/MomentumFinance.build/Debug-iphonesimulator/MomentumFinanceUITests.build/Objects-normal/arm64/MomentumFinanceUITests.abi.json (in target 'MomentumFinanceUITests' from project 'MomentumFinance')
    cd /Users/danielstevens/Desktop/github-projects/tools-automation/MomentumFinance
    builtin-copy -exclude .DS_Store -exclude CVS -exclude .svn -exclude .git -exclude .hg -resolve-src-symlinks -rename /Users/danielstevens/Library/Developer/Xcode/DerivedData/MomentumFinance-eyokbxaaqtnuhkdigvcnogoazegu/Build/Intermediates.noindex/MomentumFinance.build/Debug-iphonesimulator/MomentumFinanceUITests.build/Objects-normal/arm64/MomentumFinanceUITests.abi.json /Users/danielstevens/Library/Developer/Xcode/DerivedData/MomentumFinance-eyokbxaaqtnuhkdigvcnogoazegu/Build/Products/Debug-iphonesimulator/MomentumFinanceUITests.swiftmodule/arm64-apple-ios-simulator.abi.json

Copy /Users/danielstevens/Library/Developer/Xcode/DerivedData/MomentumFinance-eyokbxaaqtnuhkdigvcnogoazegu/Build/Products/Debug-iphonesimulator/MomentumFinanceUITests.swiftmodule/Project/arm64-apple-ios-simulator.swiftsourceinfo /Users/danielstevens/Library/Developer/Xcode/DerivedData/MomentumFinance-eyokbxaaqtnuhkdigvcnogoazegu/Build/Intermediates.noindex/MomentumFinance.build/Debug-iphonesimulator/MomentumFinanceUITests.build/Objects-normal/arm64/MomentumFinanceUITests.swiftsourceinfo (in target 'MomentumFinanceUITests' from project 'MomentumFinance')
    cd /Users/danielstevens/Desktop/github-projects/tools-automation/MomentumFinance
    builtin-copy -exclude .DS_Store -exclude CVS -exclude .svn -exclude .git -exclude .hg -resolve-src-symlinks -rename /Users/danielstevens/Library/Developer/Xcode/DerivedData/MomentumFinance-eyokbxaaqtnuhkdigvcnogoazegu/Build/Intermediates.noindex/MomentumFinance.build/Debug-iphonesimulator/MomentumFinanceUITests.build/Objects-normal/arm64/MomentumFinanceUITests.swiftsourceinfo /Users/danielstevens/Library/Developer/Xcode/DerivedData/MomentumFinance-eyokbxaaqtnuhkdigvcnogoazegu/Build/Products/Debug-iphonesimulator/MomentumFinanceUITests.swiftmodule/Project/arm64-apple-ios-simulator.swiftsourceinfo

Ld /Users/danielstevens/Library/Developer/Xcode/DerivedData/MomentumFinance-eyokbxaaqtnuhkdigvcnogoazegu/Build/Products/Debug-iphonesimulator/MomentumFinanceUITests-Runner.app/PlugIns/MomentumFinanceUITests.xctest/MomentumFinanceUITests normal (in target 'MomentumFinanceUITests' from project 'MomentumFinance')
    cd /Users/danielstevens/Desktop/github-projects/tools-automation/MomentumFinance
    /Applications/Xcode-beta.app/Contents/Developer/Toolchains/XcodeDefault.xctoolchain/usr/bin/clang -Xlinker -reproducible -target arm64-apple-ios18.0-simulator -bundle -isysroot /Applications/Xcode-beta.app/Contents/Developer/Platforms/iPhoneSimulator.platform/Developer/SDKs/iPhoneSimulator26.2.sdk -O0 -L/Users/danielstevens/Library/Developer/Xcode/DerivedData/MomentumFinance-eyokbxaaqtnuhkdigvcnogoazegu/Build/Intermediates.noindex/EagerLinkingTBDs/Debug-iphonesimulator -L/Users/danielstevens/Library/Developer/Xcode/DerivedData/MomentumFinance-eyokbxaaqtnuhkdigvcnogoazegu/Build/Products/Debug-iphonesimulator -L/Applications/Xcode-beta.app/Contents/Developer/Platforms/iPhoneSimulator.platform/Developer/usr/lib -F/Users/danielstevens/Library/Developer/Xcode/DerivedData/MomentumFinance-eyokbxaaqtnuhkdigvcnogoazegu/Build/Intermediates.noindex/EagerLinkingTBDs/Debug-iphonesimulator -F/Users/danielstevens/Library/Developer/Xcode/DerivedData/MomentumFinance-eyokbxaaqtnuhkdigvcnogoazegu/Build/Products/Debug-iphonesimulator -iframework /Applications/Xcode-beta.app/Contents/Developer/Platforms/iPhoneSimulator.platform/Developer/Library/Frameworks -iframework /Applications/Xcode-beta.app/Contents/Developer/Platforms/iPhoneSimulator.platform/Developer/SDKs/iPhoneSimulator26.2.sdk/Developer/Library/Frameworks -filelist /Users/danielstevens/Library/Developer/Xcode/DerivedData/MomentumFinance-eyokbxaaqtnuhkdigvcnogoazegu/Build/Intermediates.noindex/MomentumFinance.build/Debug-iphonesimulator/MomentumFinanceUITests.build/Objects-normal/arm64/MomentumFinanceUITests.LinkFileList -Xlinker -rpath -Xlinker /usr/lib/swift -Xlinker -rpath -Xlinker @loader_path/Frameworks -dead_strip -Xlinker -object_path_lto -Xlinker /Users/danielstevens/Library/Developer/Xcode/DerivedData/MomentumFinance-eyokbxaaqtnuhkdigvcnogoazegu/Build/Intermediates.noindex/MomentumFinance.build/Debug-iphonesimulator/MomentumFinanceUITests.build/Objects-normal/arm64/MomentumFinanceUITests_lto.o -rdynamic -Xlinker -no_deduplicate -Xlinker -objc_abi_version -Xlinker 2 -Xlinker -dependency_info -Xlinker /Users/danielstevens/Library/Developer/Xcode/DerivedData/MomentumFinance-eyokbxaaqtnuhkdigvcnogoazegu/Build/Intermediates.noindex/MomentumFinance.build/Debug-iphonesimulator/MomentumFinanceUITests.build/Objects-normal/arm64/MomentumFinanceUITests_dependency_info.dat -fobjc-link-runtime -L/Applications/Xcode-beta.app/Contents/Developer/Toolchains/XcodeDefault.xctoolchain/usr/lib/swift/iphonesimulator -L/usr/lib/swift -Xlinker -add_ast_path -Xlinker /Users/danielstevens/Library/Developer/Xcode/DerivedData/MomentumFinance-eyokbxaaqtnuhkdigvcnogoazegu/Build/Intermediates.noindex/MomentumFinance.build/Debug-iphonesimulator/MomentumFinanceUITests.build/Objects-normal/arm64/MomentumFinanceUITests.swiftmodule @/Users/danielstevens/Library/Developer/Xcode/DerivedData/MomentumFinance-eyokbxaaqtnuhkdigvcnogoazegu/Build/Intermediates.noindex/MomentumFinance.build/Debug-iphonesimulator/MomentumFinanceUITests.build/Objects-normal/arm64/MomentumFinanceUITests-linker-args.resp -Xlinker -needed_framework -Xlinker XCTest -framework XCTest -Xlinker -needed-lXCTestSwiftSupport -lXCTestSwiftSupport -Xlinker -sectcreate -Xlinker __TEXT -Xlinker __entitlements -Xlinker /Users/danielstevens/Library/Developer/Xcode/DerivedData/MomentumFinance-eyokbxaaqtnuhkdigvcnogoazegu/Build/Intermediates.noindex/MomentumFinance.build/Debug-iphonesimulator/MomentumFinanceUITests.build/MomentumFinanceUITests.xctest-Simulated.xcent -Xlinker -sectcreate -Xlinker __TEXT -Xlinker __ents_der -Xlinker /Users/danielstevens/Library/Developer/Xcode/DerivedData/MomentumFinance-eyokbxaaqtnuhkdigvcnogoazegu/Build/Intermediates.noindex/MomentumFinance.build/Debug-iphonesimulator/MomentumFinanceUITests.build/MomentumFinanceUITests.xctest-Simulated.xcent.der -framework Foundation -Xlinker -no_adhoc_codesign -o /Users/danielstevens/Library/Developer/Xcode/DerivedData/MomentumFinance-eyokbxaaqtnuhkdigvcnogoazegu/Build/Products/Debug-iphonesimulator/MomentumFinanceUITests-Runner.app/PlugIns/MomentumFinanceUITests.xctest/MomentumFinanceUITests

ExtractAppIntentsMetadata (in target 'MomentumFinanceUITests' from project 'MomentumFinance')
    cd /Users/danielstevens/Desktop/github-projects/tools-automation/MomentumFinance
    /Applications/Xcode-beta.app/Contents/Developer/Toolchains/XcodeDefault.xctoolchain/usr/bin/appintentsmetadataprocessor --toolchain-dir /Applications/Xcode-beta.app/Contents/Developer/Toolchains/XcodeDefault.xctoolchain --module-name MomentumFinanceUITests --sdk-root /Applications/Xcode-beta.app/Contents/Developer/Platforms/iPhoneSimulator.platform/Developer/SDKs/iPhoneSimulator26.2.sdk --xcode-version 17C5013i --platform-family iOS --deployment-target 18.0 --bundle-identifier com.DanielStevens.MomentumFinanceUITests --output /Users/danielstevens/Library/Developer/Xcode/DerivedData/MomentumFinance-eyokbxaaqtnuhkdigvcnogoazegu/Build/Products/Debug-iphonesimulator/MomentumFinanceUITests-Runner.app/PlugIns/MomentumFinanceUITests.xctest --target-triple arm64-apple-ios18.0-simulator --binary-file /Users/danielstevens/Library/Developer/Xcode/DerivedData/MomentumFinance-eyokbxaaqtnuhkdigvcnogoazegu/Build/Products/Debug-iphonesimulator/MomentumFinanceUITests-Runner.app/PlugIns/MomentumFinanceUITests.xctest/MomentumFinanceUITests --dependency-file /Users/danielstevens/Library/Developer/Xcode/DerivedData/MomentumFinance-eyokbxaaqtnuhkdigvcnogoazegu/Build/Intermediates.noindex/MomentumFinance.build/Debug-iphonesimulator/MomentumFinanceUITests.build/Objects-normal/arm64/MomentumFinanceUITests_dependency_info.dat --stringsdata-file /Users/danielstevens/Library/Developer/Xcode/DerivedData/MomentumFinance-eyokbxaaqtnuhkdigvcnogoazegu/Build/Intermediates.noindex/MomentumFinance.build/Debug-iphonesimulator/MomentumFinanceUITests.build/Objects-normal/arm64/ExtractedAppShortcutsMetadata.stringsdata --source-file-list /Users/danielstevens/Library/Developer/Xcode/DerivedData/MomentumFinance-eyokbxaaqtnuhkdigvcnogoazegu/Build/Intermediates.noindex/MomentumFinance.build/Debug-iphonesimulator/MomentumFinanceUITests.build/Objects-normal/arm64/MomentumFinanceUITests.SwiftFileList --metadata-file-list /Users/danielstevens/Library/Developer/Xcode/DerivedData/MomentumFinance-eyokbxaaqtnuhkdigvcnogoazegu/Build/Intermediates.noindex/MomentumFinance.build/Debug-iphonesimulator/MomentumFinanceUITests.build/MomentumFinanceUITests.DependencyMetadataFileList --static-metadata-file-list /Users/danielstevens/Library/Developer/Xcode/DerivedData/MomentumFinance-eyokbxaaqtnuhkdigvcnogoazegu/Build/Intermediates.noindex/MomentumFinance.build/Debug-iphonesimulator/MomentumFinanceUITests.build/MomentumFinanceUITests.DependencyStaticMetadataFileList --swift-const-vals-list /Users/danielstevens/Library/Developer/Xcode/DerivedData/MomentumFinance-eyokbxaaqtnuhkdigvcnogoazegu/Build/Intermediates.noindex/MomentumFinance.build/Debug-iphonesimulator/MomentumFinanceUITests.build/Objects-normal/arm64/MomentumFinanceUITests.SwiftConstValuesFileList --compile-time-extraction --deployment-aware-processing --validate-assistant-intents --no-app-shortcuts-localization
2025-12-07 16:11:24.748 appintentsmetadataprocessor[55259:12564953] Starting appintentsmetadataprocessor export
2025-12-07 16:11:24.751 appintentsmetadataprocessor[55259:12564953] warning: Metadata extraction skipped. No AppIntents.framework dependency found.

CopySwiftLibs /Users/danielstevens/Library/Developer/Xcode/DerivedData/MomentumFinance-eyokbxaaqtnuhkdigvcnogoazegu/Build/Products/Debug-iphonesimulator/MomentumFinanceUITests-Runner.app/PlugIns/MomentumFinanceUITests.xctest (in target 'MomentumFinanceUITests' from project 'MomentumFinance')
    cd /Users/danielstevens/Desktop/github-projects/tools-automation/MomentumFinance
    builtin-swiftStdLibTool --copy --verbose --sign - --scan-executable /Users/danielstevens/Library/Developer/Xcode/DerivedData/MomentumFinance-eyokbxaaqtnuhkdigvcnogoazegu/Build/Products/Debug-iphonesimulator/MomentumFinanceUITests-Runner.app/PlugIns/MomentumFinanceUITests.xctest/MomentumFinanceUITests --scan-folder /Users/danielstevens/Library/Developer/Xcode/DerivedData/MomentumFinance-eyokbxaaqtnuhkdigvcnogoazegu/Build/Products/Debug-iphonesimulator/MomentumFinanceUITests-Runner.app/PlugIns/MomentumFinanceUITests.xctest/Frameworks --scan-folder /Users/danielstevens/Library/Developer/Xcode/DerivedData/MomentumFinance-eyokbxaaqtnuhkdigvcnogoazegu/Build/Products/Debug-iphonesimulator/MomentumFinanceUITests-Runner.app/PlugIns/MomentumFinanceUITests.xctest/PlugIns --scan-folder /Users/danielstevens/Library/Developer/Xcode/DerivedData/MomentumFinance-eyokbxaaqtnuhkdigvcnogoazegu/Build/Products/Debug-iphonesimulator/MomentumFinanceUITests-Runner.app/PlugIns/MomentumFinanceUITests.xctest/SystemExtensions --scan-folder /Users/danielstevens/Library/Developer/Xcode/DerivedData/MomentumFinance-eyokbxaaqtnuhkdigvcnogoazegu/Build/Products/Debug-iphonesimulator/MomentumFinanceUITests-Runner.app/PlugIns/MomentumFinanceUITests.xctest/Extensions --scan-folder /Applications/Xcode-beta.app/Contents/Developer/Platforms/iPhoneOS.platform/Developer/SDKs/iPhoneOS18.0.sdk/System/Library/Frameworks/Foundation.framework --platform iphonesimulator --toolchain /Applications/Xcode-beta.app/Contents/Developer/Toolchains/XcodeDefault.xctoolchain --destination /Users/danielstevens/Library/Developer/Xcode/DerivedData/MomentumFinance-eyokbxaaqtnuhkdigvcnogoazegu/Build/Products/Debug-iphonesimulator/MomentumFinanceUITests-Runner.app/PlugIns/MomentumFinanceUITests.xctest/Frameworks --strip-bitcode --scan-executable /Applications/Xcode-beta.app/Contents/Developer/Platforms/iPhoneSimulator.platform/Developer/usr/lib/libXCTestSwiftSupport.dylib --strip-bitcode-tool /Applications/Xcode-beta.app/Contents/Developer/Toolchains/XcodeDefault.xctoolchain/usr/bin/bitcode_strip --emit-dependency-info /Users/danielstevens/Library/Developer/Xcode/DerivedData/MomentumFinance-eyokbxaaqtnuhkdigvcnogoazegu/Build/Intermediates.noindex/MomentumFinance.build/Debug-iphonesimulator/MomentumFinanceUITests.build/SwiftStdLibToolInputDependencies.dep --filter-for-swift-os

CodeSign /Users/danielstevens/Library/Developer/Xcode/DerivedData/MomentumFinance-eyokbxaaqtnuhkdigvcnogoazegu/Build/Products/Debug-iphonesimulator/MomentumFinanceUITests-Runner.app/PlugIns/MomentumFinanceUITests.xctest (in target 'MomentumFinanceUITests' from project 'MomentumFinance')
    cd /Users/danielstevens/Desktop/github-projects/tools-automation/MomentumFinance

    Signing Identity:     "Sign to Run Locally"

    /usr/bin/codesign --force --sign - --timestamp\=none --generate-entitlement-der /Users/danielstevens/Library/Developer/Xcode/DerivedData/MomentumFinance-eyokbxaaqtnuhkdigvcnogoazegu/Build/Products/Debug-iphonesimulator/MomentumFinanceUITests-Runner.app/PlugIns/MomentumFinanceUITests.xctest

CodeSign /Users/danielstevens/Library/Developer/Xcode/DerivedData/MomentumFinance-eyokbxaaqtnuhkdigvcnogoazegu/Build/Products/Debug-iphonesimulator/MomentumFinanceUITests-Runner.app (in target 'MomentumFinanceUITests' from project 'MomentumFinance')
    cd /Users/danielstevens/Desktop/github-projects/tools-automation/MomentumFinance

    Signing Identity:     "Sign to Run Locally"

    /usr/bin/codesign --force --sign - --timestamp\=none --generate-entitlement-der /Users/danielstevens/Library/Developer/Xcode/DerivedData/MomentumFinance-eyokbxaaqtnuhkdigvcnogoazegu/Build/Products/Debug-iphonesimulator/MomentumFinanceUITests-Runner.app
/Users/danielstevens/Library/Developer/Xcode/DerivedData/MomentumFinance-eyokbxaaqtnuhkdigvcnogoazegu/Build/Products/Debug-iphonesimulator/MomentumFinanceUITests-Runner.app: replacing existing signature

2025-12-07 16:12:06.772513-0600 MomentumFinanceUITests-Runner[55764:12569116] [Default] Running tests...
Test Suite 'Selected tests' started at 2025-12-07 16:12:11.460.
Test Suite 'MomentumFinanceUITests.xctest' started at 2025-12-07 16:12:11.461.
Test Suite 'FunctionalTests' started at 2025-12-07 16:12:11.461.
Test Case '-[MomentumFinanceUITests.FunctionalTests testTransactionCreation]' started.
    t =     0.00s Start Test at 2025-12-07 16:12:11.462
    t =     1.51s Set Up
    t =     1.52s     Open com.momentumfinance.MomentumFinance
    t =     1.52s         Launch com.momentumfinance.MomentumFinance
    t =     6.87s             Setting up automation session
    t =     7.97s             Wait for com.momentumfinance.MomentumFinance to idle
    t =     9.91s     Waiting 10.0s for Window (First Match) to exist
    t =    10.94s         Checking `Expect predicate `existsNoRetry == 1` for object Window (First Match)`
    t =    10.94s             Checking existence of `Window (First Match)`
    t =    10.97s Waiting 10.0s for "Transactions" Button to exist
    t =    12.02s     Checking `Expect predicate `existsNoRetry == 1` for object "Transactions" Button`
    t =    12.02s         Checking existence of `"Transactions" Button`
    t =    12.17s Tap "Transactions" Button
    t =    12.17s     Wait for com.momentumfinance.MomentumFinance to idle
    t =    12.17s     Find the "Transactions" Button
    t =    12.21s     Check for interrupting elements affecting "Transactions" Button
    t =    12.26s     Synthesize event
    t =    12.67s     Wait for com.momentumfinance.MomentumFinance to idle
    t =    14.16s Waiting 5.0s for "AddTransactionButton" Button to exist
    t =    15.20s     Checking `Expect predicate `existsNoRetry == 1` for object "AddTransactionButton" Button`
    t =    15.20s         Checking existence of `"AddTransactionButton" Button`
    t =    15.32s         Capturing element debug description
    t =    16.19s     Checking `Expect predicate `existsNoRetry == 1` for object "AddTransactionButton" Button`
    t =    16.19s         Checking existence of `"AddTransactionButton" Button`
    t =    16.23s Tap "AddTransactionButton" Button
    t =    16.23s     Wait for com.momentumfinance.MomentumFinance to idle
    t =    16.23s     Find the "AddTransactionButton" Button
    t =    16.27s     Check for interrupting elements affecting "AddTransactionButton" Button
    t =    16.31s     Synthesize event
    t =    16.61s     Wait for com.momentumfinance.MomentumFinance to idle
    t =    17.66s Waiting 10.0s for "TransactionTitleField" TextField to exist
    t =    18.70s     Checking `Expect predicate `existsNoRetry == 1` for object "TransactionTitleField" TextField`
    t =    18.70s         Checking existence of `"TransactionTitleField" TextField`
    t =    18.80s         Capturing element debug description
    t =    19.72s     Checking `Expect predicate `existsNoRetry == 1` for object "TransactionTitleField" TextField`
    t =    19.73s         Checking existence of `"TransactionTitleField" TextField`
    t =    19.80s         Capturing element debug description
    t =    20.72s     Checking `Expect predicate `existsNoRetry == 1` for object "TransactionTitleField" TextField`
    t =    20.72s         Checking existence of `"TransactionTitleField" TextField`
    t =    20.80s         Capturing element debug description
    t =    21.72s     Checking `Expect predicate `existsNoRetry == 1` for object "TransactionTitleField" TextField`
    t =    21.72s         Checking existence of `"TransactionTitleField" TextField`
    t =    21.79s         Capturing element debug description
    t =    22.72s     Checking `Expect predicate `existsNoRetry == 1` for object "TransactionTitleField" TextField`
    t =    22.72s         Checking existence of `"TransactionTitleField" TextField`
    t =    22.79s         Capturing element debug description
    t =    23.71s     Checking `Expect predicate `existsNoRetry == 1` for object "TransactionTitleField" TextField`
    t =    23.71s         Checking existence of `"TransactionTitleField" TextField`
    t =    23.78s         Capturing element debug description
    t =    24.72s     Checking `Expect predicate `existsNoRetry == 1` for object "TransactionTitleField" TextField`
    t =    24.72s         Checking existence of `"TransactionTitleField" TextField`
    t =    24.79s         Capturing element debug description
    t =    25.72s     Checking `Expect predicate `existsNoRetry == 1` for object "TransactionTitleField" TextField`
    t =    25.72s         Checking existence of `"TransactionTitleField" TextField`
    t =    25.81s         Capturing element debug description
    t =    26.74s     Checking `Expect predicate `existsNoRetry == 1` for object "TransactionTitleField" TextField`
    t =    26.74s         Checking existence of `"TransactionTitleField" TextField`
    t =    26.81s         Capturing element debug description
    t =    27.66s     Checking `Expect predicate `existsNoRetry == 1` for object "TransactionTitleField" TextField`
    t =    27.66s         Checking existence of `"TransactionTitleField" TextField`
    t =    27.73s         Capturing element debug description
    t =    27.73s     Checking existence of `"TransactionTitleField" TextField`
    t =    27.81s Collecting debug information to assist test failure triage
    t =    27.81s     Requesting snapshot of accessibility hierarchy for app with pid 56013
    t =    27.96s Requesting snapshot of accessibility hierarchy for app with pid 56013
    t =    28.44s Requesting snapshot of accessibility hierarchy for app with pid 56013
Optional(Attributes: Application, 0x106604700, pid: 56013, label: 'Momentum Finance'
Element subtree:
 →Application, 0x106604700, pid: 56013, label: 'Momentum Finance'
    Window (Main), 0x106328750, {{0.0, 0.0}, {402.0, 874.0}}
      Other, 0x10662ba30, {{0.0, 0.0}, {402.0, 874.0}}
        Other, 0x10662ab80, {{0.0, 0.0}, {402.0, 874.0}}
          Other, 0x10662b8e0, {{-402.0, -874.0}, {1206.0, 2622.0}}
          Other, 0x1066285c0, {{0.0, 0.0}, {402.0, 874.0}}
            Other, 0x10662aca0, {{0.0, 0.0}, {402.0, 874.0}}
              Other, 0x10662adc0, {{0.0, 0.0}, {402.0, 874.0}}
                Other, 0x10662b380, {{0.0, 0.0}, {402.0, 874.0}}
                  Other, 0x10662b4a0, {{0.0, 0.0}, {402.0, 874.0}}
                    Other, 0x10662b5c0, {{0.0, 0.0}, {402.0, 874.0}}
                      Other, 0x10662bca0, {{0.0, 0.0}, {402.0, 874.0}}
                        Other, 0x10662bdc0, {{0.0, 0.0}, {402.0, 874.0}}
                          Other, 0x10662bee0, {{0.0, 0.0}, {402.0, 874.0}}
                            Other, 0x10662c000, {{0.0, 0.0}, {402.0, 874.0}}
                              Other, 0x10662c120, {{0.0, 0.0}, {402.0, 874.0}}
                                Other, 0x10662c240, {{0.0, 0.0}, {402.0, 874.0}}
                                  Other, 0x10662c360, {{0.0, 0.0}, {402.0, 874.0}}
                                    Other, 0x10662c480, {{0.0, 0.0}, {402.0, 874.0}}
                                      Other, 0x10662c5a0, {{0.0, 0.0}, {402.0, 874.0}}
                                        Other, 0x10662c6c0, {{0.0, 0.0}, {402.0, 874.0}}
                                          Other, 0x10662c7e0, {{0.0, 0.0}, {402.0, 874.0}}
                                            NavigationBar, 0x10662c900, {{0.0, 62.0}, {402.0, 106.0}}, identifier: 'Transactions'
                                              Other, 0x10662ca20, {{313.0, 66.0}, {69.0, 36.0}}, identifier: 'magnifyingglass', label: 'Search'
                                                Other, 0x10662cb40, {{313.0, 66.0}, {69.0, 36.0}}
                                                  Button, 0x10662cc60, {{313.0, 66.0}, {29.7, 36.0}}, identifier: 'magnifyingglass', label: 'Search'
                                                  Button, 0x10662cd80, {{354.7, 66.0}, {27.3, 36.0}}, identifier: 'AddTransactionButton', label: 'Add'
                                              StaticText, 0x10662cea0, {{16.0, 119.7}, {204.7, 40.7}}, label: 'Transactions'
                                            Other, 0x10662cfc0, {{0.0, 0.0}, {402.0, 874.0}}
                                              Other, 0x10662d0e0, {{0.0, 0.0}, {402.0, 874.0}}
                                                Other, 0x10662d200, {{0.0, 0.0}, {402.0, 874.0}}
                                                  Other, 0x10662d320, {{0.0, 0.0}, {402.0, 874.0}}
                                                    Image, 0x10662d440, {{71.7, 185.3}, {20.0, 20.0}}, identifier: 'arrow.down.circle.fill', label: 'Arrow Down Circle'
                                                    StaticText, 0x10662d560, {{61.0, 210.7}, {41.3, 14.3}}, label: 'Income'
                                                    StaticText, 0x10662d680, {{60.5, 229.0}, {42.3, 18.0}}, label: '$0.00'
                                                    Image, 0x10662d7a0, {{191.0, 185.3}, {20.0, 20.0}}, identifier: 'arrow.up.circle.fill', label: 'Arrow Up Circle'
                                                    StaticText, 0x10662daf0, {{173.8, 210.7}, {54.3, 14.3}}, label: 'Expenses'
                                                    StaticText, 0x10662dc10, {{179.8, 229.0}, {42.3, 18.0}}, label: '$0.00'
                                                    Image, 0x10662dd30, {{310.3, 185.3}, {20.0, 20.0}}, identifier: 'equal.circle.fill', label: 'equal.circle.fill'
                                                    StaticText, 0x10662de50, {{310.2, 210.7}, {20.3, 14.3}}, label: 'Net'
                                                    StaticText, 0x10662df70, {{299.2, 229.0}, {42.3, 18.0}}, label: '$0.00'
                                                    Image, 0x10662e090, {{46.0, 297.7}, {16.3, 16.7}}, identifier: 'magnifyingglass', label: 'Search'
                                                    TextField, 0x10662e1b0, {{72.3, 295.0}, {285.7, 22.0}}, label: 'Text Field', placeholderValue: 'Search transactions'
                                                    ScrollView, 0x10662e2d0, {{32.0, 341.0}, {338.0, 30.0}}
                                                      Other, 0x10662e3f0, {{32.0, 341.0}, {325.3, 30.0}}
                                                        Button, 0x10662e510, {{36.0, 341.0}, {41.0, 30.0}}, label: 'All'
                                                        Button, 0x10662e630, {{85.0, 341.0}, {74.3, 30.0}}, label: 'Income'
                                                        Button, 0x10662e750, {{167.3, 341.0}, {90.0, 30.0}}, label: 'Expenses'
                                                        Button, 0x10662e870, {{265.3, 341.0}, {88.0, 30.0}}, label: 'Transfers'
                                                    Image, 0x10662e990, {{181.3, 481.0}, {46.3, 57.3}}, identifier: 'doc.text.magnifyingglass', label: 'Search Document'
                                                    StaticText, 0x10662eab0, {{109.0, 561.5}, {184.0, 26.3}}, label: 'No transactions yet'
                                                    StaticText, 0x10662ebd0, {{51.2, 607.8}, {299.7, 20.3}}, label: 'Add your first transaction to get started'
                                                    Button, 0x10662ecf0, {{110.0, 648.3}, {182.0, 52.3}}, label: 'Add Transaction'
                                                      Image, 0x10662ee10, {{128.0, 667.7}, {14.0, 14.0}}, identifier: 'plus', label: 'Add'
                                                      StaticText, 0x10662ef30, {{110.0, 648.3}, {182.0, 52.3}}, label: 'Add Transaction'
                                            Other, 0x10662f050, {{0.0, 0.0}, {402.0, 874.0}}
                                              Other, 0x10662f170, {{0.0, 0.0}, {402.0, 874.0}}
                                      Other, 0x10662f290, {{0.0, 0.0}, {402.0, 874.0}}
                                        Other, 0x10662f3b0, {{0.0, 0.0}, {402.0, 874.0}}
                            Other, 0x10662f4d0, {{0.0, 0.0}, {402.0, 874.0}}
                              Other, 0x10662f5f0, {{0.0, 0.0}, {402.0, 874.0}}
                Other, 0x10662f710, {{0.0, 791.0}, {402.0, 83.0}}
                  Other, 0x10662f830, {{0.0, 0.0}, {402.0, 874.0}}
                    TabBar, 0x10662f950, {{0.0, 791.0}, {402.0, 83.0}}, label: 'Tab Bar'
                      Other, 0x10662fa70, {{21.0, 791.0}, {360.0, 62.0}}
                        Other, 0x10662fb90, {{21.0, 791.0}, {88.6, 54.0}}
                        Other, 0x10662fcb0, {{21.0, 791.0}, {360.0, 62.0}}
                          Button, 0x10662fdd0, {{25.0, 795.0}, {78.6, 54.0}}, label: 'Dashboard'
                            Image, 0x10662fef0, {{48.0, 801.0}, {33.3, 28.0}}, identifier: 'house.fill', label: 'home'
                          Button, 0x106630010, {{83.6, 795.0}, {88.6, 54.0}}, label: 'Transactions', Selected
                            Image, 0x106630130, {{111.6, 803.0}, {32.7, 23.7}}, identifier: 'creditcard.fill', label: 'card'
                          Button, 0x106630250, {{152.2, 795.0}, {66.9, 54.0}}, label: 'Budgets'
                            Image, 0x106630370, {{172.2, 801.3}, {27.3, 27.3}}, identifier: 'chart.pie.fill', label: 'chart pie'
                          Button, 0x1066304e0, {{199.1, 795.0}, {93.3, 54.0}}, label: 'Subscriptions'
                            Image, 0x106630600, {{231.1, 802.3}, {32.3, 28.7}}, identifier: 'calendar.badge.clock', label: 'date and time'
                          Button, 0x106630720, {{272.4, 795.0}, {104.6, 54.0}}, label: 'Goals & Reports'
                            Image, 0x106630840, {{307.4, 802.3}, {35.0, 25.3}}, identifier: 'chart.bar.fill', label: 'chart column'
                        Other, 0x106630960, {{83.6, 795.0}, {88.6, 54.0}}
                          Other, 0x106630a80, {{83.6, 795.0}, {88.3, 54.0}}
                            Other, 0x106630ba0, {{83.6, 795.0}, {88.3, 54.0}}
                            Other, 0x106630cc0, {{83.6, 795.0}, {88.3, 54.0}}
                              Other, 0x106630de0, {{83.6, 795.0}, {88.3, 54.0}}
                                Other, 0x106630f00, {{83.6, 795.0}, {88.3, 54.0}}
                                  Other, 0x106631020, {{83.6, 795.0}, {88.3, 54.0}}
                                Other, 0x1091239e0, {{83.6, 795.0}, {88.3, 54.0}}
                              Other, 0x109122b90, {{83.6, 795.0}, {88.3, 54.0}}
                  Other, 0x109122cb0, {{0.0, 791.0}, {402.0, 83.0}}
                    Other, 0x109122dd0, {{0.0, 791.0}, {402.0, 83.0}}
                      Other, 0x109152f70, {{0.0, 791.0}, {402.0, 83.0}}
                        Other, 0x109153090, {{0.0, 791.0}, {402.0, 83.0}}
                          Other, 0x1091531b0, {{0.0, 791.0}, {402.0, 83.0}}
                            Other, 0x1091532d0, {{0.0, 791.0}, {402.0, 83.0}}
      Other, 0x1091536f0, {{0.0, 0.0}, {402.0, 874.0}}
        Other, 0x109153810, {{-402.0, -874.0}, {1206.0, 2622.0}}
        Other, 0x109153930, {{0.0, 62.0}, {402.0, 812.0}}
          Other, 0x109153a50, {{0.0, 62.0}, {402.0, 812.0}}
            Other, 0x109153b70, {{0.0, 62.0}, {402.0, 812.0}}
              Other, 0x109153c90, {{0.0, 62.0}, {402.0, 812.0}}
                Other, 0x109153db0, {{0.0, 62.0}, {402.0, 812.0}}
                  Other, 0x109153ed0, {{0.0, 62.0}, {402.0, 812.0}}
                    NavigationBar, 0x109153ff0, {{0.0, 78.0}, {402.0, 106.0}}, identifier: 'Add Transaction'
                      Other, 0x109154110, {{20.0, 82.0}, {76.7, 36.0}}, label: 'Cancel'
                        Other, 0x109154230, {{20.0, 82.0}, {76.7, 36.0}}
                          Button, 0x109154350, {{20.0, 82.0}, {76.7, 36.0}}, label: 'Cancel'
                      Other, 0x109154470, {{319.7, 82.0}, {62.3, 36.0}}, label: 'Save Transaction'
                        Other, 0x109154590, {{319.7, 82.0}, {62.3, 36.0}}
                          Button, 0x1091546b0, {{319.7, 82.0}, {62.3, 36.0}}, label: 'Save Transaction', Disabled
                      StaticText, 0x1091547d0, {{16.0, 135.7}, {258.3, 40.7}}, label: 'Add Transaction'
                    Other, 0x1091548f0, {{0.0, 62.0}, {402.0, 812.0}}
                      Other, 0x109154a10, {{0.0, 62.0}, {402.0, 812.0}}
                        Other, 0x109154b30, {{0.0, 62.0}, {402.0, 812.0}}
                          Other, 0x109154c50, {{0.0, 62.0}, {402.0, 812.0}}
                            CollectionView, 0x109154d70, {{0.0, 62.0}, {402.0, 812.0}}
                              Other, 0x109154e90, {{-16.0, -1440.0}, {434.0, 1838.0}}
                              Other, 0x109154fb0, {{0.0, 62.0}, {402.0, 812.0}}
                              Other, 0x1091550d0, {{0.0, 62.0}, {402.0, 812.0}}
                              Cell, 0x1091551f0, {{16.0, 184.0}, {370.0, 40.3}}
                                Other, 0x109155310, {{16.0, 184.0}, {370.0, 40.3}}
                                Other, 0x109155430, {{16.0, 184.0}, {370.0, 40.3}}
                                  Other, 0x109155550, {{16.0, 184.0}, {370.0, 40.3}}
                                    Other, 0x109155670, {{16.0, 184.0}, {370.0, 40.3}}
                                      StaticText, 0x109155790, {{16.0, 184.0}, {370.0, 40.3}}, label: 'Transaction Details'
                              Cell, 0x1091558b0, {{16.0, 224.3}, {370.0, 52.0}}
                                Other, 0x1091559d0, {{16.0, 224.3}, {370.0, 52.0}}
                                  Other, 0x109155af0, {{16.0, 224.3}, {370.0, 52.0}}
                                Other, 0x109155c10, {{16.0, 224.3}, {370.0, 52.0}}
                                  Other, 0x109155d30, {{16.0, 224.3}, {370.0, 52.0}}
                                    Other, 0x109155e50, {{16.0, 224.3}, {370.0, 52.0}}
                                      TextField, 0x109155f70, {{32.0, 239.3}, {338.0, 22.0}}, label: 'Text Field', placeholderValue: 'Title'
                              Cell, 0x109156090, {{16.0, 276.3}, {370.0, 52.0}}
                                Other, 0x1091561b0, {{16.0, 276.3}, {370.0, 52.0}}
                                  Other, 0x1091562d0, {{16.0, 276.3}, {370.0, 52.0}}
                                Other, 0x1091563f0, {{16.0, 276.3}, {370.0, 52.0}}
                                  Other, 0x109156510, {{16.0, 276.3}, {370.0, 52.0}}
                                    Other, 0x109156630, {{16.0, 276.3}, {370.0, 52.0}}
                                      TextField, 0x109156750, {{32.0, 291.3}, {338.0, 22.0}}, label: 'Text Field', placeholderValue: 'Amount'
                              Other, 0x109156870, {{32.0, 275.3}, {338.0, 1.0}}
                              Cell, 0x109156990, {{16.0, 328.3}, {370.0, 52.0}}
                                Other, 0x109156ab0, {{16.0, 328.3}, {370.0, 52.0}}
                                  Other, 0x109156bd0, {{16.0, 328.3}, {370.0, 52.0}}
                                Other, 0x109156cf0, {{16.0, 328.3}, {370.0, 52.0}}
                                  Other, 0x109156e10, {{16.0, 328.3}, {370.0, 52.0}}
                                    Other, 0x109156f30, {{16.0, 328.3}, {370.0, 52.0}}
                                      StaticText, 0x109157050, {{32.0, 344.2}, {37.3, 20.3}}, label: 'Type'
                                      Button, 0x109157170, {{32.0, 337.3}, {338.0, 34.3}}, label: 'Type, Expense'
                                        StaticText, 0x109157290, {{289.0, 344.3}, {64.7, 20.3}}, label: 'Expense'
                              Other, 0x1091573b0, {{32.0, 327.3}, {338.0, 1.0}}
                              Other, 0x1091574d0, {{-16.0, 398.0}, {434.0, 162.0}}
                              Cell, 0x1091575f0, {{16.0, 398.0}, {370.0, 40.3}}
                                Other, 0x109157710, {{16.0, 398.0}, {370.0, 40.3}}
                                Other, 0x109157830, {{16.0, 398.0}, {370.0, 40.3}}
                                  Other, 0x109157950, {{16.0, 398.0}, {370.0, 40.3}}
                                    Other, 0x109157a70, {{16.0, 398.0}, {370.0, 40.3}}
                                      StaticText, 0x109157b90, {{16.0, 398.0}, {370.0, 40.3}}, label: 'Category & Account'
                              Cell, 0x109157cb0, {{16.0, 438.3}, {370.0, 52.0}}
                                Other, 0x109157dd0, {{16.0, 438.3}, {370.0, 52.0}}
                                  Other, 0x109157ef0, {{16.0, 438.3}, {370.0, 52.0}}
                                Other, 0x109158010, {{16.0, 438.3}, {370.0, 52.0}}
                                  Other, 0x109158130, {{16.0, 438.3}, {370.0, 52.0}}
                                    Other, 0x109158250, {{16.0, 438.3}, {370.0, 52.0}}
                                      StaticText, 0x109158370, {{32.0, 454.2}, {70.3, 20.3}}, label: 'Category'
                                      Button, 0x109158490, {{32.0, 447.3}, {338.0, 34.3}}, label: 'Category, None'
                                        StaticText, 0x1091585b0, {{313.0, 454.3}, {40.7, 20.3}}, label: 'None'
                              Cell, 0x1091586d0, {{16.0, 490.3}, {370.0, 52.0}}
                                Other, 0x1091587f0, {{16.0, 490.3}, {370.0, 52.0}}
                                  Other, 0x109158910, {{16.0, 490.3}, {370.0, 52.0}}
                                Other, 0x109158a30, {{16.0, 490.3}, {370.0, 52.0}}
                                  Other, 0x109158b50, {{16.0, 490.3}, {370.0, 52.0}}
                                    Other, 0x109158c70, {{16.0, 490.3}, {370.0, 52.0}}
                                      StaticText, 0x109158d90, {{32.0, 506.2}, {63.3, 20.3}}, label: 'Account'
                                      Button, 0x109158eb0, {{32.0, 499.3}, {338.0, 34.3}}, label: 'Account, None'
                                        StaticText, 0x109158fd0, {{313.0, 506.3}, {40.7, 20.3}}, label: 'None'
                              Other, 0x1091590f0, {{32.0, 489.3}, {338.0, 1.0}}
                              Other, 0x109159210, {{-16.0, 559.7}, {434.0, 1749.0}}
                              Cell, 0x109159330, {{16.0, 559.7}, {370.0, 40.3}}
                                Other, 0x109159450, {{16.0, 559.7}, {370.0, 40.3}}
                                Other, 0x109159570, {{16.0, 559.7}, {370.0, 40.3}}
                                  Other, 0x109159690, {{16.0, 559.7}, {370.0, 40.3}}
                                    Other, 0x1091597b0, {{16.0, 559.7}, {370.0, 40.3}}
                                      StaticText, 0x1091598d0, {{16.0, 559.7}, {370.0, 40.3}}, label: 'Date'
                              Cell, 0x1091599f0, {{16.0, 600.0}, {370.0, 64.7}}
                                Other, 0x109159b10, {{16.0, 600.0}, {370.0, 64.7}}
                                  Other, 0x109159c30, {{16.0, 600.0}, {370.0, 64.7}}
                                Other, 0x109159d50, {{16.0, 600.0}, {370.0, 64.7}}
                                  Other, 0x109159e70, {{16.0, 600.0}, {370.0, 64.7}}
                                    Other, 0x109159f90, {{16.0, 600.0}, {370.0, 64.7}}
                                      StaticText, 0x10915a0b0, {{32.0, 622.2}, {129.0, 20.3}}, label: 'Transaction Date'
                                      DatePicker, 0x10915a1d0, {{254.7, 615.0}, {115.3, 34.3}}
                                        Button, 0x10915a2f0, {{254.7, 615.0}, {115.3, 34.3}}, label: 'Date Picker', value: Dec 7, 2025
                              Other, 0x10915a410, {{369.0, 184.0}, {30.0, 628.0}}, label: 'Vertical scroll bar, 1 page', value: 0%
                                Other, 0x10915a530, {{396.0, 816.0}, {3.0, 7.0}}
                              Other, 0x10915a650, {{369.0, 184.0}, {30.0, 628.0}}, label: 'Vertical scroll bar, 1 page', value: 0%
                                Other, 0x10915a770, {{396.0, 816.0}, {3.0, 7.0}}
                    Other, 0x10915a890, {{0.0, 62.0}, {402.0, 812.0}}
                      Other, 0x10915a9b0, {{0.0, 62.0}, {402.0, 812.0}}
Path to element:
 →Application, 0x106604700, pid: 56013, label: 'Momentum Finance'
Query chain:
 →Find: Target Application 'com.momentumfinance.MomentumFinance'
  Output: {
    Application, 0x10670f700, pid: 56013, label: 'Momentum Finance'
  }
)
/Users/danielstevens/Desktop/github-projects/tools-automation/MomentumFinance/MomentumFinanceUITests/FunctionalTests.swift:33: error: -[MomentumFinanceUITests.FunctionalTests testTransactionCreation] : failed - Title field not found
    t =    29.07s Tear Down
Test Case '-[MomentumFinanceUITests.FunctionalTests testTransactionCreation]' failed (29.338 seconds).
Test Suite 'FunctionalTests' failed at 2025-12-07 16:12:40.800.
	 Executed 1 test, with 1 failure (0 unexpected) in 29.338 (29.339) seconds
Test Suite 'MomentumFinanceUITests.xctest' failed at 2025-12-07 16:12:40.801.
	 Executed 1 test, with 1 failure (0 unexpected) in 29.338 (29.340) seconds
Test Suite 'Selected tests' failed at 2025-12-07 16:12:40.801.
	 Executed 1 test, with 1 failure (0 unexpected) in 29.338 (29.341) seconds
2025-12-07 16:13:07.546 xcodebuild[54985:12564213] [MT] IDETestOperationsObserverDebug: 102.630 elapsed -- Testing started completed.
2025-12-07 16:13:07.546 xcodebuild[54985:12564213] [MT] IDETestOperationsObserverDebug: 0.000 sec, +0.000 sec -- start
2025-12-07 16:13:07.546 xcodebuild[54985:12564213] [MT] IDETestOperationsObserverDebug: 102.630 sec, +102.630 sec -- end

Test session results, code coverage, and logs:
	/Users/danielstevens/Library/Developer/Xcode/DerivedData/MomentumFinance-eyokbxaaqtnuhkdigvcnogoazegu/Logs/Test/Test-MomentumFinance-2025.12.07_16-11-20--0600.xcresult

** TEST FAILED **

Testing started
