Command line invocation:
    /Applications/Xcode-beta.app/Contents/Developer/usr/bin/xcodebuild -project MomentumFinance.xcodeproj -scheme MomentumFinance -destination platform=macOS test

--- xcodebuild: WARNING: Using the first of multiple matching destinations:
{ platform:macOS, arch:arm64, id:00006000-001649660AE2801E, name:My Mac }
{ platform:macOS, arch:x86_64, id:00006000-001649660AE2801E, name:My Mac }
ComputePackagePrebuildTargetDependencyGraph

Prepare packages

CreateBuildRequest

SendProjectDescription

CreateBuildOperation

ComputeTargetDependencyGraph
note: Building targets in dependency order
note: Target dependency graph (3 targets)
    Target 'MomentumFinanceTests' in project 'MomentumFinance'
        ➜ Explicit dependency on target 'MomentumFinance' in project 'MomentumFinance'
        ➜ Explicit dependency on target 'MomentumFinanceCore' in project 'MomentumFinance'
    Target 'MomentumFinance' in project 'MomentumFinance'
        ➜ Explicit dependency on target 'MomentumFinanceCore' in project 'MomentumFinance'
    Target 'MomentumFinanceCore' in project 'MomentumFinance' (no dependencies)

GatherProvisioningInputs

CreateBuildDescription

ExecuteExternalTool /Applications/Xcode-beta.app/Contents/Developer/Toolchains/XcodeDefault.xctoolchain/usr/bin/clang -v -E -dM -isysroot /Applications/Xcode-beta.app/Contents/Developer/Platforms/MacOSX.platform/Developer/SDKs/MacOSX26.2.sdk -x c -c /dev/null

ExecuteExternalTool /Applications/Xcode-beta.app/Contents/Developer/Toolchains/XcodeDefault.xctoolchain/usr/bin/swiftc --version

ExecuteExternalTool /Applications/Xcode-beta.app/Contents/Developer/usr/bin/actool --version --output-format xml1

ExecuteExternalTool /Applications/Xcode-beta.app/Contents/Developer/Toolchains/XcodeDefault.xctoolchain/usr/bin/ld -version_details

ExecuteExternalTool /Applications/Xcode-beta.app/Contents/Developer/Toolchains/XcodeDefault.xctoolchain/usr/bin/libtool -V

Build description signature: 58e0606bfd2e35b47c25cefb41eff7df
Build description path: /Users/danielstevens/Library/Developer/Xcode/DerivedData/MomentumFinance-eyokbxaaqtnuhkdigvcnogoazegu/Build/Intermediates.noindex/XCBuildData/58e0606bfd2e35b47c25cefb41eff7df.xcbuilddata
ClangStatCache /Applications/Xcode-beta.app/Contents/Developer/Toolchains/XcodeDefault.xctoolchain/usr/bin/clang-stat-cache /Applications/Xcode-beta.app/Contents/Developer/Platforms/MacOSX.platform/Developer/SDKs/MacOSX26.2.sdk /Users/danielstevens/Library/Developer/Xcode/DerivedData/SDKStatCaches.noindex/macosx26.2-25C5031g-28ca432d5676da3146507086b13d17f8.sdkstatcache
    cd /Users/danielstevens/Desktop/github-projects/tools-automation/MomentumFinance/MomentumFinance.xcodeproj
    /Applications/Xcode-beta.app/Contents/Developer/Toolchains/XcodeDefault.xctoolchain/usr/bin/clang-stat-cache /Applications/Xcode-beta.app/Contents/Developer/Platforms/MacOSX.platform/Developer/SDKs/MacOSX26.2.sdk -o /Users/danielstevens/Library/Developer/Xcode/DerivedData/SDKStatCaches.noindex/macosx26.2-25C5031g-28ca432d5676da3146507086b13d17f8.sdkstatcache

ProcessInfoPlistFile /Users/danielstevens/Library/Developer/Xcode/DerivedData/MomentumFinance-eyokbxaaqtnuhkdigvcnogoazegu/Build/Products/Debug/MomentumFinanceCore.framework/Versions/A/Resources/Info.plist /Users/danielstevens/Library/Developer/Xcode/DerivedData/MomentumFinance-eyokbxaaqtnuhkdigvcnogoazegu/Build/Intermediates.noindex/MomentumFinance.build/Debug/MomentumFinanceCore.build/empty-MomentumFinanceCore.plist (in target 'MomentumFinanceCore' from project 'MomentumFinance')
    cd /Users/danielstevens/Desktop/github-projects/tools-automation/MomentumFinance
    builtin-infoPlistUtility /Users/danielstevens/Library/Developer/Xcode/DerivedData/MomentumFinance-eyokbxaaqtnuhkdigvcnogoazegu/Build/Intermediates.noindex/MomentumFinance.build/Debug/MomentumFinanceCore.build/empty-MomentumFinanceCore.plist -producttype com.apple.product-type.framework -expandbuildsettings -platform macosx -o /Users/danielstevens/Library/Developer/Xcode/DerivedData/MomentumFinance-eyokbxaaqtnuhkdigvcnogoazegu/Build/Products/Debug/MomentumFinanceCore.framework/Versions/A/Resources/Info.plist

ProcessProductPackaging "" /Users/danielstevens/Library/Developer/Xcode/DerivedData/MomentumFinance-eyokbxaaqtnuhkdigvcnogoazegu/Build/Intermediates.noindex/MomentumFinance.build/Debug/MomentumFinance.build/MomentumFinance.app.xcent (in target 'MomentumFinance' from project 'MomentumFinance')
    cd /Users/danielstevens/Desktop/github-projects/tools-automation/MomentumFinance
    
    Entitlements:
    
    {
    "com.apple.security.get-task-allow" = 1;
}
    
    builtin-productPackagingUtility -entitlements -format xml -o /Users/danielstevens/Library/Developer/Xcode/DerivedData/MomentumFinance-eyokbxaaqtnuhkdigvcnogoazegu/Build/Intermediates.noindex/MomentumFinance.build/Debug/MomentumFinance.build/MomentumFinance.app.xcent

ProcessProductPackagingDER /Users/danielstevens/Library/Developer/Xcode/DerivedData/MomentumFinance-eyokbxaaqtnuhkdigvcnogoazegu/Build/Intermediates.noindex/MomentumFinance.build/Debug/MomentumFinance.build/MomentumFinance.app.xcent /Users/danielstevens/Library/Developer/Xcode/DerivedData/MomentumFinance-eyokbxaaqtnuhkdigvcnogoazegu/Build/Intermediates.noindex/MomentumFinance.build/Debug/MomentumFinance.build/MomentumFinance.app.xcent.der (in target 'MomentumFinance' from project 'MomentumFinance')
    cd /Users/danielstevens/Desktop/github-projects/tools-automation/MomentumFinance
    /usr/bin/derq query -f xml -i /Users/danielstevens/Library/Developer/Xcode/DerivedData/MomentumFinance-eyokbxaaqtnuhkdigvcnogoazegu/Build/Intermediates.noindex/MomentumFinance.build/Debug/MomentumFinance.build/MomentumFinance.app.xcent -o /Users/danielstevens/Library/Developer/Xcode/DerivedData/MomentumFinance-eyokbxaaqtnuhkdigvcnogoazegu/Build/Intermediates.noindex/MomentumFinance.build/Debug/MomentumFinance.build/MomentumFinance.app.xcent.der --raw

SwiftDriver MomentumFinanceTests normal arm64 com.apple.xcode.tools.swift.compiler (in target 'MomentumFinanceTests' from project 'MomentumFinance')
    cd /Users/danielstevens/Desktop/github-projects/tools-automation/MomentumFinance
    builtin-SwiftDriver -- /Applications/Xcode-beta.app/Contents/Developer/Toolchains/XcodeDefault.xctoolchain/usr/bin/swiftc -module-name MomentumFinanceTests -Onone -enforce-exclusivity\=checked @/Users/danielstevens/Library/Developer/Xcode/DerivedData/MomentumFinance-eyokbxaaqtnuhkdigvcnogoazegu/Build/Intermediates.noindex/MomentumFinance.build/Debug/MomentumFinanceTests.build/Objects-normal/arm64/MomentumFinanceTests.SwiftFileList -DDEBUG -plugin-path /Applications/Xcode-beta.app/Contents/Developer/Toolchains/XcodeDefault.xctoolchain/usr/lib/swift/host/plugins/testing -enable-experimental-feature DebugDescriptionMacro -sdk /Applications/Xcode-beta.app/Contents/Developer/Platforms/MacOSX.platform/Developer/SDKs/MacOSX26.2.sdk -target arm64-apple-macos26.2 -g -module-cache-path /Users/danielstevens/Library/Developer/Xcode/DerivedData/ModuleCache.noindex -Xfrontend -serialize-debugging-options -enable-testing -index-store-path /Users/danielstevens/Library/Developer/Xcode/DerivedData/MomentumFinance-eyokbxaaqtnuhkdigvcnogoazegu/Index.noindex/DataStore -Xcc -D_LIBCPP_HARDENING_MODE\=_LIBCPP_HARDENING_MODE_DEBUG -swift-version 6 -I /Users/danielstevens/Library/Developer/Xcode/DerivedData/MomentumFinance-eyokbxaaqtnuhkdigvcnogoazegu/Build/Products/Debug -Isystem /Applications/Xcode-beta.app/Contents/Developer/Platforms/MacOSX.platform/Developer/usr/lib -F /Users/danielstevens/Library/Developer/Xcode/DerivedData/MomentumFinance-eyokbxaaqtnuhkdigvcnogoazegu/Build/Products/Debug -F /Applications/Xcode-beta.app/Contents/Developer/Platforms/MacOSX.platform/Developer/Library/Frameworks -c -j10 -enable-batch-mode -incremental -Xcc -ivfsstatcache -Xcc /Users/danielstevens/Library/Developer/Xcode/DerivedData/SDKStatCaches.noindex/macosx26.2-25C5031g-28ca432d5676da3146507086b13d17f8.sdkstatcache -output-file-map /Users/danielstevens/Library/Developer/Xcode/DerivedData/MomentumFinance-eyokbxaaqtnuhkdigvcnogoazegu/Build/Intermediates.noindex/MomentumFinance.build/Debug/MomentumFinanceTests.build/Objects-normal/arm64/MomentumFinanceTests-OutputFileMap.json -use-frontend-parseable-output -save-temps -no-color-diagnostics -explicit-module-build -module-cache-path /Users/danielstevens/Library/Developer/Xcode/DerivedData/MomentumFinance-eyokbxaaqtnuhkdigvcnogoazegu/Build/Intermediates.noindex/SwiftExplicitPrecompiledModules -clang-scanner-module-cache-path /Users/danielstevens/Library/Developer/Xcode/DerivedData/ModuleCache.noindex -sdk-module-cache-path /Users/danielstevens/Library/Developer/Xcode/DerivedData/ModuleCache.noindex -serialize-diagnostics -emit-dependencies -emit-module -emit-module-path /Users/danielstevens/Library/Developer/Xcode/DerivedData/MomentumFinance-eyokbxaaqtnuhkdigvcnogoazegu/Build/Intermediates.noindex/MomentumFinance.build/Debug/MomentumFinanceTests.build/Objects-normal/arm64/MomentumFinanceTests.swiftmodule -validate-clang-modules-once -clang-build-session-file /Users/danielstevens/Library/Developer/Xcode/DerivedData/ModuleCache.noindex/Session.modulevalidation -Xcc -I/Users/danielstevens/Library/Developer/Xcode/DerivedData/MomentumFinance-eyokbxaaqtnuhkdigvcnogoazegu/Build/Intermediates.noindex/MomentumFinance.build/Debug/MomentumFinanceTests.build/swift-overrides.hmap -emit-const-values -Xfrontend -const-gather-protocols-file -Xfrontend /Users/danielstevens/Library/Developer/Xcode/DerivedData/MomentumFinance-eyokbxaaqtnuhkdigvcnogoazegu/Build/Intermediates.noindex/MomentumFinance.build/Debug/MomentumFinanceTests.build/Objects-normal/arm64/MomentumFinanceTests_const_extract_protocols.json -Xcc -iquote -Xcc /Users/danielstevens/Library/Developer/Xcode/DerivedData/MomentumFinance-eyokbxaaqtnuhkdigvcnogoazegu/Build/Intermediates.noindex/MomentumFinance.build/Debug/MomentumFinanceTests.build/MomentumFinanceTests-generated-files.hmap -Xcc -I/Users/danielstevens/Library/Developer/Xcode/DerivedData/MomentumFinance-eyokbxaaqtnuhkdigvcnogoazegu/Build/Intermediates.noindex/MomentumFinance.build/Debug/MomentumFinanceTests.build/MomentumFinanceTests-own-target-headers.hmap -Xcc -I/Users/danielstevens/Library/Developer/Xcode/DerivedData/MomentumFinance-eyokbxaaqtnuhkdigvcnogoazegu/Build/Intermediates.noindex/MomentumFinance.build/Debug/MomentumFinanceTests.build/MomentumFinanceTests-all-target-headers.hmap -Xcc -iquote -Xcc /Users/danielstevens/Library/Developer/Xcode/DerivedData/MomentumFinance-eyokbxaaqtnuhkdigvcnogoazegu/Build/Intermediates.noindex/MomentumFinance.build/Debug/MomentumFinanceTests.build/MomentumFinanceTests-project-headers.hmap -Xcc -I/Users/danielstevens/Library/Developer/Xcode/DerivedData/MomentumFinance-eyokbxaaqtnuhkdigvcnogoazegu/Build/Products/Debug/include -Xcc -I/Users/danielstevens/Library/Developer/Xcode/DerivedData/MomentumFinance-eyokbxaaqtnuhkdigvcnogoazegu/Build/Intermediates.noindex/MomentumFinance.build/Debug/MomentumFinanceTests.build/DerivedSources-normal/arm64 -Xcc -I/Users/danielstevens/Library/Developer/Xcode/DerivedData/MomentumFinance-eyokbxaaqtnuhkdigvcnogoazegu/Build/Intermediates.noindex/MomentumFinance.build/Debug/MomentumFinanceTests.build/DerivedSources/arm64 -Xcc -I/Users/danielstevens/Library/Developer/Xcode/DerivedData/MomentumFinance-eyokbxaaqtnuhkdigvcnogoazegu/Build/Intermediates.noindex/MomentumFinance.build/Debug/MomentumFinanceTests.build/DerivedSources -Xcc -DDEBUG\=1 -emit-objc-header -emit-objc-header-path /Users/danielstevens/Library/Developer/Xcode/DerivedData/MomentumFinance-eyokbxaaqtnuhkdigvcnogoazegu/Build/Intermediates.noindex/MomentumFinance.build/Debug/MomentumFinanceTests.build/Objects-normal/arm64/MomentumFinanceTests-Swift.h -working-directory /Users/danielstevens/Desktop/github-projects/tools-automation/MomentumFinance -experimental-emit-module-separately -disable-cmo

CopySwiftLibs /Users/danielstevens/Library/Developer/Xcode/DerivedData/MomentumFinance-eyokbxaaqtnuhkdigvcnogoazegu/Build/Products/Debug/MomentumFinance.app (in target 'MomentumFinance' from project 'MomentumFinance')
    cd /Users/danielstevens/Desktop/github-projects/tools-automation/MomentumFinance
    builtin-swiftStdLibTool --copy --verbose --sign C8FE4D15A7DE881CE3CCAEC52B7CC5E2DC30C6C1 --scan-executable /Users/danielstevens/Library/Developer/Xcode/DerivedData/MomentumFinance-eyokbxaaqtnuhkdigvcnogoazegu/Build/Products/Debug/MomentumFinance.app/Contents/MacOS/MomentumFinance.debug.dylib --scan-folder /Users/danielstevens/Library/Developer/Xcode/DerivedData/MomentumFinance-eyokbxaaqtnuhkdigvcnogoazegu/Build/Products/Debug/MomentumFinance.app/Contents/Frameworks --scan-folder /Users/danielstevens/Library/Developer/Xcode/DerivedData/MomentumFinance-eyokbxaaqtnuhkdigvcnogoazegu/Build/Products/Debug/MomentumFinance.app/Contents/PlugIns --scan-folder /Users/danielstevens/Library/Developer/Xcode/DerivedData/MomentumFinance-eyokbxaaqtnuhkdigvcnogoazegu/Build/Products/Debug/MomentumFinance.app/Contents/Library/SystemExtensions --scan-folder /Users/danielstevens/Library/Developer/Xcode/DerivedData/MomentumFinance-eyokbxaaqtnuhkdigvcnogoazegu/Build/Products/Debug/MomentumFinance.app/Contents/Extensions --scan-folder /Users/danielstevens/Library/Developer/Xcode/DerivedData/MomentumFinance-eyokbxaaqtnuhkdigvcnogoazegu/Build/Products/Debug/MomentumFinanceCore.framework --platform macosx --toolchain /Applications/Xcode-beta.app/Contents/Developer/Toolchains/XcodeDefault.xctoolchain --destination /Users/danielstevens/Library/Developer/Xcode/DerivedData/MomentumFinance-eyokbxaaqtnuhkdigvcnogoazegu/Build/Products/Debug/MomentumFinance.app/Contents/Frameworks --strip-bitcode --strip-bitcode-tool /Applications/Xcode-beta.app/Contents/Developer/Toolchains/XcodeDefault.xctoolchain/usr/bin/bitcode_strip --emit-dependency-info /Users/danielstevens/Library/Developer/Xcode/DerivedData/MomentumFinance-eyokbxaaqtnuhkdigvcnogoazegu/Build/Intermediates.noindex/MomentumFinance.build/Debug/MomentumFinance.build/SwiftStdLibToolInputDependencies.dep --filter-for-swift-os

ProcessInfoPlistFile /Users/danielstevens/Library/Developer/Xcode/DerivedData/MomentumFinance-eyokbxaaqtnuhkdigvcnogoazegu/Build/Products/Debug/MomentumFinance.app/Contents/Info.plist /Users/danielstevens/Library/Developer/Xcode/DerivedData/MomentumFinance-eyokbxaaqtnuhkdigvcnogoazegu/Build/Intermediates.noindex/MomentumFinance.build/Debug/MomentumFinance.build/empty-MomentumFinance.plist (in target 'MomentumFinance' from project 'MomentumFinance')
    cd /Users/danielstevens/Desktop/github-projects/tools-automation/MomentumFinance
    builtin-infoPlistUtility /Users/danielstevens/Library/Developer/Xcode/DerivedData/MomentumFinance-eyokbxaaqtnuhkdigvcnogoazegu/Build/Intermediates.noindex/MomentumFinance.build/Debug/MomentumFinance.build/empty-MomentumFinance.plist -producttype com.apple.product-type.application -genpkginfo /Users/danielstevens/Library/Developer/Xcode/DerivedData/MomentumFinance-eyokbxaaqtnuhkdigvcnogoazegu/Build/Products/Debug/MomentumFinance.app/Contents/PkgInfo -expandbuildsettings -platform macosx -additionalcontentfile /Users/danielstevens/Library/Developer/Xcode/DerivedData/MomentumFinance-eyokbxaaqtnuhkdigvcnogoazegu/Build/Intermediates.noindex/MomentumFinance.build/Debug/MomentumFinance.build/assetcatalog_generated_info.plist -o /Users/danielstevens/Library/Developer/Xcode/DerivedData/MomentumFinance-eyokbxaaqtnuhkdigvcnogoazegu/Build/Products/Debug/MomentumFinance.app/Contents/Info.plist

CodeSign /Users/danielstevens/Library/Developer/Xcode/DerivedData/MomentumFinance-eyokbxaaqtnuhkdigvcnogoazegu/Build/Products/Debug/MomentumFinance.app (in target 'MomentumFinance' from project 'MomentumFinance')
    cd /Users/danielstevens/Desktop/github-projects/tools-automation/MomentumFinance
    
    Signing Identity:     "Apple Development: dboone9@msn.com (72RDLR687H)"
    
    /usr/bin/codesign --force --sign C8FE4D15A7DE881CE3CCAEC52B7CC5E2DC30C6C1 --entitlements /Users/danielstevens/Library/Developer/Xcode/DerivedData/MomentumFinance-eyokbxaaqtnuhkdigvcnogoazegu/Build/Intermediates.noindex/MomentumFinance.build/Debug/MomentumFinance.build/MomentumFinance.app.xcent --timestamp\=none --generate-entitlement-der /Users/danielstevens/Library/Developer/Xcode/DerivedData/MomentumFinance-eyokbxaaqtnuhkdigvcnogoazegu/Build/Products/Debug/MomentumFinance.app
/Users/danielstevens/Library/Developer/Xcode/DerivedData/MomentumFinance-eyokbxaaqtnuhkdigvcnogoazegu/Build/Products/Debug/MomentumFinance.app: replacing existing signature

Validate /Users/danielstevens/Library/Developer/Xcode/DerivedData/MomentumFinance-eyokbxaaqtnuhkdigvcnogoazegu/Build/Products/Debug/MomentumFinance.app (in target 'MomentumFinance' from project 'MomentumFinance')
    cd /Users/danielstevens/Desktop/github-projects/tools-automation/MomentumFinance
    builtin-validationUtility /Users/danielstevens/Library/Developer/Xcode/DerivedData/MomentumFinance-eyokbxaaqtnuhkdigvcnogoazegu/Build/Products/Debug/MomentumFinance.app -no-validate-extension -infoplist-subpath Contents/Info.plist

RegisterWithLaunchServices /Users/danielstevens/Library/Developer/Xcode/DerivedData/MomentumFinance-eyokbxaaqtnuhkdigvcnogoazegu/Build/Products/Debug/MomentumFinance.app (in target 'MomentumFinance' from project 'MomentumFinance')
    cd /Users/danielstevens/Desktop/github-projects/tools-automation/MomentumFinance
    /System/Library/Frameworks/CoreServices.framework/Versions/Current/Frameworks/LaunchServices.framework/Versions/Current/Support/lsregister -f -R -trusted /Users/danielstevens/Library/Developer/Xcode/DerivedData/MomentumFinance-eyokbxaaqtnuhkdigvcnogoazegu/Build/Products/Debug/MomentumFinance.app

ProcessInfoPlistFile /Users/danielstevens/Library/Developer/Xcode/DerivedData/MomentumFinance-eyokbxaaqtnuhkdigvcnogoazegu/Build/Products/Debug/MomentumFinanceTests.xctest/Contents/Info.plist /Users/danielstevens/Library/Developer/Xcode/DerivedData/MomentumFinance-eyokbxaaqtnuhkdigvcnogoazegu/Build/Intermediates.noindex/MomentumFinance.build/Debug/MomentumFinanceTests.build/empty-MomentumFinanceTests.plist (in target 'MomentumFinanceTests' from project 'MomentumFinance')
    cd /Users/danielstevens/Desktop/github-projects/tools-automation/MomentumFinance
    builtin-infoPlistUtility /Users/danielstevens/Library/Developer/Xcode/DerivedData/MomentumFinance-eyokbxaaqtnuhkdigvcnogoazegu/Build/Intermediates.noindex/MomentumFinance.build/Debug/MomentumFinanceTests.build/empty-MomentumFinanceTests.plist -producttype com.apple.product-type.bundle.unit-test -expandbuildsettings -platform macosx -o /Users/danielstevens/Library/Developer/Xcode/DerivedData/MomentumFinance-eyokbxaaqtnuhkdigvcnogoazegu/Build/Products/Debug/MomentumFinanceTests.xctest/Contents/Info.plist

SwiftCompile normal arm64 Compiling\ DataExporterDateRangeTests.swift /Users/danielstevens/Desktop/github-projects/tools-automation/MomentumFinance/MomentumFinanceTests/DataExporterDateRangeTests.swift (in target 'MomentumFinanceTests' from project 'MomentumFinance')

SwiftCompile normal arm64 /Users/danielstevens/Desktop/github-projects/tools-automation/MomentumFinance/MomentumFinanceTests/DataExporterDateRangeTests.swift (in target 'MomentumFinanceTests' from project 'MomentumFinance')
    cd /Users/danielstevens/Desktop/github-projects/tools-automation/MomentumFinance
    
/Users/danielstevens/Desktop/github-projects/tools-automation/MomentumFinance/MomentumFinanceTests/DataExporterDateRangeTests.swift:36:39: error: extra argument 'dateRange' in call
            format: .csv, dateRange: .custom, startDate: start, endDate: end
~~~~~~~~~~~~~~~~~~~~~~~~~~~~~~~~~~~~~~^~~~~~~~~~~~~~~~~~~~~~~~~~~~~~~~~~~~~~
/Users/danielstevens/Desktop/github-projects/tools-automation/MomentumFinance/MomentumFinanceTests/DataExporterDateRangeTests.swift:35:38: error: missing arguments for parameters 'includeTransactions', 'includeAccounts', 'includeBudgets', 'includeSubscriptions', 'includeGoals' in call
        let settings = ExportSettings(
                                     ^
MomentumFinanceCore.ExportSettings.init:2:8: note: 'init(format:startDate:endDate:includeTransactions:includeAccounts:includeBudgets:includeSubscriptions:includeGoals:)' declared here
public init(format: MomentumFinanceCore.ExportFormat, startDate: Date, endDate: Date, includeTransactions: Bool, includeAccounts: Bool, includeBudgets: Bool, includeSubscriptions: Bool, includeGoals: Bool)}
       ^
/Users/danielstevens/Desktop/github-projects/tools-automation/MomentumFinance/MomentumFinanceTests/DataExporterDateRangeTests.swift:36:39: error: cannot infer contextual base in reference to member 'custom'
            format: .csv, dateRange: .custom, startDate: start, endDate: end
                                     ~^~~~~~
/Users/danielstevens/Desktop/github-projects/tools-automation/MomentumFinance/MomentumFinanceTests/DataExporterDateRangeTests.swift:38:24: warning: no 'async' operations occur within 'await' expression
        let exporter = await DataExporter(modelContainer: container)
                       ^

Failed frontend command:
/Applications/Xcode-beta.app/Contents/Developer/Toolchains/XcodeDefault.xctoolchain/usr/bin/swift-frontend -frontend -c -primary-file /Users/danielstevens/Desktop/github-projects/tools-automation/MomentumFinance/MomentumFinanceTests/DataExporterDateRangeTests.swift /Users/danielstevens/Desktop/github-projects/tools-automation/MomentumFinance/MomentumFinanceTests/DataImporterErrorTests.swift /Users/danielstevens/Desktop/github-projects/tools-automation/MomentumFinance/MomentumFinanceTests/DataExporterContentTests.swift -emit-dependencies-path /Users/danielstevens/Library/Developer/Xcode/DerivedData/MomentumFinance-eyokbxaaqtnuhkdigvcnogoazegu/Build/Intermediates.noindex/MomentumFinance.build/Debug/MomentumFinanceTests.build/Objects-normal/arm64/DataExporterDateRangeTests.d -emit-const-values-path /Users/danielstevens/Library/Developer/Xcode/DerivedData/MomentumFinance-eyokbxaaqtnuhkdigvcnogoazegu/Build/Intermediates.noindex/MomentumFinance.build/Debug/MomentumFinanceTests.build/Objects-normal/arm64/DataExporterDateRangeTests.swiftconstvalues -emit-reference-dependencies-path /Users/danielstevens/Library/Developer/Xcode/DerivedData/MomentumFinance-eyokbxaaqtnuhkdigvcnogoazegu/Build/Intermediates.noindex/MomentumFinance.build/Debug/MomentumFinanceTests.build/Objects-normal/arm64/DataExporterDateRangeTests.swiftdeps -serialize-diagnostics-path /Users/danielstevens/Library/Developer/Xcode/DerivedData/MomentumFinance-eyokbxaaqtnuhkdigvcnogoazegu/Build/Intermediates.noindex/MomentumFinance.build/Debug/MomentumFinanceTests.build/Objects-normal/arm64/DataExporterDateRangeTests.dia -target arm64-apple-macos26.2 -load-resolved-plugin /Applications/Xcode-beta.app/Contents/Developer/Platforms/MacOSX.platform/Developer/usr/lib/swift/host/plugins/libFoundationMacros.dylib\#/Applications/Xcode-beta.app/Contents/Developer/Platforms/MacOSX.platform/Developer/usr/bin/swift-plugin-server\#FoundationMacros -load-resolved-plugin /Applications/Xcode-beta.app/Contents/Developer/Platforms/MacOSX.platform/Developer/usr/lib/swift/host/plugins/libObservationMacros.dylib\#/Applications/Xcode-beta.app/Contents/Developer/Platforms/MacOSX.platform/Developer/usr/bin/swift-plugin-server\#ObservationMacros -load-resolved-plugin /Applications/Xcode-beta.app/Contents/Developer/Platforms/MacOSX.platform/Developer/usr/lib/swift/host/plugins/libPreviewsMacros.dylib\#/Applications/Xcode-beta.app/Contents/Developer/Platforms/MacOSX.platform/Developer/usr/bin/swift-plugin-server\#PreviewsMacros -load-resolved-plugin /Applications/Xcode-beta.app/Contents/Developer/Platforms/MacOSX.platform/Developer/usr/lib/swift/host/plugins/libSwiftDataMacros.dylib\#/Applications/Xcode-beta.app/Contents/Developer/Platforms/MacOSX.platform/Developer/usr/bin/swift-plugin-server\#SwiftDataMacros -load-resolved-plugin /Applications/Xcode-beta.app/Contents/Developer/Platforms/MacOSX.platform/Developer/usr/lib/swift/host/plugins/libSwiftMacros.dylib\#/Applications/Xcode-beta.app/Contents/Developer/Platforms/MacOSX.platform/Developer/usr/bin/swift-plugin-server\#SwiftMacros -load-resolved-plugin /Applications/Xcode-beta.app/Contents/Developer/Platforms/MacOSX.platform/Developer/usr/lib/swift/host/plugins/libSwiftUIMacros.dylib\#/Applications/Xcode-beta.app/Contents/Developer/Platforms/MacOSX.platform/Developer/usr/bin/swift-plugin-server\#SwiftUIMacros -disable-implicit-swift-modules -Xcc -fno-implicit-modules -Xcc -fno-implicit-module-maps -explicit-swift-module-map-file /Users/danielstevens/Library/Developer/Xcode/DerivedData/MomentumFinance-eyokbxaaqtnuhkdigvcnogoazegu/Build/Intermediates.noindex/MomentumFinance.build/Debug/MomentumFinanceTests.build/Objects-normal/arm64/MomentumFinanceTests-dependencies-1.json -Xllvm -aarch64-use-tbi -enable-objc-interop -stack-check -sdk /Applications/Xcode-beta.app/Contents/Developer/Platforms/MacOSX.platform/Developer/SDKs/MacOSX26.2.sdk -I /Users/danielstevens/Library/Developer/Xcode/DerivedData/MomentumFinance-eyokbxaaqtnuhkdigvcnogoazegu/Build/Products/Debug -Isystem /Applications/Xcode-beta.app/Contents/Developer/Platforms/MacOSX.platform/Developer/usr/lib -F /Users/danielstevens/Library/Developer/Xcode/DerivedData/MomentumFinance-eyokbxaaqtnuhkdigvcnogoazegu/Build/Products/Debug -F /Applications/Xcode-beta.app/Contents/Developer/Platforms/MacOSX.platform/Developer/Library/Frameworks -no-color-diagnostics -Xcc -fno-color-diagnostics -enable-testing -g -debug-info-format\=dwarf -dwarf-version\=5 -module-cache-path /Users/danielstevens/Library/Developer/Xcode/DerivedData/MomentumFinance-eyokbxaaqtnuhkdigvcnogoazegu/Build/Intermediates.noindex/SwiftExplicitPrecompiledModules -swift-version 6 -enforce-exclusivity\=checked -Onone -D DEBUG -serialize-debugging-options -const-gather-protocols-file /Users/danielstevens/Library/Developer/Xcode/DerivedData/MomentumFinance-eyokbxaaqtnuhkdigvcnogoazegu/Build/Intermediates.noindex/MomentumFinance.build/Debug/MomentumFinanceTests.build/Objects-normal/arm64/MomentumFinanceTests_const_extract_protocols.json -enable-experimental-feature DebugDescriptionMacro -empty-abi-descriptor -validate-clang-modules-once -clang-build-session-file /Users/danielstevens/Library/Developer/Xcode/DerivedData/ModuleCache.noindex/Session.modulevalidation -Xcc -working-directory -Xcc /Users/danielstevens/Desktop/github-projects/tools-automation/MomentumFinance -enable-anonymous-context-mangled-names -file-compilation-dir /Users/danielstevens/Desktop/github-projects/tools-automation/MomentumFinance -Xcc -D_LIBCPP_HARDENING_MODE\=_LIBCPP_HARDENING_MODE_DEBUG -Xcc -ivfsstatcache -Xcc /Users/danielstevens/Library/Developer/Xcode/DerivedData/SDKStatCaches.noindex/macosx26.2-25C5031g-28ca432d5676da3146507086b13d17f8.sdkstatcache -Xcc -I/Users/danielstevens/Library/Developer/Xcode/DerivedData/MomentumFinance-eyokbxaaqtnuhkdigvcnogoazegu/Build/Intermediates.noindex/MomentumFinance.build/Debug/MomentumFinanceTests.build/swift-overrides.hmap -Xcc -iquote -Xcc /Users/danielstevens/Library/Developer/Xcode/DerivedData/MomentumFinance-eyokbxaaqtnuhkdigvcnogoazegu/Build/Intermediates.noindex/MomentumFinance.build/Debug/MomentumFinanceTests.build/MomentumFinanceTests-generated-files.hmap -Xcc -I/Users/danielstevens/Library/Developer/Xcode/DerivedData/MomentumFinance-eyokbxaaqtnuhkdigvcnogoazegu/Build/Intermediates.noindex/MomentumFinance.build/Debug/MomentumFinanceTests.build/MomentumFinanceTests-own-target-headers.hmap -Xcc -I/Users/danielstevens/Library/Developer/Xcode/DerivedData/MomentumFinance-eyokbxaaqtnuhkdigvcnogoazegu/Build/Intermediates.noindex/MomentumFinance.build/Debug/MomentumFinanceTests.build/MomentumFinanceTests-all-target-headers.hmap -Xcc -iquote -Xcc /Users/danielstevens/Library/Developer/Xcode/DerivedData/MomentumFinance-eyokbxaaqtnuhkdigvcnogoazegu/Build/Intermediates.noindex/MomentumFinance.build/Debug/MomentumFinanceTests.build/MomentumFinanceTests-project-headers.hmap -Xcc -I/Users/danielstevens/Library/Developer/Xcode/DerivedData/MomentumFinance-eyokbxaaqtnuhkdigvcnogoazegu/Build/Products/Debug/include -Xcc -I/Users/danielstevens/Library/Developer/Xcode/DerivedData/MomentumFinance-eyokbxaaqtnuhkdigvcnogoazegu/Build/Intermediates.noindex/MomentumFinance.build/Debug/MomentumFinanceTests.build/DerivedSources-normal/arm64 -Xcc -I/Users/danielstevens/Library/Developer/Xcode/DerivedData/MomentumFinance-eyokbxaaqtnuhkdigvcnogoazegu/Build/Intermediates.noindex/MomentumFinance.build/Debug/MomentumFinanceTests.build/DerivedSources/arm64 -Xcc -I/Users/danielstevens/Library/Developer/Xcode/DerivedData/MomentumFinance-eyokbxaaqtnuhkdigvcnogoazegu/Build/Intermediates.noindex/MomentumFinance.build/Debug/MomentumFinanceTests.build/DerivedSources -Xcc -DDEBUG\=1 -no-auto-bridging-header-chaining -module-name MomentumFinanceTests -frontend-parseable-output -disable-clang-spi -target-sdk-version 26.2 -target-sdk-name macosx26.2 -clang-target arm64-apple-macos26.2 -in-process-plugin-server-path /Applications/Xcode-beta.app/Contents/Developer/Toolchains/XcodeDefault.xctoolchain/usr/lib/swift/host/libSwiftInProcPluginServer.dylib -o /Users/danielstevens/Library/Developer/Xcode/DerivedData/MomentumFinance-eyokbxaaqtnuhkdigvcnogoazegu/Build/Intermediates.noindex/MomentumFinance.build/Debug/MomentumFinanceTests.build/Objects-normal/arm64/DataExporterDateRangeTests.o -index-unit-output-path /MomentumFinance.build/Debug/MomentumFinanceTests.build/Objects-normal/arm64/DataExporterDateRangeTests.o -index-store-path /Users/danielstevens/Library/Developer/Xcode/DerivedData/MomentumFinance-eyokbxaaqtnuhkdigvcnogoazegu/Index.noindex/DataStore -index-system-modules
SwiftEmitModule normal arm64 Emitting\ module\ for\ MomentumFinanceTests (in target 'MomentumFinanceTests' from project 'MomentumFinance')

EmitSwiftModule normal arm64 (in target 'MomentumFinanceTests' from project 'MomentumFinance')
    cd /Users/danielstevens/Desktop/github-projects/tools-automation/MomentumFinance
    

SwiftCompile normal arm64 Compiling\ DataExporterContentTests.swift /Users/danielstevens/Desktop/github-projects/tools-automation/MomentumFinance/MomentumFinanceTests/DataExporterContentTests.swift (in target 'MomentumFinanceTests' from project 'MomentumFinance')
SwiftCompile normal arm64 /Users/danielstevens/Desktop/github-projects/tools-automation/MomentumFinance/MomentumFinanceTests/DataExporterContentTests.swift (in target 'MomentumFinanceTests' from project 'MomentumFinance')
    cd /Users/danielstevens/Desktop/github-projects/tools-automation/MomentumFinance
    

SwiftCompile normal arm64 Compiling\ DataImporterErrorTests.swift /Users/danielstevens/Desktop/github-projects/tools-automation/MomentumFinance/MomentumFinanceTests/DataImporterErrorTests.swift (in target 'MomentumFinanceTests' from project 'MomentumFinance')
SwiftCompile normal arm64 /Users/danielstevens/Desktop/github-projects/tools-automation/MomentumFinance/MomentumFinanceTests/DataImporterErrorTests.swift (in target 'MomentumFinanceTests' from project 'MomentumFinance')
    cd /Users/danielstevens/Desktop/github-projects/tools-automation/MomentumFinance
    


Test session results, code coverage, and logs:
	/Users/danielstevens/Library/Developer/Xcode/DerivedData/MomentumFinance-eyokbxaaqtnuhkdigvcnogoazegu/Logs/Test/Test-MomentumFinance-2025.11.26_12-41-13--0600.xcresult

Testing failed:
	Extra argument 'dateRange' in call
	Missing arguments for parameters 'includeTransactions', 'includeAccounts', 'includeBudgets', 'includeSubscriptions', 'includeGoals' in call
	Cannot infer contextual base in reference to member 'custom'
	Testing cancelled because the build failed.

** TEST FAILED **


The following build commands failed:
	SwiftCompile normal arm64 /Users/danielstevens/Desktop/github-projects/tools-automation/MomentumFinance/MomentumFinanceTests/DataExporterDateRangeTests.swift (in target 'MomentumFinanceTests' from project 'MomentumFinance')
	SwiftCompile normal arm64 Compiling\ DataExporterDateRangeTests.swift /Users/danielstevens/Desktop/github-projects/tools-automation/MomentumFinance/MomentumFinanceTests/DataExporterDateRangeTests.swift (in target 'MomentumFinanceTests' from project 'MomentumFinance')
	Testing project MomentumFinance with scheme MomentumFinance
(3 failures)
