Command line invocation:
    /Applications/Xcode-beta.app/Contents/Developer/usr/bin/xcodebuild -project MomentumFinance.xcodeproj -scheme MomentumFinance -destination platform=macOS test "-only-testing:MomentumFinanceTests/MomentumFinanceUITests"

--- xcodebuild: WARNING: Using the first of multiple matching destinations:
{ platform:macOS, arch:arm64, id:00006000-001649660AE2801E, name:My Mac }
{ platform:macOS, arch:x86_64, id:00006000-001649660AE2801E, name:My Mac }
ComputePackagePrebuildTargetDependencyGraph

Prepare packages

CreateBuildRequest

SendProjectDescription

CreateBuildOperation

ComputeTargetDependencyGraph
note: Building targets in dependency order
note: Target dependency graph (3 targets)
    Target 'MomentumFinanceTests' in project 'MomentumFinance'
        ➜ Explicit dependency on target 'MomentumFinance' in project 'MomentumFinance'
        ➜ Explicit dependency on target 'MomentumFinanceCore' in project 'MomentumFinance'
    Target 'MomentumFinance' in project 'MomentumFinance'
        ➜ Explicit dependency on target 'MomentumFinanceCore' in project 'MomentumFinance'
    Target 'MomentumFinanceCore' in project 'MomentumFinance' (no dependencies)

GatherProvisioningInputs

CreateBuildDescription

ExecuteExternalTool /Applications/Xcode-beta.app/Contents/Developer/Toolchains/XcodeDefault.xctoolchain/usr/bin/clang -v -E -dM -isysroot /Applications/Xcode-beta.app/Contents/Developer/Platforms/MacOSX.platform/Developer/SDKs/MacOSX26.2.sdk -x c -c /dev/null

ExecuteExternalTool /Applications/Xcode-beta.app/Contents/Developer/Toolchains/XcodeDefault.xctoolchain/usr/bin/swiftc --version

ExecuteExternalTool /Applications/Xcode-beta.app/Contents/Developer/usr/bin/actool --version --output-format xml1

ExecuteExternalTool /Applications/Xcode-beta.app/Contents/Developer/Toolchains/XcodeDefault.xctoolchain/usr/bin/ld -version_details

ExecuteExternalTool /Applications/Xcode-beta.app/Contents/Developer/Toolchains/XcodeDefault.xctoolchain/usr/bin/libtool -V

Build description signature: 6aa4c33fa5a1def6b57bad6c6e3d43a2
Build description path: /Users/danielstevens/Library/Developer/Xcode/DerivedData/MomentumFinance-eyokbxaaqtnuhkdigvcnogoazegu/Build/Intermediates.noindex/XCBuildData/6aa4c33fa5a1def6b57bad6c6e3d43a2.xcbuilddata
ClangStatCache /Applications/Xcode-beta.app/Contents/Developer/Toolchains/XcodeDefault.xctoolchain/usr/bin/clang-stat-cache /Applications/Xcode-beta.app/Contents/Developer/Platforms/MacOSX.platform/Developer/SDKs/MacOSX26.2.sdk /Users/danielstevens/Library/Developer/Xcode/DerivedData/SDKStatCaches.noindex/macosx26.2-25C5031g-28ca432d5676da3146507086b13d17f8.sdkstatcache
    cd /Users/danielstevens/Desktop/github-projects/tools-automation/MomentumFinance/MomentumFinance.xcodeproj
    /Applications/Xcode-beta.app/Contents/Developer/Toolchains/XcodeDefault.xctoolchain/usr/bin/clang-stat-cache /Applications/Xcode-beta.app/Contents/Developer/Platforms/MacOSX.platform/Developer/SDKs/MacOSX26.2.sdk -o /Users/danielstevens/Library/Developer/Xcode/DerivedData/SDKStatCaches.noindex/macosx26.2-25C5031g-28ca432d5676da3146507086b13d17f8.sdkstatcache

ProcessInfoPlistFile /Users/danielstevens/Library/Developer/Xcode/DerivedData/MomentumFinance-eyokbxaaqtnuhkdigvcnogoazegu/Build/Products/Debug/MomentumFinanceCore.framework/Versions/A/Resources/Info.plist /Users/danielstevens/Library/Developer/Xcode/DerivedData/MomentumFinance-eyokbxaaqtnuhkdigvcnogoazegu/Build/Intermediates.noindex/MomentumFinance.build/Debug/MomentumFinanceCore.build/empty-MomentumFinanceCore.plist (in target 'MomentumFinanceCore' from project 'MomentumFinance')
    cd /Users/danielstevens/Desktop/github-projects/tools-automation/MomentumFinance
    builtin-infoPlistUtility /Users/danielstevens/Library/Developer/Xcode/DerivedData/MomentumFinance-eyokbxaaqtnuhkdigvcnogoazegu/Build/Intermediates.noindex/MomentumFinance.build/Debug/MomentumFinanceCore.build/empty-MomentumFinanceCore.plist -producttype com.apple.product-type.framework -expandbuildsettings -platform macosx -o /Users/danielstevens/Library/Developer/Xcode/DerivedData/MomentumFinance-eyokbxaaqtnuhkdigvcnogoazegu/Build/Products/Debug/MomentumFinanceCore.framework/Versions/A/Resources/Info.plist

WriteAuxiliaryFile /Users/danielstevens/Library/Developer/Xcode/DerivedData/MomentumFinance-eyokbxaaqtnuhkdigvcnogoazegu/Build/Intermediates.noindex/MomentumFinance.build/Debug/MomentumFinanceTests.build/Objects-normal/arm64/MomentumFinanceTests.LinkFileList (in target 'MomentumFinanceTests' from project 'MomentumFinance')
    cd /Users/danielstevens/Desktop/github-projects/tools-automation/MomentumFinance
    write-file /Users/danielstevens/Library/Developer/Xcode/DerivedData/MomentumFinance-eyokbxaaqtnuhkdigvcnogoazegu/Build/Intermediates.noindex/MomentumFinance.build/Debug/MomentumFinanceTests.build/Objects-normal/arm64/MomentumFinanceTests.LinkFileList

MkDir /Users/danielstevens/Library/Developer/Xcode/DerivedData/MomentumFinance-eyokbxaaqtnuhkdigvcnogoazegu/Build/Products/Debug/MomentumFinance.app/Contents/PlugIns (in target 'MomentumFinance' from project 'MomentumFinance')
    cd /Users/danielstevens/Desktop/github-projects/tools-automation/MomentumFinance
    /bin/mkdir -p /Users/danielstevens/Library/Developer/Xcode/DerivedData/MomentumFinance-eyokbxaaqtnuhkdigvcnogoazegu/Build/Products/Debug/MomentumFinance.app/Contents/PlugIns

MkDir /Users/danielstevens/Library/Developer/Xcode/DerivedData/MomentumFinance-eyokbxaaqtnuhkdigvcnogoazegu/Build/Products/Debug/MomentumFinance.app/Contents/Frameworks (in target 'MomentumFinance' from project 'MomentumFinance')
    cd /Users/danielstevens/Desktop/github-projects/tools-automation/MomentumFinance
    /bin/mkdir -p /Users/danielstevens/Library/Developer/Xcode/DerivedData/MomentumFinance-eyokbxaaqtnuhkdigvcnogoazegu/Build/Products/Debug/MomentumFinance.app/Contents/Frameworks

MkDir /Users/danielstevens/Library/Developer/Xcode/DerivedData/MomentumFinance-eyokbxaaqtnuhkdigvcnogoazegu/Build/Products/Debug/MomentumFinance.app/Contents/PlugIns/MomentumFinanceTests.xctest (in target 'MomentumFinanceTests' from project 'MomentumFinance')
    cd /Users/danielstevens/Desktop/github-projects/tools-automation/MomentumFinance
    /bin/mkdir -p /Users/danielstevens/Library/Developer/Xcode/DerivedData/MomentumFinance-eyokbxaaqtnuhkdigvcnogoazegu/Build/Products/Debug/MomentumFinance.app/Contents/PlugIns/MomentumFinanceTests.xctest

MkDir /Users/danielstevens/Library/Developer/Xcode/DerivedData/MomentumFinance-eyokbxaaqtnuhkdigvcnogoazegu/Build/Products/Debug/MomentumFinance.app/Contents/PlugIns/MomentumFinanceTests.xctest/Contents (in target 'MomentumFinanceTests' from project 'MomentumFinance')
    cd /Users/danielstevens/Desktop/github-projects/tools-automation/MomentumFinance
    /bin/mkdir -p /Users/danielstevens/Library/Developer/Xcode/DerivedData/MomentumFinance-eyokbxaaqtnuhkdigvcnogoazegu/Build/Products/Debug/MomentumFinance.app/Contents/PlugIns/MomentumFinanceTests.xctest/Contents

MkDir /Users/danielstevens/Library/Developer/Xcode/DerivedData/MomentumFinance-eyokbxaaqtnuhkdigvcnogoazegu/Build/Products/Debug/MomentumFinance.app/Contents/PlugIns/MomentumFinanceTests.xctest/Contents/MacOS (in target 'MomentumFinanceTests' from project 'MomentumFinance')
    cd /Users/danielstevens/Desktop/github-projects/tools-automation/MomentumFinance
    /bin/mkdir -p /Users/danielstevens/Library/Developer/Xcode/DerivedData/MomentumFinance-eyokbxaaqtnuhkdigvcnogoazegu/Build/Products/Debug/MomentumFinance.app/Contents/PlugIns/MomentumFinanceTests.xctest/Contents/MacOS

Copy /Users/danielstevens/Library/Developer/Xcode/DerivedData/MomentumFinance-eyokbxaaqtnuhkdigvcnogoazegu/Build/Products/Debug/MomentumFinance.app/Contents/Frameworks/libXCTestSwiftSupport.dylib /Applications/Xcode-beta.app/Contents/Developer/Platforms/MacOSX.platform/Developer/usr/lib/libXCTestSwiftSupport.dylib (in target 'MomentumFinance' from project 'MomentumFinance')
    cd /Users/danielstevens/Desktop/github-projects/tools-automation/MomentumFinance
    builtin-copy -exclude .DS_Store -exclude CVS -exclude .svn -exclude .git -exclude .hg -exclude Headers -exclude PrivateHeaders -exclude Modules -exclude \*.tbd -resolve-src-symlinks /Applications/Xcode-beta.app/Contents/Developer/Platforms/MacOSX.platform/Developer/usr/lib/libXCTestSwiftSupport.dylib /Users/danielstevens/Library/Developer/Xcode/DerivedData/MomentumFinance-eyokbxaaqtnuhkdigvcnogoazegu/Build/Products/Debug/MomentumFinance.app/Contents/Frameworks

Copy /Users/danielstevens/Library/Developer/Xcode/DerivedData/MomentumFinance-eyokbxaaqtnuhkdigvcnogoazegu/Build/Products/Debug/MomentumFinance.app/Contents/Frameworks/XCUIAutomation.framework /Applications/Xcode-beta.app/Contents/Developer/Platforms/MacOSX.platform/Developer/Library/Frameworks/XCUIAutomation.framework (in target 'MomentumFinance' from project 'MomentumFinance')
    cd /Users/danielstevens/Desktop/github-projects/tools-automation/MomentumFinance
    builtin-copy -exclude .DS_Store -exclude CVS -exclude .svn -exclude .git -exclude .hg -exclude Headers -exclude PrivateHeaders -exclude Modules -exclude \*.tbd -resolve-src-symlinks /Applications/Xcode-beta.app/Contents/Developer/Platforms/MacOSX.platform/Developer/Library/Frameworks/XCUIAutomation.framework /Users/danielstevens/Library/Developer/Xcode/DerivedData/MomentumFinance-eyokbxaaqtnuhkdigvcnogoazegu/Build/Products/Debug/MomentumFinance.app/Contents/Frameworks

Copy /Users/danielstevens/Library/Developer/Xcode/DerivedData/MomentumFinance-eyokbxaaqtnuhkdigvcnogoazegu/Build/Products/Debug/MomentumFinance.app/Contents/Frameworks/XCTestCore.framework /Applications/Xcode-beta.app/Contents/Developer/Platforms/MacOSX.platform/Developer/Library/PrivateFrameworks/XCTestCore.framework (in target 'MomentumFinance' from project 'MomentumFinance')
    cd /Users/danielstevens/Desktop/github-projects/tools-automation/MomentumFinance
    builtin-copy -exclude .DS_Store -exclude CVS -exclude .svn -exclude .git -exclude .hg -exclude Headers -exclude PrivateHeaders -exclude Modules -exclude \*.tbd -resolve-src-symlinks /Applications/Xcode-beta.app/Contents/Developer/Platforms/MacOSX.platform/Developer/Library/PrivateFrameworks/XCTestCore.framework /Users/danielstevens/Library/Developer/Xcode/DerivedData/MomentumFinance-eyokbxaaqtnuhkdigvcnogoazegu/Build/Products/Debug/MomentumFinance.app/Contents/Frameworks

Copy /Users/danielstevens/Library/Developer/Xcode/DerivedData/MomentumFinance-eyokbxaaqtnuhkdigvcnogoazegu/Build/Products/Debug/MomentumFinance.app/Contents/Frameworks/libXCTestBundleInject.dylib /Applications/Xcode-beta.app/Contents/Developer/Platforms/MacOSX.platform/Developer/usr/lib/libXCTestBundleInject.dylib (in target 'MomentumFinance' from project 'MomentumFinance')
    cd /Users/danielstevens/Desktop/github-projects/tools-automation/MomentumFinance
    builtin-copy -exclude .DS_Store -exclude CVS -exclude .svn -exclude .git -exclude .hg -exclude Headers -exclude PrivateHeaders -exclude Modules -exclude \*.tbd -resolve-src-symlinks /Applications/Xcode-beta.app/Contents/Developer/Platforms/MacOSX.platform/Developer/usr/lib/libXCTestBundleInject.dylib /Users/danielstevens/Library/Developer/Xcode/DerivedData/MomentumFinance-eyokbxaaqtnuhkdigvcnogoazegu/Build/Products/Debug/MomentumFinance.app/Contents/Frameworks

Copy /Users/danielstevens/Library/Developer/Xcode/DerivedData/MomentumFinance-eyokbxaaqtnuhkdigvcnogoazegu/Build/Products/Debug/MomentumFinance.app/Contents/Frameworks/XCTestSupport.framework /Applications/Xcode-beta.app/Contents/Developer/Platforms/MacOSX.platform/Developer/Library/PrivateFrameworks/XCTestSupport.framework (in target 'MomentumFinance' from project 'MomentumFinance')
    cd /Users/danielstevens/Desktop/github-projects/tools-automation/MomentumFinance
    builtin-copy -exclude .DS_Store -exclude CVS -exclude .svn -exclude .git -exclude .hg -exclude Headers -exclude PrivateHeaders -exclude Modules -exclude \*.tbd -resolve-src-symlinks /Applications/Xcode-beta.app/Contents/Developer/Platforms/MacOSX.platform/Developer/Library/PrivateFrameworks/XCTestSupport.framework /Users/danielstevens/Library/Developer/Xcode/DerivedData/MomentumFinance-eyokbxaaqtnuhkdigvcnogoazegu/Build/Products/Debug/MomentumFinance.app/Contents/Frameworks

Copy /Users/danielstevens/Library/Developer/Xcode/DerivedData/MomentumFinance-eyokbxaaqtnuhkdigvcnogoazegu/Build/Products/Debug/MomentumFinance.app/Contents/Frameworks/XCTest.framework /Applications/Xcode-beta.app/Contents/Developer/Platforms/MacOSX.platform/Developer/Library/Frameworks/XCTest.framework (in target 'MomentumFinance' from project 'MomentumFinance')
    cd /Users/danielstevens/Desktop/github-projects/tools-automation/MomentumFinance
    builtin-copy -exclude .DS_Store -exclude CVS -exclude .svn -exclude .git -exclude .hg -exclude Headers -exclude PrivateHeaders -exclude Modules -exclude \*.tbd -resolve-src-symlinks /Applications/Xcode-beta.app/Contents/Developer/Platforms/MacOSX.platform/Developer/Library/Frameworks/XCTest.framework /Users/danielstevens/Library/Developer/Xcode/DerivedData/MomentumFinance-eyokbxaaqtnuhkdigvcnogoazegu/Build/Products/Debug/MomentumFinance.app/Contents/Frameworks

Copy /Users/danielstevens/Library/Developer/Xcode/DerivedData/MomentumFinance-eyokbxaaqtnuhkdigvcnogoazegu/Build/Products/Debug/MomentumFinance.app/Contents/Frameworks/XCTAutomationSupport.framework /Applications/Xcode-beta.app/Contents/Developer/Platforms/MacOSX.platform/Developer/Library/PrivateFrameworks/XCTAutomationSupport.framework (in target 'MomentumFinance' from project 'MomentumFinance')
    cd /Users/danielstevens/Desktop/github-projects/tools-automation/MomentumFinance
    builtin-copy -exclude .DS_Store -exclude CVS -exclude .svn -exclude .git -exclude .hg -exclude Headers -exclude PrivateHeaders -exclude Modules -exclude \*.tbd -resolve-src-symlinks /Applications/Xcode-beta.app/Contents/Developer/Platforms/MacOSX.platform/Developer/Library/PrivateFrameworks/XCTAutomationSupport.framework /Users/danielstevens/Library/Developer/Xcode/DerivedData/MomentumFinance-eyokbxaaqtnuhkdigvcnogoazegu/Build/Products/Debug/MomentumFinance.app/Contents/Frameworks

Copy /Users/danielstevens/Library/Developer/Xcode/DerivedData/MomentumFinance-eyokbxaaqtnuhkdigvcnogoazegu/Build/Products/Debug/MomentumFinance.app/Contents/Frameworks/XCUnit.framework /Applications/Xcode-beta.app/Contents/Developer/Platforms/MacOSX.platform/Developer/Library/PrivateFrameworks/XCUnit.framework (in target 'MomentumFinance' from project 'MomentumFinance')
    cd /Users/danielstevens/Desktop/github-projects/tools-automation/MomentumFinance
    builtin-copy -exclude .DS_Store -exclude CVS -exclude .svn -exclude .git -exclude .hg -exclude Headers -exclude PrivateHeaders -exclude Modules -exclude \*.tbd -resolve-src-symlinks /Applications/Xcode-beta.app/Contents/Developer/Platforms/MacOSX.platform/Developer/Library/PrivateFrameworks/XCUnit.framework /Users/danielstevens/Library/Developer/Xcode/DerivedData/MomentumFinance-eyokbxaaqtnuhkdigvcnogoazegu/Build/Products/Debug/MomentumFinance.app/Contents/Frameworks

Copy /Users/danielstevens/Library/Developer/Xcode/DerivedData/MomentumFinance-eyokbxaaqtnuhkdigvcnogoazegu/Build/Products/Debug/MomentumFinance.app/Contents/Frameworks/Testing.framework /Applications/Xcode-beta.app/Contents/Developer/Platforms/MacOSX.platform/Developer/Library/Frameworks/Testing.framework (in target 'MomentumFinance' from project 'MomentumFinance')
    cd /Users/danielstevens/Desktop/github-projects/tools-automation/MomentumFinance
    builtin-copy -exclude .DS_Store -exclude CVS -exclude .svn -exclude .git -exclude .hg -exclude Headers -exclude PrivateHeaders -exclude Modules -exclude \*.tbd -resolve-src-symlinks /Applications/Xcode-beta.app/Contents/Developer/Platforms/MacOSX.platform/Developer/Library/Frameworks/Testing.framework /Users/danielstevens/Library/Developer/Xcode/DerivedData/MomentumFinance-eyokbxaaqtnuhkdigvcnogoazegu/Build/Products/Debug/MomentumFinance.app/Contents/Frameworks

ProcessInfoPlistFile /Users/danielstevens/Library/Developer/Xcode/DerivedData/MomentumFinance-eyokbxaaqtnuhkdigvcnogoazegu/Build/Products/Debug/MomentumFinance.app/Contents/Info.plist /Users/danielstevens/Library/Developer/Xcode/DerivedData/MomentumFinance-eyokbxaaqtnuhkdigvcnogoazegu/Build/Intermediates.noindex/MomentumFinance.build/Debug/MomentumFinance.build/empty-MomentumFinance.plist (in target 'MomentumFinance' from project 'MomentumFinance')
    cd /Users/danielstevens/Desktop/github-projects/tools-automation/MomentumFinance
    builtin-infoPlistUtility /Users/danielstevens/Library/Developer/Xcode/DerivedData/MomentumFinance-eyokbxaaqtnuhkdigvcnogoazegu/Build/Intermediates.noindex/MomentumFinance.build/Debug/MomentumFinance.build/empty-MomentumFinance.plist -producttype com.apple.product-type.application -genpkginfo /Users/danielstevens/Library/Developer/Xcode/DerivedData/MomentumFinance-eyokbxaaqtnuhkdigvcnogoazegu/Build/Products/Debug/MomentumFinance.app/Contents/PkgInfo -expandbuildsettings -platform macosx -additionalcontentfile /Users/danielstevens/Library/Developer/Xcode/DerivedData/MomentumFinance-eyokbxaaqtnuhkdigvcnogoazegu/Build/Intermediates.noindex/MomentumFinance.build/Debug/MomentumFinance.build/assetcatalog_generated_info.plist -o /Users/danielstevens/Library/Developer/Xcode/DerivedData/MomentumFinance-eyokbxaaqtnuhkdigvcnogoazegu/Build/Products/Debug/MomentumFinance.app/Contents/Info.plist

CodeSign /Users/danielstevens/Library/Developer/Xcode/DerivedData/MomentumFinance-eyokbxaaqtnuhkdigvcnogoazegu/Build/Products/Debug/MomentumFinance.app/Contents/Frameworks/libXCTestSwiftSupport.dylib (in target 'MomentumFinance' from project 'MomentumFinance')
    cd /Users/danielstevens/Desktop/github-projects/tools-automation/MomentumFinance
    
    Signing Identity:     "Apple Development: dboone9@msn.com (72RDLR687H)"
    
    /usr/bin/codesign --force --sign C8FE4D15A7DE881CE3CCAEC52B7CC5E2DC30C6C1 --timestamp\=none --preserve-metadata\=identifier,entitlements,flags --generate-entitlement-der /Users/danielstevens/Library/Developer/Xcode/DerivedData/MomentumFinance-eyokbxaaqtnuhkdigvcnogoazegu/Build/Products/Debug/MomentumFinance.app/Contents/Frameworks/libXCTestSwiftSupport.dylib
/Users/danielstevens/Library/Developer/Xcode/DerivedData/MomentumFinance-eyokbxaaqtnuhkdigvcnogoazegu/Build/Products/Debug/MomentumFinance.app/Contents/Frameworks/libXCTestSwiftSupport.dylib: replacing existing signature

SwiftDriver MomentumFinanceTests normal arm64 com.apple.xcode.tools.swift.compiler (in target 'MomentumFinanceTests' from project 'MomentumFinance')
    cd /Users/danielstevens/Desktop/github-projects/tools-automation/MomentumFinance
    builtin-SwiftDriver -- /Applications/Xcode-beta.app/Contents/Developer/Toolchains/XcodeDefault.xctoolchain/usr/bin/swiftc -module-name MomentumFinanceTests -Onone -enforce-exclusivity\=checked @/Users/danielstevens/Library/Developer/Xcode/DerivedData/MomentumFinance-eyokbxaaqtnuhkdigvcnogoazegu/Build/Intermediates.noindex/MomentumFinance.build/Debug/MomentumFinanceTests.build/Objects-normal/arm64/MomentumFinanceTests.SwiftFileList -DDEBUG -plugin-path /Applications/Xcode-beta.app/Contents/Developer/Toolchains/XcodeDefault.xctoolchain/usr/lib/swift/host/plugins/testing -enable-experimental-feature DebugDescriptionMacro -sdk /Applications/Xcode-beta.app/Contents/Developer/Platforms/MacOSX.platform/Developer/SDKs/MacOSX26.2.sdk -target arm64-apple-macos26.2 -g -module-cache-path /Users/danielstevens/Library/Developer/Xcode/DerivedData/ModuleCache.noindex -Xfrontend -serialize-debugging-options -enable-testing -index-store-path /Users/danielstevens/Library/Developer/Xcode/DerivedData/MomentumFinance-eyokbxaaqtnuhkdigvcnogoazegu/Index.noindex/DataStore -Xcc -D_LIBCPP_HARDENING_MODE\=_LIBCPP_HARDENING_MODE_DEBUG -swift-version 6 -I /Users/danielstevens/Library/Developer/Xcode/DerivedData/MomentumFinance-eyokbxaaqtnuhkdigvcnogoazegu/Build/Products/Debug -Isystem /Applications/Xcode-beta.app/Contents/Developer/Platforms/MacOSX.platform/Developer/usr/lib -F /Users/danielstevens/Library/Developer/Xcode/DerivedData/MomentumFinance-eyokbxaaqtnuhkdigvcnogoazegu/Build/Products/Debug -F /Applications/Xcode-beta.app/Contents/Developer/Platforms/MacOSX.platform/Developer/Library/Frameworks -c -j10 -enable-batch-mode -incremental -Xcc -ivfsstatcache -Xcc /Users/danielstevens/Library/Developer/Xcode/DerivedData/SDKStatCaches.noindex/macosx26.2-25C5031g-28ca432d5676da3146507086b13d17f8.sdkstatcache -output-file-map /Users/danielstevens/Library/Developer/Xcode/DerivedData/MomentumFinance-eyokbxaaqtnuhkdigvcnogoazegu/Build/Intermediates.noindex/MomentumFinance.build/Debug/MomentumFinanceTests.build/Objects-normal/arm64/MomentumFinanceTests-OutputFileMap.json -use-frontend-parseable-output -save-temps -no-color-diagnostics -explicit-module-build -module-cache-path /Users/danielstevens/Library/Developer/Xcode/DerivedData/MomentumFinance-eyokbxaaqtnuhkdigvcnogoazegu/Build/Intermediates.noindex/SwiftExplicitPrecompiledModules -clang-scanner-module-cache-path /Users/danielstevens/Library/Developer/Xcode/DerivedData/ModuleCache.noindex -sdk-module-cache-path /Users/danielstevens/Library/Developer/Xcode/DerivedData/ModuleCache.noindex -serialize-diagnostics -emit-dependencies -emit-module -emit-module-path /Users/danielstevens/Library/Developer/Xcode/DerivedData/MomentumFinance-eyokbxaaqtnuhkdigvcnogoazegu/Build/Intermediates.noindex/MomentumFinance.build/Debug/MomentumFinanceTests.build/Objects-normal/arm64/MomentumFinanceTests.swiftmodule -validate-clang-modules-once -clang-build-session-file /Users/danielstevens/Library/Developer/Xcode/DerivedData/ModuleCache.noindex/Session.modulevalidation -Xcc -I/Users/danielstevens/Library/Developer/Xcode/DerivedData/MomentumFinance-eyokbxaaqtnuhkdigvcnogoazegu/Build/Intermediates.noindex/MomentumFinance.build/Debug/MomentumFinanceTests.build/swift-overrides.hmap -emit-const-values -Xfrontend -const-gather-protocols-file -Xfrontend /Users/danielstevens/Library/Developer/Xcode/DerivedData/MomentumFinance-eyokbxaaqtnuhkdigvcnogoazegu/Build/Intermediates.noindex/MomentumFinance.build/Debug/MomentumFinanceTests.build/Objects-normal/arm64/MomentumFinanceTests_const_extract_protocols.json -Xcc -iquote -Xcc /Users/danielstevens/Library/Developer/Xcode/DerivedData/MomentumFinance-eyokbxaaqtnuhkdigvcnogoazegu/Build/Intermediates.noindex/MomentumFinance.build/Debug/MomentumFinanceTests.build/MomentumFinanceTests-generated-files.hmap -Xcc -I/Users/danielstevens/Library/Developer/Xcode/DerivedData/MomentumFinance-eyokbxaaqtnuhkdigvcnogoazegu/Build/Intermediates.noindex/MomentumFinance.build/Debug/MomentumFinanceTests.build/MomentumFinanceTests-own-target-headers.hmap -Xcc -I/Users/danielstevens/Library/Developer/Xcode/DerivedData/MomentumFinance-eyokbxaaqtnuhkdigvcnogoazegu/Build/Intermediates.noindex/MomentumFinance.build/Debug/MomentumFinanceTests.build/MomentumFinanceTests-all-target-headers.hmap -Xcc -iquote -Xcc /Users/danielstevens/Library/Developer/Xcode/DerivedData/MomentumFinance-eyokbxaaqtnuhkdigvcnogoazegu/Build/Intermediates.noindex/MomentumFinance.build/Debug/MomentumFinanceTests.build/MomentumFinanceTests-project-headers.hmap -Xcc -I/Users/danielstevens/Library/Developer/Xcode/DerivedData/MomentumFinance-eyokbxaaqtnuhkdigvcnogoazegu/Build/Products/Debug/include -Xcc -I/Users/danielstevens/Library/Developer/Xcode/DerivedData/MomentumFinance-eyokbxaaqtnuhkdigvcnogoazegu/Build/Intermediates.noindex/MomentumFinance.build/Debug/MomentumFinanceTests.build/DerivedSources-normal/arm64 -Xcc -I/Users/danielstevens/Library/Developer/Xcode/DerivedData/MomentumFinance-eyokbxaaqtnuhkdigvcnogoazegu/Build/Intermediates.noindex/MomentumFinance.build/Debug/MomentumFinanceTests.build/DerivedSources/arm64 -Xcc -I/Users/danielstevens/Library/Developer/Xcode/DerivedData/MomentumFinance-eyokbxaaqtnuhkdigvcnogoazegu/Build/Intermediates.noindex/MomentumFinance.build/Debug/MomentumFinanceTests.build/DerivedSources -Xcc -DDEBUG\=1 -emit-objc-header -emit-objc-header-path /Users/danielstevens/Library/Developer/Xcode/DerivedData/MomentumFinance-eyokbxaaqtnuhkdigvcnogoazegu/Build/Intermediates.noindex/MomentumFinance.build/Debug/MomentumFinanceTests.build/Objects-normal/arm64/MomentumFinanceTests-Swift.h -working-directory /Users/danielstevens/Desktop/github-projects/tools-automation/MomentumFinance -experimental-emit-module-separately -disable-cmo

CodeSign /Users/danielstevens/Library/Developer/Xcode/DerivedData/MomentumFinance-eyokbxaaqtnuhkdigvcnogoazegu/Build/Products/Debug/MomentumFinance.app/Contents/Frameworks/libXCTestBundleInject.dylib (in target 'MomentumFinance' from project 'MomentumFinance')
    cd /Users/danielstevens/Desktop/github-projects/tools-automation/MomentumFinance
    
    Signing Identity:     "Apple Development: dboone9@msn.com (72RDLR687H)"
    
    /usr/bin/codesign --force --sign C8FE4D15A7DE881CE3CCAEC52B7CC5E2DC30C6C1 --timestamp\=none --preserve-metadata\=identifier,entitlements,flags --generate-entitlement-der /Users/danielstevens/Library/Developer/Xcode/DerivedData/MomentumFinance-eyokbxaaqtnuhkdigvcnogoazegu/Build/Products/Debug/MomentumFinance.app/Contents/Frameworks/libXCTestBundleInject.dylib
/Users/danielstevens/Library/Developer/Xcode/DerivedData/MomentumFinance-eyokbxaaqtnuhkdigvcnogoazegu/Build/Products/Debug/MomentumFinance.app/Contents/Frameworks/libXCTestBundleInject.dylib: replacing existing signature

CodeSign /Users/danielstevens/Library/Developer/Xcode/DerivedData/MomentumFinance-eyokbxaaqtnuhkdigvcnogoazegu/Build/Products/Debug/MomentumFinance.app/Contents/Frameworks/XCUnit.framework (in target 'MomentumFinance' from project 'MomentumFinance')
    cd /Users/danielstevens/Desktop/github-projects/tools-automation/MomentumFinance
    
    Signing Identity:     "Apple Development: dboone9@msn.com (72RDLR687H)"
    
    /usr/bin/codesign --force --sign C8FE4D15A7DE881CE3CCAEC52B7CC5E2DC30C6C1 --timestamp\=none --preserve-metadata\=identifier,entitlements,flags --generate-entitlement-der /Users/danielstevens/Library/Developer/Xcode/DerivedData/MomentumFinance-eyokbxaaqtnuhkdigvcnogoazegu/Build/Products/Debug/MomentumFinance.app/Contents/Frameworks/XCUnit.framework
/Users/danielstevens/Library/Developer/Xcode/DerivedData/MomentumFinance-eyokbxaaqtnuhkdigvcnogoazegu/Build/Products/Debug/MomentumFinance.app/Contents/Frameworks/XCUnit.framework: replacing existing signature

CodeSign /Users/danielstevens/Library/Developer/Xcode/DerivedData/MomentumFinance-eyokbxaaqtnuhkdigvcnogoazegu/Build/Products/Debug/MomentumFinance.app/Contents/Frameworks/XCTest.framework (in target 'MomentumFinance' from project 'MomentumFinance')
    cd /Users/danielstevens/Desktop/github-projects/tools-automation/MomentumFinance
    
    Signing Identity:     "Apple Development: dboone9@msn.com (72RDLR687H)"
    
    /usr/bin/codesign --force --sign C8FE4D15A7DE881CE3CCAEC52B7CC5E2DC30C6C1 --timestamp\=none --preserve-metadata\=identifier,entitlements,flags --generate-entitlement-der /Users/danielstevens/Library/Developer/Xcode/DerivedData/MomentumFinance-eyokbxaaqtnuhkdigvcnogoazegu/Build/Products/Debug/MomentumFinance.app/Contents/Frameworks/XCTest.framework
/Users/danielstevens/Library/Developer/Xcode/DerivedData/MomentumFinance-eyokbxaaqtnuhkdigvcnogoazegu/Build/Products/Debug/MomentumFinance.app/Contents/Frameworks/XCTest.framework: replacing existing signature

CodeSign /Users/danielstevens/Library/Developer/Xcode/DerivedData/MomentumFinance-eyokbxaaqtnuhkdigvcnogoazegu/Build/Products/Debug/MomentumFinance.app/Contents/Frameworks/XCTestSupport.framework (in target 'MomentumFinance' from project 'MomentumFinance')
    cd /Users/danielstevens/Desktop/github-projects/tools-automation/MomentumFinance
    
    Signing Identity:     "Apple Development: dboone9@msn.com (72RDLR687H)"
    
    /usr/bin/codesign --force --sign C8FE4D15A7DE881CE3CCAEC52B7CC5E2DC30C6C1 --timestamp\=none --preserve-metadata\=identifier,entitlements,flags --generate-entitlement-der /Users/danielstevens/Library/Developer/Xcode/DerivedData/MomentumFinance-eyokbxaaqtnuhkdigvcnogoazegu/Build/Products/Debug/MomentumFinance.app/Contents/Frameworks/XCTestSupport.framework
/Users/danielstevens/Library/Developer/Xcode/DerivedData/MomentumFinance-eyokbxaaqtnuhkdigvcnogoazegu/Build/Products/Debug/MomentumFinance.app/Contents/Frameworks/XCTestSupport.framework: replacing existing signature

CodeSign /Users/danielstevens/Library/Developer/Xcode/DerivedData/MomentumFinance-eyokbxaaqtnuhkdigvcnogoazegu/Build/Products/Debug/MomentumFinance.app/Contents/Frameworks/XCTAutomationSupport.framework (in target 'MomentumFinance' from project 'MomentumFinance')
    cd /Users/danielstevens/Desktop/github-projects/tools-automation/MomentumFinance
    
    Signing Identity:     "Apple Development: dboone9@msn.com (72RDLR687H)"
    
    /usr/bin/codesign --force --sign C8FE4D15A7DE881CE3CCAEC52B7CC5E2DC30C6C1 --timestamp\=none --preserve-metadata\=identifier,entitlements,flags --generate-entitlement-der /Users/danielstevens/Library/Developer/Xcode/DerivedData/MomentumFinance-eyokbxaaqtnuhkdigvcnogoazegu/Build/Products/Debug/MomentumFinance.app/Contents/Frameworks/XCTAutomationSupport.framework
/Users/danielstevens/Library/Developer/Xcode/DerivedData/MomentumFinance-eyokbxaaqtnuhkdigvcnogoazegu/Build/Products/Debug/MomentumFinance.app/Contents/Frameworks/XCTAutomationSupport.framework: replacing existing signature

CodeSign /Users/danielstevens/Library/Developer/Xcode/DerivedData/MomentumFinance-eyokbxaaqtnuhkdigvcnogoazegu/Build/Products/Debug/MomentumFinance.app/Contents/Frameworks/XCTestCore.framework (in target 'MomentumFinance' from project 'MomentumFinance')
    cd /Users/danielstevens/Desktop/github-projects/tools-automation/MomentumFinance
    
    Signing Identity:     "Apple Development: dboone9@msn.com (72RDLR687H)"
    
    /usr/bin/codesign --force --sign C8FE4D15A7DE881CE3CCAEC52B7CC5E2DC30C6C1 --timestamp\=none --preserve-metadata\=identifier,entitlements,flags --generate-entitlement-der /Users/danielstevens/Library/Developer/Xcode/DerivedData/MomentumFinance-eyokbxaaqtnuhkdigvcnogoazegu/Build/Products/Debug/MomentumFinance.app/Contents/Frameworks/XCTestCore.framework
/Users/danielstevens/Library/Developer/Xcode/DerivedData/MomentumFinance-eyokbxaaqtnuhkdigvcnogoazegu/Build/Products/Debug/MomentumFinance.app/Contents/Frameworks/XCTestCore.framework: replacing existing signature

CodeSign /Users/danielstevens/Library/Developer/Xcode/DerivedData/MomentumFinance-eyokbxaaqtnuhkdigvcnogoazegu/Build/Products/Debug/MomentumFinance.app/Contents/Frameworks/XCUIAutomation.framework (in target 'MomentumFinance' from project 'MomentumFinance')
    cd /Users/danielstevens/Desktop/github-projects/tools-automation/MomentumFinance
    
    Signing Identity:     "Apple Development: dboone9@msn.com (72RDLR687H)"
    
    /usr/bin/codesign --force --sign C8FE4D15A7DE881CE3CCAEC52B7CC5E2DC30C6C1 --timestamp\=none --preserve-metadata\=identifier,entitlements,flags --generate-entitlement-der /Users/danielstevens/Library/Developer/Xcode/DerivedData/MomentumFinance-eyokbxaaqtnuhkdigvcnogoazegu/Build/Products/Debug/MomentumFinance.app/Contents/Frameworks/XCUIAutomation.framework
/Users/danielstevens/Library/Developer/Xcode/DerivedData/MomentumFinance-eyokbxaaqtnuhkdigvcnogoazegu/Build/Products/Debug/MomentumFinance.app/Contents/Frameworks/XCUIAutomation.framework: replacing existing signature

CodeSign /Users/danielstevens/Library/Developer/Xcode/DerivedData/MomentumFinance-eyokbxaaqtnuhkdigvcnogoazegu/Build/Products/Debug/MomentumFinance.app/Contents/Frameworks/Testing.framework (in target 'MomentumFinance' from project 'MomentumFinance')
    cd /Users/danielstevens/Desktop/github-projects/tools-automation/MomentumFinance
    
    Signing Identity:     "Apple Development: dboone9@msn.com (72RDLR687H)"
    
    /usr/bin/codesign --force --sign C8FE4D15A7DE881CE3CCAEC52B7CC5E2DC30C6C1 --timestamp\=none --preserve-metadata\=identifier,entitlements,flags --generate-entitlement-der /Users/danielstevens/Library/Developer/Xcode/DerivedData/MomentumFinance-eyokbxaaqtnuhkdigvcnogoazegu/Build/Products/Debug/MomentumFinance.app/Contents/Frameworks/Testing.framework
/Users/danielstevens/Library/Developer/Xcode/DerivedData/MomentumFinance-eyokbxaaqtnuhkdigvcnogoazegu/Build/Products/Debug/MomentumFinance.app/Contents/Frameworks/Testing.framework: replacing existing signature

ProcessInfoPlistFile /Users/danielstevens/Library/Developer/Xcode/DerivedData/MomentumFinance-eyokbxaaqtnuhkdigvcnogoazegu/Build/Products/Debug/MomentumFinance.app/Contents/PlugIns/MomentumFinanceTests.xctest/Contents/Info.plist /Users/danielstevens/Library/Developer/Xcode/DerivedData/MomentumFinance-eyokbxaaqtnuhkdigvcnogoazegu/Build/Intermediates.noindex/MomentumFinance.build/Debug/MomentumFinanceTests.build/empty-MomentumFinanceTests.plist (in target 'MomentumFinanceTests' from project 'MomentumFinance')
    cd /Users/danielstevens/Desktop/github-projects/tools-automation/MomentumFinance
    builtin-infoPlistUtility /Users/danielstevens/Library/Developer/Xcode/DerivedData/MomentumFinance-eyokbxaaqtnuhkdigvcnogoazegu/Build/Intermediates.noindex/MomentumFinance.build/Debug/MomentumFinanceTests.build/empty-MomentumFinanceTests.plist -producttype com.apple.product-type.bundle.unit-test -expandbuildsettings -platform macosx -o /Users/danielstevens/Library/Developer/Xcode/DerivedData/MomentumFinance-eyokbxaaqtnuhkdigvcnogoazegu/Build/Products/Debug/MomentumFinance.app/Contents/PlugIns/MomentumFinanceTests.xctest/Contents/Info.plist

SwiftCompile normal arm64 Compiling\ DataExporterContentTests.swift /Users/danielstevens/Desktop/github-projects/tools-automation/MomentumFinance/MomentumFinanceTests/DataExporterContentTests.swift (in target 'MomentumFinanceTests' from project 'MomentumFinance')

SwiftCompile normal arm64 /Users/danielstevens/Desktop/github-projects/tools-automation/MomentumFinance/MomentumFinanceTests/DataExporterContentTests.swift (in target 'MomentumFinanceTests' from project 'MomentumFinance')
    cd /Users/danielstevens/Desktop/github-projects/tools-automation/MomentumFinance
    
/Users/danielstevens/Desktop/github-projects/tools-automation/MomentumFinance/MomentumFinanceTests/DataExporterContentTests.swift:7:13: warning: initialization of immutable value 'app' was never used; consider replacing with assignment to '_' or removing it
        let app = XCUIApplication()
        ~~~~^~~
        _
/Users/danielstevens/Desktop/github-projects/tools-automation/MomentumFinance/MomentumFinanceTests/DataExporterContentTests.swift:7:19: warning: call to main actor-isolated initializer 'init()' in a synchronous nonisolated context
        let app = XCUIApplication()
                  ^
/Applications/Xcode-beta.app/Contents/Developer/Platforms/MacOSX.platform/Developer/Library/Frameworks/XCUIAutomation.framework/Headers/XCUIApplication.h:29:1: note: calls to initializer 'init()' from outside of its actor context are implicitly asynchronous
- (instancetype)init NS_DESIGNATED_INITIALIZER;
^
/Users/danielstevens/Desktop/github-projects/tools-automation/MomentumFinance/MomentumFinanceTests/DataExporterContentTests.swift:5:10: note: add '@MainActor' to make instance method 'testScreenshot()' part of global actor 'MainActor'
    func testScreenshot() throws {
         ^
    @MainActor 
/Users/danielstevens/Desktop/github-projects/tools-automation/MomentumFinance/MomentumFinanceTests/DataExporterContentTests.swift:10:42: warning: call to main actor-isolated instance method 'screenshot()' in a synchronous nonisolated context
        let screenshot = XCUIScreen.main.screenshot()
                                         ^
XCUIAutomation.XCUIScreen.screenshot:2:22: note: calls to instance method 'screenshot()' from outside of its actor context are implicitly asynchronous
@MainActor open func screenshot() -> XCUIScreenshot}
                     ^
/Users/danielstevens/Desktop/github-projects/tools-automation/MomentumFinance/MomentumFinanceTests/DataExporterContentTests.swift:5:10: note: add '@MainActor' to make instance method 'testScreenshot()' part of global actor 'MainActor'
    func testScreenshot() throws {
         ^
    @MainActor 
/Users/danielstevens/Desktop/github-projects/tools-automation/MomentumFinance/MomentumFinanceTests/DataExporterContentTests.swift:10:37: warning: main actor-isolated class property 'main' can not be referenced from a nonisolated context
        let screenshot = XCUIScreen.main.screenshot()
                                    ^
/Applications/Xcode-beta.app/Contents/Developer/Platforms/MacOSX.platform/Developer/Library/Frameworks/XCUIAutomation.framework/Headers/XCUIScreen.h:26:49: note: class property declared here
@property (class, readonly, strong) XCUIScreen *mainScreen;
                                                ^
/Users/danielstevens/Desktop/github-projects/tools-automation/MomentumFinance/MomentumFinanceTests/DataExporterContentTests.swift:5:10: note: add '@MainActor' to make instance method 'testScreenshot()' part of global actor 'MainActor'
    func testScreenshot() throws {
         ^
    @MainActor 

SwiftEmitModule normal arm64 Emitting\ module\ for\ MomentumFinanceTests (in target 'MomentumFinanceTests' from project 'MomentumFinance')

EmitSwiftModule normal arm64 (in target 'MomentumFinanceTests' from project 'MomentumFinance')
    cd /Users/danielstevens/Desktop/github-projects/tools-automation/MomentumFinance
    

SwiftDriverJobDiscovery normal arm64 Emitting module for MomentumFinanceTests (in target 'MomentumFinanceTests' from project 'MomentumFinance')

SwiftDriver\ Compilation\ Requirements MomentumFinanceTests normal arm64 com.apple.xcode.tools.swift.compiler (in target 'MomentumFinanceTests' from project 'MomentumFinance')
    cd /Users/danielstevens/Desktop/github-projects/tools-automation/MomentumFinance
    builtin-Swift-Compilation-Requirements -- /Applications/Xcode-beta.app/Contents/Developer/Toolchains/XcodeDefault.xctoolchain/usr/bin/swiftc -module-name MomentumFinanceTests -Onone -enforce-exclusivity\=checked @/Users/danielstevens/Library/Developer/Xcode/DerivedData/MomentumFinance-eyokbxaaqtnuhkdigvcnogoazegu/Build/Intermediates.noindex/MomentumFinance.build/Debug/MomentumFinanceTests.build/Objects-normal/arm64/MomentumFinanceTests.SwiftFileList -DDEBUG -plugin-path /Applications/Xcode-beta.app/Contents/Developer/Toolchains/XcodeDefault.xctoolchain/usr/lib/swift/host/plugins/testing -enable-experimental-feature DebugDescriptionMacro -sdk /Applications/Xcode-beta.app/Contents/Developer/Platforms/MacOSX.platform/Developer/SDKs/MacOSX26.2.sdk -target arm64-apple-macos26.2 -g -module-cache-path /Users/danielstevens/Library/Developer/Xcode/DerivedData/ModuleCache.noindex -Xfrontend -serialize-debugging-options -enable-testing -index-store-path /Users/danielstevens/Library/Developer/Xcode/DerivedData/MomentumFinance-eyokbxaaqtnuhkdigvcnogoazegu/Index.noindex/DataStore -Xcc -D_LIBCPP_HARDENING_MODE\=_LIBCPP_HARDENING_MODE_DEBUG -swift-version 6 -I /Users/danielstevens/Library/Developer/Xcode/DerivedData/MomentumFinance-eyokbxaaqtnuhkdigvcnogoazegu/Build/Products/Debug -Isystem /Applications/Xcode-beta.app/Contents/Developer/Platforms/MacOSX.platform/Developer/usr/lib -F /Users/danielstevens/Library/Developer/Xcode/DerivedData/MomentumFinance-eyokbxaaqtnuhkdigvcnogoazegu/Build/Products/Debug -F /Applications/Xcode-beta.app/Contents/Developer/Platforms/MacOSX.platform/Developer/Library/Frameworks -c -j10 -enable-batch-mode -incremental -Xcc -ivfsstatcache -Xcc /Users/danielstevens/Library/Developer/Xcode/DerivedData/SDKStatCaches.noindex/macosx26.2-25C5031g-28ca432d5676da3146507086b13d17f8.sdkstatcache -output-file-map /Users/danielstevens/Library/Developer/Xcode/DerivedData/MomentumFinance-eyokbxaaqtnuhkdigvcnogoazegu/Build/Intermediates.noindex/MomentumFinance.build/Debug/MomentumFinanceTests.build/Objects-normal/arm64/MomentumFinanceTests-OutputFileMap.json -use-frontend-parseable-output -save-temps -no-color-diagnostics -explicit-module-build -module-cache-path /Users/danielstevens/Library/Developer/Xcode/DerivedData/MomentumFinance-eyokbxaaqtnuhkdigvcnogoazegu/Build/Intermediates.noindex/SwiftExplicitPrecompiledModules -clang-scanner-module-cache-path /Users/danielstevens/Library/Developer/Xcode/DerivedData/ModuleCache.noindex -sdk-module-cache-path /Users/danielstevens/Library/Developer/Xcode/DerivedData/ModuleCache.noindex -serialize-diagnostics -emit-dependencies -emit-module -emit-module-path /Users/danielstevens/Library/Developer/Xcode/DerivedData/MomentumFinance-eyokbxaaqtnuhkdigvcnogoazegu/Build/Intermediates.noindex/MomentumFinance.build/Debug/MomentumFinanceTests.build/Objects-normal/arm64/MomentumFinanceTests.swiftmodule -validate-clang-modules-once -clang-build-session-file /Users/danielstevens/Library/Developer/Xcode/DerivedData/ModuleCache.noindex/Session.modulevalidation -Xcc -I/Users/danielstevens/Library/Developer/Xcode/DerivedData/MomentumFinance-eyokbxaaqtnuhkdigvcnogoazegu/Build/Intermediates.noindex/MomentumFinance.build/Debug/MomentumFinanceTests.build/swift-overrides.hmap -emit-const-values -Xfrontend -const-gather-protocols-file -Xfrontend /Users/danielstevens/Library/Developer/Xcode/DerivedData/MomentumFinance-eyokbxaaqtnuhkdigvcnogoazegu/Build/Intermediates.noindex/MomentumFinance.build/Debug/MomentumFinanceTests.build/Objects-normal/arm64/MomentumFinanceTests_const_extract_protocols.json -Xcc -iquote -Xcc /Users/danielstevens/Library/Developer/Xcode/DerivedData/MomentumFinance-eyokbxaaqtnuhkdigvcnogoazegu/Build/Intermediates.noindex/MomentumFinance.build/Debug/MomentumFinanceTests.build/MomentumFinanceTests-generated-files.hmap -Xcc -I/Users/danielstevens/Library/Developer/Xcode/DerivedData/MomentumFinance-eyokbxaaqtnuhkdigvcnogoazegu/Build/Intermediates.noindex/MomentumFinance.build/Debug/MomentumFinanceTests.build/MomentumFinanceTests-own-target-headers.hmap -Xcc -I/Users/danielstevens/Library/Developer/Xcode/DerivedData/MomentumFinance-eyokbxaaqtnuhkdigvcnogoazegu/Build/Intermediates.noindex/MomentumFinance.build/Debug/MomentumFinanceTests.build/MomentumFinanceTests-all-target-headers.hmap -Xcc -iquote -Xcc /Users/danielstevens/Library/Developer/Xcode/DerivedData/MomentumFinance-eyokbxaaqtnuhkdigvcnogoazegu/Build/Intermediates.noindex/MomentumFinance.build/Debug/MomentumFinanceTests.build/MomentumFinanceTests-project-headers.hmap -Xcc -I/Users/danielstevens/Library/Developer/Xcode/DerivedData/MomentumFinance-eyokbxaaqtnuhkdigvcnogoazegu/Build/Products/Debug/include -Xcc -I/Users/danielstevens/Library/Developer/Xcode/DerivedData/MomentumFinance-eyokbxaaqtnuhkdigvcnogoazegu/Build/Intermediates.noindex/MomentumFinance.build/Debug/MomentumFinanceTests.build/DerivedSources-normal/arm64 -Xcc -I/Users/danielstevens/Library/Developer/Xcode/DerivedData/MomentumFinance-eyokbxaaqtnuhkdigvcnogoazegu/Build/Intermediates.noindex/MomentumFinance.build/Debug/MomentumFinanceTests.build/DerivedSources/arm64 -Xcc -I/Users/danielstevens/Library/Developer/Xcode/DerivedData/MomentumFinance-eyokbxaaqtnuhkdigvcnogoazegu/Build/Intermediates.noindex/MomentumFinance.build/Debug/MomentumFinanceTests.build/DerivedSources -Xcc -DDEBUG\=1 -emit-objc-header -emit-objc-header-path /Users/danielstevens/Library/Developer/Xcode/DerivedData/MomentumFinance-eyokbxaaqtnuhkdigvcnogoazegu/Build/Intermediates.noindex/MomentumFinance.build/Debug/MomentumFinanceTests.build/Objects-normal/arm64/MomentumFinanceTests-Swift.h -working-directory /Users/danielstevens/Desktop/github-projects/tools-automation/MomentumFinance -experimental-emit-module-separately -disable-cmo

Copy /Users/danielstevens/Library/Developer/Xcode/DerivedData/MomentumFinance-eyokbxaaqtnuhkdigvcnogoazegu/Build/Products/Debug/MomentumFinanceTests.swiftmodule/arm64-apple-macos.swiftmodule /Users/danielstevens/Library/Developer/Xcode/DerivedData/MomentumFinance-eyokbxaaqtnuhkdigvcnogoazegu/Build/Intermediates.noindex/MomentumFinance.build/Debug/MomentumFinanceTests.build/Objects-normal/arm64/MomentumFinanceTests.swiftmodule (in target 'MomentumFinanceTests' from project 'MomentumFinance')
    cd /Users/danielstevens/Desktop/github-projects/tools-automation/MomentumFinance
    builtin-copy -exclude .DS_Store -exclude CVS -exclude .svn -exclude .git -exclude .hg -resolve-src-symlinks -rename /Users/danielstevens/Library/Developer/Xcode/DerivedData/MomentumFinance-eyokbxaaqtnuhkdigvcnogoazegu/Build/Intermediates.noindex/MomentumFinance.build/Debug/MomentumFinanceTests.build/Objects-normal/arm64/MomentumFinanceTests.swiftmodule /Users/danielstevens/Library/Developer/Xcode/DerivedData/MomentumFinance-eyokbxaaqtnuhkdigvcnogoazegu/Build/Products/Debug/MomentumFinanceTests.swiftmodule/arm64-apple-macos.swiftmodule

Copy /Users/danielstevens/Library/Developer/Xcode/DerivedData/MomentumFinance-eyokbxaaqtnuhkdigvcnogoazegu/Build/Products/Debug/MomentumFinanceTests.swiftmodule/arm64-apple-macos.abi.json /Users/danielstevens/Library/Developer/Xcode/DerivedData/MomentumFinance-eyokbxaaqtnuhkdigvcnogoazegu/Build/Intermediates.noindex/MomentumFinance.build/Debug/MomentumFinanceTests.build/Objects-normal/arm64/MomentumFinanceTests.abi.json (in target 'MomentumFinanceTests' from project 'MomentumFinance')
    cd /Users/danielstevens/Desktop/github-projects/tools-automation/MomentumFinance
    builtin-copy -exclude .DS_Store -exclude CVS -exclude .svn -exclude .git -exclude .hg -resolve-src-symlinks -rename /Users/danielstevens/Library/Developer/Xcode/DerivedData/MomentumFinance-eyokbxaaqtnuhkdigvcnogoazegu/Build/Intermediates.noindex/MomentumFinance.build/Debug/MomentumFinanceTests.build/Objects-normal/arm64/MomentumFinanceTests.abi.json /Users/danielstevens/Library/Developer/Xcode/DerivedData/MomentumFinance-eyokbxaaqtnuhkdigvcnogoazegu/Build/Products/Debug/MomentumFinanceTests.swiftmodule/arm64-apple-macos.abi.json

Copy /Users/danielstevens/Library/Developer/Xcode/DerivedData/MomentumFinance-eyokbxaaqtnuhkdigvcnogoazegu/Build/Products/Debug/MomentumFinanceTests.swiftmodule/Project/arm64-apple-macos.swiftsourceinfo /Users/danielstevens/Library/Developer/Xcode/DerivedData/MomentumFinance-eyokbxaaqtnuhkdigvcnogoazegu/Build/Intermediates.noindex/MomentumFinance.build/Debug/MomentumFinanceTests.build/Objects-normal/arm64/MomentumFinanceTests.swiftsourceinfo (in target 'MomentumFinanceTests' from project 'MomentumFinance')
    cd /Users/danielstevens/Desktop/github-projects/tools-automation/MomentumFinance
    builtin-copy -exclude .DS_Store -exclude CVS -exclude .svn -exclude .git -exclude .hg -resolve-src-symlinks -rename /Users/danielstevens/Library/Developer/Xcode/DerivedData/MomentumFinance-eyokbxaaqtnuhkdigvcnogoazegu/Build/Intermediates.noindex/MomentumFinance.build/Debug/MomentumFinanceTests.build/Objects-normal/arm64/MomentumFinanceTests.swiftsourceinfo /Users/danielstevens/Library/Developer/Xcode/DerivedData/MomentumFinance-eyokbxaaqtnuhkdigvcnogoazegu/Build/Products/Debug/MomentumFinanceTests.swiftmodule/Project/arm64-apple-macos.swiftsourceinfo

SwiftDriverJobDiscovery normal arm64 Compiling DataExporterContentTests.swift (in target 'MomentumFinanceTests' from project 'MomentumFinance')

SwiftDriver\ Compilation MomentumFinanceTests normal arm64 com.apple.xcode.tools.swift.compiler (in target 'MomentumFinanceTests' from project 'MomentumFinance')
    cd /Users/danielstevens/Desktop/github-projects/tools-automation/MomentumFinance
    builtin-Swift-Compilation -- /Applications/Xcode-beta.app/Contents/Developer/Toolchains/XcodeDefault.xctoolchain/usr/bin/swiftc -module-name MomentumFinanceTests -Onone -enforce-exclusivity\=checked @/Users/danielstevens/Library/Developer/Xcode/DerivedData/MomentumFinance-eyokbxaaqtnuhkdigvcnogoazegu/Build/Intermediates.noindex/MomentumFinance.build/Debug/MomentumFinanceTests.build/Objects-normal/arm64/MomentumFinanceTests.SwiftFileList -DDEBUG -plugin-path /Applications/Xcode-beta.app/Contents/Developer/Toolchains/XcodeDefault.xctoolchain/usr/lib/swift/host/plugins/testing -enable-experimental-feature DebugDescriptionMacro -sdk /Applications/Xcode-beta.app/Contents/Developer/Platforms/MacOSX.platform/Developer/SDKs/MacOSX26.2.sdk -target arm64-apple-macos26.2 -g -module-cache-path /Users/danielstevens/Library/Developer/Xcode/DerivedData/ModuleCache.noindex -Xfrontend -serialize-debugging-options -enable-testing -index-store-path /Users/danielstevens/Library/Developer/Xcode/DerivedData/MomentumFinance-eyokbxaaqtnuhkdigvcnogoazegu/Index.noindex/DataStore -Xcc -D_LIBCPP_HARDENING_MODE\=_LIBCPP_HARDENING_MODE_DEBUG -swift-version 6 -I /Users/danielstevens/Library/Developer/Xcode/DerivedData/MomentumFinance-eyokbxaaqtnuhkdigvcnogoazegu/Build/Products/Debug -Isystem /Applications/Xcode-beta.app/Contents/Developer/Platforms/MacOSX.platform/Developer/usr/lib -F /Users/danielstevens/Library/Developer/Xcode/DerivedData/MomentumFinance-eyokbxaaqtnuhkdigvcnogoazegu/Build/Products/Debug -F /Applications/Xcode-beta.app/Contents/Developer/Platforms/MacOSX.platform/Developer/Library/Frameworks -c -j10 -enable-batch-mode -incremental -Xcc -ivfsstatcache -Xcc /Users/danielstevens/Library/Developer/Xcode/DerivedData/SDKStatCaches.noindex/macosx26.2-25C5031g-28ca432d5676da3146507086b13d17f8.sdkstatcache -output-file-map /Users/danielstevens/Library/Developer/Xcode/DerivedData/MomentumFinance-eyokbxaaqtnuhkdigvcnogoazegu/Build/Intermediates.noindex/MomentumFinance.build/Debug/MomentumFinanceTests.build/Objects-normal/arm64/MomentumFinanceTests-OutputFileMap.json -use-frontend-parseable-output -save-temps -no-color-diagnostics -explicit-module-build -module-cache-path /Users/danielstevens/Library/Developer/Xcode/DerivedData/MomentumFinance-eyokbxaaqtnuhkdigvcnogoazegu/Build/Intermediates.noindex/SwiftExplicitPrecompiledModules -clang-scanner-module-cache-path /Users/danielstevens/Library/Developer/Xcode/DerivedData/ModuleCache.noindex -sdk-module-cache-path /Users/danielstevens/Library/Developer/Xcode/DerivedData/ModuleCache.noindex -serialize-diagnostics -emit-dependencies -emit-module -emit-module-path /Users/danielstevens/Library/Developer/Xcode/DerivedData/MomentumFinance-eyokbxaaqtnuhkdigvcnogoazegu/Build/Intermediates.noindex/MomentumFinance.build/Debug/MomentumFinanceTests.build/Objects-normal/arm64/MomentumFinanceTests.swiftmodule -validate-clang-modules-once -clang-build-session-file /Users/danielstevens/Library/Developer/Xcode/DerivedData/ModuleCache.noindex/Session.modulevalidation -Xcc -I/Users/danielstevens/Library/Developer/Xcode/DerivedData/MomentumFinance-eyokbxaaqtnuhkdigvcnogoazegu/Build/Intermediates.noindex/MomentumFinance.build/Debug/MomentumFinanceTests.build/swift-overrides.hmap -emit-const-values -Xfrontend -const-gather-protocols-file -Xfrontend /Users/danielstevens/Library/Developer/Xcode/DerivedData/MomentumFinance-eyokbxaaqtnuhkdigvcnogoazegu/Build/Intermediates.noindex/MomentumFinance.build/Debug/MomentumFinanceTests.build/Objects-normal/arm64/MomentumFinanceTests_const_extract_protocols.json -Xcc -iquote -Xcc /Users/danielstevens/Library/Developer/Xcode/DerivedData/MomentumFinance-eyokbxaaqtnuhkdigvcnogoazegu/Build/Intermediates.noindex/MomentumFinance.build/Debug/MomentumFinanceTests.build/MomentumFinanceTests-generated-files.hmap -Xcc -I/Users/danielstevens/Library/Developer/Xcode/DerivedData/MomentumFinance-eyokbxaaqtnuhkdigvcnogoazegu/Build/Intermediates.noindex/MomentumFinance.build/Debug/MomentumFinanceTests.build/MomentumFinanceTests-own-target-headers.hmap -Xcc -I/Users/danielstevens/Library/Developer/Xcode/DerivedData/MomentumFinance-eyokbxaaqtnuhkdigvcnogoazegu/Build/Intermediates.noindex/MomentumFinance.build/Debug/MomentumFinanceTests.build/MomentumFinanceTests-all-target-headers.hmap -Xcc -iquote -Xcc /Users/danielstevens/Library/Developer/Xcode/DerivedData/MomentumFinance-eyokbxaaqtnuhkdigvcnogoazegu/Build/Intermediates.noindex/MomentumFinance.build/Debug/MomentumFinanceTests.build/MomentumFinanceTests-project-headers.hmap -Xcc -I/Users/danielstevens/Library/Developer/Xcode/DerivedData/MomentumFinance-eyokbxaaqtnuhkdigvcnogoazegu/Build/Products/Debug/include -Xcc -I/Users/danielstevens/Library/Developer/Xcode/DerivedData/MomentumFinance-eyokbxaaqtnuhkdigvcnogoazegu/Build/Intermediates.noindex/MomentumFinance.build/Debug/MomentumFinanceTests.build/DerivedSources-normal/arm64 -Xcc -I/Users/danielstevens/Library/Developer/Xcode/DerivedData/MomentumFinance-eyokbxaaqtnuhkdigvcnogoazegu/Build/Intermediates.noindex/MomentumFinance.build/Debug/MomentumFinanceTests.build/DerivedSources/arm64 -Xcc -I/Users/danielstevens/Library/Developer/Xcode/DerivedData/MomentumFinance-eyokbxaaqtnuhkdigvcnogoazegu/Build/Intermediates.noindex/MomentumFinance.build/Debug/MomentumFinanceTests.build/DerivedSources -Xcc -DDEBUG\=1 -emit-objc-header -emit-objc-header-path /Users/danielstevens/Library/Developer/Xcode/DerivedData/MomentumFinance-eyokbxaaqtnuhkdigvcnogoazegu/Build/Intermediates.noindex/MomentumFinance.build/Debug/MomentumFinanceTests.build/Objects-normal/arm64/MomentumFinanceTests-Swift.h -working-directory /Users/danielstevens/Desktop/github-projects/tools-automation/MomentumFinance -experimental-emit-module-separately -disable-cmo

Ld /Users/danielstevens/Library/Developer/Xcode/DerivedData/MomentumFinance-eyokbxaaqtnuhkdigvcnogoazegu/Build/Products/Debug/MomentumFinance.app/Contents/PlugIns/MomentumFinanceTests.xctest/Contents/MacOS/MomentumFinanceTests normal (in target 'MomentumFinanceTests' from project 'MomentumFinance')
    cd /Users/danielstevens/Desktop/github-projects/tools-automation/MomentumFinance
    /Applications/Xcode-beta.app/Contents/Developer/Toolchains/XcodeDefault.xctoolchain/usr/bin/clang -Xlinker -reproducible -target arm64-apple-macos26.2 -bundle -isysroot /Applications/Xcode-beta.app/Contents/Developer/Platforms/MacOSX.platform/Developer/SDKs/MacOSX26.2.sdk -O0 -L/Users/danielstevens/Library/Developer/Xcode/DerivedData/MomentumFinance-eyokbxaaqtnuhkdigvcnogoazegu/Build/Intermediates.noindex/EagerLinkingTBDs/Debug -L/Users/danielstevens/Library/Developer/Xcode/DerivedData/MomentumFinance-eyokbxaaqtnuhkdigvcnogoazegu/Build/Products/Debug -L/Applications/Xcode-beta.app/Contents/Developer/Platforms/MacOSX.platform/Developer/usr/lib -F/Users/danielstevens/Library/Developer/Xcode/DerivedData/MomentumFinance-eyokbxaaqtnuhkdigvcnogoazegu/Build/Intermediates.noindex/EagerLinkingTBDs/Debug -F/Users/danielstevens/Library/Developer/Xcode/DerivedData/MomentumFinance-eyokbxaaqtnuhkdigvcnogoazegu/Build/Products/Debug -iframework /Applications/Xcode-beta.app/Contents/Developer/Platforms/MacOSX.platform/Developer/Library/Frameworks -filelist /Users/danielstevens/Library/Developer/Xcode/DerivedData/MomentumFinance-eyokbxaaqtnuhkdigvcnogoazegu/Build/Intermediates.noindex/MomentumFinance.build/Debug/MomentumFinanceTests.build/Objects-normal/arm64/MomentumFinanceTests.LinkFileList -Xlinker -rpath -Xlinker @loader_path/../Frameworks -Xlinker -rpath -Xlinker @executable_path/Frameworks -Xlinker -rpath -Xlinker @loader_path/Frameworks -Xlinker -rpath -Xlinker @executable_path/../Frameworks -dead_strip -bundle_loader /Users/danielstevens/Library/Developer/Xcode/DerivedData/MomentumFinance-eyokbxaaqtnuhkdigvcnogoazegu/Build/Products/Debug/MomentumFinance.app/Contents/MacOS/MomentumFinance -Xlinker -object_path_lto -Xlinker /Users/danielstevens/Library/Developer/Xcode/DerivedData/MomentumFinance-eyokbxaaqtnuhkdigvcnogoazegu/Build/Intermediates.noindex/MomentumFinance.build/Debug/MomentumFinanceTests.build/Objects-normal/arm64/MomentumFinanceTests_lto.o -rdynamic -Xlinker -no_deduplicate -Xlinker -dependency_info -Xlinker /Users/danielstevens/Library/Developer/Xcode/DerivedData/MomentumFinance-eyokbxaaqtnuhkdigvcnogoazegu/Build/Intermediates.noindex/MomentumFinance.build/Debug/MomentumFinanceTests.build/Objects-normal/arm64/MomentumFinanceTests_dependency_info.dat -fobjc-link-runtime -L/Applications/Xcode-beta.app/Contents/Developer/Toolchains/XcodeDefault.xctoolchain/usr/lib/swift/macosx -L/usr/lib/swift -Xlinker -add_ast_path -Xlinker /Users/danielstevens/Library/Developer/Xcode/DerivedData/MomentumFinance-eyokbxaaqtnuhkdigvcnogoazegu/Build/Intermediates.noindex/MomentumFinance.build/Debug/MomentumFinanceTests.build/Objects-normal/arm64/MomentumFinanceTests.swiftmodule @/Users/danielstevens/Library/Developer/Xcode/DerivedData/MomentumFinance-eyokbxaaqtnuhkdigvcnogoazegu/Build/Intermediates.noindex/MomentumFinance.build/Debug/MomentumFinanceTests.build/Objects-normal/arm64/MomentumFinanceTests-linker-args.resp -Xlinker -needed_framework -Xlinker XCTest -framework XCTest -Xlinker -needed-lXCTestSwiftSupport -lXCTestSwiftSupport /Users/danielstevens/Library/Developer/Xcode/DerivedData/MomentumFinance-eyokbxaaqtnuhkdigvcnogoazegu/Build/Products/Debug/MomentumFinance.app/Contents/MacOS/MomentumFinance.debug.dylib -Xlinker -no_adhoc_codesign -o /Users/danielstevens/Library/Developer/Xcode/DerivedData/MomentumFinance-eyokbxaaqtnuhkdigvcnogoazegu/Build/Products/Debug/MomentumFinance.app/Contents/PlugIns/MomentumFinanceTests.xctest/Contents/MacOS/MomentumFinanceTests

CopySwiftLibs /Users/danielstevens/Library/Developer/Xcode/DerivedData/MomentumFinance-eyokbxaaqtnuhkdigvcnogoazegu/Build/Products/Debug/MomentumFinance.app/Contents/PlugIns/MomentumFinanceTests.xctest (in target 'MomentumFinanceTests' from project 'MomentumFinance')
    cd /Users/danielstevens/Desktop/github-projects/tools-automation/MomentumFinance
    builtin-swiftStdLibTool --copy --verbose --sign C8FE4D15A7DE881CE3CCAEC52B7CC5E2DC30C6C1 --scan-executable /Users/danielstevens/Library/Developer/Xcode/DerivedData/MomentumFinance-eyokbxaaqtnuhkdigvcnogoazegu/Build/Products/Debug/MomentumFinance.app/Contents/PlugIns/MomentumFinanceTests.xctest/Contents/MacOS/MomentumFinanceTests --scan-folder /Users/danielstevens/Library/Developer/Xcode/DerivedData/MomentumFinance-eyokbxaaqtnuhkdigvcnogoazegu/Build/Products/Debug/MomentumFinance.app/Contents/PlugIns/MomentumFinanceTests.xctest/Contents/Frameworks --scan-folder /Users/danielstevens/Library/Developer/Xcode/DerivedData/MomentumFinance-eyokbxaaqtnuhkdigvcnogoazegu/Build/Products/Debug/MomentumFinance.app/Contents/PlugIns/MomentumFinanceTests.xctest/Contents/PlugIns --scan-folder /Users/danielstevens/Library/Developer/Xcode/DerivedData/MomentumFinance-eyokbxaaqtnuhkdigvcnogoazegu/Build/Products/Debug/MomentumFinance.app/Contents/PlugIns/MomentumFinanceTests.xctest/Contents/Library/SystemExtensions --scan-folder /Users/danielstevens/Library/Developer/Xcode/DerivedData/MomentumFinance-eyokbxaaqtnuhkdigvcnogoazegu/Build/Products/Debug/MomentumFinance.app/Contents/PlugIns/MomentumFinanceTests.xctest/Contents/Extensions --platform macosx --toolchain /Applications/Xcode-beta.app/Contents/Developer/Toolchains/XcodeDefault.xctoolchain --destination /Users/danielstevens/Library/Developer/Xcode/DerivedData/MomentumFinance-eyokbxaaqtnuhkdigvcnogoazegu/Build/Products/Debug/MomentumFinance.app/Contents/PlugIns/MomentumFinanceTests.xctest/Contents/Frameworks --strip-bitcode --scan-executable /Applications/Xcode-beta.app/Contents/Developer/Platforms/MacOSX.platform/Developer/usr/lib/libXCTestSwiftSupport.dylib --strip-bitcode-tool /Applications/Xcode-beta.app/Contents/Developer/Toolchains/XcodeDefault.xctoolchain/usr/bin/bitcode_strip --emit-dependency-info /Users/danielstevens/Library/Developer/Xcode/DerivedData/MomentumFinance-eyokbxaaqtnuhkdigvcnogoazegu/Build/Intermediates.noindex/MomentumFinance.build/Debug/MomentumFinanceTests.build/SwiftStdLibToolInputDependencies.dep --filter-for-swift-os

ExtractAppIntentsMetadata (in target 'MomentumFinanceTests' from project 'MomentumFinance')
    cd /Users/danielstevens/Desktop/github-projects/tools-automation/MomentumFinance
    /Applications/Xcode-beta.app/Contents/Developer/Toolchains/XcodeDefault.xctoolchain/usr/bin/appintentsmetadataprocessor --toolchain-dir /Applications/Xcode-beta.app/Contents/Developer/Toolchains/XcodeDefault.xctoolchain --module-name MomentumFinanceTests --sdk-root /Applications/Xcode-beta.app/Contents/Developer/Platforms/MacOSX.platform/Developer/SDKs/MacOSX26.2.sdk --xcode-version 17C5013i --platform-family macOS --deployment-target 26.2 --bundle-identifier com.momentumfinance.MomentumFinanceTests --output /Users/danielstevens/Library/Developer/Xcode/DerivedData/MomentumFinance-eyokbxaaqtnuhkdigvcnogoazegu/Build/Products/Debug/MomentumFinance.app/Contents/PlugIns/MomentumFinanceTests.xctest/Contents/Resources --target-triple arm64-apple-macos26.2 --binary-file /Users/danielstevens/Library/Developer/Xcode/DerivedData/MomentumFinance-eyokbxaaqtnuhkdigvcnogoazegu/Build/Products/Debug/MomentumFinance.app/Contents/PlugIns/MomentumFinanceTests.xctest/Contents/MacOS/MomentumFinanceTests --dependency-file /Users/danielstevens/Library/Developer/Xcode/DerivedData/MomentumFinance-eyokbxaaqtnuhkdigvcnogoazegu/Build/Intermediates.noindex/MomentumFinance.build/Debug/MomentumFinanceTests.build/Objects-normal/arm64/MomentumFinanceTests_dependency_info.dat --stringsdata-file /Users/danielstevens/Library/Developer/Xcode/DerivedData/MomentumFinance-eyokbxaaqtnuhkdigvcnogoazegu/Build/Intermediates.noindex/MomentumFinance.build/Debug/MomentumFinanceTests.build/Objects-normal/arm64/ExtractedAppShortcutsMetadata.stringsdata --source-file-list /Users/danielstevens/Library/Developer/Xcode/DerivedData/MomentumFinance-eyokbxaaqtnuhkdigvcnogoazegu/Build/Intermediates.noindex/MomentumFinance.build/Debug/MomentumFinanceTests.build/Objects-normal/arm64/MomentumFinanceTests.SwiftFileList --metadata-file-list /Users/danielstevens/Library/Developer/Xcode/DerivedData/MomentumFinance-eyokbxaaqtnuhkdigvcnogoazegu/Build/Intermediates.noindex/MomentumFinance.build/Debug/MomentumFinanceTests.build/MomentumFinanceTests.DependencyMetadataFileList --static-metadata-file-list /Users/danielstevens/Library/Developer/Xcode/DerivedData/MomentumFinance-eyokbxaaqtnuhkdigvcnogoazegu/Build/Intermediates.noindex/MomentumFinance.build/Debug/MomentumFinanceTests.build/MomentumFinanceTests.DependencyStaticMetadataFileList --swift-const-vals-list /Users/danielstevens/Library/Developer/Xcode/DerivedData/MomentumFinance-eyokbxaaqtnuhkdigvcnogoazegu/Build/Intermediates.noindex/MomentumFinance.build/Debug/MomentumFinanceTests.build/Objects-normal/arm64/MomentumFinanceTests.SwiftConstValuesFileList --compile-time-extraction --deployment-aware-processing --validate-assistant-intents --no-app-shortcuts-localization
2025-11-26 12:57:06.076 appintentsmetadataprocessor[35551:1431734] Starting appintentsmetadataprocessor export
2025-11-26 12:57:06.078 appintentsmetadataprocessor[35551:1431734] warning: Metadata extraction skipped. No AppIntents.framework dependency found.

CodeSign /Users/danielstevens/Library/Developer/Xcode/DerivedData/MomentumFinance-eyokbxaaqtnuhkdigvcnogoazegu/Build/Products/Debug/MomentumFinance.app/Contents/PlugIns/MomentumFinanceTests.xctest (in target 'MomentumFinanceTests' from project 'MomentumFinance')
    cd /Users/danielstevens/Desktop/github-projects/tools-automation/MomentumFinance
    
    Signing Identity:     "Apple Development: dboone9@msn.com (72RDLR687H)"
    
    /usr/bin/codesign --force --sign C8FE4D15A7DE881CE3CCAEC52B7CC5E2DC30C6C1 --timestamp\=none --generate-entitlement-der /Users/danielstevens/Library/Developer/Xcode/DerivedData/MomentumFinance-eyokbxaaqtnuhkdigvcnogoazegu/Build/Products/Debug/MomentumFinance.app/Contents/PlugIns/MomentumFinanceTests.xctest

RegisterExecutionPolicyException /Users/danielstevens/Library/Developer/Xcode/DerivedData/MomentumFinance-eyokbxaaqtnuhkdigvcnogoazegu/Build/Products/Debug/MomentumFinance.app/Contents/PlugIns/MomentumFinanceTests.xctest (in target 'MomentumFinanceTests' from project 'MomentumFinance')
    cd /Users/danielstevens/Desktop/github-projects/tools-automation/MomentumFinance
    builtin-RegisterExecutionPolicyException /Users/danielstevens/Library/Developer/Xcode/DerivedData/MomentumFinance-eyokbxaaqtnuhkdigvcnogoazegu/Build/Products/Debug/MomentumFinance.app/Contents/PlugIns/MomentumFinanceTests.xctest

Touch /Users/danielstevens/Library/Developer/Xcode/DerivedData/MomentumFinance-eyokbxaaqtnuhkdigvcnogoazegu/Build/Products/Debug/MomentumFinance.app/Contents/PlugIns/MomentumFinanceTests.xctest (in target 'MomentumFinanceTests' from project 'MomentumFinance')
    cd /Users/danielstevens/Desktop/github-projects/tools-automation/MomentumFinance
    /usr/bin/touch -c /Users/danielstevens/Library/Developer/Xcode/DerivedData/MomentumFinance-eyokbxaaqtnuhkdigvcnogoazegu/Build/Products/Debug/MomentumFinance.app/Contents/PlugIns/MomentumFinanceTests.xctest

CodeSign /Users/danielstevens/Library/Developer/Xcode/DerivedData/MomentumFinance-eyokbxaaqtnuhkdigvcnogoazegu/Build/Products/Debug/MomentumFinance.app/Contents/MacOS/MomentumFinance.debug.dylib (in target 'MomentumFinance' from project 'MomentumFinance')
    cd /Users/danielstevens/Desktop/github-projects/tools-automation/MomentumFinance
    
    Signing Identity:     "Apple Development: dboone9@msn.com (72RDLR687H)"
    
    /usr/bin/codesign --force --sign C8FE4D15A7DE881CE3CCAEC52B7CC5E2DC30C6C1 --timestamp\=none --generate-entitlement-der /Users/danielstevens/Library/Developer/Xcode/DerivedData/MomentumFinance-eyokbxaaqtnuhkdigvcnogoazegu/Build/Products/Debug/MomentumFinance.app/Contents/MacOS/MomentumFinance.debug.dylib
/Users/danielstevens/Library/Developer/Xcode/DerivedData/MomentumFinance-eyokbxaaqtnuhkdigvcnogoazegu/Build/Products/Debug/MomentumFinance.app/Contents/MacOS/MomentumFinance.debug.dylib: replacing existing signature

CodeSign /Users/danielstevens/Library/Developer/Xcode/DerivedData/MomentumFinance-eyokbxaaqtnuhkdigvcnogoazegu/Build/Products/Debug/MomentumFinance.app/Contents/MacOS/__preview.dylib (in target 'MomentumFinance' from project 'MomentumFinance')
    cd /Users/danielstevens/Desktop/github-projects/tools-automation/MomentumFinance
    
    Signing Identity:     "Apple Development: dboone9@msn.com (72RDLR687H)"
    
    /usr/bin/codesign --force --sign C8FE4D15A7DE881CE3CCAEC52B7CC5E2DC30C6C1 --timestamp\=none --generate-entitlement-der /Users/danielstevens/Library/Developer/Xcode/DerivedData/MomentumFinance-eyokbxaaqtnuhkdigvcnogoazegu/Build/Products/Debug/MomentumFinance.app/Contents/MacOS/__preview.dylib
/Users/danielstevens/Library/Developer/Xcode/DerivedData/MomentumFinance-eyokbxaaqtnuhkdigvcnogoazegu/Build/Products/Debug/MomentumFinance.app/Contents/MacOS/__preview.dylib: replacing existing signature

CodeSign /Users/danielstevens/Library/Developer/Xcode/DerivedData/MomentumFinance-eyokbxaaqtnuhkdigvcnogoazegu/Build/Products/Debug/MomentumFinance.app (in target 'MomentumFinance' from project 'MomentumFinance')
    cd /Users/danielstevens/Desktop/github-projects/tools-automation/MomentumFinance
    
    Signing Identity:     "Apple Development: dboone9@msn.com (72RDLR687H)"
    
    /usr/bin/codesign --force --sign C8FE4D15A7DE881CE3CCAEC52B7CC5E2DC30C6C1 --entitlements /Users/danielstevens/Library/Developer/Xcode/DerivedData/MomentumFinance-eyokbxaaqtnuhkdigvcnogoazegu/Build/Intermediates.noindex/MomentumFinance.build/Debug/MomentumFinance.build/MomentumFinance.app.xcent --timestamp\=none --generate-entitlement-der /Users/danielstevens/Library/Developer/Xcode/DerivedData/MomentumFinance-eyokbxaaqtnuhkdigvcnogoazegu/Build/Products/Debug/MomentumFinance.app
/Users/danielstevens/Library/Developer/Xcode/DerivedData/MomentumFinance-eyokbxaaqtnuhkdigvcnogoazegu/Build/Products/Debug/MomentumFinance.app: replacing existing signature

Validate /Users/danielstevens/Library/Developer/Xcode/DerivedData/MomentumFinance-eyokbxaaqtnuhkdigvcnogoazegu/Build/Products/Debug/MomentumFinance.app (in target 'MomentumFinance' from project 'MomentumFinance')
    cd /Users/danielstevens/Desktop/github-projects/tools-automation/MomentumFinance
    builtin-validationUtility /Users/danielstevens/Library/Developer/Xcode/DerivedData/MomentumFinance-eyokbxaaqtnuhkdigvcnogoazegu/Build/Products/Debug/MomentumFinance.app -no-validate-extension -infoplist-subpath Contents/Info.plist

RegisterWithLaunchServices /Users/danielstevens/Library/Developer/Xcode/DerivedData/MomentumFinance-eyokbxaaqtnuhkdigvcnogoazegu/Build/Products/Debug/MomentumFinance.app (in target 'MomentumFinance' from project 'MomentumFinance')
    cd /Users/danielstevens/Desktop/github-projects/tools-automation/MomentumFinance
    /System/Library/Frameworks/CoreServices.framework/Versions/Current/Frameworks/LaunchServices.framework/Versions/Current/Support/lsregister -f -R -trusted /Users/danielstevens/Library/Developer/Xcode/DerivedData/MomentumFinance-eyokbxaaqtnuhkdigvcnogoazegu/Build/Products/Debug/MomentumFinance.app

note: Removed stale file '/Users/danielstevens/Library/Developer/Xcode/DerivedData/MomentumFinance-eyokbxaaqtnuhkdigvcnogoazegu/Build/Products/Debug/MomentumFinanceTests.xctest'

MomentumFinanceApp: Creating ModelContainer
MomentumFinanceApp: Schema created
MomentumFinanceApp: ModelConfiguration created
MomentumFinanceApp: ModelContainer created successfully
MomentumFinanceApp: init started
MomentumFinanceApp: App launched #7 at 2025-11-26 18:57:07 +0000
MomentumFinanceApp: Crash reporting initialized
MomentumFinanceApp: User preferences initialized
2025-11-26 12:57:07.337651-0600 MomentumFinance[35558:1431817] ApplePersistenceIgnoreState: Existing state will not be touched. New state will be written to /var/folders/5d/2rv91jzx16j4g9knxlbqh9rm0000gn/T/com.momentumfinance.MomentumFinance.savedState
MomentumFinanceApp: ContentView appeared
Test Suite 'Selected tests' started at 2025-11-26 12:57:07.879.
Test Suite 'MomentumFinanceTests.xctest' started at 2025-11-26 12:57:07.880.
Test Suite 'MomentumFinanceUITests' started at 2025-11-26 12:57:07.880.
Test Case '-[MomentumFinanceTests.MomentumFinanceUITests testScreenshot]' started.
2025-11-26 12:57:07.881007-0600 MomentumFinance[35558:1431817] [general] *** Assertion failure in -[XCUIApplication init], XCUIApplication.m:113
/Users/danielstevens/Desktop/github-projects/tools-automation/MomentumFinance/MomentumFinanceTests/DataExporterContentTests.swift:7: error: -[MomentumFinanceTests.MomentumFinanceUITests testScreenshot] : No target application path specified via test configuration: <XCTestConfiguration: 0x8f9d78280>
	                  testBundleURL:file:///Users/danielstevens/Library/Developer/Xcode/DerivedData/MomentumFinance-eyokbxaaqtnuhkdigvcnogoazegu/Build/Products/Debug/MomentumFinance.app/Contents/PlugIns/MomentumFinanceTests.xctest/
	         testBundleRelativePath:Contents/PlugIns/MomentumFinanceTests.xctest
	              productModuleName:MomentumFinanceTests
	                  testSelection:<XCTTestSelection: 0x8f9eec7e0>
	            identifiersToRun:<XCTTestIdentifier container, class ["MomentumFinanceUITests"]>, <XCTTestIdentifier container ["MomentumFinanceUITests"]>
	            identifiersToSkip:
	            tagsToRun:(null)
	            tagsToSkip:<XCTTagSelection: 0x8fc178600>
	            mode:and
	            tags:{(
)}
	  includeXCTests:NO


	             reportResultsToIDE:YES
	               testsDrivenByIDE:NO
	inProcessParallelizationEnabled:YES
	              sessionIdentifier:A296599C-0AC9-480D-8A7E-87286C557CFE
	      disablePerformanceMetrics:NO
	treatMissingBaselinesAsFailures:NO
	                baselineFileURL:(null)
	       baselineFileRelativePath:(null)
	          targetApplicationPath:(null)
	      targetApplicationBundleID:(null)
	 testApplicationDependencies:
{
    "com.momentumfinance.MomentumFinance" = "/Users/danielstevens/Library/Developer/Xcode/DerivedData/MomentumFinance-eyokbxaaqtnuhkdigvcnogoazegu/Build/Products/Debug/MomentumFinance.app";
}
	 bundleIDsForCrashReportEmphasis:
{(
    "com.momentumfinance.MomentumFinanceTests",
    "com.momentumfinance.MomentumFinance",
    "com.momentumfinance.core"
)}
	 testApplicationUserOverrides:(null)
	     targetApplicationArguments:
	   targetApplicationEnvironment:(null)
	                  reportActivities:YES
	          testsMustRunOnMainThread:NO
	            initializeForUITesting:NO
	            traceCollectionEnabled:(null)
	 enablePerformanceTestsDiagnostics:(null)
	 aggregateStatisticsBeforeCrash:
{
    XCSuiteRecordsKey =     {
    };
}
	        automationFrameworkPath:/System/Library/PrivateFrameworks/XCTAutomationSupport.framework
	                     emitOSLogs:NO
	       systemAttachmentLifetime:deleteOnSuccess
	         userAttachmentLifetime:deleteOnSuccess
	   preferredScreenCaptureFormat:screenRecording
	   gatherLocalizableStringsData:NO
	          testExecutionOrdering:alphabetical
	    randomExecutionOrderingSeed:(null)
	               repetitionPolicy:<XCTRepetitionPolicy: 0x8fc1780a0>
	            mode:None
	            maximumIterations:1
	            repeatInNewRunnerProcess:NO

	       runtimeDiagnosticsPolicy:<XCTRuntimeDiagnosticsPolicy: 0x8f9eed170>
	            otherRuntimeIssuesDetectionPolicy:<XCTRuntimeIssueDetectionPolicy: 0x8fc178040>
	            detectionEnabled:YES
	            severity:warning

	            threadPerformanceCheckerRuntimeIssueDetectionPolicy:<XCTRuntimeIssueDetectionPolicy: 0x8fc178040>
	            detectionEnabled:YES
	            severity:warning

	            mainThreadCheckerDetectionPolicy:<XCTRuntimeIssueDetectionPolicy: 0x8fc178040>
	            detectionEnabled:YES
	            severity:warning

	            checkedAllocations:disabled

	            testTimeoutsEnabled:NO
	              leaksCheckingMode:off
	 defaultTestExecutionTimeAllowance:600
	 maximumTestExecutionTimeAllowance:0
	                IDECapabilities:<XCTCapabilities: 0x8fb6986a0>: {
    "XCTIssue capability" = 1;
    "daemon container sandbox extension" = 1;
    "delayed attachment transfer" = 1;
    "expected failure test capability" = 1;
    "in-process test parallelization capability" = 1;
    "request diagnostics for specific devices" = 1;
    "runner plan" = 1;
    "skipped suite capability" = 1;
    "skipped test capability" = 1;
    "test case run configurations" = 1;
    "test iterations" = 2;
    "test timeout capability" = 1;
    traits = 1;
    "ubiquitous test identifiers" = 1;
    "unified issue recorded" = 1;
}
	         applicationBundleInfos:(null)
 (NSInternalInconsistencyException)
Test Case '-[MomentumFinanceTests.MomentumFinanceUITests testScreenshot]' failed (0.144 seconds).
Test Suite 'MomentumFinanceUITests' failed at 2025-11-26 12:57:08.025.
	 Executed 1 test, with 1 failure (1 unexpected) in 0.144 (0.145) seconds
Test Suite 'MomentumFinanceTests.xctest' failed at 2025-11-26 12:57:08.025.
	 Executed 1 test, with 1 failure (1 unexpected) in 0.144 (0.145) seconds
Test Suite 'Selected tests' failed at 2025-11-26 12:57:08.025.
	 Executed 1 test, with 1 failure (1 unexpected) in 0.144 (0.146) seconds
2025-11-26 12:57:14.292 xcodebuild[35474:1431223] [MT] IDETestOperationsObserverDebug: 7.850 elapsed -- Testing started completed.
2025-11-26 12:57:14.292 xcodebuild[35474:1431223] [MT] IDETestOperationsObserverDebug: 0.000 sec, +0.000 sec -- start
2025-11-26 12:57:14.292 xcodebuild[35474:1431223] [MT] IDETestOperationsObserverDebug: 7.850 sec, +7.850 sec -- end

Test session results, code coverage, and logs:
	/Users/danielstevens/Library/Developer/Xcode/DerivedData/MomentumFinance-eyokbxaaqtnuhkdigvcnogoazegu/Logs/Test/Test-MomentumFinance-2025.11.26_12-57-01--0600.xcresult

** TEST FAILED **

Testing started
