{
  "afb35b55b4ad": {
    "pattern": "[ERROR] HabitQuest iOS build failed",
    "category": "general",
    "severity": "medium",
    "count": 3,
    "examples": [
      "[16:35:08] [ERROR] HabitQuest iOS build failed"
    ],
    "files": [
      "/Users/danielstevens/Desktop/Quantum-workspace/test_results_20251025_163357.log"
    ],
    "first_seen": "2025-10-25T21:45:49.893419Z",
    "last_seen": "2025-10-25T21:48:16.763174Z"
  },
  "26dc6f655963": {
    "pattern": "Failed frontend command:",
    "category": "info",
    "severity": "low",
    "count": 6,
    "examples": [
      "Failed frontend command:"
    ],
    "files": [
      "/Users/danielstevens/Desktop/Quantum-workspace/test_results_20251025_163357.log"
    ],
    "first_seen": "2025-10-25T21:45:50.036320Z",
    "last_seen": "2025-10-25T21:48:19.012506Z"
  },
  "1d088f4db0b9": {
    "pattern": "The following build commands failed:",
    "category": "info",
    "severity": "low",
    "count": 9,
    "examples": [
      "The following build commands failed:"
    ],
    "files": [
      "/Users/danielstevens/Desktop/Quantum-workspace/test_results_20251025_163357.log"
    ],
    "first_seen": "2025-10-25T21:45:50.171109Z",
    "last_seen": "2025-10-25T21:48:19.407333Z"
  },
  "26c3ff9315cd": {
    "pattern": "[WARNING] HabitQuest Xcode tests not configured or failed (expected in some environments)",
    "category": "info",
    "severity": "low",
    "count": 3,
    "examples": [
      "[16:36:10] [WARNING] HabitQuest Xcode tests not configured or failed (expected in some environments)"
    ],
    "files": [
      "/Users/danielstevens/Desktop/Quantum-workspace/test_results_20251025_163357.log"
    ],
    "first_seen": "2025-10-25T21:45:50.295282Z",
    "last_seen": "2025-10-25T21:48:17.133145Z"
  },
  "f409329bdf04": {
    "pattern": "Xcode tests not available or failed",
    "category": "info",
    "severity": "low",
    "count": 9,
    "examples": [
      "Xcode tests not available or failed"
    ],
    "files": [
      "/Users/danielstevens/Desktop/Quantum-workspace/test_results_20251025_163357.log"
    ],
    "first_seen": "2025-10-25T21:45:50.421240Z",
    "last_seen": "2025-10-25T21:48:18.763377Z"
  },
  "ce813bba2557": {
    "pattern": "[ERROR] MomentumFinance (iOS-Swift) SwiftPM build failed",
    "category": "build",
    "severity": "high",
    "count": 3,
    "examples": [
      "[16:38:29] [ERROR] MomentumFinance (iOS-Swift) SwiftPM build failed"
    ],
    "files": [
      "/Users/danielstevens/Desktop/Quantum-workspace/test_results_20251025_163357.log"
    ],
    "first_seen": "2025-10-25T21:45:50.543433Z",
    "last_seen": "2025-10-25T21:48:17.367846Z"
  },
  "a9d4134763b6": {
    "pattern": "error: compile command failed due to signal 6 (use -v to see invocation)",
    "category": "general",
    "severity": "medium",
    "count": 3,
    "examples": [
      "error: compile command failed due to signal 6 (use -v to see invocation)"
    ],
    "files": [
      "/Users/danielstevens/Desktop/Quantum-workspace/test_results_20251025_163357.log"
    ],
    "first_seen": "2025-10-25T21:45:50.721393Z",
    "last_seen": "2025-10-25T21:48:17.521898Z"
  },
  "38ac6c45e218": {
    "pattern": "Assertion failed: (inserted), function recordOpenedType at TypeOfReference.cpp:<n>.",
    "category": "test",
    "severity": "high",
    "count": 3,
    "examples": [
      "Assertion failed: (inserted), function recordOpenedType at TypeOfReference.cpp:656."
    ],
    "files": [
      "/Users/danielstevens/Desktop/Quantum-workspace/test_results_20251025_163357.log"
    ],
    "first_seen": "2025-10-25T21:45:50.861039Z",
    "last_seen": "2025-10-25T21:48:17.651186Z"
  },
  "42cadfd8ec50": {
    "pattern": "[ERROR] MomentumFinance iOS build failed",
    "category": "general",
    "severity": "medium",
    "count": 3,
    "examples": [
      "[16:38:31] [ERROR] MomentumFinance iOS build failed"
    ],
    "files": [
      "/Users/danielstevens/Desktop/Quantum-workspace/test_results_20251025_163357.log"
    ],
    "first_seen": "2025-10-25T21:45:50.985464Z",
    "last_seen": "2025-10-25T21:48:17.770522Z"
  },
  "7f1d36b2c21f": {
    "pattern": "[ERROR] MomentumFinance SwiftPM tests failed",
    "category": "test",
    "severity": "high",
    "count": 3,
    "examples": [
      "[16:38:35] [ERROR] MomentumFinance SwiftPM tests failed"
    ],
    "files": [
      "/Users/danielstevens/Desktop/Quantum-workspace/test_results_20251025_163357.log"
    ],
    "first_seen": "2025-10-25T21:45:51.110655Z",
    "last_seen": "2025-10-25T21:48:17.889734Z"
  },
  "d78b107600fe": {
    "pattern": "error: emit-module command failed with exit code 1 (use -v to see invocation)",
    "category": "general",
    "severity": "medium",
    "count": 3,
    "examples": [
      "error: emit-module command failed with exit code 1 (use -v to see invocation)"
    ],
    "files": [
      "/Users/danielstevens/Desktop/Quantum-workspace/test_results_20251025_163357.log"
    ],
    "first_seen": "2025-10-25T21:45:51.309253Z",
    "last_seen": "2025-10-25T21:48:18.054447Z"
  },
  "7c2621a3cb0e": {
    "pattern": "[ERROR] PlannerApp iOS build failed",
    "category": "general",
    "severity": "medium",
    "count": 3,
    "examples": [
      "[16:38:36] [ERROR] PlannerApp iOS build failed"
    ],
    "files": [
      "/Users/danielstevens/Desktop/Quantum-workspace/test_results_20251025_163357.log"
    ],
    "first_seen": "2025-10-25T21:45:51.443743Z",
    "last_seen": "2025-10-25T21:48:18.178664Z"
  },
  "a5b0e0226cba": {
    "pattern": "[WARNING] PlannerApp Xcode tests not configured or failed (expected in some environments)",
    "category": "info",
    "severity": "low",
    "count": 3,
    "examples": [
      "[16:38:37] [WARNING] PlannerApp Xcode tests not configured or failed (expected in some environments)"
    ],
    "files": [
      "/Users/danielstevens/Desktop/Quantum-workspace/test_results_20251025_163357.log"
    ],
    "first_seen": "2025-10-25T21:45:51.567416Z",
    "last_seen": "2025-10-25T21:48:18.294839Z"
  },
  "818e6f686ff0": {
    "pattern": "[ERROR] AvoidObstaclesGame iOS build failed",
    "category": "general",
    "severity": "medium",
    "count": 3,
    "examples": [
      "[16:38:38] [ERROR] AvoidObstaclesGame iOS build failed"
    ],
    "files": [
      "/Users/danielstevens/Desktop/Quantum-workspace/test_results_20251025_163357.log"
    ],
    "first_seen": "2025-10-25T21:45:51.811974Z",
    "last_seen": "2025-10-25T21:48:18.529649Z"
  },
  "e298f19c309f": {
    "pattern": "[WARNING] AvoidObstaclesGame Xcode tests not configured or failed (expected in some environments)",
    "category": "info",
    "severity": "low",
    "count": 3,
    "examples": [
      "[16:39:39] [WARNING] AvoidObstaclesGame Xcode tests not configured or failed (expected in some environments)"
    ],
    "files": [
      "/Users/danielstevens/Desktop/Quantum-workspace/test_results_20251025_163357.log"
    ],
    "first_seen": "2025-10-25T21:45:51.936274Z",
    "last_seen": "2025-10-25T21:48:18.646682Z"
  },
  "fca7d96d4ee9": {
    "pattern": "[ERROR] HabitQuest macOS build failed",
    "category": "general",
    "severity": "medium",
    "count": 3,
    "examples": [
      "[16:39:50] [ERROR] HabitQuest macOS build failed"
    ],
    "files": [
      "/Users/danielstevens/Desktop/Quantum-workspace/test_results_20251025_163357.log"
    ],
    "first_seen": "2025-10-25T21:45:52.180967Z",
    "last_seen": "2025-10-25T21:48:18.882318Z"
  },
  "115b578994f1": {
    "pattern": "[ERROR] MomentumFinance macOS build failed",
    "category": "general",
    "severity": "medium",
    "count": 3,
    "examples": [
      "[16:40:06] [ERROR] MomentumFinance macOS build failed"
    ],
    "files": [
      "/Users/danielstevens/Desktop/Quantum-workspace/test_results_20251025_163357.log"
    ],
    "first_seen": "2025-10-25T21:45:52.586289Z",
    "last_seen": "2025-10-25T21:48:19.271454Z"
  },
  "96af8047528d": {
    "pattern": "[INFO] Failed: 8",
    "category": "info",
    "severity": "low",
    "count": 3,
    "examples": [
      "[16:40:20] [INFO] Failed: 8"
    ],
    "files": [
      "/Users/danielstevens/Desktop/Quantum-workspace/test_results_20251025_163357.log"
    ],
    "first_seen": "2025-10-25T21:45:52.884945Z",
    "last_seen": "2025-10-25T21:48:19.544212Z"
  },
  "abc123456789": {
    "pattern": "[ERROR] MomentumFinance iOS build failed",
    "category": "build",
    "severity": "high",
    "count": 1,
    "examples": [
      "[ERROR] MomentumFinance iOS build failed"
    ],
    "files": [
      "/Users/danielstevens/Desktop/Quantum-workspace/test_results_20251025_163357.log"
    ],
    "first_seen": "2025-10-25T22:21:51.502071Z",
    "last_seen": "2025-10-25T22:21:51.502071Z"
  }
}